[0.010s] Invoking command in '/home/beamkeerati/ros2_ws/build/turtlesim_plus': CMAKE_PREFIX_PATH=${CMAKE_PREFIX_PATH}:/opt/ros/humble /usr/bin/cmake /home/beamkeerati/ros2_ws/src/turtlesim_plus/turtlesim_plus -DCMAKE_INSTALL_PREFIX=/home/beamkeerati/ros2_ws/install/turtlesim_plus
[0.084s] -- The C compiler identification is GNU 11.4.0
[0.142s] -- The CXX compiler identification is GNU 11.4.0
[0.152s] -- Detecting C compiler ABI info
[0.211s] -- Detecting C compiler ABI info - done
[0.216s] -- Check for working C compiler: /usr/bin/cc - skipped
[0.217s] -- Detecting C compile features
[0.217s] -- Detecting C compile features - done
[0.220s] -- Detecting CXX compiler ABI info
[0.288s] -- Detecting CXX compiler ABI info - done
[0.293s] -- Check for working CXX compiler: /usr/bin/c++ - skipped
[0.294s] -- Detecting CXX compile features
[0.294s] -- Detecting CXX compile features - done
[0.301s] -- Found ament_cmake: 1.3.10 (/opt/ros/humble/share/ament_cmake/cmake)
[0.422s] -- Found Python3: /usr/bin/python3 (found version "3.10.12") found components: Interpreter 
[0.507s] -- Found rclcpp: 16.0.10 (/opt/ros/humble/share/rclcpp/cmake)
[0.559s] -- Found rosidl_generator_c: 3.1.5 (/opt/ros/humble/share/rosidl_generator_c/cmake)
[0.564s] -- Found rosidl_adapter: 3.1.5 (/opt/ros/humble/share/rosidl_adapter/cmake)
[0.574s] -- Found rosidl_generator_cpp: 3.1.5 (/opt/ros/humble/share/rosidl_generator_cpp/cmake)
[0.587s] -- Using all available rosidl_typesupport_c: rosidl_typesupport_fastrtps_c;rosidl_typesupport_introspection_c
[0.605s] -- Using all available rosidl_typesupport_cpp: rosidl_typesupport_fastrtps_cpp;rosidl_typesupport_introspection_cpp
[0.655s] -- Found rmw_implementation_cmake: 6.1.2 (/opt/ros/humble/share/rmw_implementation_cmake/cmake)
[0.658s] -- Found rmw_fastrtps_cpp: 6.2.7 (/opt/ros/humble/share/rmw_fastrtps_cpp/cmake)
[0.755s] -- Found OpenSSL: /usr/lib/x86_64-linux-gnu/libcrypto.so (found version "3.0.2")  
[0.779s] -- Found FastRTPS: /opt/ros/humble/include  
[0.817s] -- Using RMW implementation 'rmw_fastrtps_cpp' as default
[0.827s] -- Looking for pthread.h
[0.897s] -- Looking for pthread.h - found
[0.898s] -- Performing Test CMAKE_HAVE_LIBC_PTHREAD
[0.959s] -- Performing Test CMAKE_HAVE_LIBC_PTHREAD - Success
[0.960s] -- Found Threads: TRUE  
[1.014s] -- Found rclpy: 3.3.14 (/opt/ros/humble/share/rclpy/cmake)
[1.131s] -- Configuring done
[1.136s] -- Generating done
[1.137s] -- Build files have been written to: /home/beamkeerati/ros2_ws/build/turtlesim_plus
[1.146s] Invoked command in '/home/beamkeerati/ros2_ws/build/turtlesim_plus' returned '0': CMAKE_PREFIX_PATH=${CMAKE_PREFIX_PATH}:/opt/ros/humble /usr/bin/cmake /home/beamkeerati/ros2_ws/src/turtlesim_plus/turtlesim_plus -DCMAKE_INSTALL_PREFIX=/home/beamkeerati/ros2_ws/install/turtlesim_plus
[1.148s] Invoking command in '/home/beamkeerati/ros2_ws/build/turtlesim_plus': CMAKE_PREFIX_PATH=${CMAKE_PREFIX_PATH}:/opt/ros/humble /usr/bin/cmake --build /home/beamkeerati/ros2_ws/build/turtlesim_plus -- -j16 -l16
[1.203s] Built target ament_cmake_python_copy_turtlesim_plus
[1.398s] running egg_info
[1.398s] creating turtlesim_plus.egg-info
[1.398s] writing turtlesim_plus.egg-info/PKG-INFO
[1.398s] writing dependency_links to turtlesim_plus.egg-info/dependency_links.txt
[1.398s] writing top-level names to turtlesim_plus.egg-info/top_level.txt
[1.399s] writing manifest file 'turtlesim_plus.egg-info/SOURCES.txt'
[1.401s] reading manifest file 'turtlesim_plus.egg-info/SOURCES.txt'
[1.401s] writing manifest file 'turtlesim_plus.egg-info/SOURCES.txt'
[1.432s] Built target ament_cmake_python_build_turtlesim_plus_egg
[1.444s] Invoked command in '/home/beamkeerati/ros2_ws/build/turtlesim_plus' returned '0': CMAKE_PREFIX_PATH=${CMAKE_PREFIX_PATH}:/opt/ros/humble /usr/bin/cmake --build /home/beamkeerati/ros2_ws/build/turtlesim_plus -- -j16 -l16
[1.476s] Invoking command in '/home/beamkeerati/ros2_ws/build/turtlesim_plus': CMAKE_PREFIX_PATH=${CMAKE_PREFIX_PATH}:/opt/ros/humble /usr/bin/cmake --install /home/beamkeerati/ros2_ws/build/turtlesim_plus
[1.483s] -- Install configuration: ""
[1.484s] -- Installing: /home/beamkeerati/ros2_ws/install/turtlesim_plus/share/turtlesim_plus/environment/pythonpath.sh
[1.484s] -- Installing: /home/beamkeerati/ros2_ws/install/turtlesim_plus/share/turtlesim_plus/environment/pythonpath.dsv
[1.484s] -- Installing: /home/beamkeerati/ros2_ws/install/turtlesim_plus/local/lib/python3.10/dist-packages/turtlesim_plus-1.0.0-py3.10.egg-info
[1.484s] -- Installing: /home/beamkeerati/ros2_ws/install/turtlesim_plus/local/lib/python3.10/dist-packages/turtlesim_plus-1.0.0-py3.10.egg-info/dependency_links.txt
[1.484s] -- Installing: /home/beamkeerati/ros2_ws/install/turtlesim_plus/local/lib/python3.10/dist-packages/turtlesim_plus-1.0.0-py3.10.egg-info/top_level.txt
[1.484s] -- Installing: /home/beamkeerati/ros2_ws/install/turtlesim_plus/local/lib/python3.10/dist-packages/turtlesim_plus-1.0.0-py3.10.egg-info/SOURCES.txt
[1.484s] -- Installing: /home/beamkeerati/ros2_ws/install/turtlesim_plus/local/lib/python3.10/dist-packages/turtlesim_plus-1.0.0-py3.10.egg-info/PKG-INFO
[1.485s] -- Installing: /home/beamkeerati/ros2_ws/install/turtlesim_plus/local/lib/python3.10/dist-packages/turtlesim_plus
[1.485s] -- Installing: /home/beamkeerati/ros2_ws/install/turtlesim_plus/local/lib/python3.10/dist-packages/turtlesim_plus/image
[1.485s] -- Installing: /home/beamkeerati/ros2_ws/install/turtlesim_plus/local/lib/python3.10/dist-packages/turtlesim_plus/image/map
[1.485s] -- Installing: /home/beamkeerati/ros2_ws/install/turtlesim_plus/local/lib/python3.10/dist-packages/turtlesim_plus/image/map/map.png
[1.485s] -- Installing: /home/beamkeerati/ros2_ws/install/turtlesim_plus/local/lib/python3.10/dist-packages/turtlesim_plus/image/turtle
[1.485s] -- Installing: /home/beamkeerati/ros2_ws/install/turtlesim_plus/local/lib/python3.10/dist-packages/turtlesim_plus/image/turtle/bouncy.png
[1.485s] -- Installing: /home/beamkeerati/ros2_ws/install/turtlesim_plus/local/lib/python3.10/dist-packages/turtlesim_plus/image/turtle/galactic.png
[1.485s] -- Installing: /home/beamkeerati/ros2_ws/install/turtlesim_plus/local/lib/python3.10/dist-packages/turtlesim_plus/image/turtle/humble.png
[1.485s] -- Installing: /home/beamkeerati/ros2_ws/install/turtlesim_plus/local/lib/python3.10/dist-packages/turtlesim_plus/image/turtle/crystal.png
[1.485s] -- Installing: /home/beamkeerati/ros2_ws/install/turtlesim_plus/local/lib/python3.10/dist-packages/turtlesim_plus/image/turtle/otto.png
[1.486s] -- Installing: /home/beamkeerati/ros2_ws/install/turtlesim_plus/local/lib/python3.10/dist-packages/turtlesim_plus/image/turtle/dashing.png
[1.486s] -- Installing: /home/beamkeerati/ros2_ws/install/turtlesim_plus/local/lib/python3.10/dist-packages/turtlesim_plus/image/turtle/ardent.png
[1.486s] -- Installing: /home/beamkeerati/ros2_ws/install/turtlesim_plus/local/lib/python3.10/dist-packages/turtlesim_plus/image/turtle/rolling.png
[1.486s] -- Installing: /home/beamkeerati/ros2_ws/install/turtlesim_plus/local/lib/python3.10/dist-packages/turtlesim_plus/image/turtle/eloquent.png
[1.486s] -- Installing: /home/beamkeerati/ros2_ws/install/turtlesim_plus/local/lib/python3.10/dist-packages/turtlesim_plus/image/turtle/foxy.png
[1.486s] -- Installing: /home/beamkeerati/ros2_ws/install/turtlesim_plus/local/lib/python3.10/dist-packages/turtlesim_plus/image/object
[1.486s] -- Installing: /home/beamkeerati/ros2_ws/install/turtlesim_plus/local/lib/python3.10/dist-packages/turtlesim_plus/image/object/pizza.png
[1.486s] -- Installing: /home/beamkeerati/ros2_ws/install/turtlesim_plus/local/lib/python3.10/dist-packages/turtlesim_plus/image/object/parcel.png
[1.486s] -- Installing: /home/beamkeerati/ros2_ws/install/turtlesim_plus/local/lib/python3.10/dist-packages/turtlesim_plus/__init__.py
[1.486s] -- Installing: /home/beamkeerati/ros2_ws/install/turtlesim_plus/local/lib/python3.10/dist-packages/turtlesim_plus/entity.py
[1.487s] -- Installing: /home/beamkeerati/ros2_ws/install/turtlesim_plus/local/lib/python3.10/dist-packages/turtlesim_plus/ros2_plugins.py
[1.518s] Listing '/home/beamkeerati/ros2_ws/install/turtlesim_plus/local/lib/python3.10/dist-packages/turtlesim_plus'...
[1.518s] Compiling '/home/beamkeerati/ros2_ws/install/turtlesim_plus/local/lib/python3.10/dist-packages/turtlesim_plus/__init__.py'...
[1.518s] Compiling '/home/beamkeerati/ros2_ws/install/turtlesim_plus/local/lib/python3.10/dist-packages/turtlesim_plus/entity.py'...
[1.519s] Listing '/home/beamkeerati/ros2_ws/install/turtlesim_plus/local/lib/python3.10/dist-packages/turtlesim_plus/image'...
[1.519s] Listing '/home/beamkeerati/ros2_ws/install/turtlesim_plus/local/lib/python3.10/dist-packages/turtlesim_plus/image/map'...
[1.519s] Listing '/home/beamkeerati/ros2_ws/install/turtlesim_plus/local/lib/python3.10/dist-packages/turtlesim_plus/image/object'...
[1.519s] Listing '/home/beamkeerati/ros2_ws/install/turtlesim_plus/local/lib/python3.10/dist-packages/turtlesim_plus/image/turtle'...
[1.519s] Compiling '/home/beamkeerati/ros2_ws/install/turtlesim_plus/local/lib/python3.10/dist-packages/turtlesim_plus/ros2_plugins.py'...
[1.522s] -- Installing: /home/beamkeerati/ros2_ws/install/turtlesim_plus/lib/turtlesim_plus/turtlesim_plus_node.py
[1.523s] -- Installing: /home/beamkeerati/ros2_ws/install/turtlesim_plus/lib/turtlesim_plus/pizza_on_click.py
[1.523s] -- Up-to-date: /home/beamkeerati/ros2_ws/install/turtlesim_plus/share/turtlesim_plus
[1.523s] -- Installing: /home/beamkeerati/ros2_ws/install/turtlesim_plus/share/ament_index/resource_index/package_run_dependencies/turtlesim_plus
[1.523s] -- Installing: /home/beamkeerati/ros2_ws/install/turtlesim_plus/share/ament_index/resource_index/parent_prefix_path/turtlesim_plus
[1.523s] -- Installing: /home/beamkeerati/ros2_ws/install/turtlesim_plus/share/turtlesim_plus/environment/ament_prefix_path.sh
[1.523s] -- Installing: /home/beamkeerati/ros2_ws/install/turtlesim_plus/share/turtlesim_plus/environment/ament_prefix_path.dsv
[1.524s] -- Installing: /home/beamkeerati/ros2_ws/install/turtlesim_plus/share/turtlesim_plus/environment/path.sh
[1.524s] -- Installing: /home/beamkeerati/ros2_ws/install/turtlesim_plus/share/turtlesim_plus/environment/path.dsv
[1.524s] -- Installing: /home/beamkeerati/ros2_ws/install/turtlesim_plus/share/turtlesim_plus/local_setup.bash
[1.524s] -- Installing: /home/beamkeerati/ros2_ws/install/turtlesim_plus/share/turtlesim_plus/local_setup.sh
[1.524s] -- Installing: /home/beamkeerati/ros2_ws/install/turtlesim_plus/share/turtlesim_plus/local_setup.zsh
[1.524s] -- Installing: /home/beamkeerati/ros2_ws/install/turtlesim_plus/share/turtlesim_plus/local_setup.dsv
[1.524s] -- Installing: /home/beamkeerati/ros2_ws/install/turtlesim_plus/share/turtlesim_plus/package.dsv
[1.525s] -- Installing: /home/beamkeerati/ros2_ws/install/turtlesim_plus/share/ament_index/resource_index/packages/turtlesim_plus
[1.525s] -- Installing: /home/beamkeerati/ros2_ws/install/turtlesim_plus/share/turtlesim_plus/cmake/turtlesim_plusConfig.cmake
[1.525s] -- Installing: /home/beamkeerati/ros2_ws/install/turtlesim_plus/share/turtlesim_plus/cmake/turtlesim_plusConfig-version.cmake
[1.525s] -- Installing: /home/beamkeerati/ros2_ws/install/turtlesim_plus/share/turtlesim_plus/package.xml
[1.528s] Invoked command in '/home/beamkeerati/ros2_ws/build/turtlesim_plus' returned '0': CMAKE_PREFIX_PATH=${CMAKE_PREFIX_PATH}:/opt/ros/humble /usr/bin/cmake --install /home/beamkeerati/ros2_ws/build/turtlesim_plus
