[0.023s] Invoking command in '/home/beamkeerati/ros2_ws/build/param_interfaces': CMAKE_PREFIX_PATH=${CMAKE_PREFIX_PATH}:/opt/ros/humble /usr/bin/cmake --build /home/beamkeerati/ros2_ws/build/param_interfaces -- -j16 -l16
[0.083s] [  2%] Built target param_interfaces__cpp
[0.085s] [ 12%] Built target param_interfaces__rosidl_generator_c
[0.099s] [ 12%] Built target ament_cmake_python_copy_param_interfaces
[0.132s] [ 23%] Built target param_interfaces__rosidl_typesupport_fastrtps_cpp
[0.132s] [ 33%] Built target param_interfaces__rosidl_typesupport_fastrtps_c
[0.133s] [ 48%] Built target param_interfaces__rosidl_typesupport_introspection_cpp
[0.133s] [ 53%] Built target param_interfaces__rosidl_typesupport_cpp
[0.133s] [ 64%] Built target param_interfaces__rosidl_typesupport_c
[0.136s] [ 74%] Built target param_interfaces__rosidl_typesupport_introspection_c
[0.169s] [ 74%] Built target param_interfaces
[0.196s] [ 76%] Built target param_interfaces__py
[0.228s] [ 84%] Built target param_interfaces__rosidl_generator_py
[0.264s] [ 92%] Built target param_interfaces__rosidl_typesupport_c__pyext
[0.264s] [ 94%] Built target param_interfaces__rosidl_typesupport_introspection_c__pyext
[0.266s] [100%] Built target param_interfaces__rosidl_typesupport_fastrtps_c__pyext
[0.415s] running egg_info
[0.416s] writing param_interfaces.egg-info/PKG-INFO
[0.416s] writing dependency_links to param_interfaces.egg-info/dependency_links.txt
[0.416s] writing top-level names to param_interfaces.egg-info/top_level.txt
[0.419s] reading manifest file 'param_interfaces.egg-info/SOURCES.txt'
[0.419s] writing manifest file 'param_interfaces.egg-info/SOURCES.txt'
[0.461s] [100%] Built target ament_cmake_python_build_param_interfaces_egg
[0.476s] Invoked command in '/home/beamkeerati/ros2_ws/build/param_interfaces' returned '0': CMAKE_PREFIX_PATH=${CMAKE_PREFIX_PATH}:/opt/ros/humble /usr/bin/cmake --build /home/beamkeerati/ros2_ws/build/param_interfaces -- -j16 -l16
[0.574s] Invoking command in '/home/beamkeerati/ros2_ws/build/param_interfaces': CMAKE_PREFIX_PATH=${CMAKE_PREFIX_PATH}:/opt/ros/humble /usr/bin/cmake --install /home/beamkeerati/ros2_ws/build/param_interfaces
[0.585s] -- Install configuration: ""
[0.585s] -- Up-to-date: /home/beamkeerati/ros2_ws/install/param_interfaces/share/ament_index/resource_index/rosidl_interfaces/param_interfaces
[0.585s] -- Up-to-date: /home/beamkeerati/ros2_ws/install/param_interfaces/include/param_interfaces/param_interfaces
[0.585s] -- Up-to-date: /home/beamkeerati/ros2_ws/install/param_interfaces/include/param_interfaces/param_interfaces/msg
[0.585s] -- Up-to-date: /home/beamkeerati/ros2_ws/install/param_interfaces/include/param_interfaces/param_interfaces/msg/rosidl_generator_c__visibility_control.h
[0.585s] -- Up-to-date: /home/beamkeerati/ros2_ws/install/param_interfaces/include/param_interfaces/param_interfaces/srv
[0.585s] -- Up-to-date: /home/beamkeerati/ros2_ws/install/param_interfaces/include/param_interfaces/param_interfaces/srv/set_number_pizza.h
[0.586s] -- Up-to-date: /home/beamkeerati/ros2_ws/install/param_interfaces/include/param_interfaces/param_interfaces/srv/detail
[0.586s] -- Up-to-date: /home/beamkeerati/ros2_ws/install/param_interfaces/include/param_interfaces/param_interfaces/srv/detail/set_controller_gain__type_support.h
[0.586s] -- Up-to-date: /home/beamkeerati/ros2_ws/install/param_interfaces/include/param_interfaces/param_interfaces/srv/detail/set_number_pizza__functions.c
[0.586s] -- Up-to-date: /home/beamkeerati/ros2_ws/install/param_interfaces/include/param_interfaces/param_interfaces/srv/detail/set_number_pizza__functions.h
[0.586s] -- Up-to-date: /home/beamkeerati/ros2_ws/install/param_interfaces/include/param_interfaces/param_interfaces/srv/detail/set_number_pizza__struct.h
[0.586s] -- Up-to-date: /home/beamkeerati/ros2_ws/install/param_interfaces/include/param_interfaces/param_interfaces/srv/detail/set_number_pizza__type_support.h
[0.586s] -- Up-to-date: /home/beamkeerati/ros2_ws/install/param_interfaces/include/param_interfaces/param_interfaces/srv/detail/set_controller_gain__struct.h
[0.587s] -- Up-to-date: /home/beamkeerati/ros2_ws/install/param_interfaces/include/param_interfaces/param_interfaces/srv/detail/set_controller_gain__functions.c
[0.587s] -- Up-to-date: /home/beamkeerati/ros2_ws/install/param_interfaces/include/param_interfaces/param_interfaces/srv/detail/set_controller_gain__functions.h
[0.587s] -- Up-to-date: /home/beamkeerati/ros2_ws/install/param_interfaces/include/param_interfaces/param_interfaces/srv/set_controller_gain.h
[0.587s] -- Up-to-date: /home/beamkeerati/ros2_ws/install/param_interfaces/share/param_interfaces/environment/library_path.sh
[0.587s] -- Up-to-date: /home/beamkeerati/ros2_ws/install/param_interfaces/share/param_interfaces/environment/library_path.dsv
[0.587s] -- Up-to-date: /home/beamkeerati/ros2_ws/install/param_interfaces/lib/libparam_interfaces__rosidl_generator_c.so
[0.587s] -- Up-to-date: /home/beamkeerati/ros2_ws/install/param_interfaces/include/param_interfaces/param_interfaces
[0.588s] -- Up-to-date: /home/beamkeerati/ros2_ws/install/param_interfaces/include/param_interfaces/param_interfaces/msg
[0.588s] -- Up-to-date: /home/beamkeerati/ros2_ws/install/param_interfaces/include/param_interfaces/param_interfaces/msg/rosidl_typesupport_fastrtps_c__visibility_control.h
[0.588s] -- Up-to-date: /home/beamkeerati/ros2_ws/install/param_interfaces/include/param_interfaces/param_interfaces/srv
[0.588s] -- Up-to-date: /home/beamkeerati/ros2_ws/install/param_interfaces/include/param_interfaces/param_interfaces/srv/detail
[0.588s] -- Up-to-date: /home/beamkeerati/ros2_ws/install/param_interfaces/include/param_interfaces/param_interfaces/srv/detail/set_controller_gain__rosidl_typesupport_fastrtps_c.h
[0.589s] -- Up-to-date: /home/beamkeerati/ros2_ws/install/param_interfaces/include/param_interfaces/param_interfaces/srv/detail/set_number_pizza__rosidl_typesupport_fastrtps_c.h
[0.589s] -- Up-to-date: /home/beamkeerati/ros2_ws/install/param_interfaces/lib/libparam_interfaces__rosidl_typesupport_fastrtps_c.so
[0.589s] -- Up-to-date: /home/beamkeerati/ros2_ws/install/param_interfaces/include/param_interfaces/param_interfaces
[0.589s] -- Up-to-date: /home/beamkeerati/ros2_ws/install/param_interfaces/include/param_interfaces/param_interfaces/msg
[0.589s] -- Up-to-date: /home/beamkeerati/ros2_ws/install/param_interfaces/include/param_interfaces/param_interfaces/msg/rosidl_typesupport_introspection_c__visibility_control.h
[0.589s] -- Up-to-date: /home/beamkeerati/ros2_ws/install/param_interfaces/include/param_interfaces/param_interfaces/srv
[0.589s] -- Up-to-date: /home/beamkeerati/ros2_ws/install/param_interfaces/include/param_interfaces/param_interfaces/srv/detail
[0.589s] -- Up-to-date: /home/beamkeerati/ros2_ws/install/param_interfaces/include/param_interfaces/param_interfaces/srv/detail/set_controller_gain__type_support.c
[0.589s] -- Up-to-date: /home/beamkeerati/ros2_ws/install/param_interfaces/include/param_interfaces/param_interfaces/srv/detail/set_number_pizza__rosidl_typesupport_introspection_c.h
[0.589s] -- Up-to-date: /home/beamkeerati/ros2_ws/install/param_interfaces/include/param_interfaces/param_interfaces/srv/detail/set_number_pizza__type_support.c
[0.590s] -- Up-to-date: /home/beamkeerati/ros2_ws/install/param_interfaces/include/param_interfaces/param_interfaces/srv/detail/set_controller_gain__rosidl_typesupport_introspection_c.h
[0.590s] -- Up-to-date: /home/beamkeerati/ros2_ws/install/param_interfaces/lib/libparam_interfaces__rosidl_typesupport_introspection_c.so
[0.590s] -- Up-to-date: /home/beamkeerati/ros2_ws/install/param_interfaces/lib/libparam_interfaces__rosidl_typesupport_c.so
[0.590s] -- Up-to-date: /home/beamkeerati/ros2_ws/install/param_interfaces/include/param_interfaces/param_interfaces
[0.590s] -- Up-to-date: /home/beamkeerati/ros2_ws/install/param_interfaces/include/param_interfaces/param_interfaces/srv
[0.590s] -- Up-to-date: /home/beamkeerati/ros2_ws/install/param_interfaces/include/param_interfaces/param_interfaces/srv/detail
[0.590s] -- Up-to-date: /home/beamkeerati/ros2_ws/install/param_interfaces/include/param_interfaces/param_interfaces/srv/detail/set_number_pizza__struct.hpp
[0.590s] -- Up-to-date: /home/beamkeerati/ros2_ws/install/param_interfaces/include/param_interfaces/param_interfaces/srv/detail/set_controller_gain__struct.hpp
[0.590s] -- Up-to-date: /home/beamkeerati/ros2_ws/install/param_interfaces/include/param_interfaces/param_interfaces/srv/detail/set_number_pizza__traits.hpp
[0.590s] -- Up-to-date: /home/beamkeerati/ros2_ws/install/param_interfaces/include/param_interfaces/param_interfaces/srv/detail/set_number_pizza__builder.hpp
[0.591s] -- Up-to-date: /home/beamkeerati/ros2_ws/install/param_interfaces/include/param_interfaces/param_interfaces/srv/detail/set_controller_gain__traits.hpp
[0.591s] -- Up-to-date: /home/beamkeerati/ros2_ws/install/param_interfaces/include/param_interfaces/param_interfaces/srv/detail/set_controller_gain__builder.hpp
[0.591s] -- Up-to-date: /home/beamkeerati/ros2_ws/install/param_interfaces/include/param_interfaces/param_interfaces/srv/set_number_pizza.hpp
[0.591s] -- Up-to-date: /home/beamkeerati/ros2_ws/install/param_interfaces/include/param_interfaces/param_interfaces/srv/set_controller_gain.hpp
[0.591s] -- Up-to-date: /home/beamkeerati/ros2_ws/install/param_interfaces/include/param_interfaces/param_interfaces
[0.591s] -- Up-to-date: /home/beamkeerati/ros2_ws/install/param_interfaces/include/param_interfaces/param_interfaces/msg
[0.591s] -- Up-to-date: /home/beamkeerati/ros2_ws/install/param_interfaces/include/param_interfaces/param_interfaces/msg/rosidl_typesupport_fastrtps_cpp__visibility_control.h
[0.591s] -- Up-to-date: /home/beamkeerati/ros2_ws/install/param_interfaces/include/param_interfaces/param_interfaces/srv
[0.591s] -- Up-to-date: /home/beamkeerati/ros2_ws/install/param_interfaces/include/param_interfaces/param_interfaces/srv/detail
[0.592s] -- Up-to-date: /home/beamkeerati/ros2_ws/install/param_interfaces/include/param_interfaces/param_interfaces/srv/detail/dds_fastrtps
[0.592s] -- Up-to-date: /home/beamkeerati/ros2_ws/install/param_interfaces/include/param_interfaces/param_interfaces/srv/detail/set_number_pizza__rosidl_typesupport_fastrtps_cpp.hpp
[0.592s] -- Up-to-date: /home/beamkeerati/ros2_ws/install/param_interfaces/include/param_interfaces/param_interfaces/srv/detail/set_controller_gain__rosidl_typesupport_fastrtps_cpp.hpp
[0.592s] -- Up-to-date: /home/beamkeerati/ros2_ws/install/param_interfaces/lib/libparam_interfaces__rosidl_typesupport_fastrtps_cpp.so
[0.592s] -- Up-to-date: /home/beamkeerati/ros2_ws/install/param_interfaces/include/param_interfaces/param_interfaces
[0.592s] -- Up-to-date: /home/beamkeerati/ros2_ws/install/param_interfaces/include/param_interfaces/param_interfaces/srv
[0.592s] -- Up-to-date: /home/beamkeerati/ros2_ws/install/param_interfaces/include/param_interfaces/param_interfaces/srv/detail
[0.592s] -- Up-to-date: /home/beamkeerati/ros2_ws/install/param_interfaces/include/param_interfaces/param_interfaces/srv/detail/set_number_pizza__type_support.cpp
[0.592s] -- Up-to-date: /home/beamkeerati/ros2_ws/install/param_interfaces/include/param_interfaces/param_interfaces/srv/detail/set_controller_gain__type_support.cpp
[0.592s] -- Up-to-date: /home/beamkeerati/ros2_ws/install/param_interfaces/include/param_interfaces/param_interfaces/srv/detail/set_controller_gain__rosidl_typesupport_introspection_cpp.hpp
[0.592s] -- Up-to-date: /home/beamkeerati/ros2_ws/install/param_interfaces/include/param_interfaces/param_interfaces/srv/detail/set_number_pizza__rosidl_typesupport_introspection_cpp.hpp
[0.593s] -- Up-to-date: /home/beamkeerati/ros2_ws/install/param_interfaces/lib/libparam_interfaces__rosidl_typesupport_introspection_cpp.so
[0.593s] -- Up-to-date: /home/beamkeerati/ros2_ws/install/param_interfaces/lib/libparam_interfaces__rosidl_typesupport_cpp.so
[0.593s] -- Up-to-date: /home/beamkeerati/ros2_ws/install/param_interfaces/share/param_interfaces/environment/pythonpath.sh
[0.593s] -- Up-to-date: /home/beamkeerati/ros2_ws/install/param_interfaces/share/param_interfaces/environment/pythonpath.dsv
[0.593s] -- Up-to-date: /home/beamkeerati/ros2_ws/install/param_interfaces/local/lib/python3.10/dist-packages/param_interfaces-0.0.0-py3.10.egg-info
[0.593s] -- Installing: /home/beamkeerati/ros2_ws/install/param_interfaces/local/lib/python3.10/dist-packages/param_interfaces-0.0.0-py3.10.egg-info/dependency_links.txt
[0.593s] -- Installing: /home/beamkeerati/ros2_ws/install/param_interfaces/local/lib/python3.10/dist-packages/param_interfaces-0.0.0-py3.10.egg-info/top_level.txt
[0.593s] -- Installing: /home/beamkeerati/ros2_ws/install/param_interfaces/local/lib/python3.10/dist-packages/param_interfaces-0.0.0-py3.10.egg-info/SOURCES.txt
[0.593s] -- Installing: /home/beamkeerati/ros2_ws/install/param_interfaces/local/lib/python3.10/dist-packages/param_interfaces-0.0.0-py3.10.egg-info/PKG-INFO
[0.594s] -- Up-to-date: /home/beamkeerati/ros2_ws/install/param_interfaces/local/lib/python3.10/dist-packages/param_interfaces
[0.594s] -- Up-to-date: /home/beamkeerati/ros2_ws/install/param_interfaces/local/lib/python3.10/dist-packages/param_interfaces/__init__.py
[0.594s] -- Up-to-date: /home/beamkeerati/ros2_ws/install/param_interfaces/local/lib/python3.10/dist-packages/param_interfaces/_param_interfaces_s.ep.rosidl_typesupport_fastrtps_c.c
[0.594s] -- Up-to-date: /home/beamkeerati/ros2_ws/install/param_interfaces/local/lib/python3.10/dist-packages/param_interfaces/param_interfaces_s__rosidl_typesupport_introspection_c.cpython-310-x86_64-linux-gnu.so
[0.594s] -- Up-to-date: /home/beamkeerati/ros2_ws/install/param_interfaces/local/lib/python3.10/dist-packages/param_interfaces/libparam_interfaces__rosidl_generator_py.so
[0.594s] -- Up-to-date: /home/beamkeerati/ros2_ws/install/param_interfaces/local/lib/python3.10/dist-packages/param_interfaces/srv
[0.594s] -- Up-to-date: /home/beamkeerati/ros2_ws/install/param_interfaces/local/lib/python3.10/dist-packages/param_interfaces/srv/__init__.py
[0.595s] -- Up-to-date: /home/beamkeerati/ros2_ws/install/param_interfaces/local/lib/python3.10/dist-packages/param_interfaces/srv/_set_controller_gain_s.c
[0.595s] -- Up-to-date: /home/beamkeerati/ros2_ws/install/param_interfaces/local/lib/python3.10/dist-packages/param_interfaces/srv/_set_controller_gain.py
[0.595s] -- Up-to-date: /home/beamkeerati/ros2_ws/install/param_interfaces/local/lib/python3.10/dist-packages/param_interfaces/srv/_set_number_pizza_s.c
[0.595s] -- Up-to-date: /home/beamkeerati/ros2_ws/install/param_interfaces/local/lib/python3.10/dist-packages/param_interfaces/srv/_set_number_pizza.py
[0.595s] -- Up-to-date: /home/beamkeerati/ros2_ws/install/param_interfaces/local/lib/python3.10/dist-packages/param_interfaces/_param_interfaces_s.ep.rosidl_typesupport_c.c
[0.595s] -- Up-to-date: /home/beamkeerati/ros2_ws/install/param_interfaces/local/lib/python3.10/dist-packages/param_interfaces/param_interfaces_s__rosidl_typesupport_fastrtps_c.cpython-310-x86_64-linux-gnu.so
[0.595s] -- Up-to-date: /home/beamkeerati/ros2_ws/install/param_interfaces/local/lib/python3.10/dist-packages/param_interfaces/_param_interfaces_s.ep.rosidl_typesupport_introspection_c.c
[0.595s] -- Up-to-date: /home/beamkeerati/ros2_ws/install/param_interfaces/local/lib/python3.10/dist-packages/param_interfaces/param_interfaces_s__rosidl_typesupport_c.cpython-310-x86_64-linux-gnu.so
[0.627s] Listing '/home/beamkeerati/ros2_ws/install/param_interfaces/local/lib/python3.10/dist-packages/param_interfaces'...
[0.627s] Listing '/home/beamkeerati/ros2_ws/install/param_interfaces/local/lib/python3.10/dist-packages/param_interfaces/srv'...
[0.634s] -- Up-to-date: /home/beamkeerati/ros2_ws/install/param_interfaces/local/lib/python3.10/dist-packages/param_interfaces/param_interfaces_s__rosidl_typesupport_fastrtps_c.cpython-310-x86_64-linux-gnu.so
[0.634s] -- Up-to-date: /home/beamkeerati/ros2_ws/install/param_interfaces/local/lib/python3.10/dist-packages/param_interfaces/param_interfaces_s__rosidl_typesupport_introspection_c.cpython-310-x86_64-linux-gnu.so
[0.634s] -- Up-to-date: /home/beamkeerati/ros2_ws/install/param_interfaces/local/lib/python3.10/dist-packages/param_interfaces/param_interfaces_s__rosidl_typesupport_c.cpython-310-x86_64-linux-gnu.so
[0.634s] -- Up-to-date: /home/beamkeerati/ros2_ws/install/param_interfaces/lib/libparam_interfaces__rosidl_generator_py.so
[0.635s] -- Up-to-date: /home/beamkeerati/ros2_ws/install/param_interfaces/share/param_interfaces/srv/SetControllerGain.idl
[0.635s] -- Up-to-date: /home/beamkeerati/ros2_ws/install/param_interfaces/share/param_interfaces/srv/SetNumberPizza.idl
[0.635s] -- Up-to-date: /home/beamkeerati/ros2_ws/install/param_interfaces/share/param_interfaces/srv/SetControllerGain.srv
[0.635s] -- Up-to-date: /home/beamkeerati/ros2_ws/install/param_interfaces/share/param_interfaces/srv/SetControllerGain_Request.msg
[0.635s] -- Up-to-date: /home/beamkeerati/ros2_ws/install/param_interfaces/share/param_interfaces/srv/SetControllerGain_Response.msg
[0.635s] -- Up-to-date: /home/beamkeerati/ros2_ws/install/param_interfaces/share/param_interfaces/srv/SetNumberPizza.srv
[0.635s] -- Up-to-date: /home/beamkeerati/ros2_ws/install/param_interfaces/share/param_interfaces/srv/SetNumberPizza_Request.msg
[0.635s] -- Up-to-date: /home/beamkeerati/ros2_ws/install/param_interfaces/share/param_interfaces/srv/SetNumberPizza_Response.msg
[0.635s] -- Up-to-date: /home/beamkeerati/ros2_ws/install/param_interfaces/share/ament_index/resource_index/package_run_dependencies/param_interfaces
[0.635s] -- Up-to-date: /home/beamkeerati/ros2_ws/install/param_interfaces/share/ament_index/resource_index/parent_prefix_path/param_interfaces
[0.635s] -- Up-to-date: /home/beamkeerati/ros2_ws/install/param_interfaces/share/param_interfaces/environment/ament_prefix_path.sh
[0.635s] -- Up-to-date: /home/beamkeerati/ros2_ws/install/param_interfaces/share/param_interfaces/environment/ament_prefix_path.dsv
[0.636s] -- Up-to-date: /home/beamkeerati/ros2_ws/install/param_interfaces/share/param_interfaces/environment/path.sh
[0.636s] -- Up-to-date: /home/beamkeerati/ros2_ws/install/param_interfaces/share/param_interfaces/environment/path.dsv
[0.636s] -- Up-to-date: /home/beamkeerati/ros2_ws/install/param_interfaces/share/param_interfaces/local_setup.bash
[0.636s] -- Up-to-date: /home/beamkeerati/ros2_ws/install/param_interfaces/share/param_interfaces/local_setup.sh
[0.636s] -- Up-to-date: /home/beamkeerati/ros2_ws/install/param_interfaces/share/param_interfaces/local_setup.zsh
[0.636s] -- Up-to-date: /home/beamkeerati/ros2_ws/install/param_interfaces/share/param_interfaces/local_setup.dsv
[0.636s] -- Installing: /home/beamkeerati/ros2_ws/install/param_interfaces/share/param_interfaces/package.dsv
[0.637s] -- Up-to-date: /home/beamkeerati/ros2_ws/install/param_interfaces/share/ament_index/resource_index/packages/param_interfaces
[0.637s] -- Up-to-date: /home/beamkeerati/ros2_ws/install/param_interfaces/share/param_interfaces/cmake/export_param_interfaces__rosidl_generator_cExport.cmake
[0.637s] -- Up-to-date: /home/beamkeerati/ros2_ws/install/param_interfaces/share/param_interfaces/cmake/export_param_interfaces__rosidl_generator_cExport-noconfig.cmake
[0.637s] -- Up-to-date: /home/beamkeerati/ros2_ws/install/param_interfaces/share/param_interfaces/cmake/export_param_interfaces__rosidl_typesupport_fastrtps_cExport.cmake
[0.637s] -- Up-to-date: /home/beamkeerati/ros2_ws/install/param_interfaces/share/param_interfaces/cmake/export_param_interfaces__rosidl_typesupport_fastrtps_cExport-noconfig.cmake
[0.637s] -- Up-to-date: /home/beamkeerati/ros2_ws/install/param_interfaces/share/param_interfaces/cmake/param_interfaces__rosidl_typesupport_introspection_cExport.cmake
[0.637s] -- Up-to-date: /home/beamkeerati/ros2_ws/install/param_interfaces/share/param_interfaces/cmake/param_interfaces__rosidl_typesupport_introspection_cExport-noconfig.cmake
[0.637s] -- Up-to-date: /home/beamkeerati/ros2_ws/install/param_interfaces/share/param_interfaces/cmake/param_interfaces__rosidl_typesupport_cExport.cmake
[0.637s] -- Up-to-date: /home/beamkeerati/ros2_ws/install/param_interfaces/share/param_interfaces/cmake/param_interfaces__rosidl_typesupport_cExport-noconfig.cmake
[0.637s] -- Up-to-date: /home/beamkeerati/ros2_ws/install/param_interfaces/share/param_interfaces/cmake/export_param_interfaces__rosidl_generator_cppExport.cmake
[0.638s] -- Up-to-date: /home/beamkeerati/ros2_ws/install/param_interfaces/share/param_interfaces/cmake/export_param_interfaces__rosidl_typesupport_fastrtps_cppExport.cmake
[0.638s] -- Up-to-date: /home/beamkeerati/ros2_ws/install/param_interfaces/share/param_interfaces/cmake/export_param_interfaces__rosidl_typesupport_fastrtps_cppExport-noconfig.cmake
[0.638s] -- Up-to-date: /home/beamkeerati/ros2_ws/install/param_interfaces/share/param_interfaces/cmake/param_interfaces__rosidl_typesupport_introspection_cppExport.cmake
[0.638s] -- Up-to-date: /home/beamkeerati/ros2_ws/install/param_interfaces/share/param_interfaces/cmake/param_interfaces__rosidl_typesupport_introspection_cppExport-noconfig.cmake
[0.638s] -- Up-to-date: /home/beamkeerati/ros2_ws/install/param_interfaces/share/param_interfaces/cmake/param_interfaces__rosidl_typesupport_cppExport.cmake
[0.638s] -- Up-to-date: /home/beamkeerati/ros2_ws/install/param_interfaces/share/param_interfaces/cmake/param_interfaces__rosidl_typesupport_cppExport-noconfig.cmake
[0.638s] -- Up-to-date: /home/beamkeerati/ros2_ws/install/param_interfaces/share/param_interfaces/cmake/export_param_interfaces__rosidl_generator_pyExport.cmake
[0.638s] -- Up-to-date: /home/beamkeerati/ros2_ws/install/param_interfaces/share/param_interfaces/cmake/export_param_interfaces__rosidl_generator_pyExport-noconfig.cmake
[0.638s] -- Up-to-date: /home/beamkeerati/ros2_ws/install/param_interfaces/share/param_interfaces/cmake/rosidl_cmake-extras.cmake
[0.638s] -- Up-to-date: /home/beamkeerati/ros2_ws/install/param_interfaces/share/param_interfaces/cmake/ament_cmake_export_include_directories-extras.cmake
[0.638s] -- Up-to-date: /home/beamkeerati/ros2_ws/install/param_interfaces/share/param_interfaces/cmake/ament_cmake_export_libraries-extras.cmake
[0.638s] -- Up-to-date: /home/beamkeerati/ros2_ws/install/param_interfaces/share/param_interfaces/cmake/ament_cmake_export_targets-extras.cmake
[0.639s] -- Up-to-date: /home/beamkeerati/ros2_ws/install/param_interfaces/share/param_interfaces/cmake/rosidl_cmake_export_typesupport_targets-extras.cmake
[0.639s] -- Up-to-date: /home/beamkeerati/ros2_ws/install/param_interfaces/share/param_interfaces/cmake/ament_cmake_export_dependencies-extras.cmake
[0.639s] -- Up-to-date: /home/beamkeerati/ros2_ws/install/param_interfaces/share/param_interfaces/cmake/rosidl_cmake_export_typesupport_libraries-extras.cmake
[0.639s] -- Up-to-date: /home/beamkeerati/ros2_ws/install/param_interfaces/share/param_interfaces/cmake/param_interfacesConfig.cmake
[0.639s] -- Up-to-date: /home/beamkeerati/ros2_ws/install/param_interfaces/share/param_interfaces/cmake/param_interfacesConfig-version.cmake
[0.639s] -- Up-to-date: /home/beamkeerati/ros2_ws/install/param_interfaces/share/param_interfaces/package.xml
[0.645s] Invoked command in '/home/beamkeerati/ros2_ws/build/param_interfaces' returned '0': CMAKE_PREFIX_PATH=${CMAKE_PREFIX_PATH}:/opt/ros/humble /usr/bin/cmake --install /home/beamkeerati/ros2_ws/build/param_interfaces
