[0.020s] Invoking command in '/home/beamkeerati/ros2_ws/build/param_interfaces': CMAKE_PREFIX_PATH=${CMAKE_PREFIX_PATH}:/opt/ros/humble /usr/bin/cmake --build /home/beamkeerati/ros2_ws/build/param_interfaces -- -j16 -l16
[0.043s] -- Found ament_cmake: 1.3.10 (/opt/ros/humble/share/ament_cmake/cmake)
[0.184s] -- Found rosidl_default_generators: 1.2.0 (/opt/ros/humble/share/rosidl_default_generators/cmake)
[0.186s] -- Using all available rosidl_typesupport_c: rosidl_typesupport_fastrtps_c;rosidl_typesupport_introspection_c
[0.189s] -- Found rosidl_adapter: 3.1.5 (/opt/ros/humble/share/rosidl_adapter/cmake)
[0.217s] -- Using all available rosidl_typesupport_cpp: rosidl_typesupport_fastrtps_cpp;rosidl_typesupport_introspection_cpp
[0.508s] -- Found ament_cmake_ros: 0.10.0 (/opt/ros/humble/share/ament_cmake_ros/cmake)
[0.678s] -- Using all available rosidl_typesupport_c: rosidl_typesupport_fastrtps_c;rosidl_typesupport_introspection_c
[0.878s] -- Using all available rosidl_typesupport_cpp: rosidl_typesupport_fastrtps_cpp;rosidl_typesupport_introspection_cpp
[0.897s] -- Found python_cmake_module: 0.10.0 (/opt/ros/humble/share/python_cmake_module/cmake)
[0.921s] -- Using PYTHON_EXECUTABLE: /usr/bin/python3
[0.921s] -- Using PYTHON_INCLUDE_DIRS: /usr/include/python3.10
[0.921s] -- Using PYTHON_LIBRARIES: /usr/lib/x86_64-linux-gnu/libpython3.10.so
[0.929s] -- Found ament_lint_auto: 0.12.11 (/opt/ros/humble/share/ament_lint_auto/cmake)
[0.936s] -- Added test 'lint_cmake' to check CMake code style
[0.937s] -- Added test 'xmllint' to check XML markup files
[0.938s] -- Configuring done
[0.963s] -- Generating done
[0.966s] -- Build files have been written to: /home/beamkeerati/ros2_ws/build/param_interfaces
[0.993s] [35m[1mConsolidate compiler generated dependencies of target param_interfaces__rosidl_generator_c[0m
[1.002s] [  2%] Built target param_interfaces__cpp
[1.003s] [ 12%] Built target param_interfaces__rosidl_generator_c
[1.013s] [ 12%] Built target ament_cmake_python_copy_param_interfaces
[1.013s] [35m[1mConsolidate compiler generated dependencies of target param_interfaces__rosidl_typesupport_introspection_c[0m
[1.013s] [35m[1mConsolidate compiler generated dependencies of target param_interfaces__rosidl_typesupport_c[0m
[1.013s] [35m[1mConsolidate compiler generated dependencies of target param_interfaces__rosidl_typesupport_cpp[0m
[1.014s] [35m[1mConsolidate compiler generated dependencies of target param_interfaces__rosidl_typesupport_introspection_cpp[0m
[1.014s] [35m[1mConsolidate compiler generated dependencies of target param_interfaces__rosidl_typesupport_fastrtps_cpp[0m
[1.014s] [35m[1mConsolidate compiler generated dependencies of target param_interfaces__rosidl_typesupport_fastrtps_c[0m
[1.025s] [ 43%] Built target param_interfaces__rosidl_typesupport_introspection_c
[1.026s] [ 43%] Built target param_interfaces__rosidl_typesupport_cpp
[1.026s] [ 43%] Built target param_interfaces__rosidl_typesupport_introspection_cpp
[1.026s] [ 53%] Built target param_interfaces__rosidl_typesupport_fastrtps_cpp
[1.026s] [ 74%] Built target param_interfaces__rosidl_typesupport_fastrtps_c
[1.026s] [ 74%] Built target param_interfaces__rosidl_typesupport_c
[1.048s] [ 74%] Built target param_interfaces
[1.071s] [ 76%] Built target param_interfaces__py
[1.082s] [35m[1mConsolidate compiler generated dependencies of target param_interfaces__rosidl_generator_py[0m
[1.096s] [ 84%] Built target param_interfaces__rosidl_generator_py
[1.106s] [35m[1mConsolidate compiler generated dependencies of target param_interfaces__rosidl_typesupport_c__pyext[0m
[1.106s] [35m[1mConsolidate compiler generated dependencies of target param_interfaces__rosidl_typesupport_fastrtps_c__pyext[0m
[1.106s] [35m[1mConsolidate compiler generated dependencies of target param_interfaces__rosidl_typesupport_introspection_c__pyext[0m
[1.119s] [100%] Built target param_interfaces__rosidl_typesupport_fastrtps_c__pyext
[1.119s] [100%] Built target param_interfaces__rosidl_typesupport_introspection_c__pyext
[1.119s] [100%] Built target param_interfaces__rosidl_typesupport_c__pyext
[1.228s] running egg_info
[1.228s] writing param_interfaces.egg-info/PKG-INFO
[1.228s] writing dependency_links to param_interfaces.egg-info/dependency_links.txt
[1.228s] writing top-level names to param_interfaces.egg-info/top_level.txt
[1.230s] reading manifest file 'param_interfaces.egg-info/SOURCES.txt'
[1.230s] writing manifest file 'param_interfaces.egg-info/SOURCES.txt'
[1.261s] [100%] Built target ament_cmake_python_build_param_interfaces_egg
[1.273s] Invoked command in '/home/beamkeerati/ros2_ws/build/param_interfaces' returned '0': CMAKE_PREFIX_PATH=${CMAKE_PREFIX_PATH}:/opt/ros/humble /usr/bin/cmake --build /home/beamkeerati/ros2_ws/build/param_interfaces -- -j16 -l16
[1.353s] Invoking command in '/home/beamkeerati/ros2_ws/build/param_interfaces': CMAKE_PREFIX_PATH=${CMAKE_PREFIX_PATH}:/opt/ros/humble /usr/bin/cmake --install /home/beamkeerati/ros2_ws/build/param_interfaces
[1.361s] -- Install configuration: ""
[1.361s] -- Up-to-date: /home/beamkeerati/ros2_ws/install/param_interfaces/share/ament_index/resource_index/rosidl_interfaces/param_interfaces
[1.362s] -- Up-to-date: /home/beamkeerati/ros2_ws/install/param_interfaces/include/param_interfaces/param_interfaces
[1.362s] -- Up-to-date: /home/beamkeerati/ros2_ws/install/param_interfaces/include/param_interfaces/param_interfaces/msg
[1.362s] -- Up-to-date: /home/beamkeerati/ros2_ws/install/param_interfaces/include/param_interfaces/param_interfaces/msg/rosidl_generator_c__visibility_control.h
[1.362s] -- Up-to-date: /home/beamkeerati/ros2_ws/install/param_interfaces/include/param_interfaces/param_interfaces/srv
[1.362s] -- Up-to-date: /home/beamkeerati/ros2_ws/install/param_interfaces/include/param_interfaces/param_interfaces/srv/set_number_pizza.h
[1.362s] -- Up-to-date: /home/beamkeerati/ros2_ws/install/param_interfaces/include/param_interfaces/param_interfaces/srv/detail
[1.362s] -- Up-to-date: /home/beamkeerati/ros2_ws/install/param_interfaces/include/param_interfaces/param_interfaces/srv/detail/set_controller_gain__type_support.h
[1.362s] -- Up-to-date: /home/beamkeerati/ros2_ws/install/param_interfaces/include/param_interfaces/param_interfaces/srv/detail/set_number_pizza__functions.c
[1.362s] -- Up-to-date: /home/beamkeerati/ros2_ws/install/param_interfaces/include/param_interfaces/param_interfaces/srv/detail/set_number_pizza__functions.h
[1.362s] -- Up-to-date: /home/beamkeerati/ros2_ws/install/param_interfaces/include/param_interfaces/param_interfaces/srv/detail/set_number_pizza__struct.h
[1.362s] -- Up-to-date: /home/beamkeerati/ros2_ws/install/param_interfaces/include/param_interfaces/param_interfaces/srv/detail/set_number_pizza__type_support.h
[1.362s] -- Up-to-date: /home/beamkeerati/ros2_ws/install/param_interfaces/include/param_interfaces/param_interfaces/srv/detail/set_controller_gain__struct.h
[1.362s] -- Up-to-date: /home/beamkeerati/ros2_ws/install/param_interfaces/include/param_interfaces/param_interfaces/srv/detail/set_controller_gain__functions.c
[1.362s] -- Up-to-date: /home/beamkeerati/ros2_ws/install/param_interfaces/include/param_interfaces/param_interfaces/srv/detail/set_controller_gain__functions.h
[1.362s] -- Up-to-date: /home/beamkeerati/ros2_ws/install/param_interfaces/include/param_interfaces/param_interfaces/srv/set_controller_gain.h
[1.362s] -- Up-to-date: /home/beamkeerati/ros2_ws/install/param_interfaces/share/param_interfaces/environment/library_path.sh
[1.362s] -- Installing: /home/beamkeerati/ros2_ws/install/param_interfaces/share/param_interfaces/environment/library_path.dsv
[1.362s] -- Up-to-date: /home/beamkeerati/ros2_ws/install/param_interfaces/lib/libparam_interfaces__rosidl_generator_c.so
[1.362s] -- Up-to-date: /home/beamkeerati/ros2_ws/install/param_interfaces/include/param_interfaces/param_interfaces
[1.362s] -- Up-to-date: /home/beamkeerati/ros2_ws/install/param_interfaces/include/param_interfaces/param_interfaces/msg
[1.363s] -- Up-to-date: /home/beamkeerati/ros2_ws/install/param_interfaces/include/param_interfaces/param_interfaces/msg/rosidl_typesupport_fastrtps_c__visibility_control.h
[1.363s] -- Up-to-date: /home/beamkeerati/ros2_ws/install/param_interfaces/include/param_interfaces/param_interfaces/srv
[1.363s] -- Up-to-date: /home/beamkeerati/ros2_ws/install/param_interfaces/include/param_interfaces/param_interfaces/srv/detail
[1.363s] -- Up-to-date: /home/beamkeerati/ros2_ws/install/param_interfaces/include/param_interfaces/param_interfaces/srv/detail/set_controller_gain__rosidl_typesupport_fastrtps_c.h
[1.363s] -- Up-to-date: /home/beamkeerati/ros2_ws/install/param_interfaces/include/param_interfaces/param_interfaces/srv/detail/set_number_pizza__rosidl_typesupport_fastrtps_c.h
[1.363s] -- Up-to-date: /home/beamkeerati/ros2_ws/install/param_interfaces/lib/libparam_interfaces__rosidl_typesupport_fastrtps_c.so
[1.363s] -- Up-to-date: /home/beamkeerati/ros2_ws/install/param_interfaces/include/param_interfaces/param_interfaces
[1.363s] -- Up-to-date: /home/beamkeerati/ros2_ws/install/param_interfaces/include/param_interfaces/param_interfaces/msg
[1.363s] -- Up-to-date: /home/beamkeerati/ros2_ws/install/param_interfaces/include/param_interfaces/param_interfaces/msg/rosidl_typesupport_introspection_c__visibility_control.h
[1.363s] -- Up-to-date: /home/beamkeerati/ros2_ws/install/param_interfaces/include/param_interfaces/param_interfaces/srv
[1.363s] -- Up-to-date: /home/beamkeerati/ros2_ws/install/param_interfaces/include/param_interfaces/param_interfaces/srv/detail
[1.363s] -- Up-to-date: /home/beamkeerati/ros2_ws/install/param_interfaces/include/param_interfaces/param_interfaces/srv/detail/set_controller_gain__type_support.c
[1.363s] -- Up-to-date: /home/beamkeerati/ros2_ws/install/param_interfaces/include/param_interfaces/param_interfaces/srv/detail/set_number_pizza__rosidl_typesupport_introspection_c.h
[1.363s] -- Up-to-date: /home/beamkeerati/ros2_ws/install/param_interfaces/include/param_interfaces/param_interfaces/srv/detail/set_number_pizza__type_support.c
[1.363s] -- Up-to-date: /home/beamkeerati/ros2_ws/install/param_interfaces/include/param_interfaces/param_interfaces/srv/detail/set_controller_gain__rosidl_typesupport_introspection_c.h
[1.363s] -- Up-to-date: /home/beamkeerati/ros2_ws/install/param_interfaces/lib/libparam_interfaces__rosidl_typesupport_introspection_c.so
[1.363s] -- Up-to-date: /home/beamkeerati/ros2_ws/install/param_interfaces/lib/libparam_interfaces__rosidl_typesupport_c.so
[1.363s] -- Up-to-date: /home/beamkeerati/ros2_ws/install/param_interfaces/include/param_interfaces/param_interfaces
[1.363s] -- Up-to-date: /home/beamkeerati/ros2_ws/install/param_interfaces/include/param_interfaces/param_interfaces/srv
[1.363s] -- Up-to-date: /home/beamkeerati/ros2_ws/install/param_interfaces/include/param_interfaces/param_interfaces/srv/detail
[1.364s] -- Up-to-date: /home/beamkeerati/ros2_ws/install/param_interfaces/include/param_interfaces/param_interfaces/srv/detail/set_number_pizza__struct.hpp
[1.364s] -- Up-to-date: /home/beamkeerati/ros2_ws/install/param_interfaces/include/param_interfaces/param_interfaces/srv/detail/set_controller_gain__struct.hpp
[1.364s] -- Up-to-date: /home/beamkeerati/ros2_ws/install/param_interfaces/include/param_interfaces/param_interfaces/srv/detail/set_number_pizza__traits.hpp
[1.364s] -- Up-to-date: /home/beamkeerati/ros2_ws/install/param_interfaces/include/param_interfaces/param_interfaces/srv/detail/set_number_pizza__builder.hpp
[1.364s] -- Up-to-date: /home/beamkeerati/ros2_ws/install/param_interfaces/include/param_interfaces/param_interfaces/srv/detail/set_controller_gain__traits.hpp
[1.364s] -- Up-to-date: /home/beamkeerati/ros2_ws/install/param_interfaces/include/param_interfaces/param_interfaces/srv/detail/set_controller_gain__builder.hpp
[1.364s] -- Up-to-date: /home/beamkeerati/ros2_ws/install/param_interfaces/include/param_interfaces/param_interfaces/srv/set_number_pizza.hpp
[1.364s] -- Up-to-date: /home/beamkeerati/ros2_ws/install/param_interfaces/include/param_interfaces/param_interfaces/srv/set_controller_gain.hpp
[1.364s] -- Up-to-date: /home/beamkeerati/ros2_ws/install/param_interfaces/include/param_interfaces/param_interfaces
[1.364s] -- Up-to-date: /home/beamkeerati/ros2_ws/install/param_interfaces/include/param_interfaces/param_interfaces/msg
[1.364s] -- Up-to-date: /home/beamkeerati/ros2_ws/install/param_interfaces/include/param_interfaces/param_interfaces/msg/rosidl_typesupport_fastrtps_cpp__visibility_control.h
[1.364s] -- Up-to-date: /home/beamkeerati/ros2_ws/install/param_interfaces/include/param_interfaces/param_interfaces/srv
[1.364s] -- Up-to-date: /home/beamkeerati/ros2_ws/install/param_interfaces/include/param_interfaces/param_interfaces/srv/detail
[1.364s] -- Up-to-date: /home/beamkeerati/ros2_ws/install/param_interfaces/include/param_interfaces/param_interfaces/srv/detail/dds_fastrtps
[1.364s] -- Up-to-date: /home/beamkeerati/ros2_ws/install/param_interfaces/include/param_interfaces/param_interfaces/srv/detail/set_number_pizza__rosidl_typesupport_fastrtps_cpp.hpp
[1.364s] -- Up-to-date: /home/beamkeerati/ros2_ws/install/param_interfaces/include/param_interfaces/param_interfaces/srv/detail/set_controller_gain__rosidl_typesupport_fastrtps_cpp.hpp
[1.365s] -- Up-to-date: /home/beamkeerati/ros2_ws/install/param_interfaces/lib/libparam_interfaces__rosidl_typesupport_fastrtps_cpp.so
[1.365s] -- Up-to-date: /home/beamkeerati/ros2_ws/install/param_interfaces/include/param_interfaces/param_interfaces
[1.365s] -- Up-to-date: /home/beamkeerati/ros2_ws/install/param_interfaces/include/param_interfaces/param_interfaces/srv
[1.365s] -- Up-to-date: /home/beamkeerati/ros2_ws/install/param_interfaces/include/param_interfaces/param_interfaces/srv/detail
[1.365s] -- Up-to-date: /home/beamkeerati/ros2_ws/install/param_interfaces/include/param_interfaces/param_interfaces/srv/detail/set_number_pizza__type_support.cpp
[1.365s] -- Up-to-date: /home/beamkeerati/ros2_ws/install/param_interfaces/include/param_interfaces/param_interfaces/srv/detail/set_controller_gain__type_support.cpp
[1.365s] -- Up-to-date: /home/beamkeerati/ros2_ws/install/param_interfaces/include/param_interfaces/param_interfaces/srv/detail/set_controller_gain__rosidl_typesupport_introspection_cpp.hpp
[1.365s] -- Up-to-date: /home/beamkeerati/ros2_ws/install/param_interfaces/include/param_interfaces/param_interfaces/srv/detail/set_number_pizza__rosidl_typesupport_introspection_cpp.hpp
[1.365s] -- Up-to-date: /home/beamkeerati/ros2_ws/install/param_interfaces/lib/libparam_interfaces__rosidl_typesupport_introspection_cpp.so
[1.365s] -- Up-to-date: /home/beamkeerati/ros2_ws/install/param_interfaces/lib/libparam_interfaces__rosidl_typesupport_cpp.so
[1.365s] -- Up-to-date: /home/beamkeerati/ros2_ws/install/param_interfaces/share/param_interfaces/environment/pythonpath.sh
[1.365s] -- Installing: /home/beamkeerati/ros2_ws/install/param_interfaces/share/param_interfaces/environment/pythonpath.dsv
[1.365s] -- Up-to-date: /home/beamkeerati/ros2_ws/install/param_interfaces/local/lib/python3.10/dist-packages/param_interfaces-0.0.0-py3.10.egg-info
[1.365s] -- Installing: /home/beamkeerati/ros2_ws/install/param_interfaces/local/lib/python3.10/dist-packages/param_interfaces-0.0.0-py3.10.egg-info/dependency_links.txt
[1.365s] -- Installing: /home/beamkeerati/ros2_ws/install/param_interfaces/local/lib/python3.10/dist-packages/param_interfaces-0.0.0-py3.10.egg-info/top_level.txt
[1.365s] -- Installing: /home/beamkeerati/ros2_ws/install/param_interfaces/local/lib/python3.10/dist-packages/param_interfaces-0.0.0-py3.10.egg-info/SOURCES.txt
[1.365s] -- Installing: /home/beamkeerati/ros2_ws/install/param_interfaces/local/lib/python3.10/dist-packages/param_interfaces-0.0.0-py3.10.egg-info/PKG-INFO
[1.365s] -- Up-to-date: /home/beamkeerati/ros2_ws/install/param_interfaces/local/lib/python3.10/dist-packages/param_interfaces
[1.365s] -- Installing: /home/beamkeerati/ros2_ws/install/param_interfaces/local/lib/python3.10/dist-packages/param_interfaces/__init__.py
[1.366s] -- Up-to-date: /home/beamkeerati/ros2_ws/install/param_interfaces/local/lib/python3.10/dist-packages/param_interfaces/_param_interfaces_s.ep.rosidl_typesupport_fastrtps_c.c
[1.366s] -- Up-to-date: /home/beamkeerati/ros2_ws/install/param_interfaces/local/lib/python3.10/dist-packages/param_interfaces/param_interfaces_s__rosidl_typesupport_introspection_c.cpython-310-x86_64-linux-gnu.so
[1.366s] -- Up-to-date: /home/beamkeerati/ros2_ws/install/param_interfaces/local/lib/python3.10/dist-packages/param_interfaces/libparam_interfaces__rosidl_generator_py.so
[1.366s] -- Up-to-date: /home/beamkeerati/ros2_ws/install/param_interfaces/local/lib/python3.10/dist-packages/param_interfaces/srv
[1.366s] -- Up-to-date: /home/beamkeerati/ros2_ws/install/param_interfaces/local/lib/python3.10/dist-packages/param_interfaces/srv/__init__.py
[1.366s] -- Up-to-date: /home/beamkeerati/ros2_ws/install/param_interfaces/local/lib/python3.10/dist-packages/param_interfaces/srv/_set_controller_gain_s.c
[1.366s] -- Up-to-date: /home/beamkeerati/ros2_ws/install/param_interfaces/local/lib/python3.10/dist-packages/param_interfaces/srv/_set_controller_gain.py
[1.366s] -- Up-to-date: /home/beamkeerati/ros2_ws/install/param_interfaces/local/lib/python3.10/dist-packages/param_interfaces/srv/_set_number_pizza_s.c
[1.366s] -- Up-to-date: /home/beamkeerati/ros2_ws/install/param_interfaces/local/lib/python3.10/dist-packages/param_interfaces/srv/_set_number_pizza.py
[1.366s] -- Up-to-date: /home/beamkeerati/ros2_ws/install/param_interfaces/local/lib/python3.10/dist-packages/param_interfaces/_param_interfaces_s.ep.rosidl_typesupport_c.c
[1.366s] -- Up-to-date: /home/beamkeerati/ros2_ws/install/param_interfaces/local/lib/python3.10/dist-packages/param_interfaces/param_interfaces_s__rosidl_typesupport_fastrtps_c.cpython-310-x86_64-linux-gnu.so
[1.366s] -- Up-to-date: /home/beamkeerati/ros2_ws/install/param_interfaces/local/lib/python3.10/dist-packages/param_interfaces/_param_interfaces_s.ep.rosidl_typesupport_introspection_c.c
[1.366s] -- Up-to-date: /home/beamkeerati/ros2_ws/install/param_interfaces/local/lib/python3.10/dist-packages/param_interfaces/param_interfaces_s__rosidl_typesupport_c.cpython-310-x86_64-linux-gnu.so
[1.393s] Listing '/home/beamkeerati/ros2_ws/install/param_interfaces/local/lib/python3.10/dist-packages/param_interfaces'...
[1.393s] Compiling '/home/beamkeerati/ros2_ws/install/param_interfaces/local/lib/python3.10/dist-packages/param_interfaces/__init__.py'...
[1.393s] Listing '/home/beamkeerati/ros2_ws/install/param_interfaces/local/lib/python3.10/dist-packages/param_interfaces/srv'...
[1.397s] -- Up-to-date: /home/beamkeerati/ros2_ws/install/param_interfaces/local/lib/python3.10/dist-packages/param_interfaces/param_interfaces_s__rosidl_typesupport_fastrtps_c.cpython-310-x86_64-linux-gnu.so
[1.397s] -- Up-to-date: /home/beamkeerati/ros2_ws/install/param_interfaces/local/lib/python3.10/dist-packages/param_interfaces/param_interfaces_s__rosidl_typesupport_introspection_c.cpython-310-x86_64-linux-gnu.so
[1.397s] -- Up-to-date: /home/beamkeerati/ros2_ws/install/param_interfaces/local/lib/python3.10/dist-packages/param_interfaces/param_interfaces_s__rosidl_typesupport_c.cpython-310-x86_64-linux-gnu.so
[1.398s] -- Up-to-date: /home/beamkeerati/ros2_ws/install/param_interfaces/lib/libparam_interfaces__rosidl_generator_py.so
[1.398s] -- Up-to-date: /home/beamkeerati/ros2_ws/install/param_interfaces/share/param_interfaces/srv/SetControllerGain.idl
[1.398s] -- Up-to-date: /home/beamkeerati/ros2_ws/install/param_interfaces/share/param_interfaces/srv/SetNumberPizza.idl
[1.398s] -- Installing: /home/beamkeerati/ros2_ws/install/param_interfaces/share/param_interfaces/srv/SetControllerGain.srv
[1.398s] -- Up-to-date: /home/beamkeerati/ros2_ws/install/param_interfaces/share/param_interfaces/srv/SetControllerGain_Request.msg
[1.398s] -- Up-to-date: /home/beamkeerati/ros2_ws/install/param_interfaces/share/param_interfaces/srv/SetControllerGain_Response.msg
[1.398s] -- Up-to-date: /home/beamkeerati/ros2_ws/install/param_interfaces/share/param_interfaces/srv/SetNumberPizza.srv
[1.398s] -- Up-to-date: /home/beamkeerati/ros2_ws/install/param_interfaces/share/param_interfaces/srv/SetNumberPizza_Request.msg
[1.398s] -- Up-to-date: /home/beamkeerati/ros2_ws/install/param_interfaces/share/param_interfaces/srv/SetNumberPizza_Response.msg
[1.398s] -- Up-to-date: /home/beamkeerati/ros2_ws/install/param_interfaces/share/ament_index/resource_index/package_run_dependencies/param_interfaces
[1.398s] -- Installing: /home/beamkeerati/ros2_ws/install/param_interfaces/share/ament_index/resource_index/parent_prefix_path/param_interfaces
[1.398s] -- Up-to-date: /home/beamkeerati/ros2_ws/install/param_interfaces/share/param_interfaces/environment/ament_prefix_path.sh
[1.399s] -- Installing: /home/beamkeerati/ros2_ws/install/param_interfaces/share/param_interfaces/environment/ament_prefix_path.dsv
[1.399s] -- Up-to-date: /home/beamkeerati/ros2_ws/install/param_interfaces/share/param_interfaces/environment/path.sh
[1.399s] -- Installing: /home/beamkeerati/ros2_ws/install/param_interfaces/share/param_interfaces/environment/path.dsv
[1.399s] -- Up-to-date: /home/beamkeerati/ros2_ws/install/param_interfaces/share/param_interfaces/local_setup.bash
[1.399s] -- Up-to-date: /home/beamkeerati/ros2_ws/install/param_interfaces/share/param_interfaces/local_setup.sh
[1.399s] -- Up-to-date: /home/beamkeerati/ros2_ws/install/param_interfaces/share/param_interfaces/local_setup.zsh
[1.399s] -- Installing: /home/beamkeerati/ros2_ws/install/param_interfaces/share/param_interfaces/local_setup.dsv
[1.399s] -- Installing: /home/beamkeerati/ros2_ws/install/param_interfaces/share/param_interfaces/package.dsv
[1.399s] -- Up-to-date: /home/beamkeerati/ros2_ws/install/param_interfaces/share/ament_index/resource_index/packages/param_interfaces
[1.399s] -- Up-to-date: /home/beamkeerati/ros2_ws/install/param_interfaces/share/param_interfaces/cmake/export_param_interfaces__rosidl_generator_cExport.cmake
[1.399s] -- Up-to-date: /home/beamkeerati/ros2_ws/install/param_interfaces/share/param_interfaces/cmake/export_param_interfaces__rosidl_generator_cExport-noconfig.cmake
[1.399s] -- Up-to-date: /home/beamkeerati/ros2_ws/install/param_interfaces/share/param_interfaces/cmake/export_param_interfaces__rosidl_typesupport_fastrtps_cExport.cmake
[1.399s] -- Up-to-date: /home/beamkeerati/ros2_ws/install/param_interfaces/share/param_interfaces/cmake/export_param_interfaces__rosidl_typesupport_fastrtps_cExport-noconfig.cmake
[1.399s] -- Up-to-date: /home/beamkeerati/ros2_ws/install/param_interfaces/share/param_interfaces/cmake/param_interfaces__rosidl_typesupport_introspection_cExport.cmake
[1.400s] -- Up-to-date: /home/beamkeerati/ros2_ws/install/param_interfaces/share/param_interfaces/cmake/param_interfaces__rosidl_typesupport_introspection_cExport-noconfig.cmake
[1.400s] -- Up-to-date: /home/beamkeerati/ros2_ws/install/param_interfaces/share/param_interfaces/cmake/param_interfaces__rosidl_typesupport_cExport.cmake
[1.400s] -- Up-to-date: /home/beamkeerati/ros2_ws/install/param_interfaces/share/param_interfaces/cmake/param_interfaces__rosidl_typesupport_cExport-noconfig.cmake
[1.400s] -- Up-to-date: /home/beamkeerati/ros2_ws/install/param_interfaces/share/param_interfaces/cmake/export_param_interfaces__rosidl_generator_cppExport.cmake
[1.400s] -- Up-to-date: /home/beamkeerati/ros2_ws/install/param_interfaces/share/param_interfaces/cmake/export_param_interfaces__rosidl_typesupport_fastrtps_cppExport.cmake
[1.400s] -- Up-to-date: /home/beamkeerati/ros2_ws/install/param_interfaces/share/param_interfaces/cmake/export_param_interfaces__rosidl_typesupport_fastrtps_cppExport-noconfig.cmake
[1.400s] -- Up-to-date: /home/beamkeerati/ros2_ws/install/param_interfaces/share/param_interfaces/cmake/param_interfaces__rosidl_typesupport_introspection_cppExport.cmake
[1.400s] -- Up-to-date: /home/beamkeerati/ros2_ws/install/param_interfaces/share/param_interfaces/cmake/param_interfaces__rosidl_typesupport_introspection_cppExport-noconfig.cmake
[1.400s] -- Up-to-date: /home/beamkeerati/ros2_ws/install/param_interfaces/share/param_interfaces/cmake/param_interfaces__rosidl_typesupport_cppExport.cmake
[1.400s] -- Up-to-date: /home/beamkeerati/ros2_ws/install/param_interfaces/share/param_interfaces/cmake/param_interfaces__rosidl_typesupport_cppExport-noconfig.cmake
[1.400s] -- Up-to-date: /home/beamkeerati/ros2_ws/install/param_interfaces/share/param_interfaces/cmake/export_param_interfaces__rosidl_generator_pyExport.cmake
[1.400s] -- Up-to-date: /home/beamkeerati/ros2_ws/install/param_interfaces/share/param_interfaces/cmake/export_param_interfaces__rosidl_generator_pyExport-noconfig.cmake
[1.400s] -- Up-to-date: /home/beamkeerati/ros2_ws/install/param_interfaces/share/param_interfaces/cmake/rosidl_cmake-extras.cmake
[1.400s] -- Up-to-date: /home/beamkeerati/ros2_ws/install/param_interfaces/share/param_interfaces/cmake/ament_cmake_export_include_directories-extras.cmake
[1.400s] -- Up-to-date: /home/beamkeerati/ros2_ws/install/param_interfaces/share/param_interfaces/cmake/ament_cmake_export_libraries-extras.cmake
[1.400s] -- Up-to-date: /home/beamkeerati/ros2_ws/install/param_interfaces/share/param_interfaces/cmake/ament_cmake_export_targets-extras.cmake
[1.401s] -- Up-to-date: /home/beamkeerati/ros2_ws/install/param_interfaces/share/param_interfaces/cmake/rosidl_cmake_export_typesupport_targets-extras.cmake
[1.401s] -- Up-to-date: /home/beamkeerati/ros2_ws/install/param_interfaces/share/param_interfaces/cmake/ament_cmake_export_dependencies-extras.cmake
[1.401s] -- Up-to-date: /home/beamkeerati/ros2_ws/install/param_interfaces/share/param_interfaces/cmake/rosidl_cmake_export_typesupport_libraries-extras.cmake
[1.401s] -- Up-to-date: /home/beamkeerati/ros2_ws/install/param_interfaces/share/param_interfaces/cmake/param_interfacesConfig.cmake
[1.401s] -- Up-to-date: /home/beamkeerati/ros2_ws/install/param_interfaces/share/param_interfaces/cmake/param_interfacesConfig-version.cmake
[1.401s] -- Up-to-date: /home/beamkeerati/ros2_ws/install/param_interfaces/share/param_interfaces/package.xml
[1.403s] Invoked command in '/home/beamkeerati/ros2_ws/build/param_interfaces' returned '0': CMAKE_PREFIX_PATH=${CMAKE_PREFIX_PATH}:/opt/ros/humble /usr/bin/cmake --install /home/beamkeerati/ros2_ws/build/param_interfaces
