-- Found ament_cmake: 1.3.10 (/opt/ros/humble/share/ament_cmake/cmake)
-- Found rclcpp: 16.0.10 (/opt/ros/humble/share/rclcpp/cmake)
-- Found rosidl_generator_c: 3.1.5 (/opt/ros/humble/share/rosidl_generator_c/cmake)
-- Found rosidl_adapter: 3.1.5 (/opt/ros/humble/share/rosidl_adapter/cmake)
-- Found rosidl_generator_cpp: 3.1.5 (/opt/ros/humble/share/rosidl_generator_cpp/cmake)
-- Using all available rosidl_typesupport_c: rosidl_typesupport_fastrtps_c;rosidl_typesupport_introspection_c
-- Using all available rosidl_typesupport_cpp: rosidl_typesupport_fastrtps_cpp;rosidl_typesupport_introspection_cpp
-- Found rmw_implementation_cmake: 6.1.2 (/opt/ros/humble/share/rmw_implementation_cmake/cmake)
-- Found rmw_fastrtps_cpp: 6.2.7 (/opt/ros/humble/share/rmw_fastrtps_cpp/cmake)
-- Using RMW implementation 'rmw_fastrtps_cpp' as default
-- Found rclpy: 3.3.14 (/opt/ros/humble/share/rclpy/cmake)
-- Configuring done
-- Generating done
-- Build files have been written to: /home/beamkeerati/ros2_ws/build/turtle_fun
[35m[1mConsolidate compiler generated dependencies of target cpp_node_test[0m
[100%] Built target cpp_node_test
[100%] Built target ament_cmake_python_copy_turtle_fun
running egg_info
writing turtle_fun.egg-info/PKG-INFO
writing dependency_links to turtle_fun.egg-info/dependency_links.txt
writing top-level names to turtle_fun.egg-info/top_level.txt
reading manifest file 'turtle_fun.egg-info/SOURCES.txt'
writing manifest file 'turtle_fun.egg-info/SOURCES.txt'
[100%] Built target ament_cmake_python_build_turtle_fun_egg
-- Install configuration: ""
-- Up-to-date: /home/beamkeerati/ros2_ws/install/turtle_fun/share/turtle_fun/environment/pythonpath.sh
-- Installing: /home/beamkeerati/ros2_ws/install/turtle_fun/share/turtle_fun/environment/pythonpath.dsv
-- Up-to-date: /home/beamkeerati/ros2_ws/install/turtle_fun/local/lib/python3.10/dist-packages/turtle_fun-0.0.0-py3.10.egg-info
-- Installing: /home/beamkeerati/ros2_ws/install/turtle_fun/local/lib/python3.10/dist-packages/turtle_fun-0.0.0-py3.10.egg-info/dependency_links.txt
-- Installing: /home/beamkeerati/ros2_ws/install/turtle_fun/local/lib/python3.10/dist-packages/turtle_fun-0.0.0-py3.10.egg-info/top_level.txt
-- Installing: /home/beamkeerati/ros2_ws/install/turtle_fun/local/lib/python3.10/dist-packages/turtle_fun-0.0.0-py3.10.egg-info/SOURCES.txt
-- Installing: /home/beamkeerati/ros2_ws/install/turtle_fun/local/lib/python3.10/dist-packages/turtle_fun-0.0.0-py3.10.egg-info/PKG-INFO
-- Up-to-date: /home/beamkeerati/ros2_ws/install/turtle_fun/local/lib/python3.10/dist-packages/turtle_fun
-- Up-to-date: /home/beamkeerati/ros2_ws/install/turtle_fun/local/lib/python3.10/dist-packages/turtle_fun/__init__.py
-- Up-to-date: /home/beamkeerati/ros2_ws/install/turtle_fun/local/lib/python3.10/dist-packages/turtle_fun/dummy_module.py
Listing '/home/beamkeerati/ros2_ws/install/turtle_fun/local/lib/python3.10/dist-packages/turtle_fun'...
-- Up-to-date: /home/beamkeerati/ros2_ws/install/turtle_fun/lib/turtle_fun/dummy_script.py
-- Up-to-date: /home/beamkeerati/ros2_ws/install/turtle_fun/lib/turtle_fun/controller.py
-- Installing: /home/beamkeerati/ros2_ws/install/turtle_fun/lib/turtle_fun/copy_controller.py
-- Installing: /home/beamkeerati/ros2_ws/install/turtle_fun/lib/turtle_fun/teleop_schedule.py
-- Up-to-date: /home/beamkeerati/ros2_ws/install/turtle_fun/lib/turtle_fun/teleop_key.py
-- Up-to-date: /home/beamkeerati/ros2_ws/install/turtle_fun/lib/turtle_fun/cpp_node_test
-- Up-to-date: /home/beamkeerati/ros2_ws/install/turtle_fun/share/turtle_fun/launch
-- Installing: /home/beamkeerati/ros2_ws/install/turtle_fun/share/turtle_fun/launch/turtle_fun.launch.py
-- Up-to-date: /home/beamkeerati/ros2_ws/install/turtle_fun/share/ament_index/resource_index/package_run_dependencies/turtle_fun
-- Installing: /home/beamkeerati/ros2_ws/install/turtle_fun/share/ament_index/resource_index/parent_prefix_path/turtle_fun
-- Up-to-date: /home/beamkeerati/ros2_ws/install/turtle_fun/share/turtle_fun/environment/ament_prefix_path.sh
-- Installing: /home/beamkeerati/ros2_ws/install/turtle_fun/share/turtle_fun/environment/ament_prefix_path.dsv
-- Up-to-date: /home/beamkeerati/ros2_ws/install/turtle_fun/share/turtle_fun/environment/path.sh
-- Installing: /home/beamkeerati/ros2_ws/install/turtle_fun/share/turtle_fun/environment/path.dsv
-- Up-to-date: /home/beamkeerati/ros2_ws/install/turtle_fun/share/turtle_fun/local_setup.bash
-- Up-to-date: /home/beamkeerati/ros2_ws/install/turtle_fun/share/turtle_fun/local_setup.sh
-- Up-to-date: /home/beamkeerati/ros2_ws/install/turtle_fun/share/turtle_fun/local_setup.zsh
-- Installing: /home/beamkeerati/ros2_ws/install/turtle_fun/share/turtle_fun/local_setup.dsv
-- Installing: /home/beamkeerati/ros2_ws/install/turtle_fun/share/turtle_fun/package.dsv
-- Up-to-date: /home/beamkeerati/ros2_ws/install/turtle_fun/share/ament_index/resource_index/packages/turtle_fun
-- Up-to-date: /home/beamkeerati/ros2_ws/install/turtle_fun/share/turtle_fun/cmake/turtle_funConfig.cmake
-- Up-to-date: /home/beamkeerati/ros2_ws/install/turtle_fun/share/turtle_fun/cmake/turtle_funConfig-version.cmake
-- Up-to-date: /home/beamkeerati/ros2_ws/install/turtle_fun/share/turtle_fun/package.xml
