[0.015s] Invoking command in '/home/beamkeerati/ros2_ws/build/turtle_fun': CMAKE_PREFIX_PATH=${CMAKE_PREFIX_PATH}:/opt/ros/humble /usr/bin/cmake --build /home/beamkeerati/ros2_ws/build/turtle_fun -- -j16 -l16
[0.038s] -- Found ament_cmake: 1.3.10 (/opt/ros/humble/share/ament_cmake/cmake)
[0.192s] -- Found rclcpp: 16.0.10 (/opt/ros/humble/share/rclcpp/cmake)
[0.235s] -- Found rosidl_generator_c: 3.1.5 (/opt/ros/humble/share/rosidl_generator_c/cmake)
[0.238s] -- Found rosidl_adapter: 3.1.5 (/opt/ros/humble/share/rosidl_adapter/cmake)
[0.246s] -- Found rosidl_generator_cpp: 3.1.5 (/opt/ros/humble/share/rosidl_generator_cpp/cmake)
[0.258s] -- Using all available rosidl_typesupport_c: rosidl_typesupport_fastrtps_c;rosidl_typesupport_introspection_c
[0.274s] -- Using all available rosidl_typesupport_cpp: rosidl_typesupport_fastrtps_cpp;rosidl_typesupport_introspection_cpp
[0.312s] -- Found rmw_implementation_cmake: 6.1.2 (/opt/ros/humble/share/rmw_implementation_cmake/cmake)
[0.315s] -- Found rmw_fastrtps_cpp: 6.2.7 (/opt/ros/humble/share/rmw_fastrtps_cpp/cmake)
[0.424s] -- Using RMW implementation 'rmw_fastrtps_cpp' as default
[0.477s] -- Found rclpy: 3.3.14 (/opt/ros/humble/share/rclpy/cmake)
[0.586s] -- Configuring done
[0.595s] -- Generating done
[0.597s] -- Build files have been written to: /home/beamkeerati/ros2_ws/build/turtle_fun
[0.623s] [35m[1mConsolidate compiler generated dependencies of target cpp_node_test[0m
[0.634s] [100%] Built target cpp_node_test
[0.640s] [100%] Built target ament_cmake_python_copy_turtle_fun
[0.840s] running egg_info
[0.840s] writing turtle_fun.egg-info/PKG-INFO
[0.841s] writing dependency_links to turtle_fun.egg-info/dependency_links.txt
[0.841s] writing top-level names to turtle_fun.egg-info/top_level.txt
[0.842s] reading manifest file 'turtle_fun.egg-info/SOURCES.txt'
[0.843s] writing manifest file 'turtle_fun.egg-info/SOURCES.txt'
[0.868s] [100%] Built target ament_cmake_python_build_turtle_fun_egg
[0.880s] Invoked command in '/home/beamkeerati/ros2_ws/build/turtle_fun' returned '0': CMAKE_PREFIX_PATH=${CMAKE_PREFIX_PATH}:/opt/ros/humble /usr/bin/cmake --build /home/beamkeerati/ros2_ws/build/turtle_fun -- -j16 -l16
[0.908s] Invoking command in '/home/beamkeerati/ros2_ws/build/turtle_fun': CMAKE_PREFIX_PATH=${CMAKE_PREFIX_PATH}:/opt/ros/humble /usr/bin/cmake --install /home/beamkeerati/ros2_ws/build/turtle_fun
[0.915s] -- Install configuration: ""
[0.916s] -- Up-to-date: /home/beamkeerati/ros2_ws/install/turtle_fun/share/turtle_fun/environment/pythonpath.sh
[0.916s] -- Installing: /home/beamkeerati/ros2_ws/install/turtle_fun/share/turtle_fun/environment/pythonpath.dsv
[0.916s] -- Up-to-date: /home/beamkeerati/ros2_ws/install/turtle_fun/local/lib/python3.10/dist-packages/turtle_fun-0.0.0-py3.10.egg-info
[0.916s] -- Installing: /home/beamkeerati/ros2_ws/install/turtle_fun/local/lib/python3.10/dist-packages/turtle_fun-0.0.0-py3.10.egg-info/dependency_links.txt
[0.916s] -- Installing: /home/beamkeerati/ros2_ws/install/turtle_fun/local/lib/python3.10/dist-packages/turtle_fun-0.0.0-py3.10.egg-info/top_level.txt
[0.916s] -- Installing: /home/beamkeerati/ros2_ws/install/turtle_fun/local/lib/python3.10/dist-packages/turtle_fun-0.0.0-py3.10.egg-info/SOURCES.txt
[0.916s] -- Installing: /home/beamkeerati/ros2_ws/install/turtle_fun/local/lib/python3.10/dist-packages/turtle_fun-0.0.0-py3.10.egg-info/PKG-INFO
[0.917s] -- Up-to-date: /home/beamkeerati/ros2_ws/install/turtle_fun/local/lib/python3.10/dist-packages/turtle_fun
[0.917s] -- Up-to-date: /home/beamkeerati/ros2_ws/install/turtle_fun/local/lib/python3.10/dist-packages/turtle_fun/__init__.py
[0.917s] -- Up-to-date: /home/beamkeerati/ros2_ws/install/turtle_fun/local/lib/python3.10/dist-packages/turtle_fun/dummy_module.py
[0.942s] Listing '/home/beamkeerati/ros2_ws/install/turtle_fun/local/lib/python3.10/dist-packages/turtle_fun'...
[0.945s] -- Up-to-date: /home/beamkeerati/ros2_ws/install/turtle_fun/lib/turtle_fun/dummy_script.py
[0.945s] -- Up-to-date: /home/beamkeerati/ros2_ws/install/turtle_fun/lib/turtle_fun/controller.py
[0.945s] -- Installing: /home/beamkeerati/ros2_ws/install/turtle_fun/lib/turtle_fun/copy_controller.py
[0.945s] -- Installing: /home/beamkeerati/ros2_ws/install/turtle_fun/lib/turtle_fun/teleop_schedule.py
[0.945s] -- Up-to-date: /home/beamkeerati/ros2_ws/install/turtle_fun/lib/turtle_fun/teleop_key.py
[0.945s] -- Up-to-date: /home/beamkeerati/ros2_ws/install/turtle_fun/lib/turtle_fun/cpp_node_test
[0.945s] -- Up-to-date: /home/beamkeerati/ros2_ws/install/turtle_fun/share/turtle_fun/launch
[0.945s] -- Installing: /home/beamkeerati/ros2_ws/install/turtle_fun/share/turtle_fun/launch/turtle_fun.launch.py
[0.945s] -- Up-to-date: /home/beamkeerati/ros2_ws/install/turtle_fun/share/ament_index/resource_index/package_run_dependencies/turtle_fun
[0.945s] -- Installing: /home/beamkeerati/ros2_ws/install/turtle_fun/share/ament_index/resource_index/parent_prefix_path/turtle_fun
[0.946s] -- Up-to-date: /home/beamkeerati/ros2_ws/install/turtle_fun/share/turtle_fun/environment/ament_prefix_path.sh
[0.946s] -- Installing: /home/beamkeerati/ros2_ws/install/turtle_fun/share/turtle_fun/environment/ament_prefix_path.dsv
[0.946s] -- Up-to-date: /home/beamkeerati/ros2_ws/install/turtle_fun/share/turtle_fun/environment/path.sh
[0.946s] -- Installing: /home/beamkeerati/ros2_ws/install/turtle_fun/share/turtle_fun/environment/path.dsv
[0.946s] -- Up-to-date: /home/beamkeerati/ros2_ws/install/turtle_fun/share/turtle_fun/local_setup.bash
[0.946s] -- Up-to-date: /home/beamkeerati/ros2_ws/install/turtle_fun/share/turtle_fun/local_setup.sh
[0.946s] -- Up-to-date: /home/beamkeerati/ros2_ws/install/turtle_fun/share/turtle_fun/local_setup.zsh
[0.946s] -- Installing: /home/beamkeerati/ros2_ws/install/turtle_fun/share/turtle_fun/local_setup.dsv
[0.946s] -- Installing: /home/beamkeerati/ros2_ws/install/turtle_fun/share/turtle_fun/package.dsv
[0.946s] -- Up-to-date: /home/beamkeerati/ros2_ws/install/turtle_fun/share/ament_index/resource_index/packages/turtle_fun
[0.946s] -- Up-to-date: /home/beamkeerati/ros2_ws/install/turtle_fun/share/turtle_fun/cmake/turtle_funConfig.cmake
[0.946s] -- Up-to-date: /home/beamkeerati/ros2_ws/install/turtle_fun/share/turtle_fun/cmake/turtle_funConfig-version.cmake
[0.946s] -- Up-to-date: /home/beamkeerati/ros2_ws/install/turtle_fun/share/turtle_fun/package.xml
[0.949s] Invoked command in '/home/beamkeerati/ros2_ws/build/turtle_fun' returned '0': CMAKE_PREFIX_PATH=${CMAKE_PREFIX_PATH}:/opt/ros/humble /usr/bin/cmake --install /home/beamkeerati/ros2_ws/build/turtle_fun
