[  2%] Built target param_interfaces__cpp
[ 12%] Built target param_interfaces__rosidl_generator_c
[ 12%] Built target ament_cmake_python_copy_param_interfaces
[ 23%] Built target param_interfaces__rosidl_typesupport_fastrtps_c
[ 33%] Built target param_interfaces__rosidl_typesupport_introspection_cpp
[ 43%] Built target param_interfaces__rosidl_typesupport_cpp
[ 53%] Built target param_interfaces__rosidl_typesupport_c
[ 66%] Built target param_interfaces__rosidl_typesupport_fastrtps_cpp
[ 74%] Built target param_interfaces__rosidl_typesupport_introspection_c
[ 74%] Built target param_interfaces
[ 76%] Built target param_interfaces__py
[ 84%] Built target param_interfaces__rosidl_generator_py
[ 89%] Built target param_interfaces__rosidl_typesupport_fastrtps_c__pyext
[ 94%] Built target param_interfaces__rosidl_typesupport_introspection_c__pyext
[100%] Built target param_interfaces__rosidl_typesupport_c__pyext
running egg_info
writing param_interfaces.egg-info/PKG-INFO
writing dependency_links to param_interfaces.egg-info/dependency_links.txt
writing top-level names to param_interfaces.egg-info/top_level.txt
reading manifest file 'param_interfaces.egg-info/SOURCES.txt'
writing manifest file 'param_interfaces.egg-info/SOURCES.txt'
[100%] Built target ament_cmake_python_build_param_interfaces_egg
-- Install configuration: ""
-- Up-to-date: /home/beamkeerati/ros2_ws/install/param_interfaces/share/ament_index/resource_index/rosidl_interfaces/param_interfaces
-- Up-to-date: /home/beamkeerati/ros2_ws/install/param_interfaces/include/param_interfaces/param_interfaces
-- Up-to-date: /home/beamkeerati/ros2_ws/install/param_interfaces/include/param_interfaces/param_interfaces/msg
-- Up-to-date: /home/beamkeerati/ros2_ws/install/param_interfaces/include/param_interfaces/param_interfaces/msg/rosidl_generator_c__visibility_control.h
-- Up-to-date: /home/beamkeerati/ros2_ws/install/param_interfaces/include/param_interfaces/param_interfaces/srv
-- Up-to-date: /home/beamkeerati/ros2_ws/install/param_interfaces/include/param_interfaces/param_interfaces/srv/set_number_pizza.h
-- Up-to-date: /home/beamkeerati/ros2_ws/install/param_interfaces/include/param_interfaces/param_interfaces/srv/detail
-- Up-to-date: /home/beamkeerati/ros2_ws/install/param_interfaces/include/param_interfaces/param_interfaces/srv/detail/set_controller_gain__type_support.h
-- Up-to-date: /home/beamkeerati/ros2_ws/install/param_interfaces/include/param_interfaces/param_interfaces/srv/detail/set_number_pizza__functions.c
-- Up-to-date: /home/beamkeerati/ros2_ws/install/param_interfaces/include/param_interfaces/param_interfaces/srv/detail/set_number_pizza__functions.h
-- Up-to-date: /home/beamkeerati/ros2_ws/install/param_interfaces/include/param_interfaces/param_interfaces/srv/detail/set_number_pizza__struct.h
-- Up-to-date: /home/beamkeerati/ros2_ws/install/param_interfaces/include/param_interfaces/param_interfaces/srv/detail/set_number_pizza__type_support.h
-- Up-to-date: /home/beamkeerati/ros2_ws/install/param_interfaces/include/param_interfaces/param_interfaces/srv/detail/set_controller_gain__struct.h
-- Up-to-date: /home/beamkeerati/ros2_ws/install/param_interfaces/include/param_interfaces/param_interfaces/srv/detail/set_controller_gain__functions.c
-- Up-to-date: /home/beamkeerati/ros2_ws/install/param_interfaces/include/param_interfaces/param_interfaces/srv/detail/set_controller_gain__functions.h
-- Up-to-date: /home/beamkeerati/ros2_ws/install/param_interfaces/include/param_interfaces/param_interfaces/srv/set_controller_gain.h
-- Up-to-date: /home/beamkeerati/ros2_ws/install/param_interfaces/share/param_interfaces/environment/library_path.sh
-- Up-to-date: /home/beamkeerati/ros2_ws/install/param_interfaces/share/param_interfaces/environment/library_path.dsv
-- Up-to-date: /home/beamkeerati/ros2_ws/install/param_interfaces/lib/libparam_interfaces__rosidl_generator_c.so
-- Up-to-date: /home/beamkeerati/ros2_ws/install/param_interfaces/include/param_interfaces/param_interfaces
-- Up-to-date: /home/beamkeerati/ros2_ws/install/param_interfaces/include/param_interfaces/param_interfaces/msg
-- Up-to-date: /home/beamkeerati/ros2_ws/install/param_interfaces/include/param_interfaces/param_interfaces/msg/rosidl_typesupport_fastrtps_c__visibility_control.h
-- Up-to-date: /home/beamkeerati/ros2_ws/install/param_interfaces/include/param_interfaces/param_interfaces/srv
-- Up-to-date: /home/beamkeerati/ros2_ws/install/param_interfaces/include/param_interfaces/param_interfaces/srv/detail
-- Up-to-date: /home/beamkeerati/ros2_ws/install/param_interfaces/include/param_interfaces/param_interfaces/srv/detail/set_controller_gain__rosidl_typesupport_fastrtps_c.h
-- Up-to-date: /home/beamkeerati/ros2_ws/install/param_interfaces/include/param_interfaces/param_interfaces/srv/detail/set_number_pizza__rosidl_typesupport_fastrtps_c.h
-- Up-to-date: /home/beamkeerati/ros2_ws/install/param_interfaces/lib/libparam_interfaces__rosidl_typesupport_fastrtps_c.so
-- Up-to-date: /home/beamkeerati/ros2_ws/install/param_interfaces/include/param_interfaces/param_interfaces
-- Up-to-date: /home/beamkeerati/ros2_ws/install/param_interfaces/include/param_interfaces/param_interfaces/msg
-- Up-to-date: /home/beamkeerati/ros2_ws/install/param_interfaces/include/param_interfaces/param_interfaces/msg/rosidl_typesupport_introspection_c__visibility_control.h
-- Up-to-date: /home/beamkeerati/ros2_ws/install/param_interfaces/include/param_interfaces/param_interfaces/srv
-- Up-to-date: /home/beamkeerati/ros2_ws/install/param_interfaces/include/param_interfaces/param_interfaces/srv/detail
-- Up-to-date: /home/beamkeerati/ros2_ws/install/param_interfaces/include/param_interfaces/param_interfaces/srv/detail/set_controller_gain__type_support.c
-- Up-to-date: /home/beamkeerati/ros2_ws/install/param_interfaces/include/param_interfaces/param_interfaces/srv/detail/set_number_pizza__rosidl_typesupport_introspection_c.h
-- Up-to-date: /home/beamkeerati/ros2_ws/install/param_interfaces/include/param_interfaces/param_interfaces/srv/detail/set_number_pizza__type_support.c
-- Up-to-date: /home/beamkeerati/ros2_ws/install/param_interfaces/include/param_interfaces/param_interfaces/srv/detail/set_controller_gain__rosidl_typesupport_introspection_c.h
-- Up-to-date: /home/beamkeerati/ros2_ws/install/param_interfaces/lib/libparam_interfaces__rosidl_typesupport_introspection_c.so
-- Up-to-date: /home/beamkeerati/ros2_ws/install/param_interfaces/lib/libparam_interfaces__rosidl_typesupport_c.so
-- Up-to-date: /home/beamkeerati/ros2_ws/install/param_interfaces/include/param_interfaces/param_interfaces
-- Up-to-date: /home/beamkeerati/ros2_ws/install/param_interfaces/include/param_interfaces/param_interfaces/srv
-- Up-to-date: /home/beamkeerati/ros2_ws/install/param_interfaces/include/param_interfaces/param_interfaces/srv/detail
-- Up-to-date: /home/beamkeerati/ros2_ws/install/param_interfaces/include/param_interfaces/param_interfaces/srv/detail/set_number_pizza__struct.hpp
-- Up-to-date: /home/beamkeerati/ros2_ws/install/param_interfaces/include/param_interfaces/param_interfaces/srv/detail/set_controller_gain__struct.hpp
-- Up-to-date: /home/beamkeerati/ros2_ws/install/param_interfaces/include/param_interfaces/param_interfaces/srv/detail/set_number_pizza__traits.hpp
-- Up-to-date: /home/beamkeerati/ros2_ws/install/param_interfaces/include/param_interfaces/param_interfaces/srv/detail/set_number_pizza__builder.hpp
-- Up-to-date: /home/beamkeerati/ros2_ws/install/param_interfaces/include/param_interfaces/param_interfaces/srv/detail/set_controller_gain__traits.hpp
-- Up-to-date: /home/beamkeerati/ros2_ws/install/param_interfaces/include/param_interfaces/param_interfaces/srv/detail/set_controller_gain__builder.hpp
-- Up-to-date: /home/beamkeerati/ros2_ws/install/param_interfaces/include/param_interfaces/param_interfaces/srv/set_number_pizza.hpp
-- Up-to-date: /home/beamkeerati/ros2_ws/install/param_interfaces/include/param_interfaces/param_interfaces/srv/set_controller_gain.hpp
-- Up-to-date: /home/beamkeerati/ros2_ws/install/param_interfaces/include/param_interfaces/param_interfaces
-- Up-to-date: /home/beamkeerati/ros2_ws/install/param_interfaces/include/param_interfaces/param_interfaces/msg
-- Up-to-date: /home/beamkeerati/ros2_ws/install/param_interfaces/include/param_interfaces/param_interfaces/msg/rosidl_typesupport_fastrtps_cpp__visibility_control.h
-- Up-to-date: /home/beamkeerati/ros2_ws/install/param_interfaces/include/param_interfaces/param_interfaces/srv
-- Up-to-date: /home/beamkeerati/ros2_ws/install/param_interfaces/include/param_interfaces/param_interfaces/srv/detail
-- Up-to-date: /home/beamkeerati/ros2_ws/install/param_interfaces/include/param_interfaces/param_interfaces/srv/detail/dds_fastrtps
-- Up-to-date: /home/beamkeerati/ros2_ws/install/param_interfaces/include/param_interfaces/param_interfaces/srv/detail/set_number_pizza__rosidl_typesupport_fastrtps_cpp.hpp
-- Up-to-date: /home/beamkeerati/ros2_ws/install/param_interfaces/include/param_interfaces/param_interfaces/srv/detail/set_controller_gain__rosidl_typesupport_fastrtps_cpp.hpp
-- Up-to-date: /home/beamkeerati/ros2_ws/install/param_interfaces/lib/libparam_interfaces__rosidl_typesupport_fastrtps_cpp.so
-- Up-to-date: /home/beamkeerati/ros2_ws/install/param_interfaces/include/param_interfaces/param_interfaces
-- Up-to-date: /home/beamkeerati/ros2_ws/install/param_interfaces/include/param_interfaces/param_interfaces/srv
-- Up-to-date: /home/beamkeerati/ros2_ws/install/param_interfaces/include/param_interfaces/param_interfaces/srv/detail
-- Up-to-date: /home/beamkeerati/ros2_ws/install/param_interfaces/include/param_interfaces/param_interfaces/srv/detail/set_number_pizza__type_support.cpp
-- Up-to-date: /home/beamkeerati/ros2_ws/install/param_interfaces/include/param_interfaces/param_interfaces/srv/detail/set_controller_gain__type_support.cpp
-- Up-to-date: /home/beamkeerati/ros2_ws/install/param_interfaces/include/param_interfaces/param_interfaces/srv/detail/set_controller_gain__rosidl_typesupport_introspection_cpp.hpp
-- Up-to-date: /home/beamkeerati/ros2_ws/install/param_interfaces/include/param_interfaces/param_interfaces/srv/detail/set_number_pizza__rosidl_typesupport_introspection_cpp.hpp
-- Up-to-date: /home/beamkeerati/ros2_ws/install/param_interfaces/lib/libparam_interfaces__rosidl_typesupport_introspection_cpp.so
-- Up-to-date: /home/beamkeerati/ros2_ws/install/param_interfaces/lib/libparam_interfaces__rosidl_typesupport_cpp.so
-- Up-to-date: /home/beamkeerati/ros2_ws/install/param_interfaces/share/param_interfaces/environment/pythonpath.sh
-- Up-to-date: /home/beamkeerati/ros2_ws/install/param_interfaces/share/param_interfaces/environment/pythonpath.dsv
-- Up-to-date: /home/beamkeerati/ros2_ws/install/param_interfaces/local/lib/python3.10/dist-packages/param_interfaces-0.0.0-py3.10.egg-info
-- Installing: /home/beamkeerati/ros2_ws/install/param_interfaces/local/lib/python3.10/dist-packages/param_interfaces-0.0.0-py3.10.egg-info/dependency_links.txt
-- Installing: /home/beamkeerati/ros2_ws/install/param_interfaces/local/lib/python3.10/dist-packages/param_interfaces-0.0.0-py3.10.egg-info/top_level.txt
-- Installing: /home/beamkeerati/ros2_ws/install/param_interfaces/local/lib/python3.10/dist-packages/param_interfaces-0.0.0-py3.10.egg-info/SOURCES.txt
-- Installing: /home/beamkeerati/ros2_ws/install/param_interfaces/local/lib/python3.10/dist-packages/param_interfaces-0.0.0-py3.10.egg-info/PKG-INFO
-- Up-to-date: /home/beamkeerati/ros2_ws/install/param_interfaces/local/lib/python3.10/dist-packages/param_interfaces
-- Up-to-date: /home/beamkeerati/ros2_ws/install/param_interfaces/local/lib/python3.10/dist-packages/param_interfaces/__init__.py
-- Up-to-date: /home/beamkeerati/ros2_ws/install/param_interfaces/local/lib/python3.10/dist-packages/param_interfaces/_param_interfaces_s.ep.rosidl_typesupport_fastrtps_c.c
-- Up-to-date: /home/beamkeerati/ros2_ws/install/param_interfaces/local/lib/python3.10/dist-packages/param_interfaces/param_interfaces_s__rosidl_typesupport_introspection_c.cpython-310-x86_64-linux-gnu.so
-- Up-to-date: /home/beamkeerati/ros2_ws/install/param_interfaces/local/lib/python3.10/dist-packages/param_interfaces/libparam_interfaces__rosidl_generator_py.so
-- Up-to-date: /home/beamkeerati/ros2_ws/install/param_interfaces/local/lib/python3.10/dist-packages/param_interfaces/srv
-- Up-to-date: /home/beamkeerati/ros2_ws/install/param_interfaces/local/lib/python3.10/dist-packages/param_interfaces/srv/__init__.py
-- Up-to-date: /home/beamkeerati/ros2_ws/install/param_interfaces/local/lib/python3.10/dist-packages/param_interfaces/srv/_set_controller_gain_s.c
-- Up-to-date: /home/beamkeerati/ros2_ws/install/param_interfaces/local/lib/python3.10/dist-packages/param_interfaces/srv/_set_controller_gain.py
-- Up-to-date: /home/beamkeerati/ros2_ws/install/param_interfaces/local/lib/python3.10/dist-packages/param_interfaces/srv/_set_number_pizza_s.c
-- Up-to-date: /home/beamkeerati/ros2_ws/install/param_interfaces/local/lib/python3.10/dist-packages/param_interfaces/srv/_set_number_pizza.py
-- Up-to-date: /home/beamkeerati/ros2_ws/install/param_interfaces/local/lib/python3.10/dist-packages/param_interfaces/_param_interfaces_s.ep.rosidl_typesupport_c.c
-- Up-to-date: /home/beamkeerati/ros2_ws/install/param_interfaces/local/lib/python3.10/dist-packages/param_interfaces/param_interfaces_s__rosidl_typesupport_fastrtps_c.cpython-310-x86_64-linux-gnu.so
-- Up-to-date: /home/beamkeerati/ros2_ws/install/param_interfaces/local/lib/python3.10/dist-packages/param_interfaces/_param_interfaces_s.ep.rosidl_typesupport_introspection_c.c
-- Up-to-date: /home/beamkeerati/ros2_ws/install/param_interfaces/local/lib/python3.10/dist-packages/param_interfaces/param_interfaces_s__rosidl_typesupport_c.cpython-310-x86_64-linux-gnu.so
Listing '/home/beamkeerati/ros2_ws/install/param_interfaces/local/lib/python3.10/dist-packages/param_interfaces'...
Listing '/home/beamkeerati/ros2_ws/install/param_interfaces/local/lib/python3.10/dist-packages/param_interfaces/srv'...
-- Up-to-date: /home/beamkeerati/ros2_ws/install/param_interfaces/local/lib/python3.10/dist-packages/param_interfaces/param_interfaces_s__rosidl_typesupport_fastrtps_c.cpython-310-x86_64-linux-gnu.so
-- Up-to-date: /home/beamkeerati/ros2_ws/install/param_interfaces/local/lib/python3.10/dist-packages/param_interfaces/param_interfaces_s__rosidl_typesupport_introspection_c.cpython-310-x86_64-linux-gnu.so
-- Up-to-date: /home/beamkeerati/ros2_ws/install/param_interfaces/local/lib/python3.10/dist-packages/param_interfaces/param_interfaces_s__rosidl_typesupport_c.cpython-310-x86_64-linux-gnu.so
-- Up-to-date: /home/beamkeerati/ros2_ws/install/param_interfaces/lib/libparam_interfaces__rosidl_generator_py.so
-- Up-to-date: /home/beamkeerati/ros2_ws/install/param_interfaces/share/param_interfaces/srv/SetControllerGain.idl
-- Up-to-date: /home/beamkeerati/ros2_ws/install/param_interfaces/share/param_interfaces/srv/SetNumberPizza.idl
-- Up-to-date: /home/beamkeerati/ros2_ws/install/param_interfaces/share/param_interfaces/srv/SetControllerGain.srv
-- Up-to-date: /home/beamkeerati/ros2_ws/install/param_interfaces/share/param_interfaces/srv/SetControllerGain_Request.msg
-- Up-to-date: /home/beamkeerati/ros2_ws/install/param_interfaces/share/param_interfaces/srv/SetControllerGain_Response.msg
-- Up-to-date: /home/beamkeerati/ros2_ws/install/param_interfaces/share/param_interfaces/srv/SetNumberPizza.srv
-- Up-to-date: /home/beamkeerati/ros2_ws/install/param_interfaces/share/param_interfaces/srv/SetNumberPizza_Request.msg
-- Up-to-date: /home/beamkeerati/ros2_ws/install/param_interfaces/share/param_interfaces/srv/SetNumberPizza_Response.msg
-- Up-to-date: /home/beamkeerati/ros2_ws/install/param_interfaces/share/ament_index/resource_index/package_run_dependencies/param_interfaces
-- Up-to-date: /home/beamkeerati/ros2_ws/install/param_interfaces/share/ament_index/resource_index/parent_prefix_path/param_interfaces
-- Up-to-date: /home/beamkeerati/ros2_ws/install/param_interfaces/share/param_interfaces/environment/ament_prefix_path.sh
-- Up-to-date: /home/beamkeerati/ros2_ws/install/param_interfaces/share/param_interfaces/environment/ament_prefix_path.dsv
-- Up-to-date: /home/beamkeerati/ros2_ws/install/param_interfaces/share/param_interfaces/environment/path.sh
-- Up-to-date: /home/beamkeerati/ros2_ws/install/param_interfaces/share/param_interfaces/environment/path.dsv
-- Up-to-date: /home/beamkeerati/ros2_ws/install/param_interfaces/share/param_interfaces/local_setup.bash
-- Up-to-date: /home/beamkeerati/ros2_ws/install/param_interfaces/share/param_interfaces/local_setup.sh
-- Up-to-date: /home/beamkeerati/ros2_ws/install/param_interfaces/share/param_interfaces/local_setup.zsh
-- Up-to-date: /home/beamkeerati/ros2_ws/install/param_interfaces/share/param_interfaces/local_setup.dsv
-- Installing: /home/beamkeerati/ros2_ws/install/param_interfaces/share/param_interfaces/package.dsv
-- Up-to-date: /home/beamkeerati/ros2_ws/install/param_interfaces/share/ament_index/resource_index/packages/param_interfaces
-- Up-to-date: /home/beamkeerati/ros2_ws/install/param_interfaces/share/param_interfaces/cmake/export_param_interfaces__rosidl_generator_cExport.cmake
-- Up-to-date: /home/beamkeerati/ros2_ws/install/param_interfaces/share/param_interfaces/cmake/export_param_interfaces__rosidl_generator_cExport-noconfig.cmake
-- Up-to-date: /home/beamkeerati/ros2_ws/install/param_interfaces/share/param_interfaces/cmake/export_param_interfaces__rosidl_typesupport_fastrtps_cExport.cmake
-- Up-to-date: /home/beamkeerati/ros2_ws/install/param_interfaces/share/param_interfaces/cmake/export_param_interfaces__rosidl_typesupport_fastrtps_cExport-noconfig.cmake
-- Up-to-date: /home/beamkeerati/ros2_ws/install/param_interfaces/share/param_interfaces/cmake/param_interfaces__rosidl_typesupport_introspection_cExport.cmake
-- Up-to-date: /home/beamkeerati/ros2_ws/install/param_interfaces/share/param_interfaces/cmake/param_interfaces__rosidl_typesupport_introspection_cExport-noconfig.cmake
-- Up-to-date: /home/beamkeerati/ros2_ws/install/param_interfaces/share/param_interfaces/cmake/param_interfaces__rosidl_typesupport_cExport.cmake
-- Up-to-date: /home/beamkeerati/ros2_ws/install/param_interfaces/share/param_interfaces/cmake/param_interfaces__rosidl_typesupport_cExport-noconfig.cmake
-- Up-to-date: /home/beamkeerati/ros2_ws/install/param_interfaces/share/param_interfaces/cmake/export_param_interfaces__rosidl_generator_cppExport.cmake
-- Up-to-date: /home/beamkeerati/ros2_ws/install/param_interfaces/share/param_interfaces/cmake/export_param_interfaces__rosidl_typesupport_fastrtps_cppExport.cmake
-- Up-to-date: /home/beamkeerati/ros2_ws/install/param_interfaces/share/param_interfaces/cmake/export_param_interfaces__rosidl_typesupport_fastrtps_cppExport-noconfig.cmake
-- Up-to-date: /home/beamkeerati/ros2_ws/install/param_interfaces/share/param_interfaces/cmake/param_interfaces__rosidl_typesupport_introspection_cppExport.cmake
-- Up-to-date: /home/beamkeerati/ros2_ws/install/param_interfaces/share/param_interfaces/cmake/param_interfaces__rosidl_typesupport_introspection_cppExport-noconfig.cmake
-- Up-to-date: /home/beamkeerati/ros2_ws/install/param_interfaces/share/param_interfaces/cmake/param_interfaces__rosidl_typesupport_cppExport.cmake
-- Up-to-date: /home/beamkeerati/ros2_ws/install/param_interfaces/share/param_interfaces/cmake/param_interfaces__rosidl_typesupport_cppExport-noconfig.cmake
-- Up-to-date: /home/beamkeerati/ros2_ws/install/param_interfaces/share/param_interfaces/cmake/export_param_interfaces__rosidl_generator_pyExport.cmake
-- Up-to-date: /home/beamkeerati/ros2_ws/install/param_interfaces/share/param_interfaces/cmake/export_param_interfaces__rosidl_generator_pyExport-noconfig.cmake
-- Up-to-date: /home/beamkeerati/ros2_ws/install/param_interfaces/share/param_interfaces/cmake/rosidl_cmake-extras.cmake
-- Up-to-date: /home/beamkeerati/ros2_ws/install/param_interfaces/share/param_interfaces/cmake/ament_cmake_export_include_directories-extras.cmake
-- Up-to-date: /home/beamkeerati/ros2_ws/install/param_interfaces/share/param_interfaces/cmake/ament_cmake_export_libraries-extras.cmake
-- Up-to-date: /home/beamkeerati/ros2_ws/install/param_interfaces/share/param_interfaces/cmake/ament_cmake_export_targets-extras.cmake
-- Up-to-date: /home/beamkeerati/ros2_ws/install/param_interfaces/share/param_interfaces/cmake/rosidl_cmake_export_typesupport_targets-extras.cmake
-- Up-to-date: /home/beamkeerati/ros2_ws/install/param_interfaces/share/param_interfaces/cmake/ament_cmake_export_dependencies-extras.cmake
-- Up-to-date: /home/beamkeerati/ros2_ws/install/param_interfaces/share/param_interfaces/cmake/rosidl_cmake_export_typesupport_libraries-extras.cmake
-- Up-to-date: /home/beamkeerati/ros2_ws/install/param_interfaces/share/param_interfaces/cmake/param_interfacesConfig.cmake
-- Up-to-date: /home/beamkeerati/ros2_ws/install/param_interfaces/share/param_interfaces/cmake/param_interfacesConfig-version.cmake
-- Up-to-date: /home/beamkeerati/ros2_ws/install/param_interfaces/share/param_interfaces/package.xml
