[0.011s] Invoking command in '/home/beamkeerati/ros2_ws/build/param_interfaces': CMAKE_PREFIX_PATH=${CMAKE_PREFIX_PATH}:/opt/ros/humble /usr/bin/cmake /home/beamkeerati/ros2_ws/src/param_interfaces -DCMAKE_INSTALL_PREFIX=/home/beamkeerati/ros2_ws/install/param_interfaces
[0.021s] -- Found ament_cmake: 1.3.10 (/opt/ros/humble/share/ament_cmake/cmake)
[0.124s] -- Found rosidl_default_generators: 1.2.0 (/opt/ros/humble/share/rosidl_default_generators/cmake)
[0.125s] -- Using all available rosidl_typesupport_c: rosidl_typesupport_fastrtps_c;rosidl_typesupport_introspection_c
[0.127s] -- Found rosidl_adapter: 3.1.5 (/opt/ros/humble/share/rosidl_adapter/cmake)
[0.153s] -- Using all available rosidl_typesupport_cpp: rosidl_typesupport_fastrtps_cpp;rosidl_typesupport_introspection_cpp
[0.368s] -- Found ament_cmake_ros: 0.10.0 (/opt/ros/humble/share/ament_cmake_ros/cmake)
[0.521s] -- Using all available rosidl_typesupport_c: rosidl_typesupport_fastrtps_c;rosidl_typesupport_introspection_c
[0.719s] -- Using all available rosidl_typesupport_cpp: rosidl_typesupport_fastrtps_cpp;rosidl_typesupport_introspection_cpp
[0.739s] -- Found PythonInterp: /usr/bin/python3 (found suitable version "3.10.12", minimum required is "3.6") 
[0.740s] -- Found python_cmake_module: 0.10.0 (/opt/ros/humble/share/python_cmake_module/cmake)
[0.763s] -- Found PythonLibs: /usr/lib/x86_64-linux-gnu/libpython3.10.so (found suitable version "3.10.12", minimum required is "3.5") 
[0.763s] -- Using PYTHON_EXECUTABLE: /usr/bin/python3
[0.763s] -- Using PYTHON_INCLUDE_DIRS: /usr/include/python3.10
[0.763s] -- Using PYTHON_LIBRARIES: /usr/lib/x86_64-linux-gnu/libpython3.10.so
[0.781s] -- Found PythonExtra: .so  
[0.808s] -- Found ament_lint_auto: 0.12.11 (/opt/ros/humble/share/ament_lint_auto/cmake)
[0.830s] -- Added test 'lint_cmake' to check CMake code style
[0.831s] -- Added test 'xmllint' to check XML markup files
[0.834s] -- Configuring done
[0.857s] -- Generating done
[0.860s] -- Build files have been written to: /home/beamkeerati/ros2_ws/build/param_interfaces
[0.867s] Invoked command in '/home/beamkeerati/ros2_ws/build/param_interfaces' returned '0': CMAKE_PREFIX_PATH=${CMAKE_PREFIX_PATH}:/opt/ros/humble /usr/bin/cmake /home/beamkeerati/ros2_ws/src/param_interfaces -DCMAKE_INSTALL_PREFIX=/home/beamkeerati/ros2_ws/install/param_interfaces
[0.868s] Invoking command in '/home/beamkeerati/ros2_ws/build/param_interfaces': CMAKE_PREFIX_PATH=${CMAKE_PREFIX_PATH}:/opt/ros/humble /usr/bin/cmake --build /home/beamkeerati/ros2_ws/build/param_interfaces -- -j16 -l16
[0.911s] [  3%] [34m[1mGenerating C code for ROS interfaces[0m
[0.921s] [  6%] [34m[1mGenerating C++ code for ROS interfaces[0m
[0.931s] [  6%] Built target ament_cmake_python_copy_param_interfaces
[1.123s] [  6%] Built target param_interfaces__cpp
[1.131s] [  9%] [32mBuilding C object CMakeFiles/param_interfaces__rosidl_generator_c.dir/rosidl_generator_c/param_interfaces/srv/detail/set_controller_gain__functions.c.o[0m
[1.133s] [ 19%] [34m[1mGenerating C++ introspection for ROS interfaces[0m
[1.133s] [ 19%] [34m[1mGenerating C++ type support for eProsima Fast-RTPS[0m
[1.133s] [ 19%] [34m[1mGenerating C++ type support dispatch for ROS interfaces[0m
[1.162s] running egg_info
[1.162s] creating param_interfaces.egg-info
[1.162s] writing param_interfaces.egg-info/PKG-INFO
[1.163s] writing dependency_links to param_interfaces.egg-info/dependency_links.txt
[1.163s] writing top-level names to param_interfaces.egg-info/top_level.txt
[1.163s] writing manifest file 'param_interfaces.egg-info/SOURCES.txt'
[1.165s] reading manifest file 'param_interfaces.egg-info/SOURCES.txt'
[1.165s] writing manifest file 'param_interfaces.egg-info/SOURCES.txt'
[1.185s] [ 22%] [32m[1mLinking C shared library libparam_interfaces__rosidl_generator_c.so[0m
[1.196s] [ 22%] Built target ament_cmake_python_build_param_interfaces_egg
[1.223s] [ 22%] Built target param_interfaces__rosidl_generator_c
[1.235s] [ 32%] [34m[1mGenerating C type support dispatch for ROS interfaces[0m
[1.235s] [ 32%] [34m[1mGenerating C type support for eProsima Fast-RTPS[0m
[1.235s] [ 32%] [34m[1mGenerating C introspection for ROS interfaces[0m
[1.343s] [ 35%] [32mBuilding CXX object CMakeFiles/param_interfaces__rosidl_typesupport_cpp.dir/rosidl_typesupport_cpp/param_interfaces/srv/set_controller_gain__type_support.cpp.o[0m
[1.364s] [ 38%] [32mBuilding CXX object CMakeFiles/param_interfaces__rosidl_typesupport_introspection_cpp.dir/rosidl_typesupport_introspection_cpp/param_interfaces/srv/detail/set_controller_gain__type_support.cpp.o[0m
[1.366s] [ 41%] [32mBuilding CXX object CMakeFiles/param_interfaces__rosidl_typesupport_fastrtps_cpp.dir/rosidl_typesupport_fastrtps_cpp/param_interfaces/srv/detail/dds_fastrtps/set_controller_gain__type_support.cpp.o[0m
[1.436s] [ 45%] [32mBuilding CXX object CMakeFiles/param_interfaces__rosidl_typesupport_c.dir/rosidl_typesupport_c/param_interfaces/srv/set_controller_gain__type_support.cpp.o[0m
[1.465s] [ 48%] [32mBuilding CXX object CMakeFiles/param_interfaces__rosidl_typesupport_fastrtps_c.dir/rosidl_typesupport_fastrtps_c/param_interfaces/srv/detail/set_controller_gain__type_support_c.cpp.o[0m
[1.468s] [ 51%] [32m[1mLinking CXX shared library libparam_interfaces__rosidl_typesupport_c.so[0m
[1.475s] [ 54%] [32mBuilding C object CMakeFiles/param_interfaces__rosidl_typesupport_introspection_c.dir/rosidl_typesupport_introspection_c/param_interfaces/srv/detail/set_controller_gain__type_support.c.o[0m
[1.507s] [ 58%] [32m[1mLinking C shared library libparam_interfaces__rosidl_typesupport_introspection_c.so[0m
[1.507s] [ 58%] Built target param_interfaces__rosidl_typesupport_c
[1.539s] [ 58%] Built target param_interfaces__rosidl_typesupport_introspection_c
[1.584s] [ 61%] [32m[1mLinking CXX shared library libparam_interfaces__rosidl_typesupport_cpp.so[0m
[1.623s] [ 61%] Built target param_interfaces__rosidl_typesupport_cpp
[1.677s] [ 64%] [32m[1mLinking CXX shared library libparam_interfaces__rosidl_typesupport_introspection_cpp.so[0m
[1.695s] [ 67%] [32m[1mLinking CXX shared library libparam_interfaces__rosidl_typesupport_fastrtps_cpp.so[0m
[1.716s] [ 67%] Built target param_interfaces__rosidl_typesupport_introspection_cpp
[1.748s] [ 70%] [32m[1mLinking CXX shared library libparam_interfaces__rosidl_typesupport_fastrtps_c.so[0m
[1.758s] [ 70%] Built target param_interfaces__rosidl_typesupport_fastrtps_cpp
[1.811s] [ 70%] Built target param_interfaces__rosidl_typesupport_fastrtps_c
[1.832s] [ 70%] Built target param_interfaces
[1.852s] [ 74%] [34m[1mGenerating Python code for ROS interfaces[0m
[2.110s] [ 74%] Built target param_interfaces__py
[2.132s] [ 77%] [32mBuilding C object CMakeFiles/param_interfaces__rosidl_generator_py.dir/rosidl_generator_py/param_interfaces/srv/_set_controller_gain_s.c.o[0m
[2.215s] [ 80%] [32m[1mLinking C shared library rosidl_generator_py/param_interfaces/libparam_interfaces__rosidl_generator_py.so[0m
[2.251s] [ 80%] Built target param_interfaces__rosidl_generator_py
[2.271s] [ 90%] [32mBuilding C object CMakeFiles/param_interfaces__rosidl_typesupport_fastrtps_c__pyext.dir/rosidl_generator_py/param_interfaces/_param_interfaces_s.ep.rosidl_typesupport_fastrtps_c.c.o[0m
[2.271s] [ 90%] [32mBuilding C object CMakeFiles/param_interfaces__rosidl_typesupport_c__pyext.dir/rosidl_generator_py/param_interfaces/_param_interfaces_s.ep.rosidl_typesupport_c.c.o[0m
[2.271s] [ 90%] [32mBuilding C object CMakeFiles/param_interfaces__rosidl_typesupport_introspection_c__pyext.dir/rosidl_generator_py/param_interfaces/_param_interfaces_s.ep.rosidl_typesupport_introspection_c.c.o[0m
[2.343s] [ 93%] [32m[1mLinking C shared library rosidl_generator_py/param_interfaces/param_interfaces_s__rosidl_typesupport_c.cpython-310-x86_64-linux-gnu.so[0m
[2.348s] [ 96%] [32m[1mLinking C shared library rosidl_generator_py/param_interfaces/param_interfaces_s__rosidl_typesupport_introspection_c.cpython-310-x86_64-linux-gnu.so[0m
[2.351s] [100%] [32m[1mLinking C shared library rosidl_generator_py/param_interfaces/param_interfaces_s__rosidl_typesupport_fastrtps_c.cpython-310-x86_64-linux-gnu.so[0m
[2.376s] [100%] Built target param_interfaces__rosidl_typesupport_c__pyext
[2.385s] [100%] Built target param_interfaces__rosidl_typesupport_introspection_c__pyext
[2.386s] [100%] Built target param_interfaces__rosidl_typesupport_fastrtps_c__pyext
[2.400s] Invoked command in '/home/beamkeerati/ros2_ws/build/param_interfaces' returned '0': CMAKE_PREFIX_PATH=${CMAKE_PREFIX_PATH}:/opt/ros/humble /usr/bin/cmake --build /home/beamkeerati/ros2_ws/build/param_interfaces -- -j16 -l16
[2.472s] Invoking command in '/home/beamkeerati/ros2_ws/build/param_interfaces': CMAKE_PREFIX_PATH=${CMAKE_PREFIX_PATH}:/opt/ros/humble /usr/bin/cmake --install /home/beamkeerati/ros2_ws/build/param_interfaces
[2.479s] -- Install configuration: ""
[2.479s] -- Installing: /home/beamkeerati/ros2_ws/install/param_interfaces/share/ament_index/resource_index/rosidl_interfaces/param_interfaces
[2.479s] -- Installing: /home/beamkeerati/ros2_ws/install/param_interfaces/include/param_interfaces/param_interfaces
[2.479s] -- Installing: /home/beamkeerati/ros2_ws/install/param_interfaces/include/param_interfaces/param_interfaces/msg
[2.479s] -- Installing: /home/beamkeerati/ros2_ws/install/param_interfaces/include/param_interfaces/param_interfaces/msg/rosidl_generator_c__visibility_control.h
[2.480s] -- Installing: /home/beamkeerati/ros2_ws/install/param_interfaces/include/param_interfaces/param_interfaces/srv
[2.480s] -- Installing: /home/beamkeerati/ros2_ws/install/param_interfaces/include/param_interfaces/param_interfaces/srv/detail
[2.480s] -- Installing: /home/beamkeerati/ros2_ws/install/param_interfaces/include/param_interfaces/param_interfaces/srv/detail/set_controller_gain__type_support.h
[2.480s] -- Installing: /home/beamkeerati/ros2_ws/install/param_interfaces/include/param_interfaces/param_interfaces/srv/detail/set_controller_gain__struct.h
[2.480s] -- Installing: /home/beamkeerati/ros2_ws/install/param_interfaces/include/param_interfaces/param_interfaces/srv/detail/set_controller_gain__functions.c
[2.480s] -- Installing: /home/beamkeerati/ros2_ws/install/param_interfaces/include/param_interfaces/param_interfaces/srv/detail/set_controller_gain__functions.h
[2.480s] -- Installing: /home/beamkeerati/ros2_ws/install/param_interfaces/include/param_interfaces/param_interfaces/srv/set_controller_gain.h
[2.480s] -- Installing: /home/beamkeerati/ros2_ws/install/param_interfaces/share/param_interfaces/environment/library_path.sh
[2.481s] -- Installing: /home/beamkeerati/ros2_ws/install/param_interfaces/share/param_interfaces/environment/library_path.dsv
[2.481s] -- Installing: /home/beamkeerati/ros2_ws/install/param_interfaces/lib/libparam_interfaces__rosidl_generator_c.so
[2.481s] -- Set runtime path of "/home/beamkeerati/ros2_ws/install/param_interfaces/lib/libparam_interfaces__rosidl_generator_c.so" to ""
[2.481s] -- Up-to-date: /home/beamkeerati/ros2_ws/install/param_interfaces/include/param_interfaces/param_interfaces
[2.481s] -- Up-to-date: /home/beamkeerati/ros2_ws/install/param_interfaces/include/param_interfaces/param_interfaces/msg
[2.481s] -- Installing: /home/beamkeerati/ros2_ws/install/param_interfaces/include/param_interfaces/param_interfaces/msg/rosidl_typesupport_fastrtps_c__visibility_control.h
[2.481s] -- Up-to-date: /home/beamkeerati/ros2_ws/install/param_interfaces/include/param_interfaces/param_interfaces/srv
[2.482s] -- Up-to-date: /home/beamkeerati/ros2_ws/install/param_interfaces/include/param_interfaces/param_interfaces/srv/detail
[2.482s] -- Installing: /home/beamkeerati/ros2_ws/install/param_interfaces/include/param_interfaces/param_interfaces/srv/detail/set_controller_gain__rosidl_typesupport_fastrtps_c.h
[2.482s] -- Installing: /home/beamkeerati/ros2_ws/install/param_interfaces/lib/libparam_interfaces__rosidl_typesupport_fastrtps_c.so
[2.482s] -- Set runtime path of "/home/beamkeerati/ros2_ws/install/param_interfaces/lib/libparam_interfaces__rosidl_typesupport_fastrtps_c.so" to ""
[2.482s] -- Up-to-date: /home/beamkeerati/ros2_ws/install/param_interfaces/include/param_interfaces/param_interfaces
[2.482s] -- Up-to-date: /home/beamkeerati/ros2_ws/install/param_interfaces/include/param_interfaces/param_interfaces/msg
[2.482s] -- Installing: /home/beamkeerati/ros2_ws/install/param_interfaces/include/param_interfaces/param_interfaces/msg/rosidl_typesupport_introspection_c__visibility_control.h
[2.482s] -- Up-to-date: /home/beamkeerati/ros2_ws/install/param_interfaces/include/param_interfaces/param_interfaces/srv
[2.482s] -- Up-to-date: /home/beamkeerati/ros2_ws/install/param_interfaces/include/param_interfaces/param_interfaces/srv/detail
[2.482s] -- Installing: /home/beamkeerati/ros2_ws/install/param_interfaces/include/param_interfaces/param_interfaces/srv/detail/set_controller_gain__type_support.c
[2.483s] -- Installing: /home/beamkeerati/ros2_ws/install/param_interfaces/include/param_interfaces/param_interfaces/srv/detail/set_controller_gain__rosidl_typesupport_introspection_c.h
[2.483s] -- Installing: /home/beamkeerati/ros2_ws/install/param_interfaces/lib/libparam_interfaces__rosidl_typesupport_introspection_c.so
[2.483s] -- Set runtime path of "/home/beamkeerati/ros2_ws/install/param_interfaces/lib/libparam_interfaces__rosidl_typesupport_introspection_c.so" to ""
[2.483s] -- Installing: /home/beamkeerati/ros2_ws/install/param_interfaces/lib/libparam_interfaces__rosidl_typesupport_c.so
[2.483s] -- Set runtime path of "/home/beamkeerati/ros2_ws/install/param_interfaces/lib/libparam_interfaces__rosidl_typesupport_c.so" to ""
[2.483s] -- Up-to-date: /home/beamkeerati/ros2_ws/install/param_interfaces/include/param_interfaces/param_interfaces
[2.483s] -- Up-to-date: /home/beamkeerati/ros2_ws/install/param_interfaces/include/param_interfaces/param_interfaces/srv
[2.483s] -- Up-to-date: /home/beamkeerati/ros2_ws/install/param_interfaces/include/param_interfaces/param_interfaces/srv/detail
[2.484s] -- Installing: /home/beamkeerati/ros2_ws/install/param_interfaces/include/param_interfaces/param_interfaces/srv/detail/set_controller_gain__struct.hpp
[2.484s] -- Installing: /home/beamkeerati/ros2_ws/install/param_interfaces/include/param_interfaces/param_interfaces/srv/detail/set_controller_gain__traits.hpp
[2.484s] -- Installing: /home/beamkeerati/ros2_ws/install/param_interfaces/include/param_interfaces/param_interfaces/srv/detail/set_controller_gain__builder.hpp
[2.484s] -- Installing: /home/beamkeerati/ros2_ws/install/param_interfaces/include/param_interfaces/param_interfaces/srv/set_controller_gain.hpp
[2.484s] -- Up-to-date: /home/beamkeerati/ros2_ws/install/param_interfaces/include/param_interfaces/param_interfaces
[2.484s] -- Up-to-date: /home/beamkeerati/ros2_ws/install/param_interfaces/include/param_interfaces/param_interfaces/msg
[2.484s] -- Installing: /home/beamkeerati/ros2_ws/install/param_interfaces/include/param_interfaces/param_interfaces/msg/rosidl_typesupport_fastrtps_cpp__visibility_control.h
[2.484s] -- Up-to-date: /home/beamkeerati/ros2_ws/install/param_interfaces/include/param_interfaces/param_interfaces/srv
[2.484s] -- Up-to-date: /home/beamkeerati/ros2_ws/install/param_interfaces/include/param_interfaces/param_interfaces/srv/detail
[2.484s] -- Installing: /home/beamkeerati/ros2_ws/install/param_interfaces/include/param_interfaces/param_interfaces/srv/detail/dds_fastrtps
[2.484s] -- Installing: /home/beamkeerati/ros2_ws/install/param_interfaces/include/param_interfaces/param_interfaces/srv/detail/set_controller_gain__rosidl_typesupport_fastrtps_cpp.hpp
[2.485s] -- Installing: /home/beamkeerati/ros2_ws/install/param_interfaces/lib/libparam_interfaces__rosidl_typesupport_fastrtps_cpp.so
[2.485s] -- Set runtime path of "/home/beamkeerati/ros2_ws/install/param_interfaces/lib/libparam_interfaces__rosidl_typesupport_fastrtps_cpp.so" to ""
[2.485s] -- Up-to-date: /home/beamkeerati/ros2_ws/install/param_interfaces/include/param_interfaces/param_interfaces
[2.485s] -- Up-to-date: /home/beamkeerati/ros2_ws/install/param_interfaces/include/param_interfaces/param_interfaces/srv
[2.485s] -- Up-to-date: /home/beamkeerati/ros2_ws/install/param_interfaces/include/param_interfaces/param_interfaces/srv/detail
[2.485s] -- Installing: /home/beamkeerati/ros2_ws/install/param_interfaces/include/param_interfaces/param_interfaces/srv/detail/set_controller_gain__type_support.cpp
[2.485s] -- Installing: /home/beamkeerati/ros2_ws/install/param_interfaces/include/param_interfaces/param_interfaces/srv/detail/set_controller_gain__rosidl_typesupport_introspection_cpp.hpp
[2.485s] -- Installing: /home/beamkeerati/ros2_ws/install/param_interfaces/lib/libparam_interfaces__rosidl_typesupport_introspection_cpp.so
[2.486s] -- Set runtime path of "/home/beamkeerati/ros2_ws/install/param_interfaces/lib/libparam_interfaces__rosidl_typesupport_introspection_cpp.so" to ""
[2.486s] -- Installing: /home/beamkeerati/ros2_ws/install/param_interfaces/lib/libparam_interfaces__rosidl_typesupport_cpp.so
[2.486s] -- Set runtime path of "/home/beamkeerati/ros2_ws/install/param_interfaces/lib/libparam_interfaces__rosidl_typesupport_cpp.so" to ""
[2.486s] -- Installing: /home/beamkeerati/ros2_ws/install/param_interfaces/share/param_interfaces/environment/pythonpath.sh
[2.486s] -- Installing: /home/beamkeerati/ros2_ws/install/param_interfaces/share/param_interfaces/environment/pythonpath.dsv
[2.486s] -- Installing: /home/beamkeerati/ros2_ws/install/param_interfaces/local/lib/python3.10/dist-packages/param_interfaces-0.0.0-py3.10.egg-info
[2.487s] -- Installing: /home/beamkeerati/ros2_ws/install/param_interfaces/local/lib/python3.10/dist-packages/param_interfaces-0.0.0-py3.10.egg-info/dependency_links.txt
[2.487s] -- Installing: /home/beamkeerati/ros2_ws/install/param_interfaces/local/lib/python3.10/dist-packages/param_interfaces-0.0.0-py3.10.egg-info/top_level.txt
[2.487s] -- Installing: /home/beamkeerati/ros2_ws/install/param_interfaces/local/lib/python3.10/dist-packages/param_interfaces-0.0.0-py3.10.egg-info/SOURCES.txt
[2.487s] -- Installing: /home/beamkeerati/ros2_ws/install/param_interfaces/local/lib/python3.10/dist-packages/param_interfaces-0.0.0-py3.10.egg-info/PKG-INFO
[2.487s] -- Installing: /home/beamkeerati/ros2_ws/install/param_interfaces/local/lib/python3.10/dist-packages/param_interfaces
[2.487s] -- Installing: /home/beamkeerati/ros2_ws/install/param_interfaces/local/lib/python3.10/dist-packages/param_interfaces/__init__.py
[2.487s] -- Installing: /home/beamkeerati/ros2_ws/install/param_interfaces/local/lib/python3.10/dist-packages/param_interfaces/_param_interfaces_s.ep.rosidl_typesupport_fastrtps_c.c
[2.488s] -- Installing: /home/beamkeerati/ros2_ws/install/param_interfaces/local/lib/python3.10/dist-packages/param_interfaces/param_interfaces_s__rosidl_typesupport_introspection_c.cpython-310-x86_64-linux-gnu.so
[2.488s] -- Installing: /home/beamkeerati/ros2_ws/install/param_interfaces/local/lib/python3.10/dist-packages/param_interfaces/libparam_interfaces__rosidl_generator_py.so
[2.488s] -- Installing: /home/beamkeerati/ros2_ws/install/param_interfaces/local/lib/python3.10/dist-packages/param_interfaces/srv
[2.488s] -- Installing: /home/beamkeerati/ros2_ws/install/param_interfaces/local/lib/python3.10/dist-packages/param_interfaces/srv/__init__.py
[2.488s] -- Installing: /home/beamkeerati/ros2_ws/install/param_interfaces/local/lib/python3.10/dist-packages/param_interfaces/srv/_set_controller_gain_s.c
[2.488s] -- Installing: /home/beamkeerati/ros2_ws/install/param_interfaces/local/lib/python3.10/dist-packages/param_interfaces/srv/_set_controller_gain.py
[2.488s] -- Installing: /home/beamkeerati/ros2_ws/install/param_interfaces/local/lib/python3.10/dist-packages/param_interfaces/_param_interfaces_s.ep.rosidl_typesupport_c.c
[2.488s] -- Installing: /home/beamkeerati/ros2_ws/install/param_interfaces/local/lib/python3.10/dist-packages/param_interfaces/param_interfaces_s__rosidl_typesupport_fastrtps_c.cpython-310-x86_64-linux-gnu.so
[2.489s] -- Installing: /home/beamkeerati/ros2_ws/install/param_interfaces/local/lib/python3.10/dist-packages/param_interfaces/_param_interfaces_s.ep.rosidl_typesupport_introspection_c.c
[2.489s] -- Installing: /home/beamkeerati/ros2_ws/install/param_interfaces/local/lib/python3.10/dist-packages/param_interfaces/param_interfaces_s__rosidl_typesupport_c.cpython-310-x86_64-linux-gnu.so
[2.517s] Listing '/home/beamkeerati/ros2_ws/install/param_interfaces/local/lib/python3.10/dist-packages/param_interfaces'...
[2.517s] Compiling '/home/beamkeerati/ros2_ws/install/param_interfaces/local/lib/python3.10/dist-packages/param_interfaces/__init__.py'...
[2.518s] Listing '/home/beamkeerati/ros2_ws/install/param_interfaces/local/lib/python3.10/dist-packages/param_interfaces/srv'...
[2.518s] Compiling '/home/beamkeerati/ros2_ws/install/param_interfaces/local/lib/python3.10/dist-packages/param_interfaces/srv/__init__.py'...
[2.518s] Compiling '/home/beamkeerati/ros2_ws/install/param_interfaces/local/lib/python3.10/dist-packages/param_interfaces/srv/_set_controller_gain.py'...
[2.521s] -- Installing: /home/beamkeerati/ros2_ws/install/param_interfaces/local/lib/python3.10/dist-packages/param_interfaces/param_interfaces_s__rosidl_typesupport_fastrtps_c.cpython-310-x86_64-linux-gnu.so
[2.522s] -- Set runtime path of "/home/beamkeerati/ros2_ws/install/param_interfaces/local/lib/python3.10/dist-packages/param_interfaces/param_interfaces_s__rosidl_typesupport_fastrtps_c.cpython-310-x86_64-linux-gnu.so" to ""
[2.522s] -- Installing: /home/beamkeerati/ros2_ws/install/param_interfaces/local/lib/python3.10/dist-packages/param_interfaces/param_interfaces_s__rosidl_typesupport_introspection_c.cpython-310-x86_64-linux-gnu.so
[2.522s] -- Set runtime path of "/home/beamkeerati/ros2_ws/install/param_interfaces/local/lib/python3.10/dist-packages/param_interfaces/param_interfaces_s__rosidl_typesupport_introspection_c.cpython-310-x86_64-linux-gnu.so" to ""
[2.522s] -- Installing: /home/beamkeerati/ros2_ws/install/param_interfaces/local/lib/python3.10/dist-packages/param_interfaces/param_interfaces_s__rosidl_typesupport_c.cpython-310-x86_64-linux-gnu.so
[2.523s] -- Set runtime path of "/home/beamkeerati/ros2_ws/install/param_interfaces/local/lib/python3.10/dist-packages/param_interfaces/param_interfaces_s__rosidl_typesupport_c.cpython-310-x86_64-linux-gnu.so" to ""
[2.523s] -- Installing: /home/beamkeerati/ros2_ws/install/param_interfaces/lib/libparam_interfaces__rosidl_generator_py.so
[2.523s] -- Set runtime path of "/home/beamkeerati/ros2_ws/install/param_interfaces/lib/libparam_interfaces__rosidl_generator_py.so" to ""
[2.523s] -- Installing: /home/beamkeerati/ros2_ws/install/param_interfaces/share/param_interfaces/srv/SetControllerGain.idl
[2.523s] -- Installing: /home/beamkeerati/ros2_ws/install/param_interfaces/share/param_interfaces/srv/SetControllerGain.srv
[2.524s] -- Installing: /home/beamkeerati/ros2_ws/install/param_interfaces/share/param_interfaces/srv/SetControllerGain_Request.msg
[2.524s] -- Installing: /home/beamkeerati/ros2_ws/install/param_interfaces/share/param_interfaces/srv/SetControllerGain_Response.msg
[2.524s] -- Installing: /home/beamkeerati/ros2_ws/install/param_interfaces/share/ament_index/resource_index/package_run_dependencies/param_interfaces
[2.524s] -- Installing: /home/beamkeerati/ros2_ws/install/param_interfaces/share/ament_index/resource_index/parent_prefix_path/param_interfaces
[2.524s] -- Installing: /home/beamkeerati/ros2_ws/install/param_interfaces/share/param_interfaces/environment/ament_prefix_path.sh
[2.524s] -- Installing: /home/beamkeerati/ros2_ws/install/param_interfaces/share/param_interfaces/environment/ament_prefix_path.dsv
[2.524s] -- Installing: /home/beamkeerati/ros2_ws/install/param_interfaces/share/param_interfaces/environment/path.sh
[2.525s] -- Installing: /home/beamkeerati/ros2_ws/install/param_interfaces/share/param_interfaces/environment/path.dsv
[2.525s] -- Installing: /home/beamkeerati/ros2_ws/install/param_interfaces/share/param_interfaces/local_setup.bash
[2.525s] -- Installing: /home/beamkeerati/ros2_ws/install/param_interfaces/share/param_interfaces/local_setup.sh
[2.525s] -- Installing: /home/beamkeerati/ros2_ws/install/param_interfaces/share/param_interfaces/local_setup.zsh
[2.525s] -- Installing: /home/beamkeerati/ros2_ws/install/param_interfaces/share/param_interfaces/local_setup.dsv
[2.525s] -- Installing: /home/beamkeerati/ros2_ws/install/param_interfaces/share/param_interfaces/package.dsv
[2.526s] -- Installing: /home/beamkeerati/ros2_ws/install/param_interfaces/share/ament_index/resource_index/packages/param_interfaces
[2.526s] -- Installing: /home/beamkeerati/ros2_ws/install/param_interfaces/share/param_interfaces/cmake/export_param_interfaces__rosidl_generator_cExport.cmake
[2.526s] -- Installing: /home/beamkeerati/ros2_ws/install/param_interfaces/share/param_interfaces/cmake/export_param_interfaces__rosidl_generator_cExport-noconfig.cmake
[2.526s] -- Installing: /home/beamkeerati/ros2_ws/install/param_interfaces/share/param_interfaces/cmake/export_param_interfaces__rosidl_typesupport_fastrtps_cExport.cmake
[2.526s] -- Installing: /home/beamkeerati/ros2_ws/install/param_interfaces/share/param_interfaces/cmake/export_param_interfaces__rosidl_typesupport_fastrtps_cExport-noconfig.cmake
[2.526s] -- Installing: /home/beamkeerati/ros2_ws/install/param_interfaces/share/param_interfaces/cmake/param_interfaces__rosidl_typesupport_introspection_cExport.cmake
[2.527s] -- Installing: /home/beamkeerati/ros2_ws/install/param_interfaces/share/param_interfaces/cmake/param_interfaces__rosidl_typesupport_introspection_cExport-noconfig.cmake
[2.527s] -- Installing: /home/beamkeerati/ros2_ws/install/param_interfaces/share/param_interfaces/cmake/param_interfaces__rosidl_typesupport_cExport.cmake
[2.527s] -- Installing: /home/beamkeerati/ros2_ws/install/param_interfaces/share/param_interfaces/cmake/param_interfaces__rosidl_typesupport_cExport-noconfig.cmake
[2.527s] -- Installing: /home/beamkeerati/ros2_ws/install/param_interfaces/share/param_interfaces/cmake/export_param_interfaces__rosidl_generator_cppExport.cmake
[2.527s] -- Installing: /home/beamkeerati/ros2_ws/install/param_interfaces/share/param_interfaces/cmake/export_param_interfaces__rosidl_typesupport_fastrtps_cppExport.cmake
[2.528s] -- Installing: /home/beamkeerati/ros2_ws/install/param_interfaces/share/param_interfaces/cmake/export_param_interfaces__rosidl_typesupport_fastrtps_cppExport-noconfig.cmake
[2.528s] -- Installing: /home/beamkeerati/ros2_ws/install/param_interfaces/share/param_interfaces/cmake/param_interfaces__rosidl_typesupport_introspection_cppExport.cmake
[2.528s] -- Installing: /home/beamkeerati/ros2_ws/install/param_interfaces/share/param_interfaces/cmake/param_interfaces__rosidl_typesupport_introspection_cppExport-noconfig.cmake
[2.528s] -- Installing: /home/beamkeerati/ros2_ws/install/param_interfaces/share/param_interfaces/cmake/param_interfaces__rosidl_typesupport_cppExport.cmake
[2.528s] -- Installing: /home/beamkeerati/ros2_ws/install/param_interfaces/share/param_interfaces/cmake/param_interfaces__rosidl_typesupport_cppExport-noconfig.cmake
[2.528s] -- Installing: /home/beamkeerati/ros2_ws/install/param_interfaces/share/param_interfaces/cmake/export_param_interfaces__rosidl_generator_pyExport.cmake
[2.529s] -- Installing: /home/beamkeerati/ros2_ws/install/param_interfaces/share/param_interfaces/cmake/export_param_interfaces__rosidl_generator_pyExport-noconfig.cmake
[2.529s] -- Installing: /home/beamkeerati/ros2_ws/install/param_interfaces/share/param_interfaces/cmake/rosidl_cmake-extras.cmake
[2.529s] -- Installing: /home/beamkeerati/ros2_ws/install/param_interfaces/share/param_interfaces/cmake/ament_cmake_export_include_directories-extras.cmake
[2.529s] -- Installing: /home/beamkeerati/ros2_ws/install/param_interfaces/share/param_interfaces/cmake/ament_cmake_export_libraries-extras.cmake
[2.529s] -- Installing: /home/beamkeerati/ros2_ws/install/param_interfaces/share/param_interfaces/cmake/ament_cmake_export_targets-extras.cmake
[2.529s] -- Installing: /home/beamkeerati/ros2_ws/install/param_interfaces/share/param_interfaces/cmake/rosidl_cmake_export_typesupport_targets-extras.cmake
[2.530s] -- Installing: /home/beamkeerati/ros2_ws/install/param_interfaces/share/param_interfaces/cmake/ament_cmake_export_dependencies-extras.cmake
[2.530s] -- Installing: /home/beamkeerati/ros2_ws/install/param_interfaces/share/param_interfaces/cmake/rosidl_cmake_export_typesupport_libraries-extras.cmake
[2.530s] -- Installing: /home/beamkeerati/ros2_ws/install/param_interfaces/share/param_interfaces/cmake/param_interfacesConfig.cmake
[2.530s] -- Installing: /home/beamkeerati/ros2_ws/install/param_interfaces/share/param_interfaces/cmake/param_interfacesConfig-version.cmake
[2.530s] -- Installing: /home/beamkeerati/ros2_ws/install/param_interfaces/share/param_interfaces/package.xml
[2.533s] Invoked command in '/home/beamkeerati/ros2_ws/build/param_interfaces' returned '0': CMAKE_PREFIX_PATH=${CMAKE_PREFIX_PATH}:/opt/ros/humble /usr/bin/cmake --install /home/beamkeerati/ros2_ws/build/param_interfaces
