[0.079s] DEBUG:colcon:Command line arguments: ['/usr/bin/colcon', 'build']
[0.079s] DEBUG:colcon:Parsed command line arguments: Namespace(log_base=None, log_level=None, verb_name='build', build_base='build', install_base='install', merge_install=False, symlink_install=False, test_result_base=None, continue_on_error=False, executor='parallel', parallel_workers=16, event_handlers=None, ignore_user_meta=False, metas=['./colcon.meta'], base_paths=['.'], packages_ignore=None, packages_ignore_regex=None, paths=None, packages_up_to=None, packages_up_to_regex=None, packages_above=None, packages_above_and_dependencies=None, packages_above_depth=None, packages_select_by_dep=None, packages_skip_by_dep=None, packages_skip_up_to=None, packages_select_build_failed=False, packages_skip_build_finished=False, packages_select_test_failures=False, packages_skip_test_passed=False, packages_select=None, packages_skip=None, packages_select_regex=None, packages_skip_regex=None, packages_start=None, packages_end=None, allow_overriding=[], cmake_args=None, cmake_target=None, cmake_target_skip_unavailable=False, cmake_clean_cache=False, cmake_clean_first=False, cmake_force_configure=False, ament_cmake_args=None, catkin_cmake_args=None, catkin_skip_building_tests=False, mixin_files=None, mixin=None, verb_parser=<colcon_mixin.mixin.mixin_argument.MixinArgumentDecorator object at 0x7aaf7c632fb0>, verb_extension=<colcon_core.verb.build.BuildVerb object at 0x7aaf7c7e8940>, main=<bound method BuildVerb.main of <colcon_core.verb.build.BuildVerb object at 0x7aaf7c7e8940>>, mixin_verb=('build',))
[0.205s] Level 1:colcon.colcon_core.package_discovery:discover_packages(colcon_meta) check parameters
[0.205s] Level 1:colcon.colcon_core.package_discovery:discover_packages(recursive) check parameters
[0.205s] Level 1:colcon.colcon_core.package_discovery:discover_packages(ignore) check parameters
[0.205s] Level 1:colcon.colcon_core.package_discovery:discover_packages(path) check parameters
[0.205s] Level 1:colcon.colcon_core.package_discovery:discover_packages(colcon_meta) discover
[0.205s] Level 1:colcon.colcon_core.package_discovery:discover_packages(recursive) discover
[0.205s] INFO:colcon.colcon_core.package_discovery:Crawling recursively for packages in '/home/beamkeerati/ros2_ws'
[0.205s] Level 1:colcon.colcon_core.package_identification:_identify(.) by extensions ['ignore', 'ignore_ament_install']
[0.205s] Level 1:colcon.colcon_core.package_identification:_identify(.) by extension 'ignore'
[0.205s] Level 1:colcon.colcon_core.package_identification:_identify(.) by extension 'ignore_ament_install'
[0.205s] Level 1:colcon.colcon_core.package_identification:_identify(.) by extensions ['colcon_pkg']
[0.205s] Level 1:colcon.colcon_core.package_identification:_identify(.) by extension 'colcon_pkg'
[0.205s] Level 1:colcon.colcon_core.package_identification:_identify(.) by extensions ['colcon_meta']
[0.205s] Level 1:colcon.colcon_core.package_identification:_identify(.) by extension 'colcon_meta'
[0.205s] Level 1:colcon.colcon_core.package_identification:_identify(.) by extensions ['ros']
[0.205s] Level 1:colcon.colcon_core.package_identification:_identify(.) by extension 'ros'
[0.213s] Level 1:colcon.colcon_core.package_identification:_identify(.) by extensions ['cmake', 'python']
[0.213s] Level 1:colcon.colcon_core.package_identification:_identify(.) by extension 'cmake'
[0.213s] Level 1:colcon.colcon_core.package_identification:_identify(.) by extension 'python'
[0.213s] Level 1:colcon.colcon_core.package_identification:_identify(.) by extensions ['python_setup_py']
[0.214s] Level 1:colcon.colcon_core.package_identification:_identify(.) by extension 'python_setup_py'
[0.214s] Level 1:colcon.colcon_core.package_identification:_identify(build) by extensions ['ignore', 'ignore_ament_install']
[0.214s] Level 1:colcon.colcon_core.package_identification:_identify(build) by extension 'ignore'
[0.214s] Level 1:colcon.colcon_core.package_identification:_identify(build) ignored
[0.214s] Level 1:colcon.colcon_core.package_identification:_identify(install) by extensions ['ignore', 'ignore_ament_install']
[0.214s] Level 1:colcon.colcon_core.package_identification:_identify(install) by extension 'ignore'
[0.214s] Level 1:colcon.colcon_core.package_identification:_identify(install) ignored
[0.214s] Level 1:colcon.colcon_core.package_identification:_identify(log) by extensions ['ignore', 'ignore_ament_install']
[0.214s] Level 1:colcon.colcon_core.package_identification:_identify(log) by extension 'ignore'
[0.214s] Level 1:colcon.colcon_core.package_identification:_identify(log) ignored
[0.214s] Level 1:colcon.colcon_core.package_identification:_identify(src) by extensions ['ignore', 'ignore_ament_install']
[0.214s] Level 1:colcon.colcon_core.package_identification:_identify(src) by extension 'ignore'
[0.214s] Level 1:colcon.colcon_core.package_identification:_identify(src) by extension 'ignore_ament_install'
[0.214s] Level 1:colcon.colcon_core.package_identification:_identify(src) by extensions ['colcon_pkg']
[0.214s] Level 1:colcon.colcon_core.package_identification:_identify(src) by extension 'colcon_pkg'
[0.214s] Level 1:colcon.colcon_core.package_identification:_identify(src) by extensions ['colcon_meta']
[0.214s] Level 1:colcon.colcon_core.package_identification:_identify(src) by extension 'colcon_meta'
[0.214s] Level 1:colcon.colcon_core.package_identification:_identify(src) by extensions ['ros']
[0.214s] Level 1:colcon.colcon_core.package_identification:_identify(src) by extension 'ros'
[0.214s] Level 1:colcon.colcon_core.package_identification:_identify(src) by extensions ['cmake', 'python']
[0.214s] Level 1:colcon.colcon_core.package_identification:_identify(src) by extension 'cmake'
[0.214s] Level 1:colcon.colcon_core.package_identification:_identify(src) by extension 'python'
[0.215s] Level 1:colcon.colcon_core.package_identification:_identify(src) by extensions ['python_setup_py']
[0.215s] Level 1:colcon.colcon_core.package_identification:_identify(src) by extension 'python_setup_py'
[0.215s] Level 1:colcon.colcon_core.package_identification:_identify(src/param_interfaces) by extensions ['ignore', 'ignore_ament_install']
[0.215s] Level 1:colcon.colcon_core.package_identification:_identify(src/param_interfaces) by extension 'ignore'
[0.215s] Level 1:colcon.colcon_core.package_identification:_identify(src/param_interfaces) by extension 'ignore_ament_install'
[0.215s] Level 1:colcon.colcon_core.package_identification:_identify(src/param_interfaces) by extensions ['colcon_pkg']
[0.215s] Level 1:colcon.colcon_core.package_identification:_identify(src/param_interfaces) by extension 'colcon_pkg'
[0.215s] Level 1:colcon.colcon_core.package_identification:_identify(src/param_interfaces) by extensions ['colcon_meta']
[0.215s] Level 1:colcon.colcon_core.package_identification:_identify(src/param_interfaces) by extension 'colcon_meta'
[0.215s] Level 1:colcon.colcon_core.package_identification:_identify(src/param_interfaces) by extensions ['ros']
[0.215s] Level 1:colcon.colcon_core.package_identification:_identify(src/param_interfaces) by extension 'ros'
[0.217s] DEBUG:colcon.colcon_core.package_identification:Package 'src/param_interfaces' with type 'ros.ament_cmake' and name 'param_interfaces'
[0.217s] Level 1:colcon.colcon_core.package_identification:_identify(src/turtle_fun) by extensions ['ignore', 'ignore_ament_install']
[0.217s] Level 1:colcon.colcon_core.package_identification:_identify(src/turtle_fun) by extension 'ignore'
[0.217s] Level 1:colcon.colcon_core.package_identification:_identify(src/turtle_fun) by extension 'ignore_ament_install'
[0.217s] Level 1:colcon.colcon_core.package_identification:_identify(src/turtle_fun) by extensions ['colcon_pkg']
[0.217s] Level 1:colcon.colcon_core.package_identification:_identify(src/turtle_fun) by extension 'colcon_pkg'
[0.217s] Level 1:colcon.colcon_core.package_identification:_identify(src/turtle_fun) by extensions ['colcon_meta']
[0.217s] Level 1:colcon.colcon_core.package_identification:_identify(src/turtle_fun) by extension 'colcon_meta'
[0.217s] Level 1:colcon.colcon_core.package_identification:_identify(src/turtle_fun) by extensions ['ros']
[0.217s] Level 1:colcon.colcon_core.package_identification:_identify(src/turtle_fun) by extension 'ros'
[0.217s] DEBUG:colcon.colcon_core.package_identification:Package 'src/turtle_fun' with type 'ros.ament_cmake' and name 'turtle_fun'
[0.217s] Level 1:colcon.colcon_core.package_identification:_identify(src/turtlesim_plus) by extensions ['ignore', 'ignore_ament_install']
[0.218s] Level 1:colcon.colcon_core.package_identification:_identify(src/turtlesim_plus) by extension 'ignore'
[0.218s] Level 1:colcon.colcon_core.package_identification:_identify(src/turtlesim_plus) by extension 'ignore_ament_install'
[0.218s] Level 1:colcon.colcon_core.package_identification:_identify(src/turtlesim_plus) by extensions ['colcon_pkg']
[0.218s] Level 1:colcon.colcon_core.package_identification:_identify(src/turtlesim_plus) by extension 'colcon_pkg'
[0.218s] Level 1:colcon.colcon_core.package_identification:_identify(src/turtlesim_plus) by extensions ['colcon_meta']
[0.218s] Level 1:colcon.colcon_core.package_identification:_identify(src/turtlesim_plus) by extension 'colcon_meta'
[0.218s] Level 1:colcon.colcon_core.package_identification:_identify(src/turtlesim_plus) by extensions ['ros']
[0.218s] Level 1:colcon.colcon_core.package_identification:_identify(src/turtlesim_plus) by extension 'ros'
[0.218s] Level 1:colcon.colcon_core.package_identification:_identify(src/turtlesim_plus) by extensions ['cmake', 'python']
[0.218s] Level 1:colcon.colcon_core.package_identification:_identify(src/turtlesim_plus) by extension 'cmake'
[0.218s] Level 1:colcon.colcon_core.package_identification:_identify(src/turtlesim_plus) by extension 'python'
[0.218s] Level 1:colcon.colcon_core.package_identification:_identify(src/turtlesim_plus) by extensions ['python_setup_py']
[0.218s] Level 1:colcon.colcon_core.package_identification:_identify(src/turtlesim_plus) by extension 'python_setup_py'
[0.218s] Level 1:colcon.colcon_core.package_identification:_identify(src/turtlesim_plus/turtlesim_plus) by extensions ['ignore', 'ignore_ament_install']
[0.218s] Level 1:colcon.colcon_core.package_identification:_identify(src/turtlesim_plus/turtlesim_plus) by extension 'ignore'
[0.218s] Level 1:colcon.colcon_core.package_identification:_identify(src/turtlesim_plus/turtlesim_plus) by extension 'ignore_ament_install'
[0.218s] Level 1:colcon.colcon_core.package_identification:_identify(src/turtlesim_plus/turtlesim_plus) by extensions ['colcon_pkg']
[0.218s] Level 1:colcon.colcon_core.package_identification:_identify(src/turtlesim_plus/turtlesim_plus) by extension 'colcon_pkg'
[0.218s] Level 1:colcon.colcon_core.package_identification:_identify(src/turtlesim_plus/turtlesim_plus) by extensions ['colcon_meta']
[0.218s] Level 1:colcon.colcon_core.package_identification:_identify(src/turtlesim_plus/turtlesim_plus) by extension 'colcon_meta'
[0.218s] Level 1:colcon.colcon_core.package_identification:_identify(src/turtlesim_plus/turtlesim_plus) by extensions ['ros']
[0.218s] Level 1:colcon.colcon_core.package_identification:_identify(src/turtlesim_plus/turtlesim_plus) by extension 'ros'
[0.219s] DEBUG:colcon.colcon_core.package_identification:Package 'src/turtlesim_plus/turtlesim_plus' with type 'ros.ament_cmake' and name 'turtlesim_plus'
[0.219s] Level 1:colcon.colcon_core.package_identification:_identify(src/turtlesim_plus/turtlesim_plus_interfaces) by extensions ['ignore', 'ignore_ament_install']
[0.219s] Level 1:colcon.colcon_core.package_identification:_identify(src/turtlesim_plus/turtlesim_plus_interfaces) by extension 'ignore'
[0.219s] Level 1:colcon.colcon_core.package_identification:_identify(src/turtlesim_plus/turtlesim_plus_interfaces) by extension 'ignore_ament_install'
[0.219s] Level 1:colcon.colcon_core.package_identification:_identify(src/turtlesim_plus/turtlesim_plus_interfaces) by extensions ['colcon_pkg']
[0.219s] Level 1:colcon.colcon_core.package_identification:_identify(src/turtlesim_plus/turtlesim_plus_interfaces) by extension 'colcon_pkg'
[0.219s] Level 1:colcon.colcon_core.package_identification:_identify(src/turtlesim_plus/turtlesim_plus_interfaces) by extensions ['colcon_meta']
[0.219s] Level 1:colcon.colcon_core.package_identification:_identify(src/turtlesim_plus/turtlesim_plus_interfaces) by extension 'colcon_meta'
[0.219s] Level 1:colcon.colcon_core.package_identification:_identify(src/turtlesim_plus/turtlesim_plus_interfaces) by extensions ['ros']
[0.219s] Level 1:colcon.colcon_core.package_identification:_identify(src/turtlesim_plus/turtlesim_plus_interfaces) by extension 'ros'
[0.220s] DEBUG:colcon.colcon_core.package_identification:Package 'src/turtlesim_plus/turtlesim_plus_interfaces' with type 'ros.ament_cmake' and name 'turtlesim_plus_interfaces'
[0.220s] Level 1:colcon.colcon_core.package_discovery:discover_packages(recursive) using defaults
[0.220s] Level 1:colcon.colcon_core.package_discovery:discover_packages(ignore) discover
[0.220s] Level 1:colcon.colcon_core.package_discovery:discover_packages(ignore) using defaults
[0.220s] Level 1:colcon.colcon_core.package_discovery:discover_packages(path) discover
[0.220s] Level 1:colcon.colcon_core.package_discovery:discover_packages(path) using defaults
[0.243s] Level 1:colcon.colcon_core.package_discovery:discover_packages(prefix_path) check parameters
[0.243s] Level 1:colcon.colcon_core.package_discovery:discover_packages(prefix_path) discover
[0.245s] DEBUG:colcon.colcon_installed_package_information.package_discovery:Found 2 installed packages in /home/beamkeerati/FRA501/Week1/Onsite/RoboticsDev2024/install
[0.245s] DEBUG:colcon.colcon_installed_package_information.package_discovery:Found 4 installed packages in /home/beamkeerati/ros2_ws/install
[0.246s] DEBUG:colcon.colcon_installed_package_information.package_discovery:Found 320 installed packages in /opt/ros/humble
[0.247s] Level 1:colcon.colcon_core.package_discovery:discover_packages(prefix_path) using defaults
[0.276s] Level 5:colcon.colcon_core.verb:set package 'param_interfaces' build argument 'cmake_args' from command line to 'None'
[0.276s] Level 5:colcon.colcon_core.verb:set package 'param_interfaces' build argument 'cmake_target' from command line to 'None'
[0.276s] Level 5:colcon.colcon_core.verb:set package 'param_interfaces' build argument 'cmake_target_skip_unavailable' from command line to 'False'
[0.276s] Level 5:colcon.colcon_core.verb:set package 'param_interfaces' build argument 'cmake_clean_cache' from command line to 'False'
[0.276s] Level 5:colcon.colcon_core.verb:set package 'param_interfaces' build argument 'cmake_clean_first' from command line to 'False'
[0.276s] Level 5:colcon.colcon_core.verb:set package 'param_interfaces' build argument 'cmake_force_configure' from command line to 'False'
[0.276s] Level 5:colcon.colcon_core.verb:set package 'param_interfaces' build argument 'ament_cmake_args' from command line to 'None'
[0.276s] Level 5:colcon.colcon_core.verb:set package 'param_interfaces' build argument 'catkin_cmake_args' from command line to 'None'
[0.276s] Level 5:colcon.colcon_core.verb:set package 'param_interfaces' build argument 'catkin_skip_building_tests' from command line to 'False'
[0.276s] DEBUG:colcon.colcon_core.verb:Building package 'param_interfaces' with the following arguments: {'ament_cmake_args': None, 'build_base': '/home/beamkeerati/ros2_ws/build/param_interfaces', 'catkin_cmake_args': None, 'catkin_skip_building_tests': False, 'cmake_args': None, 'cmake_clean_cache': False, 'cmake_clean_first': False, 'cmake_force_configure': False, 'cmake_target': None, 'cmake_target_skip_unavailable': False, 'install_base': '/home/beamkeerati/ros2_ws/install/param_interfaces', 'merge_install': False, 'path': '/home/beamkeerati/ros2_ws/src/param_interfaces', 'symlink_install': False, 'test_result_base': None}
[0.277s] Level 5:colcon.colcon_core.verb:set package 'turtle_fun' build argument 'cmake_args' from command line to 'None'
[0.277s] Level 5:colcon.colcon_core.verb:set package 'turtle_fun' build argument 'cmake_target' from command line to 'None'
[0.277s] Level 5:colcon.colcon_core.verb:set package 'turtle_fun' build argument 'cmake_target_skip_unavailable' from command line to 'False'
[0.277s] Level 5:colcon.colcon_core.verb:set package 'turtle_fun' build argument 'cmake_clean_cache' from command line to 'False'
[0.277s] Level 5:colcon.colcon_core.verb:set package 'turtle_fun' build argument 'cmake_clean_first' from command line to 'False'
[0.277s] Level 5:colcon.colcon_core.verb:set package 'turtle_fun' build argument 'cmake_force_configure' from command line to 'False'
[0.277s] Level 5:colcon.colcon_core.verb:set package 'turtle_fun' build argument 'ament_cmake_args' from command line to 'None'
[0.277s] Level 5:colcon.colcon_core.verb:set package 'turtle_fun' build argument 'catkin_cmake_args' from command line to 'None'
[0.277s] Level 5:colcon.colcon_core.verb:set package 'turtle_fun' build argument 'catkin_skip_building_tests' from command line to 'False'
[0.277s] DEBUG:colcon.colcon_core.verb:Building package 'turtle_fun' with the following arguments: {'ament_cmake_args': None, 'build_base': '/home/beamkeerati/ros2_ws/build/turtle_fun', 'catkin_cmake_args': None, 'catkin_skip_building_tests': False, 'cmake_args': None, 'cmake_clean_cache': False, 'cmake_clean_first': False, 'cmake_force_configure': False, 'cmake_target': None, 'cmake_target_skip_unavailable': False, 'install_base': '/home/beamkeerati/ros2_ws/install/turtle_fun', 'merge_install': False, 'path': '/home/beamkeerati/ros2_ws/src/turtle_fun', 'symlink_install': False, 'test_result_base': None}
[0.277s] Level 5:colcon.colcon_core.verb:set package 'turtlesim_plus' build argument 'cmake_args' from command line to 'None'
[0.277s] Level 5:colcon.colcon_core.verb:set package 'turtlesim_plus' build argument 'cmake_target' from command line to 'None'
[0.277s] Level 5:colcon.colcon_core.verb:set package 'turtlesim_plus' build argument 'cmake_target_skip_unavailable' from command line to 'False'
[0.277s] Level 5:colcon.colcon_core.verb:set package 'turtlesim_plus' build argument 'cmake_clean_cache' from command line to 'False'
[0.277s] Level 5:colcon.colcon_core.verb:set package 'turtlesim_plus' build argument 'cmake_clean_first' from command line to 'False'
[0.277s] Level 5:colcon.colcon_core.verb:set package 'turtlesim_plus' build argument 'cmake_force_configure' from command line to 'False'
[0.277s] Level 5:colcon.colcon_core.verb:set package 'turtlesim_plus' build argument 'ament_cmake_args' from command line to 'None'
[0.277s] Level 5:colcon.colcon_core.verb:set package 'turtlesim_plus' build argument 'catkin_cmake_args' from command line to 'None'
[0.277s] Level 5:colcon.colcon_core.verb:set package 'turtlesim_plus' build argument 'catkin_skip_building_tests' from command line to 'False'
[0.277s] DEBUG:colcon.colcon_core.verb:Building package 'turtlesim_plus' with the following arguments: {'ament_cmake_args': None, 'build_base': '/home/beamkeerati/ros2_ws/build/turtlesim_plus', 'catkin_cmake_args': None, 'catkin_skip_building_tests': False, 'cmake_args': None, 'cmake_clean_cache': False, 'cmake_clean_first': False, 'cmake_force_configure': False, 'cmake_target': None, 'cmake_target_skip_unavailable': False, 'install_base': '/home/beamkeerati/ros2_ws/install/turtlesim_plus', 'merge_install': False, 'path': '/home/beamkeerati/ros2_ws/src/turtlesim_plus/turtlesim_plus', 'symlink_install': False, 'test_result_base': None}
[0.278s] Level 5:colcon.colcon_core.verb:set package 'turtlesim_plus_interfaces' build argument 'cmake_args' from command line to 'None'
[0.278s] Level 5:colcon.colcon_core.verb:set package 'turtlesim_plus_interfaces' build argument 'cmake_target' from command line to 'None'
[0.278s] Level 5:colcon.colcon_core.verb:set package 'turtlesim_plus_interfaces' build argument 'cmake_target_skip_unavailable' from command line to 'False'
[0.278s] Level 5:colcon.colcon_core.verb:set package 'turtlesim_plus_interfaces' build argument 'cmake_clean_cache' from command line to 'False'
[0.278s] Level 5:colcon.colcon_core.verb:set package 'turtlesim_plus_interfaces' build argument 'cmake_clean_first' from command line to 'False'
[0.278s] Level 5:colcon.colcon_core.verb:set package 'turtlesim_plus_interfaces' build argument 'cmake_force_configure' from command line to 'False'
[0.278s] Level 5:colcon.colcon_core.verb:set package 'turtlesim_plus_interfaces' build argument 'ament_cmake_args' from command line to 'None'
[0.278s] Level 5:colcon.colcon_core.verb:set package 'turtlesim_plus_interfaces' build argument 'catkin_cmake_args' from command line to 'None'
[0.278s] Level 5:colcon.colcon_core.verb:set package 'turtlesim_plus_interfaces' build argument 'catkin_skip_building_tests' from command line to 'False'
[0.278s] DEBUG:colcon.colcon_core.verb:Building package 'turtlesim_plus_interfaces' with the following arguments: {'ament_cmake_args': None, 'build_base': '/home/beamkeerati/ros2_ws/build/turtlesim_plus_interfaces', 'catkin_cmake_args': None, 'catkin_skip_building_tests': False, 'cmake_args': None, 'cmake_clean_cache': False, 'cmake_clean_first': False, 'cmake_force_configure': False, 'cmake_target': None, 'cmake_target_skip_unavailable': False, 'install_base': '/home/beamkeerati/ros2_ws/install/turtlesim_plus_interfaces', 'merge_install': False, 'path': '/home/beamkeerati/ros2_ws/src/turtlesim_plus/turtlesim_plus_interfaces', 'symlink_install': False, 'test_result_base': None}
[0.278s] INFO:colcon.colcon_core.executor:Executing jobs using 'parallel' executor
[0.279s] DEBUG:colcon.colcon_parallel_executor.executor.parallel:run_until_complete
[0.279s] INFO:colcon.colcon_ros.task.ament_cmake.build:Building ROS package in '/home/beamkeerati/ros2_ws/src/param_interfaces' with build type 'ament_cmake'
[0.279s] INFO:colcon.colcon_cmake.task.cmake.build:Building CMake package in '/home/beamkeerati/ros2_ws/src/param_interfaces'
[0.280s] INFO:colcon.colcon_core.plugin_system:Skipping extension 'colcon_core.shell.bat': Not used on non-Windows systems
[0.281s] INFO:colcon.colcon_core.shell:Skip shell extension 'powershell' for command environment: Not usable outside of PowerShell
[0.281s] DEBUG:colcon.colcon_core.shell:Skip shell extension 'dsv' for command environment
[0.284s] INFO:colcon.colcon_ros.task.ament_cmake.build:Building ROS package in '/home/beamkeerati/ros2_ws/src/turtle_fun' with build type 'ament_cmake'
[0.284s] INFO:colcon.colcon_cmake.task.cmake.build:Building CMake package in '/home/beamkeerati/ros2_ws/src/turtle_fun'
[0.284s] INFO:colcon.colcon_core.shell:Skip shell extension 'powershell' for command environment: Not usable outside of PowerShell
[0.284s] DEBUG:colcon.colcon_core.shell:Skip shell extension 'dsv' for command environment
[0.287s] INFO:colcon.colcon_ros.task.ament_cmake.build:Building ROS package in '/home/beamkeerati/ros2_ws/src/turtlesim_plus/turtlesim_plus' with build type 'ament_cmake'
[0.287s] INFO:colcon.colcon_cmake.task.cmake.build:Building CMake package in '/home/beamkeerati/ros2_ws/src/turtlesim_plus/turtlesim_plus'
[0.287s] INFO:colcon.colcon_core.shell:Skip shell extension 'powershell' for command environment: Not usable outside of PowerShell
[0.287s] DEBUG:colcon.colcon_core.shell:Skip shell extension 'dsv' for command environment
[0.290s] INFO:colcon.colcon_ros.task.ament_cmake.build:Building ROS package in '/home/beamkeerati/ros2_ws/src/turtlesim_plus/turtlesim_plus_interfaces' with build type 'ament_cmake'
[0.290s] INFO:colcon.colcon_cmake.task.cmake.build:Building CMake package in '/home/beamkeerati/ros2_ws/src/turtlesim_plus/turtlesim_plus_interfaces'
[0.290s] INFO:colcon.colcon_core.shell:Skip shell extension 'powershell' for command environment: Not usable outside of PowerShell
[0.290s] DEBUG:colcon.colcon_core.shell:Skip shell extension 'dsv' for command environment
[0.297s] DEBUG:colcon.colcon_core.event_handler.log_command:Invoking command in '/home/beamkeerati/ros2_ws/build/param_interfaces': CMAKE_PREFIX_PATH=${CMAKE_PREFIX_PATH}:/opt/ros/humble /usr/bin/cmake --build /home/beamkeerati/ros2_ws/build/param_interfaces -- -j16 -l16
[0.299s] DEBUG:colcon.colcon_core.event_handler.log_command:Invoking command in '/home/beamkeerati/ros2_ws/build/turtle_fun': CMAKE_PREFIX_PATH=${CMAKE_PREFIX_PATH}:/opt/ros/humble /usr/bin/cmake --build /home/beamkeerati/ros2_ws/build/turtle_fun -- -j16 -l16
[0.302s] DEBUG:colcon.colcon_core.event_handler.log_command:Invoking command in '/home/beamkeerati/ros2_ws/build/turtlesim_plus': CMAKE_PREFIX_PATH=${CMAKE_PREFIX_PATH}:/opt/ros/humble /usr/bin/cmake --build /home/beamkeerati/ros2_ws/build/turtlesim_plus -- -j16 -l16
[0.304s] DEBUG:colcon.colcon_core.event_handler.log_command:Invoking command in '/home/beamkeerati/ros2_ws/build/turtlesim_plus_interfaces': CMAKE_PREFIX_PATH=${CMAKE_PREFIX_PATH}:/opt/ros/humble /usr/bin/cmake --build /home/beamkeerati/ros2_ws/build/turtlesim_plus_interfaces -- -j16 -l16
[0.613s] DEBUG:colcon.colcon_core.event_handler.log_command:Invoked command in '/home/beamkeerati/ros2_ws/build/turtle_fun' returned '0': CMAKE_PREFIX_PATH=${CMAKE_PREFIX_PATH}:/opt/ros/humble /usr/bin/cmake --build /home/beamkeerati/ros2_ws/build/turtle_fun -- -j16 -l16
[0.614s] DEBUG:colcon.colcon_core.event_handler.log_command:Invoked command in '/home/beamkeerati/ros2_ws/build/turtlesim_plus' returned '0': CMAKE_PREFIX_PATH=${CMAKE_PREFIX_PATH}:/opt/ros/humble /usr/bin/cmake --build /home/beamkeerati/ros2_ws/build/turtlesim_plus -- -j16 -l16
[0.615s] DEBUG:colcon.colcon_core.event_handler.log_command:Invoked command in '/home/beamkeerati/ros2_ws/build/param_interfaces' returned '0': CMAKE_PREFIX_PATH=${CMAKE_PREFIX_PATH}:/opt/ros/humble /usr/bin/cmake --build /home/beamkeerati/ros2_ws/build/param_interfaces -- -j16 -l16
[0.622s] DEBUG:colcon.colcon_core.event_handler.log_command:Invoked command in '/home/beamkeerati/ros2_ws/build/turtlesim_plus_interfaces' returned '0': CMAKE_PREFIX_PATH=${CMAKE_PREFIX_PATH}:/opt/ros/humble /usr/bin/cmake --build /home/beamkeerati/ros2_ws/build/turtlesim_plus_interfaces -- -j16 -l16
[0.645s] DEBUG:colcon.colcon_core.event_handler.log_command:Invoking command in '/home/beamkeerati/ros2_ws/build/turtlesim_plus': CMAKE_PREFIX_PATH=${CMAKE_PREFIX_PATH}:/opt/ros/humble /usr/bin/cmake --install /home/beamkeerati/ros2_ws/build/turtlesim_plus
[0.647s] DEBUG:colcon.colcon_core.event_handler.log_command:Invoking command in '/home/beamkeerati/ros2_ws/build/turtle_fun': CMAKE_PREFIX_PATH=${CMAKE_PREFIX_PATH}:/opt/ros/humble /usr/bin/cmake --install /home/beamkeerati/ros2_ws/build/turtle_fun
[0.686s] Level 1:colcon.colcon_core.environment:create_environment_scripts_only(turtlesim_plus)
[0.688s] DEBUG:colcon.colcon_core.event_handler.log_command:Invoked command in '/home/beamkeerati/ros2_ws/build/turtlesim_plus' returned '0': CMAKE_PREFIX_PATH=${CMAKE_PREFIX_PATH}:/opt/ros/humble /usr/bin/cmake --install /home/beamkeerati/ros2_ws/build/turtlesim_plus
[0.690s] Level 1:colcon.colcon_core.environment:checking '/home/beamkeerati/ros2_ws/install/turtlesim_plus' for CMake module files
[0.690s] Level 1:colcon.colcon_core.environment:checking '/home/beamkeerati/ros2_ws/install/turtlesim_plus' for CMake config files
[0.690s] Level 1:colcon.colcon_core.shell:create_environment_hook('turtlesim_plus', 'cmake_prefix_path')
[0.691s] INFO:colcon.colcon_core.shell:Creating environment hook '/home/beamkeerati/ros2_ws/install/turtlesim_plus/share/turtlesim_plus/hook/cmake_prefix_path.ps1'
[0.691s] INFO:colcon.colcon_core.shell:Creating environment descriptor '/home/beamkeerati/ros2_ws/install/turtlesim_plus/share/turtlesim_plus/hook/cmake_prefix_path.dsv'
[0.691s] INFO:colcon.colcon_core.shell:Creating environment hook '/home/beamkeerati/ros2_ws/install/turtlesim_plus/share/turtlesim_plus/hook/cmake_prefix_path.sh'
[0.692s] Level 1:colcon.colcon_core.environment:checking '/home/beamkeerati/ros2_ws/install/turtlesim_plus/lib'
[0.692s] Level 1:colcon.colcon_core.environment:checking '/home/beamkeerati/ros2_ws/install/turtlesim_plus/bin'
[0.692s] Level 1:colcon.colcon_core.environment:checking '/home/beamkeerati/ros2_ws/install/turtlesim_plus/lib/pkgconfig/turtlesim_plus.pc'
[0.692s] Level 1:colcon.colcon_core.environment:checking '/home/beamkeerati/ros2_ws/install/turtlesim_plus/lib/python3.10/site-packages'
[0.692s] Level 1:colcon.colcon_core.environment:checking '/home/beamkeerati/ros2_ws/install/turtlesim_plus/bin'
[0.693s] INFO:colcon.colcon_core.shell:Creating package script '/home/beamkeerati/ros2_ws/install/turtlesim_plus/share/turtlesim_plus/package.ps1'
[0.693s] INFO:colcon.colcon_core.shell:Creating package descriptor '/home/beamkeerati/ros2_ws/install/turtlesim_plus/share/turtlesim_plus/package.dsv'
[0.693s] INFO:colcon.colcon_core.shell:Creating package script '/home/beamkeerati/ros2_ws/install/turtlesim_plus/share/turtlesim_plus/package.sh'
[0.694s] INFO:colcon.colcon_core.shell:Creating package script '/home/beamkeerati/ros2_ws/install/turtlesim_plus/share/turtlesim_plus/package.bash'
[0.694s] INFO:colcon.colcon_core.shell:Creating package script '/home/beamkeerati/ros2_ws/install/turtlesim_plus/share/turtlesim_plus/package.zsh'
[0.695s] Level 1:colcon.colcon_core.environment:create_file_with_runtime_dependencies(/home/beamkeerati/ros2_ws/install/turtlesim_plus/share/colcon-core/packages/turtlesim_plus)
[0.697s] DEBUG:colcon.colcon_core.event_handler.log_command:Invoking command in '/home/beamkeerati/ros2_ws/build/param_interfaces': CMAKE_PREFIX_PATH=${CMAKE_PREFIX_PATH}:/opt/ros/humble /usr/bin/cmake --install /home/beamkeerati/ros2_ws/build/param_interfaces
[0.698s] Level 1:colcon.colcon_core.environment:create_environment_scripts_only(turtle_fun)
[0.698s] Level 1:colcon.colcon_core.environment:checking '/home/beamkeerati/ros2_ws/install/turtle_fun' for CMake module files
[0.698s] DEBUG:colcon.colcon_core.event_handler.log_command:Invoked command in '/home/beamkeerati/ros2_ws/build/turtle_fun' returned '0': CMAKE_PREFIX_PATH=${CMAKE_PREFIX_PATH}:/opt/ros/humble /usr/bin/cmake --install /home/beamkeerati/ros2_ws/build/turtle_fun
[0.698s] Level 1:colcon.colcon_core.environment:checking '/home/beamkeerati/ros2_ws/install/turtle_fun' for CMake config files
[0.699s] Level 1:colcon.colcon_core.shell:create_environment_hook('turtle_fun', 'cmake_prefix_path')
[0.699s] INFO:colcon.colcon_core.shell:Creating environment hook '/home/beamkeerati/ros2_ws/install/turtle_fun/share/turtle_fun/hook/cmake_prefix_path.ps1'
[0.699s] INFO:colcon.colcon_core.shell:Creating environment descriptor '/home/beamkeerati/ros2_ws/install/turtle_fun/share/turtle_fun/hook/cmake_prefix_path.dsv'
[0.699s] INFO:colcon.colcon_core.shell:Creating environment hook '/home/beamkeerati/ros2_ws/install/turtle_fun/share/turtle_fun/hook/cmake_prefix_path.sh'
[0.700s] Level 1:colcon.colcon_core.environment:checking '/home/beamkeerati/ros2_ws/install/turtle_fun/lib'
[0.700s] Level 1:colcon.colcon_core.environment:checking '/home/beamkeerati/ros2_ws/install/turtle_fun/bin'
[0.700s] Level 1:colcon.colcon_core.environment:checking '/home/beamkeerati/ros2_ws/install/turtle_fun/lib/pkgconfig/turtle_fun.pc'
[0.700s] Level 1:colcon.colcon_core.environment:checking '/home/beamkeerati/ros2_ws/install/turtle_fun/lib/python3.10/site-packages'
[0.700s] Level 1:colcon.colcon_core.environment:checking '/home/beamkeerati/ros2_ws/install/turtle_fun/bin'
[0.700s] INFO:colcon.colcon_core.shell:Creating package script '/home/beamkeerati/ros2_ws/install/turtle_fun/share/turtle_fun/package.ps1'
[0.701s] INFO:colcon.colcon_core.shell:Creating package descriptor '/home/beamkeerati/ros2_ws/install/turtle_fun/share/turtle_fun/package.dsv'
[0.701s] INFO:colcon.colcon_core.shell:Creating package script '/home/beamkeerati/ros2_ws/install/turtle_fun/share/turtle_fun/package.sh'
[0.701s] INFO:colcon.colcon_core.shell:Creating package script '/home/beamkeerati/ros2_ws/install/turtle_fun/share/turtle_fun/package.bash'
[0.701s] INFO:colcon.colcon_core.shell:Creating package script '/home/beamkeerati/ros2_ws/install/turtle_fun/share/turtle_fun/package.zsh'
[0.702s] Level 1:colcon.colcon_core.environment:create_file_with_runtime_dependencies(/home/beamkeerati/ros2_ws/install/turtle_fun/share/colcon-core/packages/turtle_fun)
[0.717s] Level 1:colcon.colcon_core.environment:create_environment_scripts_only(turtlesim_plus)
[0.717s] Level 1:colcon.colcon_core.environment:checking '/home/beamkeerati/ros2_ws/install/turtlesim_plus' for CMake module files
[0.718s] Level 1:colcon.colcon_core.environment:checking '/home/beamkeerati/ros2_ws/install/turtlesim_plus' for CMake config files
[0.718s] Level 1:colcon.colcon_core.shell:create_environment_hook('turtlesim_plus', 'cmake_prefix_path')
[0.718s] INFO:colcon.colcon_core.shell:Creating environment hook '/home/beamkeerati/ros2_ws/install/turtlesim_plus/share/turtlesim_plus/hook/cmake_prefix_path.ps1'
[0.718s] INFO:colcon.colcon_core.shell:Creating environment descriptor '/home/beamkeerati/ros2_ws/install/turtlesim_plus/share/turtlesim_plus/hook/cmake_prefix_path.dsv'
[0.719s] INFO:colcon.colcon_core.shell:Creating environment hook '/home/beamkeerati/ros2_ws/install/turtlesim_plus/share/turtlesim_plus/hook/cmake_prefix_path.sh'
[0.719s] Level 1:colcon.colcon_core.environment:checking '/home/beamkeerati/ros2_ws/install/turtlesim_plus/lib'
[0.719s] Level 1:colcon.colcon_core.environment:checking '/home/beamkeerati/ros2_ws/install/turtlesim_plus/bin'
[0.719s] Level 1:colcon.colcon_core.environment:checking '/home/beamkeerati/ros2_ws/install/turtlesim_plus/lib/pkgconfig/turtlesim_plus.pc'
[0.719s] Level 1:colcon.colcon_core.environment:checking '/home/beamkeerati/ros2_ws/install/turtlesim_plus/lib/python3.10/site-packages'
[0.719s] Level 1:colcon.colcon_core.environment:checking '/home/beamkeerati/ros2_ws/install/turtlesim_plus/bin'
[0.720s] INFO:colcon.colcon_core.shell:Creating package script '/home/beamkeerati/ros2_ws/install/turtlesim_plus/share/turtlesim_plus/package.ps1'
[0.720s] INFO:colcon.colcon_core.shell:Creating package descriptor '/home/beamkeerati/ros2_ws/install/turtlesim_plus/share/turtlesim_plus/package.dsv'
[0.720s] INFO:colcon.colcon_core.shell:Creating package script '/home/beamkeerati/ros2_ws/install/turtlesim_plus/share/turtlesim_plus/package.sh'
[0.721s] INFO:colcon.colcon_core.shell:Creating package script '/home/beamkeerati/ros2_ws/install/turtlesim_plus/share/turtlesim_plus/package.bash'
[0.721s] INFO:colcon.colcon_core.shell:Creating package script '/home/beamkeerati/ros2_ws/install/turtlesim_plus/share/turtlesim_plus/package.zsh'
[0.721s] Level 1:colcon.colcon_core.environment:create_file_with_runtime_dependencies(/home/beamkeerati/ros2_ws/install/turtlesim_plus/share/colcon-core/packages/turtlesim_plus)
[0.727s] Level 1:colcon.colcon_core.environment:create_environment_scripts_only(turtle_fun)
[0.728s] Level 1:colcon.colcon_core.environment:checking '/home/beamkeerati/ros2_ws/install/turtle_fun' for CMake module files
[0.728s] Level 1:colcon.colcon_core.environment:checking '/home/beamkeerati/ros2_ws/install/turtle_fun' for CMake config files
[0.728s] Level 1:colcon.colcon_core.shell:create_environment_hook('turtle_fun', 'cmake_prefix_path')
[0.728s] INFO:colcon.colcon_core.shell:Creating environment hook '/home/beamkeerati/ros2_ws/install/turtle_fun/share/turtle_fun/hook/cmake_prefix_path.ps1'
[0.729s] INFO:colcon.colcon_core.shell:Creating environment descriptor '/home/beamkeerati/ros2_ws/install/turtle_fun/share/turtle_fun/hook/cmake_prefix_path.dsv'
[0.729s] INFO:colcon.colcon_core.shell:Creating environment hook '/home/beamkeerati/ros2_ws/install/turtle_fun/share/turtle_fun/hook/cmake_prefix_path.sh'
[0.729s] Level 1:colcon.colcon_core.environment:checking '/home/beamkeerati/ros2_ws/install/turtle_fun/lib'
[0.729s] Level 1:colcon.colcon_core.environment:checking '/home/beamkeerati/ros2_ws/install/turtle_fun/bin'
[0.729s] Level 1:colcon.colcon_core.environment:checking '/home/beamkeerati/ros2_ws/install/turtle_fun/lib/pkgconfig/turtle_fun.pc'
[0.730s] Level 1:colcon.colcon_core.environment:checking '/home/beamkeerati/ros2_ws/install/turtle_fun/lib/python3.10/site-packages'
[0.730s] Level 1:colcon.colcon_core.environment:checking '/home/beamkeerati/ros2_ws/install/turtle_fun/bin'
[0.730s] INFO:colcon.colcon_core.shell:Creating package script '/home/beamkeerati/ros2_ws/install/turtle_fun/share/turtle_fun/package.ps1'
[0.730s] INFO:colcon.colcon_core.shell:Creating package descriptor '/home/beamkeerati/ros2_ws/install/turtle_fun/share/turtle_fun/package.dsv'
[0.731s] INFO:colcon.colcon_core.shell:Creating package script '/home/beamkeerati/ros2_ws/install/turtle_fun/share/turtle_fun/package.sh'
[0.731s] INFO:colcon.colcon_core.shell:Creating package script '/home/beamkeerati/ros2_ws/install/turtle_fun/share/turtle_fun/package.bash'
[0.731s] INFO:colcon.colcon_core.shell:Creating package script '/home/beamkeerati/ros2_ws/install/turtle_fun/share/turtle_fun/package.zsh'
[0.731s] Level 1:colcon.colcon_core.environment:create_file_with_runtime_dependencies(/home/beamkeerati/ros2_ws/install/turtle_fun/share/colcon-core/packages/turtle_fun)
[0.735s] DEBUG:colcon.colcon_core.event_handler.log_command:Invoking command in '/home/beamkeerati/ros2_ws/build/turtlesim_plus_interfaces': CMAKE_PREFIX_PATH=${CMAKE_PREFIX_PATH}:/opt/ros/humble /usr/bin/cmake --install /home/beamkeerati/ros2_ws/build/turtlesim_plus_interfaces
[0.742s] Level 1:colcon.colcon_core.environment:create_environment_scripts_only(param_interfaces)
[0.743s] Level 1:colcon.colcon_core.environment:checking '/home/beamkeerati/ros2_ws/install/param_interfaces' for CMake module files
[0.743s] DEBUG:colcon.colcon_core.event_handler.log_command:Invoked command in '/home/beamkeerati/ros2_ws/build/param_interfaces' returned '0': CMAKE_PREFIX_PATH=${CMAKE_PREFIX_PATH}:/opt/ros/humble /usr/bin/cmake --install /home/beamkeerati/ros2_ws/build/param_interfaces
[0.746s] Level 1:colcon.colcon_core.environment:checking '/home/beamkeerati/ros2_ws/install/param_interfaces' for CMake config files
[0.748s] Level 1:colcon.colcon_core.shell:create_environment_hook('param_interfaces', 'cmake_prefix_path')
[0.749s] INFO:colcon.colcon_core.shell:Creating environment hook '/home/beamkeerati/ros2_ws/install/param_interfaces/share/param_interfaces/hook/cmake_prefix_path.ps1'
[0.749s] INFO:colcon.colcon_core.shell:Creating environment descriptor '/home/beamkeerati/ros2_ws/install/param_interfaces/share/param_interfaces/hook/cmake_prefix_path.dsv'
[0.750s] INFO:colcon.colcon_core.shell:Creating environment hook '/home/beamkeerati/ros2_ws/install/param_interfaces/share/param_interfaces/hook/cmake_prefix_path.sh'
[0.751s] Level 1:colcon.colcon_core.environment:checking '/home/beamkeerati/ros2_ws/install/param_interfaces/lib'
[0.752s] Level 1:colcon.colcon_core.shell:create_environment_hook('param_interfaces', 'ld_library_path_lib')
[0.752s] INFO:colcon.colcon_core.shell:Creating environment hook '/home/beamkeerati/ros2_ws/install/param_interfaces/share/param_interfaces/hook/ld_library_path_lib.ps1'
[0.753s] INFO:colcon.colcon_core.shell:Creating environment descriptor '/home/beamkeerati/ros2_ws/install/param_interfaces/share/param_interfaces/hook/ld_library_path_lib.dsv'
[0.753s] INFO:colcon.colcon_core.shell:Creating environment hook '/home/beamkeerati/ros2_ws/install/param_interfaces/share/param_interfaces/hook/ld_library_path_lib.sh'
[0.754s] Level 1:colcon.colcon_core.environment:checking '/home/beamkeerati/ros2_ws/install/param_interfaces/bin'
[0.754s] Level 1:colcon.colcon_core.environment:checking '/home/beamkeerati/ros2_ws/install/param_interfaces/lib/pkgconfig/param_interfaces.pc'
[0.754s] Level 1:colcon.colcon_core.environment:checking '/home/beamkeerati/ros2_ws/install/param_interfaces/lib/python3.10/site-packages'
[0.754s] Level 1:colcon.colcon_core.environment:checking '/home/beamkeerati/ros2_ws/install/param_interfaces/bin'
[0.755s] INFO:colcon.colcon_core.shell:Creating package script '/home/beamkeerati/ros2_ws/install/param_interfaces/share/param_interfaces/package.ps1'
[0.756s] INFO:colcon.colcon_core.shell:Creating package descriptor '/home/beamkeerati/ros2_ws/install/param_interfaces/share/param_interfaces/package.dsv'
[0.757s] INFO:colcon.colcon_core.shell:Creating package script '/home/beamkeerati/ros2_ws/install/param_interfaces/share/param_interfaces/package.sh'
[0.757s] INFO:colcon.colcon_core.shell:Creating package script '/home/beamkeerati/ros2_ws/install/param_interfaces/share/param_interfaces/package.bash'
[0.758s] INFO:colcon.colcon_core.shell:Creating package script '/home/beamkeerati/ros2_ws/install/param_interfaces/share/param_interfaces/package.zsh'
[0.758s] Level 1:colcon.colcon_core.environment:create_file_with_runtime_dependencies(/home/beamkeerati/ros2_ws/install/param_interfaces/share/colcon-core/packages/param_interfaces)
[0.782s] Level 1:colcon.colcon_core.environment:create_environment_scripts_only(turtlesim_plus_interfaces)
[0.782s] Level 1:colcon.colcon_core.environment:checking '/home/beamkeerati/ros2_ws/install/turtlesim_plus_interfaces' for CMake module files
[0.783s] DEBUG:colcon.colcon_core.event_handler.log_command:Invoked command in '/home/beamkeerati/ros2_ws/build/turtlesim_plus_interfaces' returned '0': CMAKE_PREFIX_PATH=${CMAKE_PREFIX_PATH}:/opt/ros/humble /usr/bin/cmake --install /home/beamkeerati/ros2_ws/build/turtlesim_plus_interfaces
[0.783s] Level 1:colcon.colcon_core.environment:checking '/home/beamkeerati/ros2_ws/install/turtlesim_plus_interfaces' for CMake config files
[0.783s] Level 1:colcon.colcon_core.shell:create_environment_hook('turtlesim_plus_interfaces', 'cmake_prefix_path')
[0.784s] INFO:colcon.colcon_core.shell:Creating environment hook '/home/beamkeerati/ros2_ws/install/turtlesim_plus_interfaces/share/turtlesim_plus_interfaces/hook/cmake_prefix_path.ps1'
[0.784s] INFO:colcon.colcon_core.shell:Creating environment descriptor '/home/beamkeerati/ros2_ws/install/turtlesim_plus_interfaces/share/turtlesim_plus_interfaces/hook/cmake_prefix_path.dsv'
[0.784s] INFO:colcon.colcon_core.shell:Creating environment hook '/home/beamkeerati/ros2_ws/install/turtlesim_plus_interfaces/share/turtlesim_plus_interfaces/hook/cmake_prefix_path.sh'
[0.785s] Level 1:colcon.colcon_core.environment:checking '/home/beamkeerati/ros2_ws/install/turtlesim_plus_interfaces/lib'
[0.785s] Level 1:colcon.colcon_core.shell:create_environment_hook('turtlesim_plus_interfaces', 'ld_library_path_lib')
[0.785s] INFO:colcon.colcon_core.shell:Creating environment hook '/home/beamkeerati/ros2_ws/install/turtlesim_plus_interfaces/share/turtlesim_plus_interfaces/hook/ld_library_path_lib.ps1'
[0.785s] INFO:colcon.colcon_core.shell:Creating environment descriptor '/home/beamkeerati/ros2_ws/install/turtlesim_plus_interfaces/share/turtlesim_plus_interfaces/hook/ld_library_path_lib.dsv'
[0.785s] INFO:colcon.colcon_core.shell:Creating environment hook '/home/beamkeerati/ros2_ws/install/turtlesim_plus_interfaces/share/turtlesim_plus_interfaces/hook/ld_library_path_lib.sh'
[0.785s] Level 1:colcon.colcon_core.environment:checking '/home/beamkeerati/ros2_ws/install/turtlesim_plus_interfaces/bin'
[0.786s] Level 1:colcon.colcon_core.environment:checking '/home/beamkeerati/ros2_ws/install/turtlesim_plus_interfaces/lib/pkgconfig/turtlesim_plus_interfaces.pc'
[0.786s] Level 1:colcon.colcon_core.environment:checking '/home/beamkeerati/ros2_ws/install/turtlesim_plus_interfaces/lib/python3.10/site-packages'
[0.786s] Level 1:colcon.colcon_core.environment:checking '/home/beamkeerati/ros2_ws/install/turtlesim_plus_interfaces/bin'
[0.786s] INFO:colcon.colcon_core.shell:Creating package script '/home/beamkeerati/ros2_ws/install/turtlesim_plus_interfaces/share/turtlesim_plus_interfaces/package.ps1'
[0.786s] INFO:colcon.colcon_core.shell:Creating package descriptor '/home/beamkeerati/ros2_ws/install/turtlesim_plus_interfaces/share/turtlesim_plus_interfaces/package.dsv'
[0.787s] INFO:colcon.colcon_core.shell:Creating package script '/home/beamkeerati/ros2_ws/install/turtlesim_plus_interfaces/share/turtlesim_plus_interfaces/package.sh'
[0.787s] INFO:colcon.colcon_core.shell:Creating package script '/home/beamkeerati/ros2_ws/install/turtlesim_plus_interfaces/share/turtlesim_plus_interfaces/package.bash'
[0.787s] INFO:colcon.colcon_core.shell:Creating package script '/home/beamkeerati/ros2_ws/install/turtlesim_plus_interfaces/share/turtlesim_plus_interfaces/package.zsh'
[0.788s] Level 1:colcon.colcon_core.environment:create_file_with_runtime_dependencies(/home/beamkeerati/ros2_ws/install/turtlesim_plus_interfaces/share/colcon-core/packages/turtlesim_plus_interfaces)
[0.835s] Level 1:colcon.colcon_core.environment:create_environment_scripts_only(param_interfaces)
[0.835s] Level 1:colcon.colcon_core.environment:checking '/home/beamkeerati/ros2_ws/install/param_interfaces' for CMake module files
[0.836s] Level 1:colcon.colcon_core.environment:checking '/home/beamkeerati/ros2_ws/install/param_interfaces' for CMake config files
[0.836s] Level 1:colcon.colcon_core.shell:create_environment_hook('param_interfaces', 'cmake_prefix_path')
[0.836s] INFO:colcon.colcon_core.shell:Creating environment hook '/home/beamkeerati/ros2_ws/install/param_interfaces/share/param_interfaces/hook/cmake_prefix_path.ps1'
[0.837s] INFO:colcon.colcon_core.shell:Creating environment descriptor '/home/beamkeerati/ros2_ws/install/param_interfaces/share/param_interfaces/hook/cmake_prefix_path.dsv'
[0.837s] INFO:colcon.colcon_core.shell:Creating environment hook '/home/beamkeerati/ros2_ws/install/param_interfaces/share/param_interfaces/hook/cmake_prefix_path.sh'
[0.837s] Level 1:colcon.colcon_core.environment:checking '/home/beamkeerati/ros2_ws/install/param_interfaces/lib'
[0.837s] Level 1:colcon.colcon_core.shell:create_environment_hook('param_interfaces', 'ld_library_path_lib')
[0.837s] INFO:colcon.colcon_core.shell:Creating environment hook '/home/beamkeerati/ros2_ws/install/param_interfaces/share/param_interfaces/hook/ld_library_path_lib.ps1'
[0.838s] INFO:colcon.colcon_core.shell:Creating environment descriptor '/home/beamkeerati/ros2_ws/install/param_interfaces/share/param_interfaces/hook/ld_library_path_lib.dsv'
[0.838s] INFO:colcon.colcon_core.shell:Creating environment hook '/home/beamkeerati/ros2_ws/install/param_interfaces/share/param_interfaces/hook/ld_library_path_lib.sh'
[0.838s] Level 1:colcon.colcon_core.environment:checking '/home/beamkeerati/ros2_ws/install/param_interfaces/bin'
[0.838s] Level 1:colcon.colcon_core.environment:checking '/home/beamkeerati/ros2_ws/install/param_interfaces/lib/pkgconfig/param_interfaces.pc'
[0.838s] Level 1:colcon.colcon_core.environment:checking '/home/beamkeerati/ros2_ws/install/param_interfaces/lib/python3.10/site-packages'
[0.838s] Level 1:colcon.colcon_core.environment:checking '/home/beamkeerati/ros2_ws/install/param_interfaces/bin'
[0.839s] INFO:colcon.colcon_core.shell:Creating package script '/home/beamkeerati/ros2_ws/install/param_interfaces/share/param_interfaces/package.ps1'
[0.839s] INFO:colcon.colcon_core.shell:Creating package descriptor '/home/beamkeerati/ros2_ws/install/param_interfaces/share/param_interfaces/package.dsv'
[0.839s] INFO:colcon.colcon_core.shell:Creating package script '/home/beamkeerati/ros2_ws/install/param_interfaces/share/param_interfaces/package.sh'
[0.840s] INFO:colcon.colcon_core.shell:Creating package script '/home/beamkeerati/ros2_ws/install/param_interfaces/share/param_interfaces/package.bash'
[0.840s] INFO:colcon.colcon_core.shell:Creating package script '/home/beamkeerati/ros2_ws/install/param_interfaces/share/param_interfaces/package.zsh'
[0.840s] Level 1:colcon.colcon_core.environment:create_file_with_runtime_dependencies(/home/beamkeerati/ros2_ws/install/param_interfaces/share/colcon-core/packages/param_interfaces)
[0.902s] Level 1:colcon.colcon_core.environment:create_environment_scripts_only(turtlesim_plus_interfaces)
[0.902s] Level 1:colcon.colcon_core.environment:checking '/home/beamkeerati/ros2_ws/install/turtlesim_plus_interfaces' for CMake module files
[0.903s] Level 1:colcon.colcon_core.environment:checking '/home/beamkeerati/ros2_ws/install/turtlesim_plus_interfaces' for CMake config files
[0.903s] Level 1:colcon.colcon_core.shell:create_environment_hook('turtlesim_plus_interfaces', 'cmake_prefix_path')
[0.903s] INFO:colcon.colcon_core.shell:Creating environment hook '/home/beamkeerati/ros2_ws/install/turtlesim_plus_interfaces/share/turtlesim_plus_interfaces/hook/cmake_prefix_path.ps1'
[0.904s] INFO:colcon.colcon_core.shell:Creating environment descriptor '/home/beamkeerati/ros2_ws/install/turtlesim_plus_interfaces/share/turtlesim_plus_interfaces/hook/cmake_prefix_path.dsv'
[0.904s] INFO:colcon.colcon_core.shell:Creating environment hook '/home/beamkeerati/ros2_ws/install/turtlesim_plus_interfaces/share/turtlesim_plus_interfaces/hook/cmake_prefix_path.sh'
[0.904s] Level 1:colcon.colcon_core.environment:checking '/home/beamkeerati/ros2_ws/install/turtlesim_plus_interfaces/lib'
[0.904s] Level 1:colcon.colcon_core.shell:create_environment_hook('turtlesim_plus_interfaces', 'ld_library_path_lib')
[0.905s] INFO:colcon.colcon_core.shell:Creating environment hook '/home/beamkeerati/ros2_ws/install/turtlesim_plus_interfaces/share/turtlesim_plus_interfaces/hook/ld_library_path_lib.ps1'
[0.905s] INFO:colcon.colcon_core.shell:Creating environment descriptor '/home/beamkeerati/ros2_ws/install/turtlesim_plus_interfaces/share/turtlesim_plus_interfaces/hook/ld_library_path_lib.dsv'
[0.905s] INFO:colcon.colcon_core.shell:Creating environment hook '/home/beamkeerati/ros2_ws/install/turtlesim_plus_interfaces/share/turtlesim_plus_interfaces/hook/ld_library_path_lib.sh'
[0.905s] Level 1:colcon.colcon_core.environment:checking '/home/beamkeerati/ros2_ws/install/turtlesim_plus_interfaces/bin'
[0.905s] Level 1:colcon.colcon_core.environment:checking '/home/beamkeerati/ros2_ws/install/turtlesim_plus_interfaces/lib/pkgconfig/turtlesim_plus_interfaces.pc'
[0.905s] Level 1:colcon.colcon_core.environment:checking '/home/beamkeerati/ros2_ws/install/turtlesim_plus_interfaces/lib/python3.10/site-packages'
[0.906s] Level 1:colcon.colcon_core.environment:checking '/home/beamkeerati/ros2_ws/install/turtlesim_plus_interfaces/bin'
[0.906s] INFO:colcon.colcon_core.shell:Creating package script '/home/beamkeerati/ros2_ws/install/turtlesim_plus_interfaces/share/turtlesim_plus_interfaces/package.ps1'
[0.906s] INFO:colcon.colcon_core.shell:Creating package descriptor '/home/beamkeerati/ros2_ws/install/turtlesim_plus_interfaces/share/turtlesim_plus_interfaces/package.dsv'
[0.906s] INFO:colcon.colcon_core.shell:Creating package script '/home/beamkeerati/ros2_ws/install/turtlesim_plus_interfaces/share/turtlesim_plus_interfaces/package.sh'
[0.907s] INFO:colcon.colcon_core.shell:Creating package script '/home/beamkeerati/ros2_ws/install/turtlesim_plus_interfaces/share/turtlesim_plus_interfaces/package.bash'
[0.907s] INFO:colcon.colcon_core.shell:Creating package script '/home/beamkeerati/ros2_ws/install/turtlesim_plus_interfaces/share/turtlesim_plus_interfaces/package.zsh'
[0.907s] Level 1:colcon.colcon_core.environment:create_file_with_runtime_dependencies(/home/beamkeerati/ros2_ws/install/turtlesim_plus_interfaces/share/colcon-core/packages/turtlesim_plus_interfaces)
[0.908s] DEBUG:colcon.colcon_parallel_executor.executor.parallel:closing loop
[0.908s] DEBUG:colcon.colcon_parallel_executor.executor.parallel:loop closed
[0.908s] DEBUG:colcon.colcon_parallel_executor.executor.parallel:run_until_complete finished with '0'
[0.908s] DEBUG:colcon.colcon_core.event_reactor:joining thread
[0.912s] INFO:colcon.colcon_core.plugin_system:Skipping extension 'colcon_notification.desktop_notification.terminal_notifier': Not used on non-Darwin systems
[0.912s] INFO:colcon.colcon_core.plugin_system:Skipping extension 'colcon_notification.desktop_notification.win32': Not used on non-Windows systems
[0.912s] INFO:colcon.colcon_notification.desktop_notification:Sending desktop notification using 'notify2'
[0.921s] DEBUG:colcon.colcon_core.event_reactor:joined thread
[0.921s] INFO:colcon.colcon_core.shell:Creating prefix script '/home/beamkeerati/ros2_ws/install/local_setup.ps1'
[0.922s] INFO:colcon.colcon_core.shell:Creating prefix util module '/home/beamkeerati/ros2_ws/install/_local_setup_util_ps1.py'
[0.923s] INFO:colcon.colcon_core.shell:Creating prefix chain script '/home/beamkeerati/ros2_ws/install/setup.ps1'
[0.923s] INFO:colcon.colcon_core.shell:Creating prefix script '/home/beamkeerati/ros2_ws/install/local_setup.sh'
[0.924s] INFO:colcon.colcon_core.shell:Creating prefix util module '/home/beamkeerati/ros2_ws/install/_local_setup_util_sh.py'
[0.924s] INFO:colcon.colcon_core.shell:Creating prefix chain script '/home/beamkeerati/ros2_ws/install/setup.sh'
[0.925s] INFO:colcon.colcon_core.shell:Creating prefix script '/home/beamkeerati/ros2_ws/install/local_setup.bash'
[0.925s] INFO:colcon.colcon_core.shell:Creating prefix chain script '/home/beamkeerati/ros2_ws/install/setup.bash'
[0.926s] INFO:colcon.colcon_core.shell:Creating prefix script '/home/beamkeerati/ros2_ws/install/local_setup.zsh'
[0.926s] INFO:colcon.colcon_core.shell:Creating prefix chain script '/home/beamkeerati/ros2_ws/install/setup.zsh'
