[0.092s] DEBUG:colcon:Command line arguments: ['/usr/bin/colcon', 'build']
[0.092s] DEBUG:colcon:Parsed command line arguments: Namespace(log_base=None, log_level=None, verb_name='build', build_base='build', install_base='install', merge_install=False, symlink_install=False, test_result_base=None, continue_on_error=False, executor='parallel', parallel_workers=16, event_handlers=None, ignore_user_meta=False, metas=['./colcon.meta'], base_paths=['.'], packages_ignore=None, packages_ignore_regex=None, paths=None, packages_up_to=None, packages_up_to_regex=None, packages_above=None, packages_above_and_dependencies=None, packages_above_depth=None, packages_select_by_dep=None, packages_skip_by_dep=None, packages_skip_up_to=None, packages_select_build_failed=False, packages_skip_build_finished=False, packages_select_test_failures=False, packages_skip_test_passed=False, packages_select=None, packages_skip=None, packages_select_regex=None, packages_skip_regex=None, packages_start=None, packages_end=None, allow_overriding=[], cmake_args=None, cmake_target=None, cmake_target_skip_unavailable=False, cmake_clean_cache=False, cmake_clean_first=False, cmake_force_configure=False, ament_cmake_args=None, catkin_cmake_args=None, catkin_skip_building_tests=False, mixin_files=None, mixin=None, verb_parser=<colcon_mixin.mixin.mixin_argument.MixinArgumentDecorator object at 0x7b5cf8533220>, verb_extension=<colcon_core.verb.build.BuildVerb object at 0x7b5cf86e8bb0>, main=<bound method BuildVerb.main of <colcon_core.verb.build.BuildVerb object at 0x7b5cf86e8bb0>>, mixin_verb=('build',))
[0.228s] Level 1:colcon.colcon_core.package_discovery:discover_packages(colcon_meta) check parameters
[0.228s] Level 1:colcon.colcon_core.package_discovery:discover_packages(recursive) check parameters
[0.228s] Level 1:colcon.colcon_core.package_discovery:discover_packages(ignore) check parameters
[0.228s] Level 1:colcon.colcon_core.package_discovery:discover_packages(path) check parameters
[0.228s] Level 1:colcon.colcon_core.package_discovery:discover_packages(colcon_meta) discover
[0.228s] Level 1:colcon.colcon_core.package_discovery:discover_packages(recursive) discover
[0.228s] INFO:colcon.colcon_core.package_discovery:Crawling recursively for packages in '/home/beamkeerati/ros2_ws'
[0.228s] Level 1:colcon.colcon_core.package_identification:_identify(.) by extensions ['ignore', 'ignore_ament_install']
[0.228s] Level 1:colcon.colcon_core.package_identification:_identify(.) by extension 'ignore'
[0.229s] Level 1:colcon.colcon_core.package_identification:_identify(.) by extension 'ignore_ament_install'
[0.229s] Level 1:colcon.colcon_core.package_identification:_identify(.) by extensions ['colcon_pkg']
[0.229s] Level 1:colcon.colcon_core.package_identification:_identify(.) by extension 'colcon_pkg'
[0.229s] Level 1:colcon.colcon_core.package_identification:_identify(.) by extensions ['colcon_meta']
[0.229s] Level 1:colcon.colcon_core.package_identification:_identify(.) by extension 'colcon_meta'
[0.229s] Level 1:colcon.colcon_core.package_identification:_identify(.) by extensions ['ros']
[0.229s] Level 1:colcon.colcon_core.package_identification:_identify(.) by extension 'ros'
[0.238s] Level 1:colcon.colcon_core.package_identification:_identify(.) by extensions ['cmake', 'python']
[0.238s] Level 1:colcon.colcon_core.package_identification:_identify(.) by extension 'cmake'
[0.238s] Level 1:colcon.colcon_core.package_identification:_identify(.) by extension 'python'
[0.238s] Level 1:colcon.colcon_core.package_identification:_identify(.) by extensions ['python_setup_py']
[0.238s] Level 1:colcon.colcon_core.package_identification:_identify(.) by extension 'python_setup_py'
[0.238s] Level 1:colcon.colcon_core.package_identification:_identify(build) by extensions ['ignore', 'ignore_ament_install']
[0.238s] Level 1:colcon.colcon_core.package_identification:_identify(build) by extension 'ignore'
[0.238s] Level 1:colcon.colcon_core.package_identification:_identify(build) ignored
[0.238s] Level 1:colcon.colcon_core.package_identification:_identify(install) by extensions ['ignore', 'ignore_ament_install']
[0.238s] Level 1:colcon.colcon_core.package_identification:_identify(install) by extension 'ignore'
[0.238s] Level 1:colcon.colcon_core.package_identification:_identify(install) ignored
[0.238s] Level 1:colcon.colcon_core.package_identification:_identify(log) by extensions ['ignore', 'ignore_ament_install']
[0.239s] Level 1:colcon.colcon_core.package_identification:_identify(log) by extension 'ignore'
[0.239s] Level 1:colcon.colcon_core.package_identification:_identify(log) ignored
[0.239s] Level 1:colcon.colcon_core.package_identification:_identify(src) by extensions ['ignore', 'ignore_ament_install']
[0.239s] Level 1:colcon.colcon_core.package_identification:_identify(src) by extension 'ignore'
[0.239s] Level 1:colcon.colcon_core.package_identification:_identify(src) by extension 'ignore_ament_install'
[0.239s] Level 1:colcon.colcon_core.package_identification:_identify(src) by extensions ['colcon_pkg']
[0.239s] Level 1:colcon.colcon_core.package_identification:_identify(src) by extension 'colcon_pkg'
[0.239s] Level 1:colcon.colcon_core.package_identification:_identify(src) by extensions ['colcon_meta']
[0.239s] Level 1:colcon.colcon_core.package_identification:_identify(src) by extension 'colcon_meta'
[0.239s] Level 1:colcon.colcon_core.package_identification:_identify(src) by extensions ['ros']
[0.239s] Level 1:colcon.colcon_core.package_identification:_identify(src) by extension 'ros'
[0.239s] Level 1:colcon.colcon_core.package_identification:_identify(src) by extensions ['cmake', 'python']
[0.239s] Level 1:colcon.colcon_core.package_identification:_identify(src) by extension 'cmake'
[0.239s] Level 1:colcon.colcon_core.package_identification:_identify(src) by extension 'python'
[0.239s] Level 1:colcon.colcon_core.package_identification:_identify(src) by extensions ['python_setup_py']
[0.239s] Level 1:colcon.colcon_core.package_identification:_identify(src) by extension 'python_setup_py'
[0.239s] Level 1:colcon.colcon_core.package_identification:_identify(src/param_interfaces) by extensions ['ignore', 'ignore_ament_install']
[0.239s] Level 1:colcon.colcon_core.package_identification:_identify(src/param_interfaces) by extension 'ignore'
[0.239s] Level 1:colcon.colcon_core.package_identification:_identify(src/param_interfaces) by extension 'ignore_ament_install'
[0.239s] Level 1:colcon.colcon_core.package_identification:_identify(src/param_interfaces) by extensions ['colcon_pkg']
[0.239s] Level 1:colcon.colcon_core.package_identification:_identify(src/param_interfaces) by extension 'colcon_pkg'
[0.239s] Level 1:colcon.colcon_core.package_identification:_identify(src/param_interfaces) by extensions ['colcon_meta']
[0.239s] Level 1:colcon.colcon_core.package_identification:_identify(src/param_interfaces) by extension 'colcon_meta'
[0.239s] Level 1:colcon.colcon_core.package_identification:_identify(src/param_interfaces) by extensions ['ros']
[0.239s] Level 1:colcon.colcon_core.package_identification:_identify(src/param_interfaces) by extension 'ros'
[0.241s] DEBUG:colcon.colcon_core.package_identification:Package 'src/param_interfaces' with type 'ros.ament_cmake' and name 'param_interfaces'
[0.241s] Level 1:colcon.colcon_core.package_identification:_identify(src/turtle_fun) by extensions ['ignore', 'ignore_ament_install']
[0.241s] Level 1:colcon.colcon_core.package_identification:_identify(src/turtle_fun) by extension 'ignore'
[0.241s] Level 1:colcon.colcon_core.package_identification:_identify(src/turtle_fun) by extension 'ignore_ament_install'
[0.242s] Level 1:colcon.colcon_core.package_identification:_identify(src/turtle_fun) by extensions ['colcon_pkg']
[0.242s] Level 1:colcon.colcon_core.package_identification:_identify(src/turtle_fun) by extension 'colcon_pkg'
[0.242s] Level 1:colcon.colcon_core.package_identification:_identify(src/turtle_fun) by extensions ['colcon_meta']
[0.242s] Level 1:colcon.colcon_core.package_identification:_identify(src/turtle_fun) by extension 'colcon_meta'
[0.242s] Level 1:colcon.colcon_core.package_identification:_identify(src/turtle_fun) by extensions ['ros']
[0.242s] Level 1:colcon.colcon_core.package_identification:_identify(src/turtle_fun) by extension 'ros'
[0.242s] DEBUG:colcon.colcon_core.package_identification:Package 'src/turtle_fun' with type 'ros.ament_cmake' and name 'turtle_fun'
[0.242s] Level 1:colcon.colcon_core.package_identification:_identify(src/turtlesim_plus) by extensions ['ignore', 'ignore_ament_install']
[0.242s] Level 1:colcon.colcon_core.package_identification:_identify(src/turtlesim_plus) by extension 'ignore'
[0.242s] Level 1:colcon.colcon_core.package_identification:_identify(src/turtlesim_plus) by extension 'ignore_ament_install'
[0.242s] Level 1:colcon.colcon_core.package_identification:_identify(src/turtlesim_plus) by extensions ['colcon_pkg']
[0.242s] Level 1:colcon.colcon_core.package_identification:_identify(src/turtlesim_plus) by extension 'colcon_pkg'
[0.243s] Level 1:colcon.colcon_core.package_identification:_identify(src/turtlesim_plus) by extensions ['colcon_meta']
[0.243s] Level 1:colcon.colcon_core.package_identification:_identify(src/turtlesim_plus) by extension 'colcon_meta'
[0.243s] Level 1:colcon.colcon_core.package_identification:_identify(src/turtlesim_plus) by extensions ['ros']
[0.243s] Level 1:colcon.colcon_core.package_identification:_identify(src/turtlesim_plus) by extension 'ros'
[0.243s] Level 1:colcon.colcon_core.package_identification:_identify(src/turtlesim_plus) by extensions ['cmake', 'python']
[0.243s] Level 1:colcon.colcon_core.package_identification:_identify(src/turtlesim_plus) by extension 'cmake'
[0.243s] Level 1:colcon.colcon_core.package_identification:_identify(src/turtlesim_plus) by extension 'python'
[0.243s] Level 1:colcon.colcon_core.package_identification:_identify(src/turtlesim_plus) by extensions ['python_setup_py']
[0.243s] Level 1:colcon.colcon_core.package_identification:_identify(src/turtlesim_plus) by extension 'python_setup_py'
[0.243s] Level 1:colcon.colcon_core.package_identification:_identify(src/turtlesim_plus/turtlesim_plus) by extensions ['ignore', 'ignore_ament_install']
[0.243s] Level 1:colcon.colcon_core.package_identification:_identify(src/turtlesim_plus/turtlesim_plus) by extension 'ignore'
[0.243s] Level 1:colcon.colcon_core.package_identification:_identify(src/turtlesim_plus/turtlesim_plus) by extension 'ignore_ament_install'
[0.243s] Level 1:colcon.colcon_core.package_identification:_identify(src/turtlesim_plus/turtlesim_plus) by extensions ['colcon_pkg']
[0.243s] Level 1:colcon.colcon_core.package_identification:_identify(src/turtlesim_plus/turtlesim_plus) by extension 'colcon_pkg'
[0.243s] Level 1:colcon.colcon_core.package_identification:_identify(src/turtlesim_plus/turtlesim_plus) by extensions ['colcon_meta']
[0.243s] Level 1:colcon.colcon_core.package_identification:_identify(src/turtlesim_plus/turtlesim_plus) by extension 'colcon_meta'
[0.243s] Level 1:colcon.colcon_core.package_identification:_identify(src/turtlesim_plus/turtlesim_plus) by extensions ['ros']
[0.243s] Level 1:colcon.colcon_core.package_identification:_identify(src/turtlesim_plus/turtlesim_plus) by extension 'ros'
[0.244s] DEBUG:colcon.colcon_core.package_identification:Package 'src/turtlesim_plus/turtlesim_plus' with type 'ros.ament_cmake' and name 'turtlesim_plus'
[0.244s] Level 1:colcon.colcon_core.package_identification:_identify(src/turtlesim_plus/turtlesim_plus_interfaces) by extensions ['ignore', 'ignore_ament_install']
[0.244s] Level 1:colcon.colcon_core.package_identification:_identify(src/turtlesim_plus/turtlesim_plus_interfaces) by extension 'ignore'
[0.244s] Level 1:colcon.colcon_core.package_identification:_identify(src/turtlesim_plus/turtlesim_plus_interfaces) by extension 'ignore_ament_install'
[0.244s] Level 1:colcon.colcon_core.package_identification:_identify(src/turtlesim_plus/turtlesim_plus_interfaces) by extensions ['colcon_pkg']
[0.244s] Level 1:colcon.colcon_core.package_identification:_identify(src/turtlesim_plus/turtlesim_plus_interfaces) by extension 'colcon_pkg'
[0.244s] Level 1:colcon.colcon_core.package_identification:_identify(src/turtlesim_plus/turtlesim_plus_interfaces) by extensions ['colcon_meta']
[0.244s] Level 1:colcon.colcon_core.package_identification:_identify(src/turtlesim_plus/turtlesim_plus_interfaces) by extension 'colcon_meta'
[0.244s] Level 1:colcon.colcon_core.package_identification:_identify(src/turtlesim_plus/turtlesim_plus_interfaces) by extensions ['ros']
[0.244s] Level 1:colcon.colcon_core.package_identification:_identify(src/turtlesim_plus/turtlesim_plus_interfaces) by extension 'ros'
[0.245s] DEBUG:colcon.colcon_core.package_identification:Package 'src/turtlesim_plus/turtlesim_plus_interfaces' with type 'ros.ament_cmake' and name 'turtlesim_plus_interfaces'
[0.245s] Level 1:colcon.colcon_core.package_discovery:discover_packages(recursive) using defaults
[0.245s] Level 1:colcon.colcon_core.package_discovery:discover_packages(ignore) discover
[0.245s] Level 1:colcon.colcon_core.package_discovery:discover_packages(ignore) using defaults
[0.245s] Level 1:colcon.colcon_core.package_discovery:discover_packages(path) discover
[0.245s] Level 1:colcon.colcon_core.package_discovery:discover_packages(path) using defaults
[0.261s] Level 1:colcon.colcon_core.package_discovery:discover_packages(prefix_path) check parameters
[0.261s] Level 1:colcon.colcon_core.package_discovery:discover_packages(prefix_path) discover
[0.262s] DEBUG:colcon.colcon_installed_package_information.package_discovery:Found 2 installed packages in /home/beamkeerati/FRA501/Week1/Onsite/RoboticsDev2024/install
[0.262s] DEBUG:colcon.colcon_installed_package_information.package_discovery:Found 4 installed packages in /home/beamkeerati/ros2_ws/install
[0.264s] DEBUG:colcon.colcon_installed_package_information.package_discovery:Found 320 installed packages in /opt/ros/humble
[0.274s] Level 1:colcon.colcon_core.package_discovery:discover_packages(prefix_path) using defaults
[0.306s] Level 5:colcon.colcon_core.verb:set package 'param_interfaces' build argument 'cmake_args' from command line to 'None'
[0.306s] Level 5:colcon.colcon_core.verb:set package 'param_interfaces' build argument 'cmake_target' from command line to 'None'
[0.306s] Level 5:colcon.colcon_core.verb:set package 'param_interfaces' build argument 'cmake_target_skip_unavailable' from command line to 'False'
[0.306s] Level 5:colcon.colcon_core.verb:set package 'param_interfaces' build argument 'cmake_clean_cache' from command line to 'False'
[0.306s] Level 5:colcon.colcon_core.verb:set package 'param_interfaces' build argument 'cmake_clean_first' from command line to 'False'
[0.306s] Level 5:colcon.colcon_core.verb:set package 'param_interfaces' build argument 'cmake_force_configure' from command line to 'False'
[0.306s] Level 5:colcon.colcon_core.verb:set package 'param_interfaces' build argument 'ament_cmake_args' from command line to 'None'
[0.306s] Level 5:colcon.colcon_core.verb:set package 'param_interfaces' build argument 'catkin_cmake_args' from command line to 'None'
[0.306s] Level 5:colcon.colcon_core.verb:set package 'param_interfaces' build argument 'catkin_skip_building_tests' from command line to 'False'
[0.306s] DEBUG:colcon.colcon_core.verb:Building package 'param_interfaces' with the following arguments: {'ament_cmake_args': None, 'build_base': '/home/beamkeerati/ros2_ws/build/param_interfaces', 'catkin_cmake_args': None, 'catkin_skip_building_tests': False, 'cmake_args': None, 'cmake_clean_cache': False, 'cmake_clean_first': False, 'cmake_force_configure': False, 'cmake_target': None, 'cmake_target_skip_unavailable': False, 'install_base': '/home/beamkeerati/ros2_ws/install/param_interfaces', 'merge_install': False, 'path': '/home/beamkeerati/ros2_ws/src/param_interfaces', 'symlink_install': False, 'test_result_base': None}
[0.306s] Level 5:colcon.colcon_core.verb:set package 'turtle_fun' build argument 'cmake_args' from command line to 'None'
[0.306s] Level 5:colcon.colcon_core.verb:set package 'turtle_fun' build argument 'cmake_target' from command line to 'None'
[0.306s] Level 5:colcon.colcon_core.verb:set package 'turtle_fun' build argument 'cmake_target_skip_unavailable' from command line to 'False'
[0.306s] Level 5:colcon.colcon_core.verb:set package 'turtle_fun' build argument 'cmake_clean_cache' from command line to 'False'
[0.306s] Level 5:colcon.colcon_core.verb:set package 'turtle_fun' build argument 'cmake_clean_first' from command line to 'False'
[0.306s] Level 5:colcon.colcon_core.verb:set package 'turtle_fun' build argument 'cmake_force_configure' from command line to 'False'
[0.306s] Level 5:colcon.colcon_core.verb:set package 'turtle_fun' build argument 'ament_cmake_args' from command line to 'None'
[0.306s] Level 5:colcon.colcon_core.verb:set package 'turtle_fun' build argument 'catkin_cmake_args' from command line to 'None'
[0.306s] Level 5:colcon.colcon_core.verb:set package 'turtle_fun' build argument 'catkin_skip_building_tests' from command line to 'False'
[0.307s] DEBUG:colcon.colcon_core.verb:Building package 'turtle_fun' with the following arguments: {'ament_cmake_args': None, 'build_base': '/home/beamkeerati/ros2_ws/build/turtle_fun', 'catkin_cmake_args': None, 'catkin_skip_building_tests': False, 'cmake_args': None, 'cmake_clean_cache': False, 'cmake_clean_first': False, 'cmake_force_configure': False, 'cmake_target': None, 'cmake_target_skip_unavailable': False, 'install_base': '/home/beamkeerati/ros2_ws/install/turtle_fun', 'merge_install': False, 'path': '/home/beamkeerati/ros2_ws/src/turtle_fun', 'symlink_install': False, 'test_result_base': None}
[0.307s] Level 5:colcon.colcon_core.verb:set package 'turtlesim_plus' build argument 'cmake_args' from command line to 'None'
[0.307s] Level 5:colcon.colcon_core.verb:set package 'turtlesim_plus' build argument 'cmake_target' from command line to 'None'
[0.307s] Level 5:colcon.colcon_core.verb:set package 'turtlesim_plus' build argument 'cmake_target_skip_unavailable' from command line to 'False'
[0.307s] Level 5:colcon.colcon_core.verb:set package 'turtlesim_plus' build argument 'cmake_clean_cache' from command line to 'False'
[0.307s] Level 5:colcon.colcon_core.verb:set package 'turtlesim_plus' build argument 'cmake_clean_first' from command line to 'False'
[0.307s] Level 5:colcon.colcon_core.verb:set package 'turtlesim_plus' build argument 'cmake_force_configure' from command line to 'False'
[0.307s] Level 5:colcon.colcon_core.verb:set package 'turtlesim_plus' build argument 'ament_cmake_args' from command line to 'None'
[0.307s] Level 5:colcon.colcon_core.verb:set package 'turtlesim_plus' build argument 'catkin_cmake_args' from command line to 'None'
[0.307s] Level 5:colcon.colcon_core.verb:set package 'turtlesim_plus' build argument 'catkin_skip_building_tests' from command line to 'False'
[0.307s] DEBUG:colcon.colcon_core.verb:Building package 'turtlesim_plus' with the following arguments: {'ament_cmake_args': None, 'build_base': '/home/beamkeerati/ros2_ws/build/turtlesim_plus', 'catkin_cmake_args': None, 'catkin_skip_building_tests': False, 'cmake_args': None, 'cmake_clean_cache': False, 'cmake_clean_first': False, 'cmake_force_configure': False, 'cmake_target': None, 'cmake_target_skip_unavailable': False, 'install_base': '/home/beamkeerati/ros2_ws/install/turtlesim_plus', 'merge_install': False, 'path': '/home/beamkeerati/ros2_ws/src/turtlesim_plus/turtlesim_plus', 'symlink_install': False, 'test_result_base': None}
[0.307s] Level 5:colcon.colcon_core.verb:set package 'turtlesim_plus_interfaces' build argument 'cmake_args' from command line to 'None'
[0.307s] Level 5:colcon.colcon_core.verb:set package 'turtlesim_plus_interfaces' build argument 'cmake_target' from command line to 'None'
[0.307s] Level 5:colcon.colcon_core.verb:set package 'turtlesim_plus_interfaces' build argument 'cmake_target_skip_unavailable' from command line to 'False'
[0.307s] Level 5:colcon.colcon_core.verb:set package 'turtlesim_plus_interfaces' build argument 'cmake_clean_cache' from command line to 'False'
[0.307s] Level 5:colcon.colcon_core.verb:set package 'turtlesim_plus_interfaces' build argument 'cmake_clean_first' from command line to 'False'
[0.307s] Level 5:colcon.colcon_core.verb:set package 'turtlesim_plus_interfaces' build argument 'cmake_force_configure' from command line to 'False'
[0.307s] Level 5:colcon.colcon_core.verb:set package 'turtlesim_plus_interfaces' build argument 'ament_cmake_args' from command line to 'None'
[0.307s] Level 5:colcon.colcon_core.verb:set package 'turtlesim_plus_interfaces' build argument 'catkin_cmake_args' from command line to 'None'
[0.307s] Level 5:colcon.colcon_core.verb:set package 'turtlesim_plus_interfaces' build argument 'catkin_skip_building_tests' from command line to 'False'
[0.307s] DEBUG:colcon.colcon_core.verb:Building package 'turtlesim_plus_interfaces' with the following arguments: {'ament_cmake_args': None, 'build_base': '/home/beamkeerati/ros2_ws/build/turtlesim_plus_interfaces', 'catkin_cmake_args': None, 'catkin_skip_building_tests': False, 'cmake_args': None, 'cmake_clean_cache': False, 'cmake_clean_first': False, 'cmake_force_configure': False, 'cmake_target': None, 'cmake_target_skip_unavailable': False, 'install_base': '/home/beamkeerati/ros2_ws/install/turtlesim_plus_interfaces', 'merge_install': False, 'path': '/home/beamkeerati/ros2_ws/src/turtlesim_plus/turtlesim_plus_interfaces', 'symlink_install': False, 'test_result_base': None}
[0.307s] INFO:colcon.colcon_core.executor:Executing jobs using 'parallel' executor
[0.308s] DEBUG:colcon.colcon_parallel_executor.executor.parallel:run_until_complete
[0.309s] INFO:colcon.colcon_ros.task.ament_cmake.build:Building ROS package in '/home/beamkeerati/ros2_ws/src/param_interfaces' with build type 'ament_cmake'
[0.309s] INFO:colcon.colcon_cmake.task.cmake.build:Building CMake package in '/home/beamkeerati/ros2_ws/src/param_interfaces'
[0.311s] INFO:colcon.colcon_core.plugin_system:Skipping extension 'colcon_core.shell.bat': Not used on non-Windows systems
[0.311s] INFO:colcon.colcon_core.shell:Skip shell extension 'powershell' for command environment: Not usable outside of PowerShell
[0.311s] DEBUG:colcon.colcon_core.shell:Skip shell extension 'dsv' for command environment
[0.314s] INFO:colcon.colcon_ros.task.ament_cmake.build:Building ROS package in '/home/beamkeerati/ros2_ws/src/turtle_fun' with build type 'ament_cmake'
[0.314s] INFO:colcon.colcon_cmake.task.cmake.build:Building CMake package in '/home/beamkeerati/ros2_ws/src/turtle_fun'
[0.314s] INFO:colcon.colcon_core.shell:Skip shell extension 'powershell' for command environment: Not usable outside of PowerShell
[0.314s] DEBUG:colcon.colcon_core.shell:Skip shell extension 'dsv' for command environment
[0.317s] INFO:colcon.colcon_ros.task.ament_cmake.build:Building ROS package in '/home/beamkeerati/ros2_ws/src/turtlesim_plus/turtlesim_plus' with build type 'ament_cmake'
[0.317s] INFO:colcon.colcon_cmake.task.cmake.build:Building CMake package in '/home/beamkeerati/ros2_ws/src/turtlesim_plus/turtlesim_plus'
[0.317s] INFO:colcon.colcon_core.shell:Skip shell extension 'powershell' for command environment: Not usable outside of PowerShell
[0.317s] DEBUG:colcon.colcon_core.shell:Skip shell extension 'dsv' for command environment
[0.320s] INFO:colcon.colcon_ros.task.ament_cmake.build:Building ROS package in '/home/beamkeerati/ros2_ws/src/turtlesim_plus/turtlesim_plus_interfaces' with build type 'ament_cmake'
[0.320s] INFO:colcon.colcon_cmake.task.cmake.build:Building CMake package in '/home/beamkeerati/ros2_ws/src/turtlesim_plus/turtlesim_plus_interfaces'
[0.320s] INFO:colcon.colcon_core.shell:Skip shell extension 'powershell' for command environment: Not usable outside of PowerShell
[0.320s] DEBUG:colcon.colcon_core.shell:Skip shell extension 'dsv' for command environment
[0.327s] DEBUG:colcon.colcon_core.event_handler.log_command:Invoking command in '/home/beamkeerati/ros2_ws/build/param_interfaces': CMAKE_PREFIX_PATH=${CMAKE_PREFIX_PATH}:/opt/ros/humble /usr/bin/cmake --build /home/beamkeerati/ros2_ws/build/param_interfaces -- -j16 -l16
[0.330s] DEBUG:colcon.colcon_core.event_handler.log_command:Invoking command in '/home/beamkeerati/ros2_ws/build/turtle_fun': CMAKE_PREFIX_PATH=${CMAKE_PREFIX_PATH}:/opt/ros/humble /usr/bin/cmake --build /home/beamkeerati/ros2_ws/build/turtle_fun -- -j16 -l16
[0.332s] DEBUG:colcon.colcon_core.event_handler.log_command:Invoking command in '/home/beamkeerati/ros2_ws/build/turtlesim_plus': CMAKE_PREFIX_PATH=${CMAKE_PREFIX_PATH}:/opt/ros/humble /usr/bin/cmake --build /home/beamkeerati/ros2_ws/build/turtlesim_plus -- -j16 -l16
[0.335s] DEBUG:colcon.colcon_core.event_handler.log_command:Invoking command in '/home/beamkeerati/ros2_ws/build/turtlesim_plus_interfaces': CMAKE_PREFIX_PATH=${CMAKE_PREFIX_PATH}:/opt/ros/humble /usr/bin/cmake --build /home/beamkeerati/ros2_ws/build/turtlesim_plus_interfaces -- -j16 -l16
[0.663s] DEBUG:colcon.colcon_core.event_handler.log_command:Invoked command in '/home/beamkeerati/ros2_ws/build/param_interfaces' returned '0': CMAKE_PREFIX_PATH=${CMAKE_PREFIX_PATH}:/opt/ros/humble /usr/bin/cmake --build /home/beamkeerati/ros2_ws/build/param_interfaces -- -j16 -l16
[0.666s] DEBUG:colcon.colcon_core.event_handler.log_command:Invoked command in '/home/beamkeerati/ros2_ws/build/turtlesim_plus' returned '0': CMAKE_PREFIX_PATH=${CMAKE_PREFIX_PATH}:/opt/ros/humble /usr/bin/cmake --build /home/beamkeerati/ros2_ws/build/turtlesim_plus -- -j16 -l16
[0.701s] DEBUG:colcon.colcon_core.event_handler.log_command:Invoking command in '/home/beamkeerati/ros2_ws/build/turtlesim_plus': CMAKE_PREFIX_PATH=${CMAKE_PREFIX_PATH}:/opt/ros/humble /usr/bin/cmake --install /home/beamkeerati/ros2_ws/build/turtlesim_plus
[0.719s] DEBUG:colcon.colcon_core.event_handler.log_command:Invoked command in '/home/beamkeerati/ros2_ws/build/turtle_fun' returned '0': CMAKE_PREFIX_PATH=${CMAKE_PREFIX_PATH}:/opt/ros/humble /usr/bin/cmake --build /home/beamkeerati/ros2_ws/build/turtle_fun -- -j16 -l16
[0.728s] DEBUG:colcon.colcon_core.event_handler.log_command:Invoked command in '/home/beamkeerati/ros2_ws/build/turtlesim_plus_interfaces' returned '0': CMAKE_PREFIX_PATH=${CMAKE_PREFIX_PATH}:/opt/ros/humble /usr/bin/cmake --build /home/beamkeerati/ros2_ws/build/turtlesim_plus_interfaces -- -j16 -l16
[0.745s] Level 1:colcon.colcon_core.environment:create_environment_scripts_only(turtlesim_plus)
[0.745s] DEBUG:colcon.colcon_core.event_handler.log_command:Invoked command in '/home/beamkeerati/ros2_ws/build/turtlesim_plus' returned '0': CMAKE_PREFIX_PATH=${CMAKE_PREFIX_PATH}:/opt/ros/humble /usr/bin/cmake --install /home/beamkeerati/ros2_ws/build/turtlesim_plus
[0.748s] Level 1:colcon.colcon_core.environment:checking '/home/beamkeerati/ros2_ws/install/turtlesim_plus' for CMake module files
[0.748s] Level 1:colcon.colcon_core.environment:checking '/home/beamkeerati/ros2_ws/install/turtlesim_plus' for CMake config files
[0.748s] Level 1:colcon.colcon_core.shell:create_environment_hook('turtlesim_plus', 'cmake_prefix_path')
[0.748s] INFO:colcon.colcon_core.shell:Creating environment hook '/home/beamkeerati/ros2_ws/install/turtlesim_plus/share/turtlesim_plus/hook/cmake_prefix_path.ps1'
[0.749s] INFO:colcon.colcon_core.shell:Creating environment descriptor '/home/beamkeerati/ros2_ws/install/turtlesim_plus/share/turtlesim_plus/hook/cmake_prefix_path.dsv'
[0.749s] INFO:colcon.colcon_core.shell:Creating environment hook '/home/beamkeerati/ros2_ws/install/turtlesim_plus/share/turtlesim_plus/hook/cmake_prefix_path.sh'
[0.750s] Level 1:colcon.colcon_core.environment:checking '/home/beamkeerati/ros2_ws/install/turtlesim_plus/lib'
[0.750s] Level 1:colcon.colcon_core.environment:checking '/home/beamkeerati/ros2_ws/install/turtlesim_plus/bin'
[0.750s] Level 1:colcon.colcon_core.environment:checking '/home/beamkeerati/ros2_ws/install/turtlesim_plus/lib/pkgconfig/turtlesim_plus.pc'
[0.750s] Level 1:colcon.colcon_core.environment:checking '/home/beamkeerati/ros2_ws/install/turtlesim_plus/lib/python3.10/site-packages'
[0.750s] Level 1:colcon.colcon_core.environment:checking '/home/beamkeerati/ros2_ws/install/turtlesim_plus/bin'
[0.751s] INFO:colcon.colcon_core.shell:Creating package script '/home/beamkeerati/ros2_ws/install/turtlesim_plus/share/turtlesim_plus/package.ps1'
[0.751s] INFO:colcon.colcon_core.shell:Creating package descriptor '/home/beamkeerati/ros2_ws/install/turtlesim_plus/share/turtlesim_plus/package.dsv'
[0.751s] INFO:colcon.colcon_core.shell:Creating package script '/home/beamkeerati/ros2_ws/install/turtlesim_plus/share/turtlesim_plus/package.sh'
[0.752s] INFO:colcon.colcon_core.shell:Creating package script '/home/beamkeerati/ros2_ws/install/turtlesim_plus/share/turtlesim_plus/package.bash'
[0.752s] INFO:colcon.colcon_core.shell:Creating package script '/home/beamkeerati/ros2_ws/install/turtlesim_plus/share/turtlesim_plus/package.zsh'
[0.753s] Level 1:colcon.colcon_core.environment:create_file_with_runtime_dependencies(/home/beamkeerati/ros2_ws/install/turtlesim_plus/share/colcon-core/packages/turtlesim_plus)
[0.755s] DEBUG:colcon.colcon_core.event_handler.log_command:Invoking command in '/home/beamkeerati/ros2_ws/build/turtle_fun': CMAKE_PREFIX_PATH=${CMAKE_PREFIX_PATH}:/opt/ros/humble /usr/bin/cmake --install /home/beamkeerati/ros2_ws/build/turtle_fun
[0.757s] DEBUG:colcon.colcon_core.event_handler.log_command:Invoking command in '/home/beamkeerati/ros2_ws/build/param_interfaces': CMAKE_PREFIX_PATH=${CMAKE_PREFIX_PATH}:/opt/ros/humble /usr/bin/cmake --install /home/beamkeerati/ros2_ws/build/param_interfaces
[0.776s] Level 1:colcon.colcon_core.environment:create_environment_scripts_only(turtlesim_plus)
[0.777s] Level 1:colcon.colcon_core.environment:checking '/home/beamkeerati/ros2_ws/install/turtlesim_plus' for CMake module files
[0.777s] Level 1:colcon.colcon_core.environment:checking '/home/beamkeerati/ros2_ws/install/turtlesim_plus' for CMake config files
[0.777s] Level 1:colcon.colcon_core.shell:create_environment_hook('turtlesim_plus', 'cmake_prefix_path')
[0.778s] INFO:colcon.colcon_core.shell:Creating environment hook '/home/beamkeerati/ros2_ws/install/turtlesim_plus/share/turtlesim_plus/hook/cmake_prefix_path.ps1'
[0.778s] INFO:colcon.colcon_core.shell:Creating environment descriptor '/home/beamkeerati/ros2_ws/install/turtlesim_plus/share/turtlesim_plus/hook/cmake_prefix_path.dsv'
[0.778s] INFO:colcon.colcon_core.shell:Creating environment hook '/home/beamkeerati/ros2_ws/install/turtlesim_plus/share/turtlesim_plus/hook/cmake_prefix_path.sh'
[0.779s] Level 1:colcon.colcon_core.environment:checking '/home/beamkeerati/ros2_ws/install/turtlesim_plus/lib'
[0.779s] Level 1:colcon.colcon_core.environment:checking '/home/beamkeerati/ros2_ws/install/turtlesim_plus/bin'
[0.779s] Level 1:colcon.colcon_core.environment:checking '/home/beamkeerati/ros2_ws/install/turtlesim_plus/lib/pkgconfig/turtlesim_plus.pc'
[0.779s] Level 1:colcon.colcon_core.environment:checking '/home/beamkeerati/ros2_ws/install/turtlesim_plus/lib/python3.10/site-packages'
[0.779s] Level 1:colcon.colcon_core.environment:checking '/home/beamkeerati/ros2_ws/install/turtlesim_plus/bin'
[0.779s] INFO:colcon.colcon_core.shell:Creating package script '/home/beamkeerati/ros2_ws/install/turtlesim_plus/share/turtlesim_plus/package.ps1'
[0.779s] INFO:colcon.colcon_core.shell:Creating package descriptor '/home/beamkeerati/ros2_ws/install/turtlesim_plus/share/turtlesim_plus/package.dsv'
[0.780s] INFO:colcon.colcon_core.shell:Creating package script '/home/beamkeerati/ros2_ws/install/turtlesim_plus/share/turtlesim_plus/package.sh'
[0.780s] INFO:colcon.colcon_core.shell:Creating package script '/home/beamkeerati/ros2_ws/install/turtlesim_plus/share/turtlesim_plus/package.bash'
[0.780s] INFO:colcon.colcon_core.shell:Creating package script '/home/beamkeerati/ros2_ws/install/turtlesim_plus/share/turtlesim_plus/package.zsh'
[0.781s] Level 1:colcon.colcon_core.environment:create_file_with_runtime_dependencies(/home/beamkeerati/ros2_ws/install/turtlesim_plus/share/colcon-core/packages/turtlesim_plus)
[0.798s] Level 1:colcon.colcon_core.environment:create_environment_scripts_only(turtle_fun)
[0.798s] Level 1:colcon.colcon_core.environment:checking '/home/beamkeerati/ros2_ws/install/turtle_fun' for CMake module files
[0.799s] DEBUG:colcon.colcon_core.event_handler.log_command:Invoked command in '/home/beamkeerati/ros2_ws/build/turtle_fun' returned '0': CMAKE_PREFIX_PATH=${CMAKE_PREFIX_PATH}:/opt/ros/humble /usr/bin/cmake --install /home/beamkeerati/ros2_ws/build/turtle_fun
[0.799s] Level 1:colcon.colcon_core.environment:checking '/home/beamkeerati/ros2_ws/install/turtle_fun' for CMake config files
[0.799s] Level 1:colcon.colcon_core.shell:create_environment_hook('turtle_fun', 'cmake_prefix_path')
[0.799s] INFO:colcon.colcon_core.shell:Creating environment hook '/home/beamkeerati/ros2_ws/install/turtle_fun/share/turtle_fun/hook/cmake_prefix_path.ps1'
[0.800s] INFO:colcon.colcon_core.shell:Creating environment descriptor '/home/beamkeerati/ros2_ws/install/turtle_fun/share/turtle_fun/hook/cmake_prefix_path.dsv'
[0.800s] INFO:colcon.colcon_core.shell:Creating environment hook '/home/beamkeerati/ros2_ws/install/turtle_fun/share/turtle_fun/hook/cmake_prefix_path.sh'
[0.801s] Level 1:colcon.colcon_core.environment:checking '/home/beamkeerati/ros2_ws/install/turtle_fun/lib'
[0.801s] Level 1:colcon.colcon_core.environment:checking '/home/beamkeerati/ros2_ws/install/turtle_fun/bin'
[0.801s] Level 1:colcon.colcon_core.environment:checking '/home/beamkeerati/ros2_ws/install/turtle_fun/lib/pkgconfig/turtle_fun.pc'
[0.801s] Level 1:colcon.colcon_core.environment:checking '/home/beamkeerati/ros2_ws/install/turtle_fun/lib/python3.10/site-packages'
[0.801s] Level 1:colcon.colcon_core.environment:checking '/home/beamkeerati/ros2_ws/install/turtle_fun/bin'
[0.801s] INFO:colcon.colcon_core.shell:Creating package script '/home/beamkeerati/ros2_ws/install/turtle_fun/share/turtle_fun/package.ps1'
[0.803s] INFO:colcon.colcon_core.shell:Creating package descriptor '/home/beamkeerati/ros2_ws/install/turtle_fun/share/turtle_fun/package.dsv'
[0.805s] INFO:colcon.colcon_core.shell:Creating package script '/home/beamkeerati/ros2_ws/install/turtle_fun/share/turtle_fun/package.sh'
[0.806s] INFO:colcon.colcon_core.shell:Creating package script '/home/beamkeerati/ros2_ws/install/turtle_fun/share/turtle_fun/package.bash'
[0.806s] INFO:colcon.colcon_core.shell:Creating package script '/home/beamkeerati/ros2_ws/install/turtle_fun/share/turtle_fun/package.zsh'
[0.806s] Level 1:colcon.colcon_core.environment:create_file_with_runtime_dependencies(/home/beamkeerati/ros2_ws/install/turtle_fun/share/colcon-core/packages/turtle_fun)
[0.808s] Level 1:colcon.colcon_core.environment:create_environment_scripts_only(param_interfaces)
[0.808s] Level 1:colcon.colcon_core.environment:checking '/home/beamkeerati/ros2_ws/install/param_interfaces' for CMake module files
[0.808s] DEBUG:colcon.colcon_core.event_handler.log_command:Invoked command in '/home/beamkeerati/ros2_ws/build/param_interfaces' returned '0': CMAKE_PREFIX_PATH=${CMAKE_PREFIX_PATH}:/opt/ros/humble /usr/bin/cmake --install /home/beamkeerati/ros2_ws/build/param_interfaces
[0.809s] Level 1:colcon.colcon_core.environment:checking '/home/beamkeerati/ros2_ws/install/param_interfaces' for CMake config files
[0.809s] Level 1:colcon.colcon_core.shell:create_environment_hook('param_interfaces', 'cmake_prefix_path')
[0.809s] INFO:colcon.colcon_core.shell:Creating environment hook '/home/beamkeerati/ros2_ws/install/param_interfaces/share/param_interfaces/hook/cmake_prefix_path.ps1'
[0.810s] INFO:colcon.colcon_core.shell:Creating environment descriptor '/home/beamkeerati/ros2_ws/install/param_interfaces/share/param_interfaces/hook/cmake_prefix_path.dsv'
[0.810s] INFO:colcon.colcon_core.shell:Creating environment hook '/home/beamkeerati/ros2_ws/install/param_interfaces/share/param_interfaces/hook/cmake_prefix_path.sh'
[0.810s] Level 1:colcon.colcon_core.environment:checking '/home/beamkeerati/ros2_ws/install/param_interfaces/lib'
[0.810s] Level 1:colcon.colcon_core.shell:create_environment_hook('param_interfaces', 'ld_library_path_lib')
[0.810s] INFO:colcon.colcon_core.shell:Creating environment hook '/home/beamkeerati/ros2_ws/install/param_interfaces/share/param_interfaces/hook/ld_library_path_lib.ps1'
[0.811s] INFO:colcon.colcon_core.shell:Creating environment descriptor '/home/beamkeerati/ros2_ws/install/param_interfaces/share/param_interfaces/hook/ld_library_path_lib.dsv'
[0.811s] INFO:colcon.colcon_core.shell:Creating environment hook '/home/beamkeerati/ros2_ws/install/param_interfaces/share/param_interfaces/hook/ld_library_path_lib.sh'
[0.811s] Level 1:colcon.colcon_core.environment:checking '/home/beamkeerati/ros2_ws/install/param_interfaces/bin'
[0.811s] Level 1:colcon.colcon_core.environment:checking '/home/beamkeerati/ros2_ws/install/param_interfaces/lib/pkgconfig/param_interfaces.pc'
[0.811s] Level 1:colcon.colcon_core.environment:checking '/home/beamkeerati/ros2_ws/install/param_interfaces/lib/python3.10/site-packages'
[0.811s] Level 1:colcon.colcon_core.environment:checking '/home/beamkeerati/ros2_ws/install/param_interfaces/bin'
[0.812s] INFO:colcon.colcon_core.shell:Creating package script '/home/beamkeerati/ros2_ws/install/param_interfaces/share/param_interfaces/package.ps1'
[0.812s] INFO:colcon.colcon_core.shell:Creating package descriptor '/home/beamkeerati/ros2_ws/install/param_interfaces/share/param_interfaces/package.dsv'
[0.812s] INFO:colcon.colcon_core.shell:Creating package script '/home/beamkeerati/ros2_ws/install/param_interfaces/share/param_interfaces/package.sh'
[0.813s] INFO:colcon.colcon_core.shell:Creating package script '/home/beamkeerati/ros2_ws/install/param_interfaces/share/param_interfaces/package.bash'
[0.813s] INFO:colcon.colcon_core.shell:Creating package script '/home/beamkeerati/ros2_ws/install/param_interfaces/share/param_interfaces/package.zsh'
[0.813s] Level 1:colcon.colcon_core.environment:create_file_with_runtime_dependencies(/home/beamkeerati/ros2_ws/install/param_interfaces/share/colcon-core/packages/param_interfaces)
[0.833s] Level 1:colcon.colcon_core.environment:create_environment_scripts_only(turtle_fun)
[0.834s] Level 1:colcon.colcon_core.environment:checking '/home/beamkeerati/ros2_ws/install/turtle_fun' for CMake module files
[0.834s] Level 1:colcon.colcon_core.environment:checking '/home/beamkeerati/ros2_ws/install/turtle_fun' for CMake config files
[0.834s] Level 1:colcon.colcon_core.shell:create_environment_hook('turtle_fun', 'cmake_prefix_path')
[0.835s] INFO:colcon.colcon_core.shell:Creating environment hook '/home/beamkeerati/ros2_ws/install/turtle_fun/share/turtle_fun/hook/cmake_prefix_path.ps1'
[0.835s] INFO:colcon.colcon_core.shell:Creating environment descriptor '/home/beamkeerati/ros2_ws/install/turtle_fun/share/turtle_fun/hook/cmake_prefix_path.dsv'
[0.835s] INFO:colcon.colcon_core.shell:Creating environment hook '/home/beamkeerati/ros2_ws/install/turtle_fun/share/turtle_fun/hook/cmake_prefix_path.sh'
[0.836s] Level 1:colcon.colcon_core.environment:checking '/home/beamkeerati/ros2_ws/install/turtle_fun/lib'
[0.836s] Level 1:colcon.colcon_core.environment:checking '/home/beamkeerati/ros2_ws/install/turtle_fun/bin'
[0.836s] Level 1:colcon.colcon_core.environment:checking '/home/beamkeerati/ros2_ws/install/turtle_fun/lib/pkgconfig/turtle_fun.pc'
[0.836s] Level 1:colcon.colcon_core.environment:checking '/home/beamkeerati/ros2_ws/install/turtle_fun/lib/python3.10/site-packages'
[0.836s] Level 1:colcon.colcon_core.environment:checking '/home/beamkeerati/ros2_ws/install/turtle_fun/bin'
[0.836s] INFO:colcon.colcon_core.shell:Creating package script '/home/beamkeerati/ros2_ws/install/turtle_fun/share/turtle_fun/package.ps1'
[0.837s] INFO:colcon.colcon_core.shell:Creating package descriptor '/home/beamkeerati/ros2_ws/install/turtle_fun/share/turtle_fun/package.dsv'
[0.837s] INFO:colcon.colcon_core.shell:Creating package script '/home/beamkeerati/ros2_ws/install/turtle_fun/share/turtle_fun/package.sh'
[0.837s] INFO:colcon.colcon_core.shell:Creating package script '/home/beamkeerati/ros2_ws/install/turtle_fun/share/turtle_fun/package.bash'
[0.838s] INFO:colcon.colcon_core.shell:Creating package script '/home/beamkeerati/ros2_ws/install/turtle_fun/share/turtle_fun/package.zsh'
[0.838s] Level 1:colcon.colcon_core.environment:create_file_with_runtime_dependencies(/home/beamkeerati/ros2_ws/install/turtle_fun/share/colcon-core/packages/turtle_fun)
[0.853s] DEBUG:colcon.colcon_core.event_handler.log_command:Invoking command in '/home/beamkeerati/ros2_ws/build/turtlesim_plus_interfaces': CMAKE_PREFIX_PATH=${CMAKE_PREFIX_PATH}:/opt/ros/humble /usr/bin/cmake --install /home/beamkeerati/ros2_ws/build/turtlesim_plus_interfaces
[0.894s] Level 1:colcon.colcon_core.environment:create_environment_scripts_only(param_interfaces)
[0.894s] Level 1:colcon.colcon_core.environment:checking '/home/beamkeerati/ros2_ws/install/param_interfaces' for CMake module files
[0.898s] Level 1:colcon.colcon_core.environment:checking '/home/beamkeerati/ros2_ws/install/param_interfaces' for CMake config files
[0.899s] Level 1:colcon.colcon_core.shell:create_environment_hook('param_interfaces', 'cmake_prefix_path')
[0.899s] INFO:colcon.colcon_core.shell:Creating environment hook '/home/beamkeerati/ros2_ws/install/param_interfaces/share/param_interfaces/hook/cmake_prefix_path.ps1'
[0.899s] INFO:colcon.colcon_core.shell:Creating environment descriptor '/home/beamkeerati/ros2_ws/install/param_interfaces/share/param_interfaces/hook/cmake_prefix_path.dsv'
[0.900s] INFO:colcon.colcon_core.shell:Creating environment hook '/home/beamkeerati/ros2_ws/install/param_interfaces/share/param_interfaces/hook/cmake_prefix_path.sh'
[0.900s] Level 1:colcon.colcon_core.environment:checking '/home/beamkeerati/ros2_ws/install/param_interfaces/lib'
[0.900s] Level 1:colcon.colcon_core.shell:create_environment_hook('param_interfaces', 'ld_library_path_lib')
[0.900s] INFO:colcon.colcon_core.shell:Creating environment hook '/home/beamkeerati/ros2_ws/install/param_interfaces/share/param_interfaces/hook/ld_library_path_lib.ps1'
[0.900s] INFO:colcon.colcon_core.shell:Creating environment descriptor '/home/beamkeerati/ros2_ws/install/param_interfaces/share/param_interfaces/hook/ld_library_path_lib.dsv'
[0.901s] INFO:colcon.colcon_core.shell:Creating environment hook '/home/beamkeerati/ros2_ws/install/param_interfaces/share/param_interfaces/hook/ld_library_path_lib.sh'
[0.901s] Level 1:colcon.colcon_core.environment:checking '/home/beamkeerati/ros2_ws/install/param_interfaces/bin'
[0.901s] Level 1:colcon.colcon_core.environment:checking '/home/beamkeerati/ros2_ws/install/param_interfaces/lib/pkgconfig/param_interfaces.pc'
[0.901s] Level 1:colcon.colcon_core.environment:checking '/home/beamkeerati/ros2_ws/install/param_interfaces/lib/python3.10/site-packages'
[0.901s] Level 1:colcon.colcon_core.environment:checking '/home/beamkeerati/ros2_ws/install/param_interfaces/bin'
[0.902s] INFO:colcon.colcon_core.shell:Creating package script '/home/beamkeerati/ros2_ws/install/param_interfaces/share/param_interfaces/package.ps1'
[0.902s] INFO:colcon.colcon_core.shell:Creating package descriptor '/home/beamkeerati/ros2_ws/install/param_interfaces/share/param_interfaces/package.dsv'
[0.902s] INFO:colcon.colcon_core.shell:Creating package script '/home/beamkeerati/ros2_ws/install/param_interfaces/share/param_interfaces/package.sh'
[0.902s] INFO:colcon.colcon_core.shell:Creating package script '/home/beamkeerati/ros2_ws/install/param_interfaces/share/param_interfaces/package.bash'
[0.903s] INFO:colcon.colcon_core.shell:Creating package script '/home/beamkeerati/ros2_ws/install/param_interfaces/share/param_interfaces/package.zsh'
[0.903s] Level 1:colcon.colcon_core.environment:create_file_with_runtime_dependencies(/home/beamkeerati/ros2_ws/install/param_interfaces/share/colcon-core/packages/param_interfaces)
[0.904s] Level 1:colcon.colcon_core.environment:create_environment_scripts_only(turtlesim_plus_interfaces)
[0.904s] Level 1:colcon.colcon_core.environment:checking '/home/beamkeerati/ros2_ws/install/turtlesim_plus_interfaces' for CMake module files
[0.905s] DEBUG:colcon.colcon_core.event_handler.log_command:Invoked command in '/home/beamkeerati/ros2_ws/build/turtlesim_plus_interfaces' returned '0': CMAKE_PREFIX_PATH=${CMAKE_PREFIX_PATH}:/opt/ros/humble /usr/bin/cmake --install /home/beamkeerati/ros2_ws/build/turtlesim_plus_interfaces
[0.905s] Level 1:colcon.colcon_core.environment:checking '/home/beamkeerati/ros2_ws/install/turtlesim_plus_interfaces' for CMake config files
[0.905s] Level 1:colcon.colcon_core.shell:create_environment_hook('turtlesim_plus_interfaces', 'cmake_prefix_path')
[0.905s] INFO:colcon.colcon_core.shell:Creating environment hook '/home/beamkeerati/ros2_ws/install/turtlesim_plus_interfaces/share/turtlesim_plus_interfaces/hook/cmake_prefix_path.ps1'
[0.906s] INFO:colcon.colcon_core.shell:Creating environment descriptor '/home/beamkeerati/ros2_ws/install/turtlesim_plus_interfaces/share/turtlesim_plus_interfaces/hook/cmake_prefix_path.dsv'
[0.906s] INFO:colcon.colcon_core.shell:Creating environment hook '/home/beamkeerati/ros2_ws/install/turtlesim_plus_interfaces/share/turtlesim_plus_interfaces/hook/cmake_prefix_path.sh'
[0.906s] Level 1:colcon.colcon_core.environment:checking '/home/beamkeerati/ros2_ws/install/turtlesim_plus_interfaces/lib'
[0.906s] Level 1:colcon.colcon_core.shell:create_environment_hook('turtlesim_plus_interfaces', 'ld_library_path_lib')
[0.906s] INFO:colcon.colcon_core.shell:Creating environment hook '/home/beamkeerati/ros2_ws/install/turtlesim_plus_interfaces/share/turtlesim_plus_interfaces/hook/ld_library_path_lib.ps1'
[0.907s] INFO:colcon.colcon_core.shell:Creating environment descriptor '/home/beamkeerati/ros2_ws/install/turtlesim_plus_interfaces/share/turtlesim_plus_interfaces/hook/ld_library_path_lib.dsv'
[0.907s] INFO:colcon.colcon_core.shell:Creating environment hook '/home/beamkeerati/ros2_ws/install/turtlesim_plus_interfaces/share/turtlesim_plus_interfaces/hook/ld_library_path_lib.sh'
[0.907s] Level 1:colcon.colcon_core.environment:checking '/home/beamkeerati/ros2_ws/install/turtlesim_plus_interfaces/bin'
[0.907s] Level 1:colcon.colcon_core.environment:checking '/home/beamkeerati/ros2_ws/install/turtlesim_plus_interfaces/lib/pkgconfig/turtlesim_plus_interfaces.pc'
[0.907s] Level 1:colcon.colcon_core.environment:checking '/home/beamkeerati/ros2_ws/install/turtlesim_plus_interfaces/lib/python3.10/site-packages'
[0.908s] Level 1:colcon.colcon_core.environment:checking '/home/beamkeerati/ros2_ws/install/turtlesim_plus_interfaces/bin'
[0.908s] INFO:colcon.colcon_core.shell:Creating package script '/home/beamkeerati/ros2_ws/install/turtlesim_plus_interfaces/share/turtlesim_plus_interfaces/package.ps1'
[0.908s] INFO:colcon.colcon_core.shell:Creating package descriptor '/home/beamkeerati/ros2_ws/install/turtlesim_plus_interfaces/share/turtlesim_plus_interfaces/package.dsv'
[0.908s] INFO:colcon.colcon_core.shell:Creating package script '/home/beamkeerati/ros2_ws/install/turtlesim_plus_interfaces/share/turtlesim_plus_interfaces/package.sh'
[0.909s] INFO:colcon.colcon_core.shell:Creating package script '/home/beamkeerati/ros2_ws/install/turtlesim_plus_interfaces/share/turtlesim_plus_interfaces/package.bash'
[0.909s] INFO:colcon.colcon_core.shell:Creating package script '/home/beamkeerati/ros2_ws/install/turtlesim_plus_interfaces/share/turtlesim_plus_interfaces/package.zsh'
[0.909s] Level 1:colcon.colcon_core.environment:create_file_with_runtime_dependencies(/home/beamkeerati/ros2_ws/install/turtlesim_plus_interfaces/share/colcon-core/packages/turtlesim_plus_interfaces)
[1.031s] Level 1:colcon.colcon_core.environment:create_environment_scripts_only(turtlesim_plus_interfaces)
[1.031s] Level 1:colcon.colcon_core.environment:checking '/home/beamkeerati/ros2_ws/install/turtlesim_plus_interfaces' for CMake module files
[1.032s] Level 1:colcon.colcon_core.environment:checking '/home/beamkeerati/ros2_ws/install/turtlesim_plus_interfaces' for CMake config files
[1.032s] Level 1:colcon.colcon_core.shell:create_environment_hook('turtlesim_plus_interfaces', 'cmake_prefix_path')
[1.032s] INFO:colcon.colcon_core.shell:Creating environment hook '/home/beamkeerati/ros2_ws/install/turtlesim_plus_interfaces/share/turtlesim_plus_interfaces/hook/cmake_prefix_path.ps1'
[1.033s] INFO:colcon.colcon_core.shell:Creating environment descriptor '/home/beamkeerati/ros2_ws/install/turtlesim_plus_interfaces/share/turtlesim_plus_interfaces/hook/cmake_prefix_path.dsv'
[1.033s] INFO:colcon.colcon_core.shell:Creating environment hook '/home/beamkeerati/ros2_ws/install/turtlesim_plus_interfaces/share/turtlesim_plus_interfaces/hook/cmake_prefix_path.sh'
[1.033s] Level 1:colcon.colcon_core.environment:checking '/home/beamkeerati/ros2_ws/install/turtlesim_plus_interfaces/lib'
[1.034s] Level 1:colcon.colcon_core.shell:create_environment_hook('turtlesim_plus_interfaces', 'ld_library_path_lib')
[1.034s] INFO:colcon.colcon_core.shell:Creating environment hook '/home/beamkeerati/ros2_ws/install/turtlesim_plus_interfaces/share/turtlesim_plus_interfaces/hook/ld_library_path_lib.ps1'
[1.034s] INFO:colcon.colcon_core.shell:Creating environment descriptor '/home/beamkeerati/ros2_ws/install/turtlesim_plus_interfaces/share/turtlesim_plus_interfaces/hook/ld_library_path_lib.dsv'
[1.034s] INFO:colcon.colcon_core.shell:Creating environment hook '/home/beamkeerati/ros2_ws/install/turtlesim_plus_interfaces/share/turtlesim_plus_interfaces/hook/ld_library_path_lib.sh'
[1.034s] Level 1:colcon.colcon_core.environment:checking '/home/beamkeerati/ros2_ws/install/turtlesim_plus_interfaces/bin'
[1.034s] Level 1:colcon.colcon_core.environment:checking '/home/beamkeerati/ros2_ws/install/turtlesim_plus_interfaces/lib/pkgconfig/turtlesim_plus_interfaces.pc'
[1.035s] Level 1:colcon.colcon_core.environment:checking '/home/beamkeerati/ros2_ws/install/turtlesim_plus_interfaces/lib/python3.10/site-packages'
[1.035s] Level 1:colcon.colcon_core.environment:checking '/home/beamkeerati/ros2_ws/install/turtlesim_plus_interfaces/bin'
[1.035s] INFO:colcon.colcon_core.shell:Creating package script '/home/beamkeerati/ros2_ws/install/turtlesim_plus_interfaces/share/turtlesim_plus_interfaces/package.ps1'
[1.036s] INFO:colcon.colcon_core.shell:Creating package descriptor '/home/beamkeerati/ros2_ws/install/turtlesim_plus_interfaces/share/turtlesim_plus_interfaces/package.dsv'
[1.036s] INFO:colcon.colcon_core.shell:Creating package script '/home/beamkeerati/ros2_ws/install/turtlesim_plus_interfaces/share/turtlesim_plus_interfaces/package.sh'
[1.036s] INFO:colcon.colcon_core.shell:Creating package script '/home/beamkeerati/ros2_ws/install/turtlesim_plus_interfaces/share/turtlesim_plus_interfaces/package.bash'
[1.037s] INFO:colcon.colcon_core.shell:Creating package script '/home/beamkeerati/ros2_ws/install/turtlesim_plus_interfaces/share/turtlesim_plus_interfaces/package.zsh'
[1.037s] Level 1:colcon.colcon_core.environment:create_file_with_runtime_dependencies(/home/beamkeerati/ros2_ws/install/turtlesim_plus_interfaces/share/colcon-core/packages/turtlesim_plus_interfaces)
[1.037s] DEBUG:colcon.colcon_parallel_executor.executor.parallel:closing loop
[1.037s] DEBUG:colcon.colcon_parallel_executor.executor.parallel:loop closed
[1.037s] DEBUG:colcon.colcon_parallel_executor.executor.parallel:run_until_complete finished with '0'
[1.037s] DEBUG:colcon.colcon_core.event_reactor:joining thread
[1.042s] INFO:colcon.colcon_core.plugin_system:Skipping extension 'colcon_notification.desktop_notification.terminal_notifier': Not used on non-Darwin systems
[1.042s] INFO:colcon.colcon_core.plugin_system:Skipping extension 'colcon_notification.desktop_notification.win32': Not used on non-Windows systems
[1.042s] INFO:colcon.colcon_notification.desktop_notification:Sending desktop notification using 'notify2'
[1.049s] DEBUG:colcon.colcon_core.event_reactor:joined thread
[1.050s] INFO:colcon.colcon_core.shell:Creating prefix script '/home/beamkeerati/ros2_ws/install/local_setup.ps1'
[1.050s] INFO:colcon.colcon_core.shell:Creating prefix util module '/home/beamkeerati/ros2_ws/install/_local_setup_util_ps1.py'
[1.051s] INFO:colcon.colcon_core.shell:Creating prefix chain script '/home/beamkeerati/ros2_ws/install/setup.ps1'
[1.052s] INFO:colcon.colcon_core.shell:Creating prefix script '/home/beamkeerati/ros2_ws/install/local_setup.sh'
[1.052s] INFO:colcon.colcon_core.shell:Creating prefix util module '/home/beamkeerati/ros2_ws/install/_local_setup_util_sh.py'
[1.053s] INFO:colcon.colcon_core.shell:Creating prefix chain script '/home/beamkeerati/ros2_ws/install/setup.sh'
[1.054s] INFO:colcon.colcon_core.shell:Creating prefix script '/home/beamkeerati/ros2_ws/install/local_setup.bash'
[1.054s] INFO:colcon.colcon_core.shell:Creating prefix chain script '/home/beamkeerati/ros2_ws/install/setup.bash'
[1.055s] INFO:colcon.colcon_core.shell:Creating prefix script '/home/beamkeerati/ros2_ws/install/local_setup.zsh'
[1.055s] INFO:colcon.colcon_core.shell:Creating prefix chain script '/home/beamkeerati/ros2_ws/install/setup.zsh'
