[0.018s] Invoking command in '/home/beamkeerati/ros2_ws/build/param_interfaces': CMAKE_PREFIX_PATH=${CMAKE_PREFIX_PATH}:/opt/ros/humble /usr/bin/cmake --build /home/beamkeerati/ros2_ws/build/param_interfaces -- -j16 -l16
[0.062s] [  7%] Built target param_interfaces__cpp
[0.062s] [ 12%] Built target param_interfaces__rosidl_generator_c
[0.072s] [ 12%] Built target ament_cmake_python_copy_param_interfaces
[0.088s] [ 23%] Built target param_interfaces__rosidl_typesupport_introspection_c
[0.088s] [ 43%] Built target param_interfaces__rosidl_typesupport_fastrtps_c
[0.088s] [ 41%] Built target param_interfaces__rosidl_typesupport_c
[0.089s] [ 53%] Built target param_interfaces__rosidl_typesupport_introspection_cpp
[0.089s] [ 64%] Built target param_interfaces__rosidl_typesupport_cpp
[0.091s] [ 74%] Built target param_interfaces__rosidl_typesupport_fastrtps_cpp
[0.115s] [ 74%] Built target param_interfaces
[0.137s] [ 76%] Built target param_interfaces__py
[0.161s] [ 84%] Built target param_interfaces__rosidl_generator_py
[0.185s] [ 89%] Built target param_interfaces__rosidl_typesupport_fastrtps_c__pyext
[0.185s] [ 94%] Built target param_interfaces__rosidl_typesupport_introspection_c__pyext
[0.185s] [100%] Built target param_interfaces__rosidl_typesupport_c__pyext
[0.307s] running egg_info
[0.307s] writing param_interfaces.egg-info/PKG-INFO
[0.307s] writing dependency_links to param_interfaces.egg-info/dependency_links.txt
[0.308s] writing top-level names to param_interfaces.egg-info/top_level.txt
[0.310s] reading manifest file 'param_interfaces.egg-info/SOURCES.txt'
[0.310s] writing manifest file 'param_interfaces.egg-info/SOURCES.txt'
[0.342s] [100%] Built target ament_cmake_python_build_param_interfaces_egg
[0.353s] Invoked command in '/home/beamkeerati/ros2_ws/build/param_interfaces' returned '0': CMAKE_PREFIX_PATH=${CMAKE_PREFIX_PATH}:/opt/ros/humble /usr/bin/cmake --build /home/beamkeerati/ros2_ws/build/param_interfaces -- -j16 -l16
[0.431s] Invoking command in '/home/beamkeerati/ros2_ws/build/param_interfaces': CMAKE_PREFIX_PATH=${CMAKE_PREFIX_PATH}:/opt/ros/humble /usr/bin/cmake --install /home/beamkeerati/ros2_ws/build/param_interfaces
[0.438s] -- Install configuration: ""
[0.438s] -- Up-to-date: /home/beamkeerati/ros2_ws/install/param_interfaces/share/ament_index/resource_index/rosidl_interfaces/param_interfaces
[0.438s] -- Up-to-date: /home/beamkeerati/ros2_ws/install/param_interfaces/include/param_interfaces/param_interfaces
[0.438s] -- Up-to-date: /home/beamkeerati/ros2_ws/install/param_interfaces/include/param_interfaces/param_interfaces/msg
[0.438s] -- Up-to-date: /home/beamkeerati/ros2_ws/install/param_interfaces/include/param_interfaces/param_interfaces/msg/rosidl_generator_c__visibility_control.h
[0.438s] -- Up-to-date: /home/beamkeerati/ros2_ws/install/param_interfaces/include/param_interfaces/param_interfaces/srv
[0.439s] -- Up-to-date: /home/beamkeerati/ros2_ws/install/param_interfaces/include/param_interfaces/param_interfaces/srv/set_number_pizza.h
[0.439s] -- Up-to-date: /home/beamkeerati/ros2_ws/install/param_interfaces/include/param_interfaces/param_interfaces/srv/detail
[0.439s] -- Up-to-date: /home/beamkeerati/ros2_ws/install/param_interfaces/include/param_interfaces/param_interfaces/srv/detail/set_controller_gain__type_support.h
[0.439s] -- Up-to-date: /home/beamkeerati/ros2_ws/install/param_interfaces/include/param_interfaces/param_interfaces/srv/detail/set_number_pizza__functions.c
[0.439s] -- Up-to-date: /home/beamkeerati/ros2_ws/install/param_interfaces/include/param_interfaces/param_interfaces/srv/detail/set_number_pizza__functions.h
[0.439s] -- Up-to-date: /home/beamkeerati/ros2_ws/install/param_interfaces/include/param_interfaces/param_interfaces/srv/detail/set_number_pizza__struct.h
[0.439s] -- Up-to-date: /home/beamkeerati/ros2_ws/install/param_interfaces/include/param_interfaces/param_interfaces/srv/detail/set_number_pizza__type_support.h
[0.439s] -- Up-to-date: /home/beamkeerati/ros2_ws/install/param_interfaces/include/param_interfaces/param_interfaces/srv/detail/set_controller_gain__struct.h
[0.439s] -- Up-to-date: /home/beamkeerati/ros2_ws/install/param_interfaces/include/param_interfaces/param_interfaces/srv/detail/set_controller_gain__functions.c
[0.439s] -- Up-to-date: /home/beamkeerati/ros2_ws/install/param_interfaces/include/param_interfaces/param_interfaces/srv/detail/set_controller_gain__functions.h
[0.439s] -- Up-to-date: /home/beamkeerati/ros2_ws/install/param_interfaces/include/param_interfaces/param_interfaces/srv/set_controller_gain.h
[0.440s] -- Up-to-date: /home/beamkeerati/ros2_ws/install/param_interfaces/share/param_interfaces/environment/library_path.sh
[0.440s] -- Up-to-date: /home/beamkeerati/ros2_ws/install/param_interfaces/share/param_interfaces/environment/library_path.dsv
[0.440s] -- Up-to-date: /home/beamkeerati/ros2_ws/install/param_interfaces/lib/libparam_interfaces__rosidl_generator_c.so
[0.440s] -- Up-to-date: /home/beamkeerati/ros2_ws/install/param_interfaces/include/param_interfaces/param_interfaces
[0.440s] -- Up-to-date: /home/beamkeerati/ros2_ws/install/param_interfaces/include/param_interfaces/param_interfaces/msg
[0.440s] -- Up-to-date: /home/beamkeerati/ros2_ws/install/param_interfaces/include/param_interfaces/param_interfaces/msg/rosidl_typesupport_fastrtps_c__visibility_control.h
[0.440s] -- Up-to-date: /home/beamkeerati/ros2_ws/install/param_interfaces/include/param_interfaces/param_interfaces/srv
[0.440s] -- Up-to-date: /home/beamkeerati/ros2_ws/install/param_interfaces/include/param_interfaces/param_interfaces/srv/detail
[0.440s] -- Up-to-date: /home/beamkeerati/ros2_ws/install/param_interfaces/include/param_interfaces/param_interfaces/srv/detail/set_controller_gain__rosidl_typesupport_fastrtps_c.h
[0.440s] -- Up-to-date: /home/beamkeerati/ros2_ws/install/param_interfaces/include/param_interfaces/param_interfaces/srv/detail/set_number_pizza__rosidl_typesupport_fastrtps_c.h
[0.441s] -- Up-to-date: /home/beamkeerati/ros2_ws/install/param_interfaces/lib/libparam_interfaces__rosidl_typesupport_fastrtps_c.so
[0.441s] -- Up-to-date: /home/beamkeerati/ros2_ws/install/param_interfaces/include/param_interfaces/param_interfaces
[0.441s] -- Up-to-date: /home/beamkeerati/ros2_ws/install/param_interfaces/include/param_interfaces/param_interfaces/msg
[0.441s] -- Up-to-date: /home/beamkeerati/ros2_ws/install/param_interfaces/include/param_interfaces/param_interfaces/msg/rosidl_typesupport_introspection_c__visibility_control.h
[0.441s] -- Up-to-date: /home/beamkeerati/ros2_ws/install/param_interfaces/include/param_interfaces/param_interfaces/srv
[0.441s] -- Up-to-date: /home/beamkeerati/ros2_ws/install/param_interfaces/include/param_interfaces/param_interfaces/srv/detail
[0.441s] -- Up-to-date: /home/beamkeerati/ros2_ws/install/param_interfaces/include/param_interfaces/param_interfaces/srv/detail/set_controller_gain__type_support.c
[0.441s] -- Up-to-date: /home/beamkeerati/ros2_ws/install/param_interfaces/include/param_interfaces/param_interfaces/srv/detail/set_number_pizza__rosidl_typesupport_introspection_c.h
[0.441s] -- Up-to-date: /home/beamkeerati/ros2_ws/install/param_interfaces/include/param_interfaces/param_interfaces/srv/detail/set_number_pizza__type_support.c
[0.441s] -- Up-to-date: /home/beamkeerati/ros2_ws/install/param_interfaces/include/param_interfaces/param_interfaces/srv/detail/set_controller_gain__rosidl_typesupport_introspection_c.h
[0.441s] -- Up-to-date: /home/beamkeerati/ros2_ws/install/param_interfaces/lib/libparam_interfaces__rosidl_typesupport_introspection_c.so
[0.442s] -- Up-to-date: /home/beamkeerati/ros2_ws/install/param_interfaces/lib/libparam_interfaces__rosidl_typesupport_c.so
[0.442s] -- Up-to-date: /home/beamkeerati/ros2_ws/install/param_interfaces/include/param_interfaces/param_interfaces
[0.442s] -- Up-to-date: /home/beamkeerati/ros2_ws/install/param_interfaces/include/param_interfaces/param_interfaces/srv
[0.442s] -- Up-to-date: /home/beamkeerati/ros2_ws/install/param_interfaces/include/param_interfaces/param_interfaces/srv/detail
[0.442s] -- Up-to-date: /home/beamkeerati/ros2_ws/install/param_interfaces/include/param_interfaces/param_interfaces/srv/detail/set_number_pizza__struct.hpp
[0.442s] -- Up-to-date: /home/beamkeerati/ros2_ws/install/param_interfaces/include/param_interfaces/param_interfaces/srv/detail/set_controller_gain__struct.hpp
[0.442s] -- Up-to-date: /home/beamkeerati/ros2_ws/install/param_interfaces/include/param_interfaces/param_interfaces/srv/detail/set_number_pizza__traits.hpp
[0.442s] -- Up-to-date: /home/beamkeerati/ros2_ws/install/param_interfaces/include/param_interfaces/param_interfaces/srv/detail/set_number_pizza__builder.hpp
[0.442s] -- Up-to-date: /home/beamkeerati/ros2_ws/install/param_interfaces/include/param_interfaces/param_interfaces/srv/detail/set_controller_gain__traits.hpp
[0.442s] -- Up-to-date: /home/beamkeerati/ros2_ws/install/param_interfaces/include/param_interfaces/param_interfaces/srv/detail/set_controller_gain__builder.hpp
[0.442s] -- Up-to-date: /home/beamkeerati/ros2_ws/install/param_interfaces/include/param_interfaces/param_interfaces/srv/set_number_pizza.hpp
[0.442s] -- Up-to-date: /home/beamkeerati/ros2_ws/install/param_interfaces/include/param_interfaces/param_interfaces/srv/set_controller_gain.hpp
[0.443s] -- Up-to-date: /home/beamkeerati/ros2_ws/install/param_interfaces/include/param_interfaces/param_interfaces
[0.443s] -- Up-to-date: /home/beamkeerati/ros2_ws/install/param_interfaces/include/param_interfaces/param_interfaces/msg
[0.443s] -- Up-to-date: /home/beamkeerati/ros2_ws/install/param_interfaces/include/param_interfaces/param_interfaces/msg/rosidl_typesupport_fastrtps_cpp__visibility_control.h
[0.443s] -- Up-to-date: /home/beamkeerati/ros2_ws/install/param_interfaces/include/param_interfaces/param_interfaces/srv
[0.443s] -- Up-to-date: /home/beamkeerati/ros2_ws/install/param_interfaces/include/param_interfaces/param_interfaces/srv/detail
[0.443s] -- Up-to-date: /home/beamkeerati/ros2_ws/install/param_interfaces/include/param_interfaces/param_interfaces/srv/detail/dds_fastrtps
[0.443s] -- Up-to-date: /home/beamkeerati/ros2_ws/install/param_interfaces/include/param_interfaces/param_interfaces/srv/detail/set_number_pizza__rosidl_typesupport_fastrtps_cpp.hpp
[0.443s] -- Up-to-date: /home/beamkeerati/ros2_ws/install/param_interfaces/include/param_interfaces/param_interfaces/srv/detail/set_controller_gain__rosidl_typesupport_fastrtps_cpp.hpp
[0.443s] -- Up-to-date: /home/beamkeerati/ros2_ws/install/param_interfaces/lib/libparam_interfaces__rosidl_typesupport_fastrtps_cpp.so
[0.443s] -- Up-to-date: /home/beamkeerati/ros2_ws/install/param_interfaces/include/param_interfaces/param_interfaces
[0.443s] -- Up-to-date: /home/beamkeerati/ros2_ws/install/param_interfaces/include/param_interfaces/param_interfaces/srv
[0.444s] -- Up-to-date: /home/beamkeerati/ros2_ws/install/param_interfaces/include/param_interfaces/param_interfaces/srv/detail
[0.444s] -- Up-to-date: /home/beamkeerati/ros2_ws/install/param_interfaces/include/param_interfaces/param_interfaces/srv/detail/set_number_pizza__type_support.cpp
[0.444s] -- Up-to-date: /home/beamkeerati/ros2_ws/install/param_interfaces/include/param_interfaces/param_interfaces/srv/detail/set_controller_gain__type_support.cpp
[0.444s] -- Up-to-date: /home/beamkeerati/ros2_ws/install/param_interfaces/include/param_interfaces/param_interfaces/srv/detail/set_controller_gain__rosidl_typesupport_introspection_cpp.hpp
[0.444s] -- Up-to-date: /home/beamkeerati/ros2_ws/install/param_interfaces/include/param_interfaces/param_interfaces/srv/detail/set_number_pizza__rosidl_typesupport_introspection_cpp.hpp
[0.444s] -- Up-to-date: /home/beamkeerati/ros2_ws/install/param_interfaces/lib/libparam_interfaces__rosidl_typesupport_introspection_cpp.so
[0.444s] -- Up-to-date: /home/beamkeerati/ros2_ws/install/param_interfaces/lib/libparam_interfaces__rosidl_typesupport_cpp.so
[0.444s] -- Up-to-date: /home/beamkeerati/ros2_ws/install/param_interfaces/share/param_interfaces/environment/pythonpath.sh
[0.444s] -- Up-to-date: /home/beamkeerati/ros2_ws/install/param_interfaces/share/param_interfaces/environment/pythonpath.dsv
[0.444s] -- Up-to-date: /home/beamkeerati/ros2_ws/install/param_interfaces/local/lib/python3.10/dist-packages/param_interfaces-0.0.0-py3.10.egg-info
[0.444s] -- Installing: /home/beamkeerati/ros2_ws/install/param_interfaces/local/lib/python3.10/dist-packages/param_interfaces-0.0.0-py3.10.egg-info/dependency_links.txt
[0.444s] -- Installing: /home/beamkeerati/ros2_ws/install/param_interfaces/local/lib/python3.10/dist-packages/param_interfaces-0.0.0-py3.10.egg-info/top_level.txt
[0.444s] -- Installing: /home/beamkeerati/ros2_ws/install/param_interfaces/local/lib/python3.10/dist-packages/param_interfaces-0.0.0-py3.10.egg-info/SOURCES.txt
[0.444s] -- Installing: /home/beamkeerati/ros2_ws/install/param_interfaces/local/lib/python3.10/dist-packages/param_interfaces-0.0.0-py3.10.egg-info/PKG-INFO
[0.444s] -- Up-to-date: /home/beamkeerati/ros2_ws/install/param_interfaces/local/lib/python3.10/dist-packages/param_interfaces
[0.445s] -- Up-to-date: /home/beamkeerati/ros2_ws/install/param_interfaces/local/lib/python3.10/dist-packages/param_interfaces/__init__.py
[0.445s] -- Up-to-date: /home/beamkeerati/ros2_ws/install/param_interfaces/local/lib/python3.10/dist-packages/param_interfaces/_param_interfaces_s.ep.rosidl_typesupport_fastrtps_c.c
[0.445s] -- Up-to-date: /home/beamkeerati/ros2_ws/install/param_interfaces/local/lib/python3.10/dist-packages/param_interfaces/param_interfaces_s__rosidl_typesupport_introspection_c.cpython-310-x86_64-linux-gnu.so
[0.445s] -- Up-to-date: /home/beamkeerati/ros2_ws/install/param_interfaces/local/lib/python3.10/dist-packages/param_interfaces/libparam_interfaces__rosidl_generator_py.so
[0.445s] -- Up-to-date: /home/beamkeerati/ros2_ws/install/param_interfaces/local/lib/python3.10/dist-packages/param_interfaces/srv
[0.445s] -- Up-to-date: /home/beamkeerati/ros2_ws/install/param_interfaces/local/lib/python3.10/dist-packages/param_interfaces/srv/__init__.py
[0.445s] -- Up-to-date: /home/beamkeerati/ros2_ws/install/param_interfaces/local/lib/python3.10/dist-packages/param_interfaces/srv/_set_controller_gain_s.c
[0.445s] -- Up-to-date: /home/beamkeerati/ros2_ws/install/param_interfaces/local/lib/python3.10/dist-packages/param_interfaces/srv/_set_controller_gain.py
[0.446s] -- Up-to-date: /home/beamkeerati/ros2_ws/install/param_interfaces/local/lib/python3.10/dist-packages/param_interfaces/srv/_set_number_pizza_s.c
[0.446s] -- Up-to-date: /home/beamkeerati/ros2_ws/install/param_interfaces/local/lib/python3.10/dist-packages/param_interfaces/srv/_set_number_pizza.py
[0.446s] -- Up-to-date: /home/beamkeerati/ros2_ws/install/param_interfaces/local/lib/python3.10/dist-packages/param_interfaces/_param_interfaces_s.ep.rosidl_typesupport_c.c
[0.446s] -- Up-to-date: /home/beamkeerati/ros2_ws/install/param_interfaces/local/lib/python3.10/dist-packages/param_interfaces/param_interfaces_s__rosidl_typesupport_fastrtps_c.cpython-310-x86_64-linux-gnu.so
[0.446s] -- Up-to-date: /home/beamkeerati/ros2_ws/install/param_interfaces/local/lib/python3.10/dist-packages/param_interfaces/_param_interfaces_s.ep.rosidl_typesupport_introspection_c.c
[0.446s] -- Up-to-date: /home/beamkeerati/ros2_ws/install/param_interfaces/local/lib/python3.10/dist-packages/param_interfaces/param_interfaces_s__rosidl_typesupport_c.cpython-310-x86_64-linux-gnu.so
[0.469s] Listing '/home/beamkeerati/ros2_ws/install/param_interfaces/local/lib/python3.10/dist-packages/param_interfaces'...
[0.469s] Listing '/home/beamkeerati/ros2_ws/install/param_interfaces/local/lib/python3.10/dist-packages/param_interfaces/srv'...
[0.472s] -- Up-to-date: /home/beamkeerati/ros2_ws/install/param_interfaces/local/lib/python3.10/dist-packages/param_interfaces/param_interfaces_s__rosidl_typesupport_fastrtps_c.cpython-310-x86_64-linux-gnu.so
[0.472s] -- Up-to-date: /home/beamkeerati/ros2_ws/install/param_interfaces/local/lib/python3.10/dist-packages/param_interfaces/param_interfaces_s__rosidl_typesupport_introspection_c.cpython-310-x86_64-linux-gnu.so
[0.473s] -- Up-to-date: /home/beamkeerati/ros2_ws/install/param_interfaces/local/lib/python3.10/dist-packages/param_interfaces/param_interfaces_s__rosidl_typesupport_c.cpython-310-x86_64-linux-gnu.so
[0.473s] -- Up-to-date: /home/beamkeerati/ros2_ws/install/param_interfaces/lib/libparam_interfaces__rosidl_generator_py.so
[0.474s] -- Up-to-date: /home/beamkeerati/ros2_ws/install/param_interfaces/share/param_interfaces/srv/SetControllerGain.idl
[0.474s] -- Up-to-date: /home/beamkeerati/ros2_ws/install/param_interfaces/share/param_interfaces/srv/SetNumberPizza.idl
[0.474s] -- Up-to-date: /home/beamkeerati/ros2_ws/install/param_interfaces/share/param_interfaces/srv/SetControllerGain.srv
[0.474s] -- Up-to-date: /home/beamkeerati/ros2_ws/install/param_interfaces/share/param_interfaces/srv/SetControllerGain_Request.msg
[0.474s] -- Up-to-date: /home/beamkeerati/ros2_ws/install/param_interfaces/share/param_interfaces/srv/SetControllerGain_Response.msg
[0.474s] -- Up-to-date: /home/beamkeerati/ros2_ws/install/param_interfaces/share/param_interfaces/srv/SetNumberPizza.srv
[0.474s] -- Up-to-date: /home/beamkeerati/ros2_ws/install/param_interfaces/share/param_interfaces/srv/SetNumberPizza_Request.msg
[0.474s] -- Up-to-date: /home/beamkeerati/ros2_ws/install/param_interfaces/share/param_interfaces/srv/SetNumberPizza_Response.msg
[0.475s] -- Up-to-date: /home/beamkeerati/ros2_ws/install/param_interfaces/share/ament_index/resource_index/package_run_dependencies/param_interfaces
[0.475s] -- Up-to-date: /home/beamkeerati/ros2_ws/install/param_interfaces/share/ament_index/resource_index/parent_prefix_path/param_interfaces
[0.475s] -- Up-to-date: /home/beamkeerati/ros2_ws/install/param_interfaces/share/param_interfaces/environment/ament_prefix_path.sh
[0.475s] -- Up-to-date: /home/beamkeerati/ros2_ws/install/param_interfaces/share/param_interfaces/environment/ament_prefix_path.dsv
[0.475s] -- Up-to-date: /home/beamkeerati/ros2_ws/install/param_interfaces/share/param_interfaces/environment/path.sh
[0.475s] -- Up-to-date: /home/beamkeerati/ros2_ws/install/param_interfaces/share/param_interfaces/environment/path.dsv
[0.475s] -- Up-to-date: /home/beamkeerati/ros2_ws/install/param_interfaces/share/param_interfaces/local_setup.bash
[0.475s] -- Up-to-date: /home/beamkeerati/ros2_ws/install/param_interfaces/share/param_interfaces/local_setup.sh
[0.475s] -- Up-to-date: /home/beamkeerati/ros2_ws/install/param_interfaces/share/param_interfaces/local_setup.zsh
[0.475s] -- Up-to-date: /home/beamkeerati/ros2_ws/install/param_interfaces/share/param_interfaces/local_setup.dsv
[0.475s] -- Installing: /home/beamkeerati/ros2_ws/install/param_interfaces/share/param_interfaces/package.dsv
[0.475s] -- Up-to-date: /home/beamkeerati/ros2_ws/install/param_interfaces/share/ament_index/resource_index/packages/param_interfaces
[0.475s] -- Up-to-date: /home/beamkeerati/ros2_ws/install/param_interfaces/share/param_interfaces/cmake/export_param_interfaces__rosidl_generator_cExport.cmake
[0.475s] -- Up-to-date: /home/beamkeerati/ros2_ws/install/param_interfaces/share/param_interfaces/cmake/export_param_interfaces__rosidl_generator_cExport-noconfig.cmake
[0.475s] -- Up-to-date: /home/beamkeerati/ros2_ws/install/param_interfaces/share/param_interfaces/cmake/export_param_interfaces__rosidl_typesupport_fastrtps_cExport.cmake
[0.475s] -- Up-to-date: /home/beamkeerati/ros2_ws/install/param_interfaces/share/param_interfaces/cmake/export_param_interfaces__rosidl_typesupport_fastrtps_cExport-noconfig.cmake
[0.475s] -- Up-to-date: /home/beamkeerati/ros2_ws/install/param_interfaces/share/param_interfaces/cmake/param_interfaces__rosidl_typesupport_introspection_cExport.cmake
[0.475s] -- Up-to-date: /home/beamkeerati/ros2_ws/install/param_interfaces/share/param_interfaces/cmake/param_interfaces__rosidl_typesupport_introspection_cExport-noconfig.cmake
[0.475s] -- Up-to-date: /home/beamkeerati/ros2_ws/install/param_interfaces/share/param_interfaces/cmake/param_interfaces__rosidl_typesupport_cExport.cmake
[0.475s] -- Up-to-date: /home/beamkeerati/ros2_ws/install/param_interfaces/share/param_interfaces/cmake/param_interfaces__rosidl_typesupport_cExport-noconfig.cmake
[0.475s] -- Up-to-date: /home/beamkeerati/ros2_ws/install/param_interfaces/share/param_interfaces/cmake/export_param_interfaces__rosidl_generator_cppExport.cmake
[0.476s] -- Up-to-date: /home/beamkeerati/ros2_ws/install/param_interfaces/share/param_interfaces/cmake/export_param_interfaces__rosidl_typesupport_fastrtps_cppExport.cmake
[0.476s] -- Up-to-date: /home/beamkeerati/ros2_ws/install/param_interfaces/share/param_interfaces/cmake/export_param_interfaces__rosidl_typesupport_fastrtps_cppExport-noconfig.cmake
[0.476s] -- Up-to-date: /home/beamkeerati/ros2_ws/install/param_interfaces/share/param_interfaces/cmake/param_interfaces__rosidl_typesupport_introspection_cppExport.cmake
[0.476s] -- Up-to-date: /home/beamkeerati/ros2_ws/install/param_interfaces/share/param_interfaces/cmake/param_interfaces__rosidl_typesupport_introspection_cppExport-noconfig.cmake
[0.476s] -- Up-to-date: /home/beamkeerati/ros2_ws/install/param_interfaces/share/param_interfaces/cmake/param_interfaces__rosidl_typesupport_cppExport.cmake
[0.476s] -- Up-to-date: /home/beamkeerati/ros2_ws/install/param_interfaces/share/param_interfaces/cmake/param_interfaces__rosidl_typesupport_cppExport-noconfig.cmake
[0.476s] -- Up-to-date: /home/beamkeerati/ros2_ws/install/param_interfaces/share/param_interfaces/cmake/export_param_interfaces__rosidl_generator_pyExport.cmake
[0.476s] -- Up-to-date: /home/beamkeerati/ros2_ws/install/param_interfaces/share/param_interfaces/cmake/export_param_interfaces__rosidl_generator_pyExport-noconfig.cmake
[0.476s] -- Up-to-date: /home/beamkeerati/ros2_ws/install/param_interfaces/share/param_interfaces/cmake/rosidl_cmake-extras.cmake
[0.476s] -- Up-to-date: /home/beamkeerati/ros2_ws/install/param_interfaces/share/param_interfaces/cmake/ament_cmake_export_include_directories-extras.cmake
[0.476s] -- Up-to-date: /home/beamkeerati/ros2_ws/install/param_interfaces/share/param_interfaces/cmake/ament_cmake_export_libraries-extras.cmake
[0.476s] -- Up-to-date: /home/beamkeerati/ros2_ws/install/param_interfaces/share/param_interfaces/cmake/ament_cmake_export_targets-extras.cmake
[0.476s] -- Up-to-date: /home/beamkeerati/ros2_ws/install/param_interfaces/share/param_interfaces/cmake/rosidl_cmake_export_typesupport_targets-extras.cmake
[0.476s] -- Up-to-date: /home/beamkeerati/ros2_ws/install/param_interfaces/share/param_interfaces/cmake/ament_cmake_export_dependencies-extras.cmake
[0.476s] -- Up-to-date: /home/beamkeerati/ros2_ws/install/param_interfaces/share/param_interfaces/cmake/rosidl_cmake_export_typesupport_libraries-extras.cmake
[0.476s] -- Up-to-date: /home/beamkeerati/ros2_ws/install/param_interfaces/share/param_interfaces/cmake/param_interfacesConfig.cmake
[0.476s] -- Up-to-date: /home/beamkeerati/ros2_ws/install/param_interfaces/share/param_interfaces/cmake/param_interfacesConfig-version.cmake
[0.476s] -- Up-to-date: /home/beamkeerati/ros2_ws/install/param_interfaces/share/param_interfaces/package.xml
[0.477s] Invoked command in '/home/beamkeerati/ros2_ws/build/param_interfaces' returned '0': CMAKE_PREFIX_PATH=${CMAKE_PREFIX_PATH}:/opt/ros/humble /usr/bin/cmake --install /home/beamkeerati/ros2_ws/build/param_interfaces
