[0.021s] Invoking command in '/home/beamkeerati/ros2_ws/build/turtle_fun': CMAKE_PREFIX_PATH=${CMAKE_PREFIX_PATH}:/opt/ros/humble /usr/bin/cmake --build /home/beamkeerati/ros2_ws/build/turtle_fun -- -j16 -l16
[0.044s] -- Found ament_cmake: 1.3.10 (/opt/ros/humble/share/ament_cmake/cmake)
[0.190s] -- Found rclcpp: 16.0.10 (/opt/ros/humble/share/rclcpp/cmake)
[0.213s] -- Found rosidl_generator_c: 3.1.5 (/opt/ros/humble/share/rosidl_generator_c/cmake)
[0.215s] -- Found rosidl_adapter: 3.1.5 (/opt/ros/humble/share/rosidl_adapter/cmake)
[0.220s] -- Found rosidl_generator_cpp: 3.1.5 (/opt/ros/humble/share/rosidl_generator_cpp/cmake)
[0.227s] -- Using all available rosidl_typesupport_c: rosidl_typesupport_fastrtps_c;rosidl_typesupport_introspection_c
[0.238s] -- Using all available rosidl_typesupport_cpp: rosidl_typesupport_fastrtps_cpp;rosidl_typesupport_introspection_cpp
[0.264s] -- Found rmw_implementation_cmake: 6.1.2 (/opt/ros/humble/share/rmw_implementation_cmake/cmake)
[0.265s] -- Found rmw_fastrtps_cpp: 6.2.7 (/opt/ros/humble/share/rmw_fastrtps_cpp/cmake)
[0.363s] -- Using RMW implementation 'rmw_fastrtps_cpp' as default
[0.402s] -- Found rclpy: 3.3.14 (/opt/ros/humble/share/rclpy/cmake)
[0.522s] -- Configuring done
[0.530s] -- Generating done
[0.532s] -- Build files have been written to: /home/beamkeerati/ros2_ws/build/turtle_fun
[0.560s] [35m[1mConsolidate compiler generated dependencies of target cpp_node_test[0m
[0.572s] [100%] Built target cpp_node_test
[0.579s] [100%] Built target ament_cmake_python_copy_turtle_fun
[0.790s] running egg_info
[0.790s] writing turtle_fun.egg-info/PKG-INFO
[0.790s] writing dependency_links to turtle_fun.egg-info/dependency_links.txt
[0.790s] writing top-level names to turtle_fun.egg-info/top_level.txt
[0.792s] reading manifest file 'turtle_fun.egg-info/SOURCES.txt'
[0.792s] writing manifest file 'turtle_fun.egg-info/SOURCES.txt'
[0.816s] [100%] Built target ament_cmake_python_build_turtle_fun_egg
[0.827s] Invoked command in '/home/beamkeerati/ros2_ws/build/turtle_fun' returned '0': CMAKE_PREFIX_PATH=${CMAKE_PREFIX_PATH}:/opt/ros/humble /usr/bin/cmake --build /home/beamkeerati/ros2_ws/build/turtle_fun -- -j16 -l16
[0.856s] Invoking command in '/home/beamkeerati/ros2_ws/build/turtle_fun': CMAKE_PREFIX_PATH=${CMAKE_PREFIX_PATH}:/opt/ros/humble /usr/bin/cmake --install /home/beamkeerati/ros2_ws/build/turtle_fun
[0.863s] -- Install configuration: ""
[0.863s] -- Up-to-date: /home/beamkeerati/ros2_ws/install/turtle_fun/share/turtle_fun/environment/pythonpath.sh
[0.863s] -- Installing: /home/beamkeerati/ros2_ws/install/turtle_fun/share/turtle_fun/environment/pythonpath.dsv
[0.863s] -- Up-to-date: /home/beamkeerati/ros2_ws/install/turtle_fun/local/lib/python3.10/dist-packages/turtle_fun-0.0.0-py3.10.egg-info
[0.864s] -- Installing: /home/beamkeerati/ros2_ws/install/turtle_fun/local/lib/python3.10/dist-packages/turtle_fun-0.0.0-py3.10.egg-info/dependency_links.txt
[0.864s] -- Installing: /home/beamkeerati/ros2_ws/install/turtle_fun/local/lib/python3.10/dist-packages/turtle_fun-0.0.0-py3.10.egg-info/top_level.txt
[0.864s] -- Installing: /home/beamkeerati/ros2_ws/install/turtle_fun/local/lib/python3.10/dist-packages/turtle_fun-0.0.0-py3.10.egg-info/SOURCES.txt
[0.864s] -- Installing: /home/beamkeerati/ros2_ws/install/turtle_fun/local/lib/python3.10/dist-packages/turtle_fun-0.0.0-py3.10.egg-info/PKG-INFO
[0.864s] -- Up-to-date: /home/beamkeerati/ros2_ws/install/turtle_fun/local/lib/python3.10/dist-packages/turtle_fun
[0.864s] -- Up-to-date: /home/beamkeerati/ros2_ws/install/turtle_fun/local/lib/python3.10/dist-packages/turtle_fun/__init__.py
[0.864s] -- Up-to-date: /home/beamkeerati/ros2_ws/install/turtle_fun/local/lib/python3.10/dist-packages/turtle_fun/dummy_module.py
[0.890s] Listing '/home/beamkeerati/ros2_ws/install/turtle_fun/local/lib/python3.10/dist-packages/turtle_fun'...
[0.894s] -- Up-to-date: /home/beamkeerati/ros2_ws/install/turtle_fun/lib/turtle_fun/dummy_script.py
[0.894s] -- Up-to-date: /home/beamkeerati/ros2_ws/install/turtle_fun/lib/turtle_fun/controller.py
[0.894s] -- Installing: /home/beamkeerati/ros2_ws/install/turtle_fun/lib/turtle_fun/teleop_schedule.py
[0.894s] -- Up-to-date: /home/beamkeerati/ros2_ws/install/turtle_fun/lib/turtle_fun/cpp_node_test
[0.894s] -- Up-to-date: /home/beamkeerati/ros2_ws/install/turtle_fun/share/turtle_fun
[0.894s] -- Up-to-date: /home/beamkeerati/ros2_ws/install/turtle_fun/share/ament_index/resource_index/package_run_dependencies/turtle_fun
[0.894s] -- Up-to-date: /home/beamkeerati/ros2_ws/install/turtle_fun/share/ament_index/resource_index/parent_prefix_path/turtle_fun
[0.894s] -- Up-to-date: /home/beamkeerati/ros2_ws/install/turtle_fun/share/turtle_fun/environment/ament_prefix_path.sh
[0.894s] -- Installing: /home/beamkeerati/ros2_ws/install/turtle_fun/share/turtle_fun/environment/ament_prefix_path.dsv
[0.894s] -- Up-to-date: /home/beamkeerati/ros2_ws/install/turtle_fun/share/turtle_fun/environment/path.sh
[0.895s] -- Installing: /home/beamkeerati/ros2_ws/install/turtle_fun/share/turtle_fun/environment/path.dsv
[0.895s] -- Up-to-date: /home/beamkeerati/ros2_ws/install/turtle_fun/share/turtle_fun/local_setup.bash
[0.895s] -- Up-to-date: /home/beamkeerati/ros2_ws/install/turtle_fun/share/turtle_fun/local_setup.sh
[0.895s] -- Up-to-date: /home/beamkeerati/ros2_ws/install/turtle_fun/share/turtle_fun/local_setup.zsh
[0.895s] -- Installing: /home/beamkeerati/ros2_ws/install/turtle_fun/share/turtle_fun/local_setup.dsv
[0.895s] -- Installing: /home/beamkeerati/ros2_ws/install/turtle_fun/share/turtle_fun/package.dsv
[0.895s] -- Up-to-date: /home/beamkeerati/ros2_ws/install/turtle_fun/share/ament_index/resource_index/packages/turtle_fun
[0.895s] -- Up-to-date: /home/beamkeerati/ros2_ws/install/turtle_fun/share/turtle_fun/cmake/turtle_funConfig.cmake
[0.895s] -- Up-to-date: /home/beamkeerati/ros2_ws/install/turtle_fun/share/turtle_fun/cmake/turtle_funConfig-version.cmake
[0.895s] -- Up-to-date: /home/beamkeerati/ros2_ws/install/turtle_fun/share/turtle_fun/package.xml
[0.897s] Invoked command in '/home/beamkeerati/ros2_ws/build/turtle_fun' returned '0': CMAKE_PREFIX_PATH=${CMAKE_PREFIX_PATH}:/opt/ros/humble /usr/bin/cmake --install /home/beamkeerati/ros2_ws/build/turtle_fun
