[0.011s] Invoking command in '/home/beamkeerati/ros2_ws/build/param_interfaces': CMAKE_PREFIX_PATH=${CMAKE_PREFIX_PATH}:/opt/ros/humble /usr/bin/cmake --build /home/beamkeerati/ros2_ws/build/param_interfaces -- -j16 -l16
[0.034s] -- Found ament_cmake: 1.3.10 (/opt/ros/humble/share/ament_cmake/cmake)
[0.141s] -- Found rosidl_default_generators: 1.2.0 (/opt/ros/humble/share/rosidl_default_generators/cmake)
[0.143s] -- Using all available rosidl_typesupport_c: rosidl_typesupport_fastrtps_c;rosidl_typesupport_introspection_c
[0.145s] -- Found rosidl_adapter: 3.1.5 (/opt/ros/humble/share/rosidl_adapter/cmake)
[0.167s] -- Using all available rosidl_typesupport_cpp: rosidl_typesupport_fastrtps_cpp;rosidl_typesupport_introspection_cpp
[0.411s] -- Found ament_cmake_ros: 0.10.0 (/opt/ros/humble/share/ament_cmake_ros/cmake)
[0.581s] -- Using all available rosidl_typesupport_c: rosidl_typesupport_fastrtps_c;rosidl_typesupport_introspection_c
[0.805s] -- Using all available rosidl_typesupport_cpp: rosidl_typesupport_fastrtps_cpp;rosidl_typesupport_introspection_cpp
[0.826s] -- Found python_cmake_module: 0.10.0 (/opt/ros/humble/share/python_cmake_module/cmake)
[0.846s] -- Using PYTHON_EXECUTABLE: /usr/bin/python3
[0.846s] -- Using PYTHON_INCLUDE_DIRS: /usr/include/python3.10
[0.846s] -- Using PYTHON_LIBRARIES: /usr/lib/x86_64-linux-gnu/libpython3.10.so
[0.854s] -- Found ament_lint_auto: 0.12.11 (/opt/ros/humble/share/ament_lint_auto/cmake)
[0.862s] -- Added test 'lint_cmake' to check CMake code style
[0.863s] -- Added test 'xmllint' to check XML markup files
[0.865s] -- Configuring done
[0.891s] -- Generating done
[0.894s] -- Build files have been written to: /home/beamkeerati/ros2_ws/build/param_interfaces
[0.919s] [  2%] [34m[1mGenerating C code for ROS interfaces[0m
[0.937s] [  5%] [34m[1mGenerating C++ code for ROS interfaces[0m
[0.956s] [  5%] Built target ament_cmake_python_copy_param_interfaces
[1.192s] running egg_info
[1.193s] writing param_interfaces.egg-info/PKG-INFO
[1.194s] writing dependency_links to param_interfaces.egg-info/dependency_links.txt
[1.194s] writing top-level names to param_interfaces.egg-info/top_level.txt
[1.199s] reading manifest file 'param_interfaces.egg-info/SOURCES.txt'
[1.200s] writing manifest file 'param_interfaces.egg-info/SOURCES.txt'
[1.242s] [  5%] Built target param_interfaces__cpp
[1.249s] [  5%] Built target ament_cmake_python_build_param_interfaces_egg
[1.250s] [35m[1mConsolidate compiler generated dependencies of target param_interfaces__rosidl_generator_c[0m
[1.252s] [  7%] [34m[1mGenerating C++ type support dispatch for ROS interfaces[0m
[1.252s] [ 10%] [34m[1mGenerating C++ type support for eProsima Fast-RTPS[0m
[1.253s] [ 12%] [34m[1mGenerating C++ introspection for ROS interfaces[0m
[1.262s] [ 15%] [32mBuilding C object CMakeFiles/param_interfaces__rosidl_generator_c.dir/rosidl_generator_c/param_interfaces/srv/detail/set_number_pizza__functions.c.o[0m
[1.262s] [ 17%] [32mBuilding C object CMakeFiles/param_interfaces__rosidl_generator_c.dir/rosidl_generator_c/param_interfaces/srv/detail/set_controller_gain__functions.c.o[0m
[1.311s] [ 20%] [32m[1mLinking C shared library libparam_interfaces__rosidl_generator_c.so[0m
[1.350s] [ 20%] Built target param_interfaces__rosidl_generator_c
[1.362s] [ 28%] [34m[1mGenerating C type support for eProsima Fast-RTPS[0m
[1.362s] [ 28%] [34m[1mGenerating C introspection for ROS interfaces[0m
[1.362s] [ 28%] [34m[1mGenerating C type support dispatch for ROS interfaces[0m
[1.506s] [35m[1mConsolidate compiler generated dependencies of target param_interfaces__rosidl_typesupport_cpp[0m
[1.516s] [35m[1mConsolidate compiler generated dependencies of target param_interfaces__rosidl_typesupport_introspection_cpp[0m
[1.521s] [ 33%] [32mBuilding CXX object CMakeFiles/param_interfaces__rosidl_typesupport_cpp.dir/rosidl_typesupport_cpp/param_interfaces/srv/set_controller_gain__type_support.cpp.o[0m
[1.521s] [ 33%] [32mBuilding CXX object CMakeFiles/param_interfaces__rosidl_typesupport_cpp.dir/rosidl_typesupport_cpp/param_interfaces/srv/set_number_pizza__type_support.cpp.o[0m
[1.531s] [ 35%] [32mBuilding CXX object CMakeFiles/param_interfaces__rosidl_typesupport_introspection_cpp.dir/rosidl_typesupport_introspection_cpp/param_interfaces/srv/detail/set_number_pizza__type_support.cpp.o[0m
[1.531s] [ 38%] [32mBuilding CXX object CMakeFiles/param_interfaces__rosidl_typesupport_introspection_cpp.dir/rosidl_typesupport_introspection_cpp/param_interfaces/srv/detail/set_controller_gain__type_support.cpp.o[0m
[1.548s] [35m[1mConsolidate compiler generated dependencies of target param_interfaces__rosidl_typesupport_fastrtps_cpp[0m
[1.565s] [ 41%] [32mBuilding CXX object CMakeFiles/param_interfaces__rosidl_typesupport_fastrtps_cpp.dir/rosidl_typesupport_fastrtps_cpp/param_interfaces/srv/detail/dds_fastrtps/set_number_pizza__type_support.cpp.o[0m
[1.566s] [ 43%] [32mBuilding CXX object CMakeFiles/param_interfaces__rosidl_typesupport_fastrtps_cpp.dir/rosidl_typesupport_fastrtps_cpp/param_interfaces/srv/detail/dds_fastrtps/set_controller_gain__type_support.cpp.o[0m
[1.623s] [35m[1mConsolidate compiler generated dependencies of target param_interfaces__rosidl_typesupport_c[0m
[1.640s] [ 46%] [32mBuilding CXX object CMakeFiles/param_interfaces__rosidl_typesupport_c.dir/rosidl_typesupport_c/param_interfaces/srv/set_number_pizza__type_support.cpp.o[0m
[1.641s] [ 48%] [32mBuilding CXX object CMakeFiles/param_interfaces__rosidl_typesupport_c.dir/rosidl_typesupport_c/param_interfaces/srv/set_controller_gain__type_support.cpp.o[0m
[1.664s] [35m[1mConsolidate compiler generated dependencies of target param_interfaces__rosidl_typesupport_introspection_c[0m
[1.683s] [ 53%] [32mBuilding C object CMakeFiles/param_interfaces__rosidl_typesupport_introspection_c.dir/rosidl_typesupport_introspection_c/param_interfaces/srv/detail/set_controller_gain__type_support.c.o[0m
[1.683s] [ 53%] [32mBuilding C object CMakeFiles/param_interfaces__rosidl_typesupport_introspection_c.dir/rosidl_typesupport_introspection_c/param_interfaces/srv/detail/set_number_pizza__type_support.c.o[0m
[1.688s] [35m[1mConsolidate compiler generated dependencies of target param_interfaces__rosidl_typesupport_fastrtps_c[0m
[1.699s] [ 56%] [32m[1mLinking CXX shared library libparam_interfaces__rosidl_typesupport_c.so[0m
[1.719s] [ 58%] [32mBuilding CXX object CMakeFiles/param_interfaces__rosidl_typesupport_fastrtps_c.dir/rosidl_typesupport_fastrtps_c/param_interfaces/srv/detail/set_controller_gain__type_support_c.cpp.o[0m
[1.723s] [ 61%] [32mBuilding CXX object CMakeFiles/param_interfaces__rosidl_typesupport_fastrtps_c.dir/rosidl_typesupport_fastrtps_c/param_interfaces/srv/detail/set_number_pizza__type_support_c.cpp.o[0m
[1.754s] [ 64%] [32m[1mLinking C shared library libparam_interfaces__rosidl_typesupport_introspection_c.so[0m
[1.780s] [ 64%] Built target param_interfaces__rosidl_typesupport_c
[1.797s] [ 64%] Built target param_interfaces__rosidl_typesupport_introspection_c
[1.887s] [ 66%] [32m[1mLinking CXX shared library libparam_interfaces__rosidl_typesupport_cpp.so[0m
[1.938s] [ 66%] Built target param_interfaces__rosidl_typesupport_cpp
[2.030s] [ 69%] [32m[1mLinking CXX shared library libparam_interfaces__rosidl_typesupport_introspection_cpp.so[0m
[2.131s] [ 71%] [32m[1mLinking CXX shared library libparam_interfaces__rosidl_typesupport_fastrtps_cpp.so[0m
[2.146s] [ 71%] Built target param_interfaces__rosidl_typesupport_introspection_cpp
[2.212s] [ 74%] [32m[1mLinking CXX shared library libparam_interfaces__rosidl_typesupport_fastrtps_c.so[0m
[2.242s] [ 74%] Built target param_interfaces__rosidl_typesupport_fastrtps_cpp
[2.284s] [ 74%] Built target param_interfaces__rosidl_typesupport_fastrtps_c
[2.306s] [ 74%] Built target param_interfaces
[2.330s] [ 76%] [34m[1mGenerating Python code for ROS interfaces[0m
[2.724s] [ 76%] Built target param_interfaces__py
[2.735s] [35m[1mConsolidate compiler generated dependencies of target param_interfaces__rosidl_generator_py[0m
[2.748s] [ 82%] [32mBuilding C object CMakeFiles/param_interfaces__rosidl_generator_py.dir/rosidl_generator_py/param_interfaces/srv/_set_controller_gain_s.c.o[0m
[2.748s] [ 82%] [32mBuilding C object CMakeFiles/param_interfaces__rosidl_generator_py.dir/rosidl_generator_py/param_interfaces/srv/_set_number_pizza_s.c.o[0m
[2.827s] [ 84%] [32m[1mLinking C shared library rosidl_generator_py/param_interfaces/libparam_interfaces__rosidl_generator_py.so[0m
[2.864s] [ 84%] Built target param_interfaces__rosidl_generator_py
[2.875s] [35m[1mConsolidate compiler generated dependencies of target param_interfaces__rosidl_typesupport_c__pyext[0m
[2.875s] [35m[1mConsolidate compiler generated dependencies of target param_interfaces__rosidl_typesupport_introspection_c__pyext[0m
[2.875s] [35m[1mConsolidate compiler generated dependencies of target param_interfaces__rosidl_typesupport_fastrtps_c__pyext[0m
[2.887s] [ 89%] [32mBuilding C object CMakeFiles/param_interfaces__rosidl_typesupport_c__pyext.dir/rosidl_generator_py/param_interfaces/_param_interfaces_s.ep.rosidl_typesupport_c.c.o[0m
[2.887s] [ 89%] [32mBuilding C object CMakeFiles/param_interfaces__rosidl_typesupport_fastrtps_c__pyext.dir/rosidl_generator_py/param_interfaces/_param_interfaces_s.ep.rosidl_typesupport_fastrtps_c.c.o[0m
[2.887s] [ 92%] [32mBuilding C object CMakeFiles/param_interfaces__rosidl_typesupport_introspection_c__pyext.dir/rosidl_generator_py/param_interfaces/_param_interfaces_s.ep.rosidl_typesupport_introspection_c.c.o[0m
[2.989s] [100%] [32m[1mLinking C shared library rosidl_generator_py/param_interfaces/param_interfaces_s__rosidl_typesupport_introspection_c.cpython-310-x86_64-linux-gnu.so[0m
[2.989s] [100%] [32m[1mLinking C shared library rosidl_generator_py/param_interfaces/param_interfaces_s__rosidl_typesupport_fastrtps_c.cpython-310-x86_64-linux-gnu.so[0m
[2.989s] [100%] [32m[1mLinking C shared library rosidl_generator_py/param_interfaces/param_interfaces_s__rosidl_typesupport_c.cpython-310-x86_64-linux-gnu.so[0m
[3.021s] [100%] Built target param_interfaces__rosidl_typesupport_c__pyext
[3.021s] [100%] Built target param_interfaces__rosidl_typesupport_introspection_c__pyext
[3.022s] [100%] Built target param_interfaces__rosidl_typesupport_fastrtps_c__pyext
[3.034s] Invoked command in '/home/beamkeerati/ros2_ws/build/param_interfaces' returned '0': CMAKE_PREFIX_PATH=${CMAKE_PREFIX_PATH}:/opt/ros/humble /usr/bin/cmake --build /home/beamkeerati/ros2_ws/build/param_interfaces -- -j16 -l16
[3.128s] Invoking command in '/home/beamkeerati/ros2_ws/build/param_interfaces': CMAKE_PREFIX_PATH=${CMAKE_PREFIX_PATH}:/opt/ros/humble /usr/bin/cmake --install /home/beamkeerati/ros2_ws/build/param_interfaces
[3.136s] -- Install configuration: ""
[3.136s] -- Installing: /home/beamkeerati/ros2_ws/install/param_interfaces/share/ament_index/resource_index/rosidl_interfaces/param_interfaces
[3.136s] -- Up-to-date: /home/beamkeerati/ros2_ws/install/param_interfaces/include/param_interfaces/param_interfaces
[3.136s] -- Up-to-date: /home/beamkeerati/ros2_ws/install/param_interfaces/include/param_interfaces/param_interfaces/msg
[3.137s] -- Up-to-date: /home/beamkeerati/ros2_ws/install/param_interfaces/include/param_interfaces/param_interfaces/msg/rosidl_generator_c__visibility_control.h
[3.137s] -- Up-to-date: /home/beamkeerati/ros2_ws/install/param_interfaces/include/param_interfaces/param_interfaces/srv
[3.137s] -- Installing: /home/beamkeerati/ros2_ws/install/param_interfaces/include/param_interfaces/param_interfaces/srv/set_number_pizza.h
[3.137s] -- Up-to-date: /home/beamkeerati/ros2_ws/install/param_interfaces/include/param_interfaces/param_interfaces/srv/detail
[3.137s] -- Installing: /home/beamkeerati/ros2_ws/install/param_interfaces/include/param_interfaces/param_interfaces/srv/detail/set_controller_gain__type_support.h
[3.137s] -- Installing: /home/beamkeerati/ros2_ws/install/param_interfaces/include/param_interfaces/param_interfaces/srv/detail/set_number_pizza__functions.c
[3.137s] -- Installing: /home/beamkeerati/ros2_ws/install/param_interfaces/include/param_interfaces/param_interfaces/srv/detail/set_number_pizza__functions.h
[3.137s] -- Installing: /home/beamkeerati/ros2_ws/install/param_interfaces/include/param_interfaces/param_interfaces/srv/detail/set_number_pizza__struct.h
[3.137s] -- Installing: /home/beamkeerati/ros2_ws/install/param_interfaces/include/param_interfaces/param_interfaces/srv/detail/set_number_pizza__type_support.h
[3.137s] -- Installing: /home/beamkeerati/ros2_ws/install/param_interfaces/include/param_interfaces/param_interfaces/srv/detail/set_controller_gain__struct.h
[3.138s] -- Installing: /home/beamkeerati/ros2_ws/install/param_interfaces/include/param_interfaces/param_interfaces/srv/detail/set_controller_gain__functions.c
[3.138s] -- Installing: /home/beamkeerati/ros2_ws/install/param_interfaces/include/param_interfaces/param_interfaces/srv/detail/set_controller_gain__functions.h
[3.138s] -- Installing: /home/beamkeerati/ros2_ws/install/param_interfaces/include/param_interfaces/param_interfaces/srv/set_controller_gain.h
[3.138s] -- Up-to-date: /home/beamkeerati/ros2_ws/install/param_interfaces/share/param_interfaces/environment/library_path.sh
[3.138s] -- Installing: /home/beamkeerati/ros2_ws/install/param_interfaces/share/param_interfaces/environment/library_path.dsv
[3.138s] -- Installing: /home/beamkeerati/ros2_ws/install/param_interfaces/lib/libparam_interfaces__rosidl_generator_c.so
[3.139s] -- Set runtime path of "/home/beamkeerati/ros2_ws/install/param_interfaces/lib/libparam_interfaces__rosidl_generator_c.so" to ""
[3.139s] -- Up-to-date: /home/beamkeerati/ros2_ws/install/param_interfaces/include/param_interfaces/param_interfaces
[3.139s] -- Up-to-date: /home/beamkeerati/ros2_ws/install/param_interfaces/include/param_interfaces/param_interfaces/msg
[3.139s] -- Up-to-date: /home/beamkeerati/ros2_ws/install/param_interfaces/include/param_interfaces/param_interfaces/msg/rosidl_typesupport_fastrtps_c__visibility_control.h
[3.139s] -- Up-to-date: /home/beamkeerati/ros2_ws/install/param_interfaces/include/param_interfaces/param_interfaces/srv
[3.139s] -- Up-to-date: /home/beamkeerati/ros2_ws/install/param_interfaces/include/param_interfaces/param_interfaces/srv/detail
[3.139s] -- Installing: /home/beamkeerati/ros2_ws/install/param_interfaces/include/param_interfaces/param_interfaces/srv/detail/set_controller_gain__rosidl_typesupport_fastrtps_c.h
[3.139s] -- Installing: /home/beamkeerati/ros2_ws/install/param_interfaces/include/param_interfaces/param_interfaces/srv/detail/set_number_pizza__rosidl_typesupport_fastrtps_c.h
[3.139s] -- Installing: /home/beamkeerati/ros2_ws/install/param_interfaces/lib/libparam_interfaces__rosidl_typesupport_fastrtps_c.so
[3.140s] -- Set runtime path of "/home/beamkeerati/ros2_ws/install/param_interfaces/lib/libparam_interfaces__rosidl_typesupport_fastrtps_c.so" to ""
[3.140s] -- Up-to-date: /home/beamkeerati/ros2_ws/install/param_interfaces/include/param_interfaces/param_interfaces
[3.140s] -- Up-to-date: /home/beamkeerati/ros2_ws/install/param_interfaces/include/param_interfaces/param_interfaces/msg
[3.140s] -- Up-to-date: /home/beamkeerati/ros2_ws/install/param_interfaces/include/param_interfaces/param_interfaces/msg/rosidl_typesupport_introspection_c__visibility_control.h
[3.140s] -- Up-to-date: /home/beamkeerati/ros2_ws/install/param_interfaces/include/param_interfaces/param_interfaces/srv
[3.140s] -- Up-to-date: /home/beamkeerati/ros2_ws/install/param_interfaces/include/param_interfaces/param_interfaces/srv/detail
[3.140s] -- Installing: /home/beamkeerati/ros2_ws/install/param_interfaces/include/param_interfaces/param_interfaces/srv/detail/set_controller_gain__type_support.c
[3.140s] -- Installing: /home/beamkeerati/ros2_ws/install/param_interfaces/include/param_interfaces/param_interfaces/srv/detail/set_number_pizza__rosidl_typesupport_introspection_c.h
[3.141s] -- Installing: /home/beamkeerati/ros2_ws/install/param_interfaces/include/param_interfaces/param_interfaces/srv/detail/set_number_pizza__type_support.c
[3.141s] -- Installing: /home/beamkeerati/ros2_ws/install/param_interfaces/include/param_interfaces/param_interfaces/srv/detail/set_controller_gain__rosidl_typesupport_introspection_c.h
[3.141s] -- Installing: /home/beamkeerati/ros2_ws/install/param_interfaces/lib/libparam_interfaces__rosidl_typesupport_introspection_c.so
[3.141s] -- Set runtime path of "/home/beamkeerati/ros2_ws/install/param_interfaces/lib/libparam_interfaces__rosidl_typesupport_introspection_c.so" to ""
[3.141s] -- Installing: /home/beamkeerati/ros2_ws/install/param_interfaces/lib/libparam_interfaces__rosidl_typesupport_c.so
[3.142s] -- Set runtime path of "/home/beamkeerati/ros2_ws/install/param_interfaces/lib/libparam_interfaces__rosidl_typesupport_c.so" to ""
[3.142s] -- Up-to-date: /home/beamkeerati/ros2_ws/install/param_interfaces/include/param_interfaces/param_interfaces
[3.142s] -- Up-to-date: /home/beamkeerati/ros2_ws/install/param_interfaces/include/param_interfaces/param_interfaces/srv
[3.142s] -- Up-to-date: /home/beamkeerati/ros2_ws/install/param_interfaces/include/param_interfaces/param_interfaces/srv/detail
[3.142s] -- Installing: /home/beamkeerati/ros2_ws/install/param_interfaces/include/param_interfaces/param_interfaces/srv/detail/set_number_pizza__struct.hpp
[3.142s] -- Installing: /home/beamkeerati/ros2_ws/install/param_interfaces/include/param_interfaces/param_interfaces/srv/detail/set_controller_gain__struct.hpp
[3.142s] -- Installing: /home/beamkeerati/ros2_ws/install/param_interfaces/include/param_interfaces/param_interfaces/srv/detail/set_number_pizza__traits.hpp
[3.142s] -- Installing: /home/beamkeerati/ros2_ws/install/param_interfaces/include/param_interfaces/param_interfaces/srv/detail/set_number_pizza__builder.hpp
[3.142s] -- Installing: /home/beamkeerati/ros2_ws/install/param_interfaces/include/param_interfaces/param_interfaces/srv/detail/set_controller_gain__traits.hpp
[3.142s] -- Installing: /home/beamkeerati/ros2_ws/install/param_interfaces/include/param_interfaces/param_interfaces/srv/detail/set_controller_gain__builder.hpp
[3.143s] -- Installing: /home/beamkeerati/ros2_ws/install/param_interfaces/include/param_interfaces/param_interfaces/srv/set_number_pizza.hpp
[3.143s] -- Installing: /home/beamkeerati/ros2_ws/install/param_interfaces/include/param_interfaces/param_interfaces/srv/set_controller_gain.hpp
[3.143s] -- Up-to-date: /home/beamkeerati/ros2_ws/install/param_interfaces/include/param_interfaces/param_interfaces
[3.143s] -- Up-to-date: /home/beamkeerati/ros2_ws/install/param_interfaces/include/param_interfaces/param_interfaces/msg
[3.143s] -- Up-to-date: /home/beamkeerati/ros2_ws/install/param_interfaces/include/param_interfaces/param_interfaces/msg/rosidl_typesupport_fastrtps_cpp__visibility_control.h
[3.143s] -- Up-to-date: /home/beamkeerati/ros2_ws/install/param_interfaces/include/param_interfaces/param_interfaces/srv
[3.143s] -- Up-to-date: /home/beamkeerati/ros2_ws/install/param_interfaces/include/param_interfaces/param_interfaces/srv/detail
[3.143s] -- Up-to-date: /home/beamkeerati/ros2_ws/install/param_interfaces/include/param_interfaces/param_interfaces/srv/detail/dds_fastrtps
[3.143s] -- Installing: /home/beamkeerati/ros2_ws/install/param_interfaces/include/param_interfaces/param_interfaces/srv/detail/set_number_pizza__rosidl_typesupport_fastrtps_cpp.hpp
[3.143s] -- Installing: /home/beamkeerati/ros2_ws/install/param_interfaces/include/param_interfaces/param_interfaces/srv/detail/set_controller_gain__rosidl_typesupport_fastrtps_cpp.hpp
[3.144s] -- Installing: /home/beamkeerati/ros2_ws/install/param_interfaces/lib/libparam_interfaces__rosidl_typesupport_fastrtps_cpp.so
[3.144s] -- Set runtime path of "/home/beamkeerati/ros2_ws/install/param_interfaces/lib/libparam_interfaces__rosidl_typesupport_fastrtps_cpp.so" to ""
[3.144s] -- Up-to-date: /home/beamkeerati/ros2_ws/install/param_interfaces/include/param_interfaces/param_interfaces
[3.144s] -- Up-to-date: /home/beamkeerati/ros2_ws/install/param_interfaces/include/param_interfaces/param_interfaces/srv
[3.144s] -- Up-to-date: /home/beamkeerati/ros2_ws/install/param_interfaces/include/param_interfaces/param_interfaces/srv/detail
[3.144s] -- Installing: /home/beamkeerati/ros2_ws/install/param_interfaces/include/param_interfaces/param_interfaces/srv/detail/set_number_pizza__type_support.cpp
[3.144s] -- Installing: /home/beamkeerati/ros2_ws/install/param_interfaces/include/param_interfaces/param_interfaces/srv/detail/set_controller_gain__type_support.cpp
[3.145s] -- Installing: /home/beamkeerati/ros2_ws/install/param_interfaces/include/param_interfaces/param_interfaces/srv/detail/set_controller_gain__rosidl_typesupport_introspection_cpp.hpp
[3.145s] -- Installing: /home/beamkeerati/ros2_ws/install/param_interfaces/include/param_interfaces/param_interfaces/srv/detail/set_number_pizza__rosidl_typesupport_introspection_cpp.hpp
[3.145s] -- Installing: /home/beamkeerati/ros2_ws/install/param_interfaces/lib/libparam_interfaces__rosidl_typesupport_introspection_cpp.so
[3.145s] -- Set runtime path of "/home/beamkeerati/ros2_ws/install/param_interfaces/lib/libparam_interfaces__rosidl_typesupport_introspection_cpp.so" to ""
[3.145s] -- Installing: /home/beamkeerati/ros2_ws/install/param_interfaces/lib/libparam_interfaces__rosidl_typesupport_cpp.so
[3.146s] -- Set runtime path of "/home/beamkeerati/ros2_ws/install/param_interfaces/lib/libparam_interfaces__rosidl_typesupport_cpp.so" to ""
[3.146s] -- Up-to-date: /home/beamkeerati/ros2_ws/install/param_interfaces/share/param_interfaces/environment/pythonpath.sh
[3.146s] -- Installing: /home/beamkeerati/ros2_ws/install/param_interfaces/share/param_interfaces/environment/pythonpath.dsv
[3.146s] -- Up-to-date: /home/beamkeerati/ros2_ws/install/param_interfaces/local/lib/python3.10/dist-packages/param_interfaces-0.0.0-py3.10.egg-info
[3.146s] -- Installing: /home/beamkeerati/ros2_ws/install/param_interfaces/local/lib/python3.10/dist-packages/param_interfaces-0.0.0-py3.10.egg-info/dependency_links.txt
[3.146s] -- Installing: /home/beamkeerati/ros2_ws/install/param_interfaces/local/lib/python3.10/dist-packages/param_interfaces-0.0.0-py3.10.egg-info/top_level.txt
[3.146s] -- Installing: /home/beamkeerati/ros2_ws/install/param_interfaces/local/lib/python3.10/dist-packages/param_interfaces-0.0.0-py3.10.egg-info/SOURCES.txt
[3.147s] -- Installing: /home/beamkeerati/ros2_ws/install/param_interfaces/local/lib/python3.10/dist-packages/param_interfaces-0.0.0-py3.10.egg-info/PKG-INFO
[3.147s] -- Up-to-date: /home/beamkeerati/ros2_ws/install/param_interfaces/local/lib/python3.10/dist-packages/param_interfaces
[3.147s] -- Installing: /home/beamkeerati/ros2_ws/install/param_interfaces/local/lib/python3.10/dist-packages/param_interfaces/__init__.py
[3.147s] -- Installing: /home/beamkeerati/ros2_ws/install/param_interfaces/local/lib/python3.10/dist-packages/param_interfaces/_param_interfaces_s.ep.rosidl_typesupport_fastrtps_c.c
[3.147s] -- Installing: /home/beamkeerati/ros2_ws/install/param_interfaces/local/lib/python3.10/dist-packages/param_interfaces/param_interfaces_s__rosidl_typesupport_introspection_c.cpython-310-x86_64-linux-gnu.so
[3.147s] -- Installing: /home/beamkeerati/ros2_ws/install/param_interfaces/local/lib/python3.10/dist-packages/param_interfaces/libparam_interfaces__rosidl_generator_py.so
[3.147s] -- Up-to-date: /home/beamkeerati/ros2_ws/install/param_interfaces/local/lib/python3.10/dist-packages/param_interfaces/srv
[3.148s] -- Installing: /home/beamkeerati/ros2_ws/install/param_interfaces/local/lib/python3.10/dist-packages/param_interfaces/srv/__init__.py
[3.148s] -- Installing: /home/beamkeerati/ros2_ws/install/param_interfaces/local/lib/python3.10/dist-packages/param_interfaces/srv/_set_controller_gain_s.c
[3.148s] -- Installing: /home/beamkeerati/ros2_ws/install/param_interfaces/local/lib/python3.10/dist-packages/param_interfaces/srv/_set_controller_gain.py
[3.148s] -- Installing: /home/beamkeerati/ros2_ws/install/param_interfaces/local/lib/python3.10/dist-packages/param_interfaces/srv/_set_number_pizza_s.c
[3.148s] -- Installing: /home/beamkeerati/ros2_ws/install/param_interfaces/local/lib/python3.10/dist-packages/param_interfaces/srv/_set_number_pizza.py
[3.148s] -- Installing: /home/beamkeerati/ros2_ws/install/param_interfaces/local/lib/python3.10/dist-packages/param_interfaces/_param_interfaces_s.ep.rosidl_typesupport_c.c
[3.149s] -- Installing: /home/beamkeerati/ros2_ws/install/param_interfaces/local/lib/python3.10/dist-packages/param_interfaces/param_interfaces_s__rosidl_typesupport_fastrtps_c.cpython-310-x86_64-linux-gnu.so
[3.149s] -- Installing: /home/beamkeerati/ros2_ws/install/param_interfaces/local/lib/python3.10/dist-packages/param_interfaces/_param_interfaces_s.ep.rosidl_typesupport_introspection_c.c
[3.149s] -- Installing: /home/beamkeerati/ros2_ws/install/param_interfaces/local/lib/python3.10/dist-packages/param_interfaces/param_interfaces_s__rosidl_typesupport_c.cpython-310-x86_64-linux-gnu.so
[3.182s] Listing '/home/beamkeerati/ros2_ws/install/param_interfaces/local/lib/python3.10/dist-packages/param_interfaces'...
[3.182s] Compiling '/home/beamkeerati/ros2_ws/install/param_interfaces/local/lib/python3.10/dist-packages/param_interfaces/__init__.py'...
[3.182s] Listing '/home/beamkeerati/ros2_ws/install/param_interfaces/local/lib/python3.10/dist-packages/param_interfaces/srv'...
[3.182s] Compiling '/home/beamkeerati/ros2_ws/install/param_interfaces/local/lib/python3.10/dist-packages/param_interfaces/srv/__init__.py'...
[3.182s] Compiling '/home/beamkeerati/ros2_ws/install/param_interfaces/local/lib/python3.10/dist-packages/param_interfaces/srv/_set_controller_gain.py'...
[3.182s] Compiling '/home/beamkeerati/ros2_ws/install/param_interfaces/local/lib/python3.10/dist-packages/param_interfaces/srv/_set_number_pizza.py'...
[3.203s] -- Installing: /home/beamkeerati/ros2_ws/install/param_interfaces/local/lib/python3.10/dist-packages/param_interfaces/param_interfaces_s__rosidl_typesupport_fastrtps_c.cpython-310-x86_64-linux-gnu.so
[3.204s] -- Set runtime path of "/home/beamkeerati/ros2_ws/install/param_interfaces/local/lib/python3.10/dist-packages/param_interfaces/param_interfaces_s__rosidl_typesupport_fastrtps_c.cpython-310-x86_64-linux-gnu.so" to ""
[3.204s] -- Installing: /home/beamkeerati/ros2_ws/install/param_interfaces/local/lib/python3.10/dist-packages/param_interfaces/param_interfaces_s__rosidl_typesupport_introspection_c.cpython-310-x86_64-linux-gnu.so
[3.204s] -- Set runtime path of "/home/beamkeerati/ros2_ws/install/param_interfaces/local/lib/python3.10/dist-packages/param_interfaces/param_interfaces_s__rosidl_typesupport_introspection_c.cpython-310-x86_64-linux-gnu.so" to ""
[3.205s] -- Installing: /home/beamkeerati/ros2_ws/install/param_interfaces/local/lib/python3.10/dist-packages/param_interfaces/param_interfaces_s__rosidl_typesupport_c.cpython-310-x86_64-linux-gnu.so
[3.205s] -- Set runtime path of "/home/beamkeerati/ros2_ws/install/param_interfaces/local/lib/python3.10/dist-packages/param_interfaces/param_interfaces_s__rosidl_typesupport_c.cpython-310-x86_64-linux-gnu.so" to ""
[3.205s] -- Installing: /home/beamkeerati/ros2_ws/install/param_interfaces/lib/libparam_interfaces__rosidl_generator_py.so
[3.206s] -- Set runtime path of "/home/beamkeerati/ros2_ws/install/param_interfaces/lib/libparam_interfaces__rosidl_generator_py.so" to ""
[3.206s] -- Up-to-date: /home/beamkeerati/ros2_ws/install/param_interfaces/share/param_interfaces/srv/SetControllerGain.idl
[3.206s] -- Installing: /home/beamkeerati/ros2_ws/install/param_interfaces/share/param_interfaces/srv/SetNumberPizza.idl
[3.206s] -- Up-to-date: /home/beamkeerati/ros2_ws/install/param_interfaces/share/param_interfaces/srv/SetControllerGain.srv
[3.206s] -- Up-to-date: /home/beamkeerati/ros2_ws/install/param_interfaces/share/param_interfaces/srv/SetControllerGain_Request.msg
[3.206s] -- Up-to-date: /home/beamkeerati/ros2_ws/install/param_interfaces/share/param_interfaces/srv/SetControllerGain_Response.msg
[3.206s] -- Installing: /home/beamkeerati/ros2_ws/install/param_interfaces/share/param_interfaces/srv/SetNumberPizza.srv
[3.207s] -- Installing: /home/beamkeerati/ros2_ws/install/param_interfaces/share/param_interfaces/srv/SetNumberPizza_Request.msg
[3.207s] -- Installing: /home/beamkeerati/ros2_ws/install/param_interfaces/share/param_interfaces/srv/SetNumberPizza_Response.msg
[3.208s] -- Up-to-date: /home/beamkeerati/ros2_ws/install/param_interfaces/share/ament_index/resource_index/package_run_dependencies/param_interfaces
[3.208s] -- Installing: /home/beamkeerati/ros2_ws/install/param_interfaces/share/ament_index/resource_index/parent_prefix_path/param_interfaces
[3.208s] -- Up-to-date: /home/beamkeerati/ros2_ws/install/param_interfaces/share/param_interfaces/environment/ament_prefix_path.sh
[3.208s] -- Installing: /home/beamkeerati/ros2_ws/install/param_interfaces/share/param_interfaces/environment/ament_prefix_path.dsv
[3.208s] -- Up-to-date: /home/beamkeerati/ros2_ws/install/param_interfaces/share/param_interfaces/environment/path.sh
[3.208s] -- Installing: /home/beamkeerati/ros2_ws/install/param_interfaces/share/param_interfaces/environment/path.dsv
[3.208s] -- Up-to-date: /home/beamkeerati/ros2_ws/install/param_interfaces/share/param_interfaces/local_setup.bash
[3.208s] -- Up-to-date: /home/beamkeerati/ros2_ws/install/param_interfaces/share/param_interfaces/local_setup.sh
[3.209s] -- Up-to-date: /home/beamkeerati/ros2_ws/install/param_interfaces/share/param_interfaces/local_setup.zsh
[3.209s] -- Installing: /home/beamkeerati/ros2_ws/install/param_interfaces/share/param_interfaces/local_setup.dsv
[3.209s] -- Installing: /home/beamkeerati/ros2_ws/install/param_interfaces/share/param_interfaces/package.dsv
[3.209s] -- Up-to-date: /home/beamkeerati/ros2_ws/install/param_interfaces/share/ament_index/resource_index/packages/param_interfaces
[3.209s] -- Up-to-date: /home/beamkeerati/ros2_ws/install/param_interfaces/share/param_interfaces/cmake/export_param_interfaces__rosidl_generator_cExport.cmake
[3.209s] -- Up-to-date: /home/beamkeerati/ros2_ws/install/param_interfaces/share/param_interfaces/cmake/export_param_interfaces__rosidl_generator_cExport-noconfig.cmake
[3.209s] -- Up-to-date: /home/beamkeerati/ros2_ws/install/param_interfaces/share/param_interfaces/cmake/export_param_interfaces__rosidl_typesupport_fastrtps_cExport.cmake
[3.209s] -- Up-to-date: /home/beamkeerati/ros2_ws/install/param_interfaces/share/param_interfaces/cmake/export_param_interfaces__rosidl_typesupport_fastrtps_cExport-noconfig.cmake
[3.209s] -- Up-to-date: /home/beamkeerati/ros2_ws/install/param_interfaces/share/param_interfaces/cmake/param_interfaces__rosidl_typesupport_introspection_cExport.cmake
[3.209s] -- Up-to-date: /home/beamkeerati/ros2_ws/install/param_interfaces/share/param_interfaces/cmake/param_interfaces__rosidl_typesupport_introspection_cExport-noconfig.cmake
[3.209s] -- Up-to-date: /home/beamkeerati/ros2_ws/install/param_interfaces/share/param_interfaces/cmake/param_interfaces__rosidl_typesupport_cExport.cmake
[3.209s] -- Up-to-date: /home/beamkeerati/ros2_ws/install/param_interfaces/share/param_interfaces/cmake/param_interfaces__rosidl_typesupport_cExport-noconfig.cmake
[3.210s] -- Up-to-date: /home/beamkeerati/ros2_ws/install/param_interfaces/share/param_interfaces/cmake/export_param_interfaces__rosidl_generator_cppExport.cmake
[3.210s] -- Up-to-date: /home/beamkeerati/ros2_ws/install/param_interfaces/share/param_interfaces/cmake/export_param_interfaces__rosidl_typesupport_fastrtps_cppExport.cmake
[3.210s] -- Up-to-date: /home/beamkeerati/ros2_ws/install/param_interfaces/share/param_interfaces/cmake/export_param_interfaces__rosidl_typesupport_fastrtps_cppExport-noconfig.cmake
[3.210s] -- Up-to-date: /home/beamkeerati/ros2_ws/install/param_interfaces/share/param_interfaces/cmake/param_interfaces__rosidl_typesupport_introspection_cppExport.cmake
[3.210s] -- Up-to-date: /home/beamkeerati/ros2_ws/install/param_interfaces/share/param_interfaces/cmake/param_interfaces__rosidl_typesupport_introspection_cppExport-noconfig.cmake
[3.210s] -- Up-to-date: /home/beamkeerati/ros2_ws/install/param_interfaces/share/param_interfaces/cmake/param_interfaces__rosidl_typesupport_cppExport.cmake
[3.210s] -- Up-to-date: /home/beamkeerati/ros2_ws/install/param_interfaces/share/param_interfaces/cmake/param_interfaces__rosidl_typesupport_cppExport-noconfig.cmake
[3.210s] -- Up-to-date: /home/beamkeerati/ros2_ws/install/param_interfaces/share/param_interfaces/cmake/export_param_interfaces__rosidl_generator_pyExport.cmake
[3.210s] -- Up-to-date: /home/beamkeerati/ros2_ws/install/param_interfaces/share/param_interfaces/cmake/export_param_interfaces__rosidl_generator_pyExport-noconfig.cmake
[3.210s] -- Installing: /home/beamkeerati/ros2_ws/install/param_interfaces/share/param_interfaces/cmake/rosidl_cmake-extras.cmake
[3.210s] -- Up-to-date: /home/beamkeerati/ros2_ws/install/param_interfaces/share/param_interfaces/cmake/ament_cmake_export_include_directories-extras.cmake
[3.210s] -- Up-to-date: /home/beamkeerati/ros2_ws/install/param_interfaces/share/param_interfaces/cmake/ament_cmake_export_libraries-extras.cmake
[3.210s] -- Up-to-date: /home/beamkeerati/ros2_ws/install/param_interfaces/share/param_interfaces/cmake/ament_cmake_export_targets-extras.cmake
[3.211s] -- Up-to-date: /home/beamkeerati/ros2_ws/install/param_interfaces/share/param_interfaces/cmake/rosidl_cmake_export_typesupport_targets-extras.cmake
[3.211s] -- Up-to-date: /home/beamkeerati/ros2_ws/install/param_interfaces/share/param_interfaces/cmake/ament_cmake_export_dependencies-extras.cmake
[3.211s] -- Up-to-date: /home/beamkeerati/ros2_ws/install/param_interfaces/share/param_interfaces/cmake/rosidl_cmake_export_typesupport_libraries-extras.cmake
[3.211s] -- Up-to-date: /home/beamkeerati/ros2_ws/install/param_interfaces/share/param_interfaces/cmake/param_interfacesConfig.cmake
[3.211s] -- Up-to-date: /home/beamkeerati/ros2_ws/install/param_interfaces/share/param_interfaces/cmake/param_interfacesConfig-version.cmake
[3.211s] -- Up-to-date: /home/beamkeerati/ros2_ws/install/param_interfaces/share/param_interfaces/package.xml
[3.213s] Invoked command in '/home/beamkeerati/ros2_ws/build/param_interfaces' returned '0': CMAKE_PREFIX_PATH=${CMAKE_PREFIX_PATH}:/opt/ros/humble /usr/bin/cmake --install /home/beamkeerati/ros2_ws/build/param_interfaces
