[0.078s] DEBUG:colcon:Command line arguments: ['/usr/bin/colcon', 'build']
[0.078s] DEBUG:colcon:Parsed command line arguments: Namespace(log_base=None, log_level=None, verb_name='build', build_base='build', install_base='install', merge_install=False, symlink_install=False, test_result_base=None, continue_on_error=False, executor='parallel', parallel_workers=16, event_handlers=None, ignore_user_meta=False, metas=['./colcon.meta'], base_paths=['.'], packages_ignore=None, packages_ignore_regex=None, paths=None, packages_up_to=None, packages_up_to_regex=None, packages_above=None, packages_above_and_dependencies=None, packages_above_depth=None, packages_select_by_dep=None, packages_skip_by_dep=None, packages_skip_up_to=None, packages_select_build_failed=False, packages_skip_build_finished=False, packages_select_test_failures=False, packages_skip_test_passed=False, packages_select=None, packages_skip=None, packages_select_regex=None, packages_skip_regex=None, packages_start=None, packages_end=None, allow_overriding=[], cmake_args=None, cmake_target=None, cmake_target_skip_unavailable=False, cmake_clean_cache=False, cmake_clean_first=False, cmake_force_configure=False, ament_cmake_args=None, catkin_cmake_args=None, catkin_skip_building_tests=False, mixin_files=None, mixin=None, verb_parser=<colcon_mixin.mixin.mixin_argument.MixinArgumentDecorator object at 0x788a7ff3afb0>, verb_extension=<colcon_core.verb.build.BuildVerb object at 0x788a800f0940>, main=<bound method BuildVerb.main of <colcon_core.verb.build.BuildVerb object at 0x788a800f0940>>, mixin_verb=('build',))
[0.202s] Level 1:colcon.colcon_core.package_discovery:discover_packages(colcon_meta) check parameters
[0.202s] Level 1:colcon.colcon_core.package_discovery:discover_packages(recursive) check parameters
[0.202s] Level 1:colcon.colcon_core.package_discovery:discover_packages(ignore) check parameters
[0.202s] Level 1:colcon.colcon_core.package_discovery:discover_packages(path) check parameters
[0.202s] Level 1:colcon.colcon_core.package_discovery:discover_packages(colcon_meta) discover
[0.202s] Level 1:colcon.colcon_core.package_discovery:discover_packages(recursive) discover
[0.202s] INFO:colcon.colcon_core.package_discovery:Crawling recursively for packages in '/home/beamkeerati/ros2_ws'
[0.202s] Level 1:colcon.colcon_core.package_identification:_identify(.) by extensions ['ignore', 'ignore_ament_install']
[0.202s] Level 1:colcon.colcon_core.package_identification:_identify(.) by extension 'ignore'
[0.202s] Level 1:colcon.colcon_core.package_identification:_identify(.) by extension 'ignore_ament_install'
[0.202s] Level 1:colcon.colcon_core.package_identification:_identify(.) by extensions ['colcon_pkg']
[0.202s] Level 1:colcon.colcon_core.package_identification:_identify(.) by extension 'colcon_pkg'
[0.202s] Level 1:colcon.colcon_core.package_identification:_identify(.) by extensions ['colcon_meta']
[0.202s] Level 1:colcon.colcon_core.package_identification:_identify(.) by extension 'colcon_meta'
[0.202s] Level 1:colcon.colcon_core.package_identification:_identify(.) by extensions ['ros']
[0.202s] Level 1:colcon.colcon_core.package_identification:_identify(.) by extension 'ros'
[0.210s] Level 1:colcon.colcon_core.package_identification:_identify(.) by extensions ['cmake', 'python']
[0.210s] Level 1:colcon.colcon_core.package_identification:_identify(.) by extension 'cmake'
[0.210s] Level 1:colcon.colcon_core.package_identification:_identify(.) by extension 'python'
[0.210s] Level 1:colcon.colcon_core.package_identification:_identify(.) by extensions ['python_setup_py']
[0.210s] Level 1:colcon.colcon_core.package_identification:_identify(.) by extension 'python_setup_py'
[0.210s] Level 1:colcon.colcon_core.package_identification:_identify(build) by extensions ['ignore', 'ignore_ament_install']
[0.210s] Level 1:colcon.colcon_core.package_identification:_identify(build) by extension 'ignore'
[0.210s] Level 1:colcon.colcon_core.package_identification:_identify(build) ignored
[0.210s] Level 1:colcon.colcon_core.package_identification:_identify(install) by extensions ['ignore', 'ignore_ament_install']
[0.211s] Level 1:colcon.colcon_core.package_identification:_identify(install) by extension 'ignore'
[0.211s] Level 1:colcon.colcon_core.package_identification:_identify(install) ignored
[0.211s] Level 1:colcon.colcon_core.package_identification:_identify(log) by extensions ['ignore', 'ignore_ament_install']
[0.211s] Level 1:colcon.colcon_core.package_identification:_identify(log) by extension 'ignore'
[0.211s] Level 1:colcon.colcon_core.package_identification:_identify(log) ignored
[0.211s] Level 1:colcon.colcon_core.package_identification:_identify(src) by extensions ['ignore', 'ignore_ament_install']
[0.211s] Level 1:colcon.colcon_core.package_identification:_identify(src) by extension 'ignore'
[0.211s] Level 1:colcon.colcon_core.package_identification:_identify(src) by extension 'ignore_ament_install'
[0.211s] Level 1:colcon.colcon_core.package_identification:_identify(src) by extensions ['colcon_pkg']
[0.211s] Level 1:colcon.colcon_core.package_identification:_identify(src) by extension 'colcon_pkg'
[0.211s] Level 1:colcon.colcon_core.package_identification:_identify(src) by extensions ['colcon_meta']
[0.211s] Level 1:colcon.colcon_core.package_identification:_identify(src) by extension 'colcon_meta'
[0.211s] Level 1:colcon.colcon_core.package_identification:_identify(src) by extensions ['ros']
[0.211s] Level 1:colcon.colcon_core.package_identification:_identify(src) by extension 'ros'
[0.211s] Level 1:colcon.colcon_core.package_identification:_identify(src) by extensions ['cmake', 'python']
[0.211s] Level 1:colcon.colcon_core.package_identification:_identify(src) by extension 'cmake'
[0.211s] Level 1:colcon.colcon_core.package_identification:_identify(src) by extension 'python'
[0.211s] Level 1:colcon.colcon_core.package_identification:_identify(src) by extensions ['python_setup_py']
[0.211s] Level 1:colcon.colcon_core.package_identification:_identify(src) by extension 'python_setup_py'
[0.211s] Level 1:colcon.colcon_core.package_identification:_identify(src/param_interfaces) by extensions ['ignore', 'ignore_ament_install']
[0.211s] Level 1:colcon.colcon_core.package_identification:_identify(src/param_interfaces) by extension 'ignore'
[0.211s] Level 1:colcon.colcon_core.package_identification:_identify(src/param_interfaces) by extension 'ignore_ament_install'
[0.211s] Level 1:colcon.colcon_core.package_identification:_identify(src/param_interfaces) by extensions ['colcon_pkg']
[0.211s] Level 1:colcon.colcon_core.package_identification:_identify(src/param_interfaces) by extension 'colcon_pkg'
[0.211s] Level 1:colcon.colcon_core.package_identification:_identify(src/param_interfaces) by extensions ['colcon_meta']
[0.211s] Level 1:colcon.colcon_core.package_identification:_identify(src/param_interfaces) by extension 'colcon_meta'
[0.211s] Level 1:colcon.colcon_core.package_identification:_identify(src/param_interfaces) by extensions ['ros']
[0.211s] Level 1:colcon.colcon_core.package_identification:_identify(src/param_interfaces) by extension 'ros'
[0.213s] DEBUG:colcon.colcon_core.package_identification:Package 'src/param_interfaces' with type 'ros.ament_cmake' and name 'param_interfaces'
[0.213s] Level 1:colcon.colcon_core.package_identification:_identify(src/turtle_fun) by extensions ['ignore', 'ignore_ament_install']
[0.213s] Level 1:colcon.colcon_core.package_identification:_identify(src/turtle_fun) by extension 'ignore'
[0.213s] Level 1:colcon.colcon_core.package_identification:_identify(src/turtle_fun) by extension 'ignore_ament_install'
[0.213s] Level 1:colcon.colcon_core.package_identification:_identify(src/turtle_fun) by extensions ['colcon_pkg']
[0.213s] Level 1:colcon.colcon_core.package_identification:_identify(src/turtle_fun) by extension 'colcon_pkg'
[0.213s] Level 1:colcon.colcon_core.package_identification:_identify(src/turtle_fun) by extensions ['colcon_meta']
[0.213s] Level 1:colcon.colcon_core.package_identification:_identify(src/turtle_fun) by extension 'colcon_meta'
[0.213s] Level 1:colcon.colcon_core.package_identification:_identify(src/turtle_fun) by extensions ['ros']
[0.213s] Level 1:colcon.colcon_core.package_identification:_identify(src/turtle_fun) by extension 'ros'
[0.214s] DEBUG:colcon.colcon_core.package_identification:Package 'src/turtle_fun' with type 'ros.ament_cmake' and name 'turtle_fun'
[0.214s] Level 1:colcon.colcon_core.package_identification:_identify(src/turtlesim_plus) by extensions ['ignore', 'ignore_ament_install']
[0.214s] Level 1:colcon.colcon_core.package_identification:_identify(src/turtlesim_plus) by extension 'ignore'
[0.214s] Level 1:colcon.colcon_core.package_identification:_identify(src/turtlesim_plus) by extension 'ignore_ament_install'
[0.214s] Level 1:colcon.colcon_core.package_identification:_identify(src/turtlesim_plus) by extensions ['colcon_pkg']
[0.214s] Level 1:colcon.colcon_core.package_identification:_identify(src/turtlesim_plus) by extension 'colcon_pkg'
[0.214s] Level 1:colcon.colcon_core.package_identification:_identify(src/turtlesim_plus) by extensions ['colcon_meta']
[0.214s] Level 1:colcon.colcon_core.package_identification:_identify(src/turtlesim_plus) by extension 'colcon_meta'
[0.214s] Level 1:colcon.colcon_core.package_identification:_identify(src/turtlesim_plus) by extensions ['ros']
[0.214s] Level 1:colcon.colcon_core.package_identification:_identify(src/turtlesim_plus) by extension 'ros'
[0.214s] Level 1:colcon.colcon_core.package_identification:_identify(src/turtlesim_plus) by extensions ['cmake', 'python']
[0.214s] Level 1:colcon.colcon_core.package_identification:_identify(src/turtlesim_plus) by extension 'cmake'
[0.214s] Level 1:colcon.colcon_core.package_identification:_identify(src/turtlesim_plus) by extension 'python'
[0.214s] Level 1:colcon.colcon_core.package_identification:_identify(src/turtlesim_plus) by extensions ['python_setup_py']
[0.214s] Level 1:colcon.colcon_core.package_identification:_identify(src/turtlesim_plus) by extension 'python_setup_py'
[0.214s] Level 1:colcon.colcon_core.package_identification:_identify(src/turtlesim_plus/turtlesim_plus) by extensions ['ignore', 'ignore_ament_install']
[0.215s] Level 1:colcon.colcon_core.package_identification:_identify(src/turtlesim_plus/turtlesim_plus) by extension 'ignore'
[0.215s] Level 1:colcon.colcon_core.package_identification:_identify(src/turtlesim_plus/turtlesim_plus) by extension 'ignore_ament_install'
[0.215s] Level 1:colcon.colcon_core.package_identification:_identify(src/turtlesim_plus/turtlesim_plus) by extensions ['colcon_pkg']
[0.215s] Level 1:colcon.colcon_core.package_identification:_identify(src/turtlesim_plus/turtlesim_plus) by extension 'colcon_pkg'
[0.215s] Level 1:colcon.colcon_core.package_identification:_identify(src/turtlesim_plus/turtlesim_plus) by extensions ['colcon_meta']
[0.215s] Level 1:colcon.colcon_core.package_identification:_identify(src/turtlesim_plus/turtlesim_plus) by extension 'colcon_meta'
[0.215s] Level 1:colcon.colcon_core.package_identification:_identify(src/turtlesim_plus/turtlesim_plus) by extensions ['ros']
[0.215s] Level 1:colcon.colcon_core.package_identification:_identify(src/turtlesim_plus/turtlesim_plus) by extension 'ros'
[0.215s] DEBUG:colcon.colcon_core.package_identification:Package 'src/turtlesim_plus/turtlesim_plus' with type 'ros.ament_cmake' and name 'turtlesim_plus'
[0.216s] Level 1:colcon.colcon_core.package_identification:_identify(src/turtlesim_plus/turtlesim_plus_interfaces) by extensions ['ignore', 'ignore_ament_install']
[0.216s] Level 1:colcon.colcon_core.package_identification:_identify(src/turtlesim_plus/turtlesim_plus_interfaces) by extension 'ignore'
[0.216s] Level 1:colcon.colcon_core.package_identification:_identify(src/turtlesim_plus/turtlesim_plus_interfaces) by extension 'ignore_ament_install'
[0.216s] Level 1:colcon.colcon_core.package_identification:_identify(src/turtlesim_plus/turtlesim_plus_interfaces) by extensions ['colcon_pkg']
[0.216s] Level 1:colcon.colcon_core.package_identification:_identify(src/turtlesim_plus/turtlesim_plus_interfaces) by extension 'colcon_pkg'
[0.216s] Level 1:colcon.colcon_core.package_identification:_identify(src/turtlesim_plus/turtlesim_plus_interfaces) by extensions ['colcon_meta']
[0.216s] Level 1:colcon.colcon_core.package_identification:_identify(src/turtlesim_plus/turtlesim_plus_interfaces) by extension 'colcon_meta'
[0.216s] Level 1:colcon.colcon_core.package_identification:_identify(src/turtlesim_plus/turtlesim_plus_interfaces) by extensions ['ros']
[0.216s] Level 1:colcon.colcon_core.package_identification:_identify(src/turtlesim_plus/turtlesim_plus_interfaces) by extension 'ros'
[0.216s] DEBUG:colcon.colcon_core.package_identification:Package 'src/turtlesim_plus/turtlesim_plus_interfaces' with type 'ros.ament_cmake' and name 'turtlesim_plus_interfaces'
[0.216s] Level 1:colcon.colcon_core.package_discovery:discover_packages(recursive) using defaults
[0.216s] Level 1:colcon.colcon_core.package_discovery:discover_packages(ignore) discover
[0.216s] Level 1:colcon.colcon_core.package_discovery:discover_packages(ignore) using defaults
[0.216s] Level 1:colcon.colcon_core.package_discovery:discover_packages(path) discover
[0.216s] Level 1:colcon.colcon_core.package_discovery:discover_packages(path) using defaults
[0.238s] Level 1:colcon.colcon_core.package_discovery:discover_packages(prefix_path) check parameters
[0.238s] Level 1:colcon.colcon_core.package_discovery:discover_packages(prefix_path) discover
[0.239s] DEBUG:colcon.colcon_installed_package_information.package_discovery:Found 2 installed packages in /home/beamkeerati/FRA501/Week1/Onsite/RoboticsDev2024/install
[0.239s] DEBUG:colcon.colcon_installed_package_information.package_discovery:Found 4 installed packages in /home/beamkeerati/ros2_ws/install
[0.240s] DEBUG:colcon.colcon_installed_package_information.package_discovery:Found 320 installed packages in /opt/ros/humble
[0.241s] Level 1:colcon.colcon_core.package_discovery:discover_packages(prefix_path) using defaults
[0.270s] Level 5:colcon.colcon_core.verb:set package 'param_interfaces' build argument 'cmake_args' from command line to 'None'
[0.270s] Level 5:colcon.colcon_core.verb:set package 'param_interfaces' build argument 'cmake_target' from command line to 'None'
[0.270s] Level 5:colcon.colcon_core.verb:set package 'param_interfaces' build argument 'cmake_target_skip_unavailable' from command line to 'False'
[0.270s] Level 5:colcon.colcon_core.verb:set package 'param_interfaces' build argument 'cmake_clean_cache' from command line to 'False'
[0.270s] Level 5:colcon.colcon_core.verb:set package 'param_interfaces' build argument 'cmake_clean_first' from command line to 'False'
[0.270s] Level 5:colcon.colcon_core.verb:set package 'param_interfaces' build argument 'cmake_force_configure' from command line to 'False'
[0.270s] Level 5:colcon.colcon_core.verb:set package 'param_interfaces' build argument 'ament_cmake_args' from command line to 'None'
[0.270s] Level 5:colcon.colcon_core.verb:set package 'param_interfaces' build argument 'catkin_cmake_args' from command line to 'None'
[0.270s] Level 5:colcon.colcon_core.verb:set package 'param_interfaces' build argument 'catkin_skip_building_tests' from command line to 'False'
[0.270s] DEBUG:colcon.colcon_core.verb:Building package 'param_interfaces' with the following arguments: {'ament_cmake_args': None, 'build_base': '/home/beamkeerati/ros2_ws/build/param_interfaces', 'catkin_cmake_args': None, 'catkin_skip_building_tests': False, 'cmake_args': None, 'cmake_clean_cache': False, 'cmake_clean_first': False, 'cmake_force_configure': False, 'cmake_target': None, 'cmake_target_skip_unavailable': False, 'install_base': '/home/beamkeerati/ros2_ws/install/param_interfaces', 'merge_install': False, 'path': '/home/beamkeerati/ros2_ws/src/param_interfaces', 'symlink_install': False, 'test_result_base': None}
[0.271s] Level 5:colcon.colcon_core.verb:set package 'turtle_fun' build argument 'cmake_args' from command line to 'None'
[0.271s] Level 5:colcon.colcon_core.verb:set package 'turtle_fun' build argument 'cmake_target' from command line to 'None'
[0.271s] Level 5:colcon.colcon_core.verb:set package 'turtle_fun' build argument 'cmake_target_skip_unavailable' from command line to 'False'
[0.271s] Level 5:colcon.colcon_core.verb:set package 'turtle_fun' build argument 'cmake_clean_cache' from command line to 'False'
[0.271s] Level 5:colcon.colcon_core.verb:set package 'turtle_fun' build argument 'cmake_clean_first' from command line to 'False'
[0.271s] Level 5:colcon.colcon_core.verb:set package 'turtle_fun' build argument 'cmake_force_configure' from command line to 'False'
[0.271s] Level 5:colcon.colcon_core.verb:set package 'turtle_fun' build argument 'ament_cmake_args' from command line to 'None'
[0.271s] Level 5:colcon.colcon_core.verb:set package 'turtle_fun' build argument 'catkin_cmake_args' from command line to 'None'
[0.271s] Level 5:colcon.colcon_core.verb:set package 'turtle_fun' build argument 'catkin_skip_building_tests' from command line to 'False'
[0.271s] DEBUG:colcon.colcon_core.verb:Building package 'turtle_fun' with the following arguments: {'ament_cmake_args': None, 'build_base': '/home/beamkeerati/ros2_ws/build/turtle_fun', 'catkin_cmake_args': None, 'catkin_skip_building_tests': False, 'cmake_args': None, 'cmake_clean_cache': False, 'cmake_clean_first': False, 'cmake_force_configure': False, 'cmake_target': None, 'cmake_target_skip_unavailable': False, 'install_base': '/home/beamkeerati/ros2_ws/install/turtle_fun', 'merge_install': False, 'path': '/home/beamkeerati/ros2_ws/src/turtle_fun', 'symlink_install': False, 'test_result_base': None}
[0.271s] Level 5:colcon.colcon_core.verb:set package 'turtlesim_plus' build argument 'cmake_args' from command line to 'None'
[0.271s] Level 5:colcon.colcon_core.verb:set package 'turtlesim_plus' build argument 'cmake_target' from command line to 'None'
[0.271s] Level 5:colcon.colcon_core.verb:set package 'turtlesim_plus' build argument 'cmake_target_skip_unavailable' from command line to 'False'
[0.271s] Level 5:colcon.colcon_core.verb:set package 'turtlesim_plus' build argument 'cmake_clean_cache' from command line to 'False'
[0.271s] Level 5:colcon.colcon_core.verb:set package 'turtlesim_plus' build argument 'cmake_clean_first' from command line to 'False'
[0.271s] Level 5:colcon.colcon_core.verb:set package 'turtlesim_plus' build argument 'cmake_force_configure' from command line to 'False'
[0.271s] Level 5:colcon.colcon_core.verb:set package 'turtlesim_plus' build argument 'ament_cmake_args' from command line to 'None'
[0.271s] Level 5:colcon.colcon_core.verb:set package 'turtlesim_plus' build argument 'catkin_cmake_args' from command line to 'None'
[0.271s] Level 5:colcon.colcon_core.verb:set package 'turtlesim_plus' build argument 'catkin_skip_building_tests' from command line to 'False'
[0.271s] DEBUG:colcon.colcon_core.verb:Building package 'turtlesim_plus' with the following arguments: {'ament_cmake_args': None, 'build_base': '/home/beamkeerati/ros2_ws/build/turtlesim_plus', 'catkin_cmake_args': None, 'catkin_skip_building_tests': False, 'cmake_args': None, 'cmake_clean_cache': False, 'cmake_clean_first': False, 'cmake_force_configure': False, 'cmake_target': None, 'cmake_target_skip_unavailable': False, 'install_base': '/home/beamkeerati/ros2_ws/install/turtlesim_plus', 'merge_install': False, 'path': '/home/beamkeerati/ros2_ws/src/turtlesim_plus/turtlesim_plus', 'symlink_install': False, 'test_result_base': None}
[0.271s] Level 5:colcon.colcon_core.verb:set package 'turtlesim_plus_interfaces' build argument 'cmake_args' from command line to 'None'
[0.271s] Level 5:colcon.colcon_core.verb:set package 'turtlesim_plus_interfaces' build argument 'cmake_target' from command line to 'None'
[0.272s] Level 5:colcon.colcon_core.verb:set package 'turtlesim_plus_interfaces' build argument 'cmake_target_skip_unavailable' from command line to 'False'
[0.272s] Level 5:colcon.colcon_core.verb:set package 'turtlesim_plus_interfaces' build argument 'cmake_clean_cache' from command line to 'False'
[0.272s] Level 5:colcon.colcon_core.verb:set package 'turtlesim_plus_interfaces' build argument 'cmake_clean_first' from command line to 'False'
[0.272s] Level 5:colcon.colcon_core.verb:set package 'turtlesim_plus_interfaces' build argument 'cmake_force_configure' from command line to 'False'
[0.272s] Level 5:colcon.colcon_core.verb:set package 'turtlesim_plus_interfaces' build argument 'ament_cmake_args' from command line to 'None'
[0.272s] Level 5:colcon.colcon_core.verb:set package 'turtlesim_plus_interfaces' build argument 'catkin_cmake_args' from command line to 'None'
[0.272s] Level 5:colcon.colcon_core.verb:set package 'turtlesim_plus_interfaces' build argument 'catkin_skip_building_tests' from command line to 'False'
[0.272s] DEBUG:colcon.colcon_core.verb:Building package 'turtlesim_plus_interfaces' with the following arguments: {'ament_cmake_args': None, 'build_base': '/home/beamkeerati/ros2_ws/build/turtlesim_plus_interfaces', 'catkin_cmake_args': None, 'catkin_skip_building_tests': False, 'cmake_args': None, 'cmake_clean_cache': False, 'cmake_clean_first': False, 'cmake_force_configure': False, 'cmake_target': None, 'cmake_target_skip_unavailable': False, 'install_base': '/home/beamkeerati/ros2_ws/install/turtlesim_plus_interfaces', 'merge_install': False, 'path': '/home/beamkeerati/ros2_ws/src/turtlesim_plus/turtlesim_plus_interfaces', 'symlink_install': False, 'test_result_base': None}
[0.272s] INFO:colcon.colcon_core.executor:Executing jobs using 'parallel' executor
[0.272s] DEBUG:colcon.colcon_parallel_executor.executor.parallel:run_until_complete
[0.273s] INFO:colcon.colcon_ros.task.ament_cmake.build:Building ROS package in '/home/beamkeerati/ros2_ws/src/param_interfaces' with build type 'ament_cmake'
[0.273s] INFO:colcon.colcon_cmake.task.cmake.build:Building CMake package in '/home/beamkeerati/ros2_ws/src/param_interfaces'
[0.274s] INFO:colcon.colcon_core.plugin_system:Skipping extension 'colcon_core.shell.bat': Not used on non-Windows systems
[0.274s] INFO:colcon.colcon_core.shell:Skip shell extension 'powershell' for command environment: Not usable outside of PowerShell
[0.274s] DEBUG:colcon.colcon_core.shell:Skip shell extension 'dsv' for command environment
[0.277s] INFO:colcon.colcon_ros.task.ament_cmake.build:Building ROS package in '/home/beamkeerati/ros2_ws/src/turtle_fun' with build type 'ament_cmake'
[0.277s] INFO:colcon.colcon_cmake.task.cmake.build:Building CMake package in '/home/beamkeerati/ros2_ws/src/turtle_fun'
[0.277s] INFO:colcon.colcon_core.shell:Skip shell extension 'powershell' for command environment: Not usable outside of PowerShell
[0.278s] DEBUG:colcon.colcon_core.shell:Skip shell extension 'dsv' for command environment
[0.280s] INFO:colcon.colcon_ros.task.ament_cmake.build:Building ROS package in '/home/beamkeerati/ros2_ws/src/turtlesim_plus/turtlesim_plus' with build type 'ament_cmake'
[0.281s] INFO:colcon.colcon_cmake.task.cmake.build:Building CMake package in '/home/beamkeerati/ros2_ws/src/turtlesim_plus/turtlesim_plus'
[0.281s] INFO:colcon.colcon_core.shell:Skip shell extension 'powershell' for command environment: Not usable outside of PowerShell
[0.281s] DEBUG:colcon.colcon_core.shell:Skip shell extension 'dsv' for command environment
[0.284s] INFO:colcon.colcon_ros.task.ament_cmake.build:Building ROS package in '/home/beamkeerati/ros2_ws/src/turtlesim_plus/turtlesim_plus_interfaces' with build type 'ament_cmake'
[0.284s] INFO:colcon.colcon_cmake.task.cmake.build:Building CMake package in '/home/beamkeerati/ros2_ws/src/turtlesim_plus/turtlesim_plus_interfaces'
[0.284s] INFO:colcon.colcon_core.shell:Skip shell extension 'powershell' for command environment: Not usable outside of PowerShell
[0.284s] DEBUG:colcon.colcon_core.shell:Skip shell extension 'dsv' for command environment
[0.291s] DEBUG:colcon.colcon_core.event_handler.log_command:Invoking command in '/home/beamkeerati/ros2_ws/build/param_interfaces': CMAKE_PREFIX_PATH=${CMAKE_PREFIX_PATH}:/opt/ros/humble /usr/bin/cmake --build /home/beamkeerati/ros2_ws/build/param_interfaces -- -j16 -l16
[0.293s] DEBUG:colcon.colcon_core.event_handler.log_command:Invoking command in '/home/beamkeerati/ros2_ws/build/turtle_fun': CMAKE_PREFIX_PATH=${CMAKE_PREFIX_PATH}:/opt/ros/humble /usr/bin/cmake --build /home/beamkeerati/ros2_ws/build/turtle_fun -- -j16 -l16
[0.295s] DEBUG:colcon.colcon_core.event_handler.log_command:Invoking command in '/home/beamkeerati/ros2_ws/build/turtlesim_plus': CMAKE_PREFIX_PATH=${CMAKE_PREFIX_PATH}:/opt/ros/humble /usr/bin/cmake --build /home/beamkeerati/ros2_ws/build/turtlesim_plus -- -j16 -l16
[0.298s] DEBUG:colcon.colcon_core.event_handler.log_command:Invoking command in '/home/beamkeerati/ros2_ws/build/turtlesim_plus_interfaces': CMAKE_PREFIX_PATH=${CMAKE_PREFIX_PATH}:/opt/ros/humble /usr/bin/cmake --build /home/beamkeerati/ros2_ws/build/turtlesim_plus_interfaces -- -j16 -l16
[0.597s] DEBUG:colcon.colcon_core.event_handler.log_command:Invoked command in '/home/beamkeerati/ros2_ws/build/turtlesim_plus' returned '0': CMAKE_PREFIX_PATH=${CMAKE_PREFIX_PATH}:/opt/ros/humble /usr/bin/cmake --build /home/beamkeerati/ros2_ws/build/turtlesim_plus -- -j16 -l16
[0.606s] DEBUG:colcon.colcon_core.event_handler.log_command:Invoked command in '/home/beamkeerati/ros2_ws/build/param_interfaces' returned '0': CMAKE_PREFIX_PATH=${CMAKE_PREFIX_PATH}:/opt/ros/humble /usr/bin/cmake --build /home/beamkeerati/ros2_ws/build/param_interfaces -- -j16 -l16
[0.607s] DEBUG:colcon.colcon_core.event_handler.log_command:Invoked command in '/home/beamkeerati/ros2_ws/build/turtle_fun' returned '0': CMAKE_PREFIX_PATH=${CMAKE_PREFIX_PATH}:/opt/ros/humble /usr/bin/cmake --build /home/beamkeerati/ros2_ws/build/turtle_fun -- -j16 -l16
[0.609s] DEBUG:colcon.colcon_core.event_handler.log_command:Invoked command in '/home/beamkeerati/ros2_ws/build/turtlesim_plus_interfaces' returned '0': CMAKE_PREFIX_PATH=${CMAKE_PREFIX_PATH}:/opt/ros/humble /usr/bin/cmake --build /home/beamkeerati/ros2_ws/build/turtlesim_plus_interfaces -- -j16 -l16
[0.628s] DEBUG:colcon.colcon_core.event_handler.log_command:Invoking command in '/home/beamkeerati/ros2_ws/build/turtlesim_plus': CMAKE_PREFIX_PATH=${CMAKE_PREFIX_PATH}:/opt/ros/humble /usr/bin/cmake --install /home/beamkeerati/ros2_ws/build/turtlesim_plus
[0.632s] DEBUG:colcon.colcon_core.event_handler.log_command:Invoking command in '/home/beamkeerati/ros2_ws/build/turtle_fun': CMAKE_PREFIX_PATH=${CMAKE_PREFIX_PATH}:/opt/ros/humble /usr/bin/cmake --install /home/beamkeerati/ros2_ws/build/turtle_fun
[0.669s] Level 1:colcon.colcon_core.environment:create_environment_scripts_only(turtlesim_plus)
[0.670s] DEBUG:colcon.colcon_core.event_handler.log_command:Invoked command in '/home/beamkeerati/ros2_ws/build/turtlesim_plus' returned '0': CMAKE_PREFIX_PATH=${CMAKE_PREFIX_PATH}:/opt/ros/humble /usr/bin/cmake --install /home/beamkeerati/ros2_ws/build/turtlesim_plus
[0.671s] Level 1:colcon.colcon_core.environment:checking '/home/beamkeerati/ros2_ws/install/turtlesim_plus' for CMake module files
[0.672s] Level 1:colcon.colcon_core.environment:checking '/home/beamkeerati/ros2_ws/install/turtlesim_plus' for CMake config files
[0.672s] Level 1:colcon.colcon_core.shell:create_environment_hook('turtlesim_plus', 'cmake_prefix_path')
[0.672s] INFO:colcon.colcon_core.shell:Creating environment hook '/home/beamkeerati/ros2_ws/install/turtlesim_plus/share/turtlesim_plus/hook/cmake_prefix_path.ps1'
[0.673s] INFO:colcon.colcon_core.shell:Creating environment descriptor '/home/beamkeerati/ros2_ws/install/turtlesim_plus/share/turtlesim_plus/hook/cmake_prefix_path.dsv'
[0.673s] INFO:colcon.colcon_core.shell:Creating environment hook '/home/beamkeerati/ros2_ws/install/turtlesim_plus/share/turtlesim_plus/hook/cmake_prefix_path.sh'
[0.674s] Level 1:colcon.colcon_core.environment:checking '/home/beamkeerati/ros2_ws/install/turtlesim_plus/lib'
[0.674s] Level 1:colcon.colcon_core.environment:checking '/home/beamkeerati/ros2_ws/install/turtlesim_plus/bin'
[0.674s] Level 1:colcon.colcon_core.environment:checking '/home/beamkeerati/ros2_ws/install/turtlesim_plus/lib/pkgconfig/turtlesim_plus.pc'
[0.674s] Level 1:colcon.colcon_core.environment:checking '/home/beamkeerati/ros2_ws/install/turtlesim_plus/lib/python3.10/site-packages'
[0.674s] Level 1:colcon.colcon_core.environment:checking '/home/beamkeerati/ros2_ws/install/turtlesim_plus/bin'
[0.674s] INFO:colcon.colcon_core.shell:Creating package script '/home/beamkeerati/ros2_ws/install/turtlesim_plus/share/turtlesim_plus/package.ps1'
[0.675s] INFO:colcon.colcon_core.shell:Creating package descriptor '/home/beamkeerati/ros2_ws/install/turtlesim_plus/share/turtlesim_plus/package.dsv'
[0.675s] INFO:colcon.colcon_core.shell:Creating package script '/home/beamkeerati/ros2_ws/install/turtlesim_plus/share/turtlesim_plus/package.sh'
[0.676s] INFO:colcon.colcon_core.shell:Creating package script '/home/beamkeerati/ros2_ws/install/turtlesim_plus/share/turtlesim_plus/package.bash'
[0.676s] INFO:colcon.colcon_core.shell:Creating package script '/home/beamkeerati/ros2_ws/install/turtlesim_plus/share/turtlesim_plus/package.zsh'
[0.677s] Level 1:colcon.colcon_core.environment:create_file_with_runtime_dependencies(/home/beamkeerati/ros2_ws/install/turtlesim_plus/share/colcon-core/packages/turtlesim_plus)
[0.678s] Level 1:colcon.colcon_core.environment:create_environment_scripts_only(turtle_fun)
[0.678s] Level 1:colcon.colcon_core.environment:checking '/home/beamkeerati/ros2_ws/install/turtle_fun' for CMake module files
[0.678s] DEBUG:colcon.colcon_core.event_handler.log_command:Invoked command in '/home/beamkeerati/ros2_ws/build/turtle_fun' returned '0': CMAKE_PREFIX_PATH=${CMAKE_PREFIX_PATH}:/opt/ros/humble /usr/bin/cmake --install /home/beamkeerati/ros2_ws/build/turtle_fun
[0.679s] Level 1:colcon.colcon_core.environment:checking '/home/beamkeerati/ros2_ws/install/turtle_fun' for CMake config files
[0.679s] Level 1:colcon.colcon_core.shell:create_environment_hook('turtle_fun', 'cmake_prefix_path')
[0.679s] INFO:colcon.colcon_core.shell:Creating environment hook '/home/beamkeerati/ros2_ws/install/turtle_fun/share/turtle_fun/hook/cmake_prefix_path.ps1'
[0.679s] INFO:colcon.colcon_core.shell:Creating environment descriptor '/home/beamkeerati/ros2_ws/install/turtle_fun/share/turtle_fun/hook/cmake_prefix_path.dsv'
[0.679s] INFO:colcon.colcon_core.shell:Creating environment hook '/home/beamkeerati/ros2_ws/install/turtle_fun/share/turtle_fun/hook/cmake_prefix_path.sh'
[0.680s] Level 1:colcon.colcon_core.environment:checking '/home/beamkeerati/ros2_ws/install/turtle_fun/lib'
[0.680s] Level 1:colcon.colcon_core.environment:checking '/home/beamkeerati/ros2_ws/install/turtle_fun/bin'
[0.680s] Level 1:colcon.colcon_core.environment:checking '/home/beamkeerati/ros2_ws/install/turtle_fun/lib/pkgconfig/turtle_fun.pc'
[0.680s] Level 1:colcon.colcon_core.environment:checking '/home/beamkeerati/ros2_ws/install/turtle_fun/lib/python3.10/site-packages'
[0.680s] Level 1:colcon.colcon_core.environment:checking '/home/beamkeerati/ros2_ws/install/turtle_fun/bin'
[0.680s] INFO:colcon.colcon_core.shell:Creating package script '/home/beamkeerati/ros2_ws/install/turtle_fun/share/turtle_fun/package.ps1'
[0.681s] INFO:colcon.colcon_core.shell:Creating package descriptor '/home/beamkeerati/ros2_ws/install/turtle_fun/share/turtle_fun/package.dsv'
[0.681s] INFO:colcon.colcon_core.shell:Creating package script '/home/beamkeerati/ros2_ws/install/turtle_fun/share/turtle_fun/package.sh'
[0.681s] INFO:colcon.colcon_core.shell:Creating package script '/home/beamkeerati/ros2_ws/install/turtle_fun/share/turtle_fun/package.bash'
[0.681s] INFO:colcon.colcon_core.shell:Creating package script '/home/beamkeerati/ros2_ws/install/turtle_fun/share/turtle_fun/package.zsh'
[0.682s] Level 1:colcon.colcon_core.environment:create_file_with_runtime_dependencies(/home/beamkeerati/ros2_ws/install/turtle_fun/share/colcon-core/packages/turtle_fun)
[0.684s] DEBUG:colcon.colcon_core.event_handler.log_command:Invoking command in '/home/beamkeerati/ros2_ws/build/param_interfaces': CMAKE_PREFIX_PATH=${CMAKE_PREFIX_PATH}:/opt/ros/humble /usr/bin/cmake --install /home/beamkeerati/ros2_ws/build/param_interfaces
[0.699s] Level 1:colcon.colcon_core.environment:create_environment_scripts_only(turtlesim_plus)
[0.699s] Level 1:colcon.colcon_core.environment:checking '/home/beamkeerati/ros2_ws/install/turtlesim_plus' for CMake module files
[0.699s] Level 1:colcon.colcon_core.environment:checking '/home/beamkeerati/ros2_ws/install/turtlesim_plus' for CMake config files
[0.700s] Level 1:colcon.colcon_core.shell:create_environment_hook('turtlesim_plus', 'cmake_prefix_path')
[0.700s] INFO:colcon.colcon_core.shell:Creating environment hook '/home/beamkeerati/ros2_ws/install/turtlesim_plus/share/turtlesim_plus/hook/cmake_prefix_path.ps1'
[0.700s] INFO:colcon.colcon_core.shell:Creating environment descriptor '/home/beamkeerati/ros2_ws/install/turtlesim_plus/share/turtlesim_plus/hook/cmake_prefix_path.dsv'
[0.700s] INFO:colcon.colcon_core.shell:Creating environment hook '/home/beamkeerati/ros2_ws/install/turtlesim_plus/share/turtlesim_plus/hook/cmake_prefix_path.sh'
[0.701s] Level 1:colcon.colcon_core.environment:checking '/home/beamkeerati/ros2_ws/install/turtlesim_plus/lib'
[0.701s] Level 1:colcon.colcon_core.environment:checking '/home/beamkeerati/ros2_ws/install/turtlesim_plus/bin'
[0.701s] Level 1:colcon.colcon_core.environment:checking '/home/beamkeerati/ros2_ws/install/turtlesim_plus/lib/pkgconfig/turtlesim_plus.pc'
[0.701s] Level 1:colcon.colcon_core.environment:checking '/home/beamkeerati/ros2_ws/install/turtlesim_plus/lib/python3.10/site-packages'
[0.701s] Level 1:colcon.colcon_core.environment:checking '/home/beamkeerati/ros2_ws/install/turtlesim_plus/bin'
[0.701s] INFO:colcon.colcon_core.shell:Creating package script '/home/beamkeerati/ros2_ws/install/turtlesim_plus/share/turtlesim_plus/package.ps1'
[0.702s] INFO:colcon.colcon_core.shell:Creating package descriptor '/home/beamkeerati/ros2_ws/install/turtlesim_plus/share/turtlesim_plus/package.dsv'
[0.702s] INFO:colcon.colcon_core.shell:Creating package script '/home/beamkeerati/ros2_ws/install/turtlesim_plus/share/turtlesim_plus/package.sh'
[0.702s] INFO:colcon.colcon_core.shell:Creating package script '/home/beamkeerati/ros2_ws/install/turtlesim_plus/share/turtlesim_plus/package.bash'
[0.703s] INFO:colcon.colcon_core.shell:Creating package script '/home/beamkeerati/ros2_ws/install/turtlesim_plus/share/turtlesim_plus/package.zsh'
[0.703s] Level 1:colcon.colcon_core.environment:create_file_with_runtime_dependencies(/home/beamkeerati/ros2_ws/install/turtlesim_plus/share/colcon-core/packages/turtlesim_plus)
[0.707s] Level 1:colcon.colcon_core.environment:create_environment_scripts_only(turtle_fun)
[0.707s] Level 1:colcon.colcon_core.environment:checking '/home/beamkeerati/ros2_ws/install/turtle_fun' for CMake module files
[0.708s] Level 1:colcon.colcon_core.environment:checking '/home/beamkeerati/ros2_ws/install/turtle_fun' for CMake config files
[0.708s] Level 1:colcon.colcon_core.shell:create_environment_hook('turtle_fun', 'cmake_prefix_path')
[0.708s] INFO:colcon.colcon_core.shell:Creating environment hook '/home/beamkeerati/ros2_ws/install/turtle_fun/share/turtle_fun/hook/cmake_prefix_path.ps1'
[0.709s] INFO:colcon.colcon_core.shell:Creating environment descriptor '/home/beamkeerati/ros2_ws/install/turtle_fun/share/turtle_fun/hook/cmake_prefix_path.dsv'
[0.709s] INFO:colcon.colcon_core.shell:Creating environment hook '/home/beamkeerati/ros2_ws/install/turtle_fun/share/turtle_fun/hook/cmake_prefix_path.sh'
[0.709s] Level 1:colcon.colcon_core.environment:checking '/home/beamkeerati/ros2_ws/install/turtle_fun/lib'
[0.709s] Level 1:colcon.colcon_core.environment:checking '/home/beamkeerati/ros2_ws/install/turtle_fun/bin'
[0.709s] Level 1:colcon.colcon_core.environment:checking '/home/beamkeerati/ros2_ws/install/turtle_fun/lib/pkgconfig/turtle_fun.pc'
[0.709s] Level 1:colcon.colcon_core.environment:checking '/home/beamkeerati/ros2_ws/install/turtle_fun/lib/python3.10/site-packages'
[0.710s] Level 1:colcon.colcon_core.environment:checking '/home/beamkeerati/ros2_ws/install/turtle_fun/bin'
[0.710s] INFO:colcon.colcon_core.shell:Creating package script '/home/beamkeerati/ros2_ws/install/turtle_fun/share/turtle_fun/package.ps1'
[0.710s] INFO:colcon.colcon_core.shell:Creating package descriptor '/home/beamkeerati/ros2_ws/install/turtle_fun/share/turtle_fun/package.dsv'
[0.710s] INFO:colcon.colcon_core.shell:Creating package script '/home/beamkeerati/ros2_ws/install/turtle_fun/share/turtle_fun/package.sh'
[0.711s] INFO:colcon.colcon_core.shell:Creating package script '/home/beamkeerati/ros2_ws/install/turtle_fun/share/turtle_fun/package.bash'
[0.711s] INFO:colcon.colcon_core.shell:Creating package script '/home/beamkeerati/ros2_ws/install/turtle_fun/share/turtle_fun/package.zsh'
[0.711s] Level 1:colcon.colcon_core.environment:create_file_with_runtime_dependencies(/home/beamkeerati/ros2_ws/install/turtle_fun/share/colcon-core/packages/turtle_fun)
[0.720s] DEBUG:colcon.colcon_core.event_handler.log_command:Invoking command in '/home/beamkeerati/ros2_ws/build/turtlesim_plus_interfaces': CMAKE_PREFIX_PATH=${CMAKE_PREFIX_PATH}:/opt/ros/humble /usr/bin/cmake --install /home/beamkeerati/ros2_ws/build/turtlesim_plus_interfaces
[0.731s] Level 1:colcon.colcon_core.environment:create_environment_scripts_only(param_interfaces)
[0.732s] Level 1:colcon.colcon_core.environment:checking '/home/beamkeerati/ros2_ws/install/param_interfaces' for CMake module files
[0.736s] DEBUG:colcon.colcon_core.event_handler.log_command:Invoked command in '/home/beamkeerati/ros2_ws/build/param_interfaces' returned '0': CMAKE_PREFIX_PATH=${CMAKE_PREFIX_PATH}:/opt/ros/humble /usr/bin/cmake --install /home/beamkeerati/ros2_ws/build/param_interfaces
[0.737s] Level 1:colcon.colcon_core.environment:checking '/home/beamkeerati/ros2_ws/install/param_interfaces' for CMake config files
[0.738s] Level 1:colcon.colcon_core.shell:create_environment_hook('param_interfaces', 'cmake_prefix_path')
[0.738s] INFO:colcon.colcon_core.shell:Creating environment hook '/home/beamkeerati/ros2_ws/install/param_interfaces/share/param_interfaces/hook/cmake_prefix_path.ps1'
[0.739s] INFO:colcon.colcon_core.shell:Creating environment descriptor '/home/beamkeerati/ros2_ws/install/param_interfaces/share/param_interfaces/hook/cmake_prefix_path.dsv'
[0.740s] INFO:colcon.colcon_core.shell:Creating environment hook '/home/beamkeerati/ros2_ws/install/param_interfaces/share/param_interfaces/hook/cmake_prefix_path.sh'
[0.741s] Level 1:colcon.colcon_core.environment:checking '/home/beamkeerati/ros2_ws/install/param_interfaces/lib'
[0.741s] Level 1:colcon.colcon_core.shell:create_environment_hook('param_interfaces', 'ld_library_path_lib')
[0.741s] INFO:colcon.colcon_core.shell:Creating environment hook '/home/beamkeerati/ros2_ws/install/param_interfaces/share/param_interfaces/hook/ld_library_path_lib.ps1'
[0.742s] INFO:colcon.colcon_core.shell:Creating environment descriptor '/home/beamkeerati/ros2_ws/install/param_interfaces/share/param_interfaces/hook/ld_library_path_lib.dsv'
[0.743s] INFO:colcon.colcon_core.shell:Creating environment hook '/home/beamkeerati/ros2_ws/install/param_interfaces/share/param_interfaces/hook/ld_library_path_lib.sh'
[0.743s] Level 1:colcon.colcon_core.environment:checking '/home/beamkeerati/ros2_ws/install/param_interfaces/bin'
[0.743s] Level 1:colcon.colcon_core.environment:checking '/home/beamkeerati/ros2_ws/install/param_interfaces/lib/pkgconfig/param_interfaces.pc'
[0.743s] Level 1:colcon.colcon_core.environment:checking '/home/beamkeerati/ros2_ws/install/param_interfaces/lib/python3.10/site-packages'
[0.743s] Level 1:colcon.colcon_core.environment:checking '/home/beamkeerati/ros2_ws/install/param_interfaces/bin'
[0.744s] INFO:colcon.colcon_core.shell:Creating package script '/home/beamkeerati/ros2_ws/install/param_interfaces/share/param_interfaces/package.ps1'
[0.744s] INFO:colcon.colcon_core.shell:Creating package descriptor '/home/beamkeerati/ros2_ws/install/param_interfaces/share/param_interfaces/package.dsv'
[0.744s] INFO:colcon.colcon_core.shell:Creating package script '/home/beamkeerati/ros2_ws/install/param_interfaces/share/param_interfaces/package.sh'
[0.745s] INFO:colcon.colcon_core.shell:Creating package script '/home/beamkeerati/ros2_ws/install/param_interfaces/share/param_interfaces/package.bash'
[0.745s] INFO:colcon.colcon_core.shell:Creating package script '/home/beamkeerati/ros2_ws/install/param_interfaces/share/param_interfaces/package.zsh'
[0.745s] Level 1:colcon.colcon_core.environment:create_file_with_runtime_dependencies(/home/beamkeerati/ros2_ws/install/param_interfaces/share/colcon-core/packages/param_interfaces)
[0.770s] Level 1:colcon.colcon_core.environment:create_environment_scripts_only(turtlesim_plus_interfaces)
[0.770s] Level 1:colcon.colcon_core.environment:checking '/home/beamkeerati/ros2_ws/install/turtlesim_plus_interfaces' for CMake module files
[0.771s] DEBUG:colcon.colcon_core.event_handler.log_command:Invoked command in '/home/beamkeerati/ros2_ws/build/turtlesim_plus_interfaces' returned '0': CMAKE_PREFIX_PATH=${CMAKE_PREFIX_PATH}:/opt/ros/humble /usr/bin/cmake --install /home/beamkeerati/ros2_ws/build/turtlesim_plus_interfaces
[0.771s] Level 1:colcon.colcon_core.environment:checking '/home/beamkeerati/ros2_ws/install/turtlesim_plus_interfaces' for CMake config files
[0.771s] Level 1:colcon.colcon_core.shell:create_environment_hook('turtlesim_plus_interfaces', 'cmake_prefix_path')
[0.772s] INFO:colcon.colcon_core.shell:Creating environment hook '/home/beamkeerati/ros2_ws/install/turtlesim_plus_interfaces/share/turtlesim_plus_interfaces/hook/cmake_prefix_path.ps1'
[0.772s] INFO:colcon.colcon_core.shell:Creating environment descriptor '/home/beamkeerati/ros2_ws/install/turtlesim_plus_interfaces/share/turtlesim_plus_interfaces/hook/cmake_prefix_path.dsv'
[0.772s] INFO:colcon.colcon_core.shell:Creating environment hook '/home/beamkeerati/ros2_ws/install/turtlesim_plus_interfaces/share/turtlesim_plus_interfaces/hook/cmake_prefix_path.sh'
[0.772s] Level 1:colcon.colcon_core.environment:checking '/home/beamkeerati/ros2_ws/install/turtlesim_plus_interfaces/lib'
[0.773s] Level 1:colcon.colcon_core.shell:create_environment_hook('turtlesim_plus_interfaces', 'ld_library_path_lib')
[0.773s] INFO:colcon.colcon_core.shell:Creating environment hook '/home/beamkeerati/ros2_ws/install/turtlesim_plus_interfaces/share/turtlesim_plus_interfaces/hook/ld_library_path_lib.ps1'
[0.773s] INFO:colcon.colcon_core.shell:Creating environment descriptor '/home/beamkeerati/ros2_ws/install/turtlesim_plus_interfaces/share/turtlesim_plus_interfaces/hook/ld_library_path_lib.dsv'
[0.773s] INFO:colcon.colcon_core.shell:Creating environment hook '/home/beamkeerati/ros2_ws/install/turtlesim_plus_interfaces/share/turtlesim_plus_interfaces/hook/ld_library_path_lib.sh'
[0.774s] Level 1:colcon.colcon_core.environment:checking '/home/beamkeerati/ros2_ws/install/turtlesim_plus_interfaces/bin'
[0.774s] Level 1:colcon.colcon_core.environment:checking '/home/beamkeerati/ros2_ws/install/turtlesim_plus_interfaces/lib/pkgconfig/turtlesim_plus_interfaces.pc'
[0.774s] Level 1:colcon.colcon_core.environment:checking '/home/beamkeerati/ros2_ws/install/turtlesim_plus_interfaces/lib/python3.10/site-packages'
[0.774s] Level 1:colcon.colcon_core.environment:checking '/home/beamkeerati/ros2_ws/install/turtlesim_plus_interfaces/bin'
[0.774s] INFO:colcon.colcon_core.shell:Creating package script '/home/beamkeerati/ros2_ws/install/turtlesim_plus_interfaces/share/turtlesim_plus_interfaces/package.ps1'
[0.774s] INFO:colcon.colcon_core.shell:Creating package descriptor '/home/beamkeerati/ros2_ws/install/turtlesim_plus_interfaces/share/turtlesim_plus_interfaces/package.dsv'
[0.775s] INFO:colcon.colcon_core.shell:Creating package script '/home/beamkeerati/ros2_ws/install/turtlesim_plus_interfaces/share/turtlesim_plus_interfaces/package.sh'
[0.775s] INFO:colcon.colcon_core.shell:Creating package script '/home/beamkeerati/ros2_ws/install/turtlesim_plus_interfaces/share/turtlesim_plus_interfaces/package.bash'
[0.775s] INFO:colcon.colcon_core.shell:Creating package script '/home/beamkeerati/ros2_ws/install/turtlesim_plus_interfaces/share/turtlesim_plus_interfaces/package.zsh'
[0.776s] Level 1:colcon.colcon_core.environment:create_file_with_runtime_dependencies(/home/beamkeerati/ros2_ws/install/turtlesim_plus_interfaces/share/colcon-core/packages/turtlesim_plus_interfaces)
[0.821s] Level 1:colcon.colcon_core.environment:create_environment_scripts_only(param_interfaces)
[0.821s] Level 1:colcon.colcon_core.environment:checking '/home/beamkeerati/ros2_ws/install/param_interfaces' for CMake module files
[0.822s] Level 1:colcon.colcon_core.environment:checking '/home/beamkeerati/ros2_ws/install/param_interfaces' for CMake config files
[0.822s] Level 1:colcon.colcon_core.shell:create_environment_hook('param_interfaces', 'cmake_prefix_path')
[0.822s] INFO:colcon.colcon_core.shell:Creating environment hook '/home/beamkeerati/ros2_ws/install/param_interfaces/share/param_interfaces/hook/cmake_prefix_path.ps1'
[0.822s] INFO:colcon.colcon_core.shell:Creating environment descriptor '/home/beamkeerati/ros2_ws/install/param_interfaces/share/param_interfaces/hook/cmake_prefix_path.dsv'
[0.823s] INFO:colcon.colcon_core.shell:Creating environment hook '/home/beamkeerati/ros2_ws/install/param_interfaces/share/param_interfaces/hook/cmake_prefix_path.sh'
[0.823s] Level 1:colcon.colcon_core.environment:checking '/home/beamkeerati/ros2_ws/install/param_interfaces/lib'
[0.823s] Level 1:colcon.colcon_core.shell:create_environment_hook('param_interfaces', 'ld_library_path_lib')
[0.823s] INFO:colcon.colcon_core.shell:Creating environment hook '/home/beamkeerati/ros2_ws/install/param_interfaces/share/param_interfaces/hook/ld_library_path_lib.ps1'
[0.823s] INFO:colcon.colcon_core.shell:Creating environment descriptor '/home/beamkeerati/ros2_ws/install/param_interfaces/share/param_interfaces/hook/ld_library_path_lib.dsv'
[0.824s] INFO:colcon.colcon_core.shell:Creating environment hook '/home/beamkeerati/ros2_ws/install/param_interfaces/share/param_interfaces/hook/ld_library_path_lib.sh'
[0.824s] Level 1:colcon.colcon_core.environment:checking '/home/beamkeerati/ros2_ws/install/param_interfaces/bin'
[0.824s] Level 1:colcon.colcon_core.environment:checking '/home/beamkeerati/ros2_ws/install/param_interfaces/lib/pkgconfig/param_interfaces.pc'
[0.824s] Level 1:colcon.colcon_core.environment:checking '/home/beamkeerati/ros2_ws/install/param_interfaces/lib/python3.10/site-packages'
[0.824s] Level 1:colcon.colcon_core.environment:checking '/home/beamkeerati/ros2_ws/install/param_interfaces/bin'
[0.824s] INFO:colcon.colcon_core.shell:Creating package script '/home/beamkeerati/ros2_ws/install/param_interfaces/share/param_interfaces/package.ps1'
[0.825s] INFO:colcon.colcon_core.shell:Creating package descriptor '/home/beamkeerati/ros2_ws/install/param_interfaces/share/param_interfaces/package.dsv'
[0.825s] INFO:colcon.colcon_core.shell:Creating package script '/home/beamkeerati/ros2_ws/install/param_interfaces/share/param_interfaces/package.sh'
[0.825s] INFO:colcon.colcon_core.shell:Creating package script '/home/beamkeerati/ros2_ws/install/param_interfaces/share/param_interfaces/package.bash'
[0.826s] INFO:colcon.colcon_core.shell:Creating package script '/home/beamkeerati/ros2_ws/install/param_interfaces/share/param_interfaces/package.zsh'
[0.826s] Level 1:colcon.colcon_core.environment:create_file_with_runtime_dependencies(/home/beamkeerati/ros2_ws/install/param_interfaces/share/colcon-core/packages/param_interfaces)
[0.891s] Level 1:colcon.colcon_core.environment:create_environment_scripts_only(turtlesim_plus_interfaces)
[0.891s] Level 1:colcon.colcon_core.environment:checking '/home/beamkeerati/ros2_ws/install/turtlesim_plus_interfaces' for CMake module files
[0.891s] Level 1:colcon.colcon_core.environment:checking '/home/beamkeerati/ros2_ws/install/turtlesim_plus_interfaces' for CMake config files
[0.892s] Level 1:colcon.colcon_core.shell:create_environment_hook('turtlesim_plus_interfaces', 'cmake_prefix_path')
[0.892s] INFO:colcon.colcon_core.shell:Creating environment hook '/home/beamkeerati/ros2_ws/install/turtlesim_plus_interfaces/share/turtlesim_plus_interfaces/hook/cmake_prefix_path.ps1'
[0.892s] INFO:colcon.colcon_core.shell:Creating environment descriptor '/home/beamkeerati/ros2_ws/install/turtlesim_plus_interfaces/share/turtlesim_plus_interfaces/hook/cmake_prefix_path.dsv'
[0.892s] INFO:colcon.colcon_core.shell:Creating environment hook '/home/beamkeerati/ros2_ws/install/turtlesim_plus_interfaces/share/turtlesim_plus_interfaces/hook/cmake_prefix_path.sh'
[0.893s] Level 1:colcon.colcon_core.environment:checking '/home/beamkeerati/ros2_ws/install/turtlesim_plus_interfaces/lib'
[0.893s] Level 1:colcon.colcon_core.shell:create_environment_hook('turtlesim_plus_interfaces', 'ld_library_path_lib')
[0.893s] INFO:colcon.colcon_core.shell:Creating environment hook '/home/beamkeerati/ros2_ws/install/turtlesim_plus_interfaces/share/turtlesim_plus_interfaces/hook/ld_library_path_lib.ps1'
[0.893s] INFO:colcon.colcon_core.shell:Creating environment descriptor '/home/beamkeerati/ros2_ws/install/turtlesim_plus_interfaces/share/turtlesim_plus_interfaces/hook/ld_library_path_lib.dsv'
[0.894s] INFO:colcon.colcon_core.shell:Creating environment hook '/home/beamkeerati/ros2_ws/install/turtlesim_plus_interfaces/share/turtlesim_plus_interfaces/hook/ld_library_path_lib.sh'
[0.894s] Level 1:colcon.colcon_core.environment:checking '/home/beamkeerati/ros2_ws/install/turtlesim_plus_interfaces/bin'
[0.894s] Level 1:colcon.colcon_core.environment:checking '/home/beamkeerati/ros2_ws/install/turtlesim_plus_interfaces/lib/pkgconfig/turtlesim_plus_interfaces.pc'
[0.894s] Level 1:colcon.colcon_core.environment:checking '/home/beamkeerati/ros2_ws/install/turtlesim_plus_interfaces/lib/python3.10/site-packages'
[0.894s] Level 1:colcon.colcon_core.environment:checking '/home/beamkeerati/ros2_ws/install/turtlesim_plus_interfaces/bin'
[0.894s] INFO:colcon.colcon_core.shell:Creating package script '/home/beamkeerati/ros2_ws/install/turtlesim_plus_interfaces/share/turtlesim_plus_interfaces/package.ps1'
[0.895s] INFO:colcon.colcon_core.shell:Creating package descriptor '/home/beamkeerati/ros2_ws/install/turtlesim_plus_interfaces/share/turtlesim_plus_interfaces/package.dsv'
[0.895s] INFO:colcon.colcon_core.shell:Creating package script '/home/beamkeerati/ros2_ws/install/turtlesim_plus_interfaces/share/turtlesim_plus_interfaces/package.sh'
[0.895s] INFO:colcon.colcon_core.shell:Creating package script '/home/beamkeerati/ros2_ws/install/turtlesim_plus_interfaces/share/turtlesim_plus_interfaces/package.bash'
[0.896s] INFO:colcon.colcon_core.shell:Creating package script '/home/beamkeerati/ros2_ws/install/turtlesim_plus_interfaces/share/turtlesim_plus_interfaces/package.zsh'
[0.896s] Level 1:colcon.colcon_core.environment:create_file_with_runtime_dependencies(/home/beamkeerati/ros2_ws/install/turtlesim_plus_interfaces/share/colcon-core/packages/turtlesim_plus_interfaces)
[0.896s] DEBUG:colcon.colcon_parallel_executor.executor.parallel:closing loop
[0.896s] DEBUG:colcon.colcon_parallel_executor.executor.parallel:loop closed
[0.896s] DEBUG:colcon.colcon_parallel_executor.executor.parallel:run_until_complete finished with '0'
[0.896s] DEBUG:colcon.colcon_core.event_reactor:joining thread
[0.901s] INFO:colcon.colcon_core.plugin_system:Skipping extension 'colcon_notification.desktop_notification.terminal_notifier': Not used on non-Darwin systems
[0.901s] INFO:colcon.colcon_core.plugin_system:Skipping extension 'colcon_notification.desktop_notification.win32': Not used on non-Windows systems
[0.901s] INFO:colcon.colcon_notification.desktop_notification:Sending desktop notification using 'notify2'
[0.910s] DEBUG:colcon.colcon_core.event_reactor:joined thread
[0.910s] INFO:colcon.colcon_core.shell:Creating prefix script '/home/beamkeerati/ros2_ws/install/local_setup.ps1'
[0.911s] INFO:colcon.colcon_core.shell:Creating prefix util module '/home/beamkeerati/ros2_ws/install/_local_setup_util_ps1.py'
[0.912s] INFO:colcon.colcon_core.shell:Creating prefix chain script '/home/beamkeerati/ros2_ws/install/setup.ps1'
[0.912s] INFO:colcon.colcon_core.shell:Creating prefix script '/home/beamkeerati/ros2_ws/install/local_setup.sh'
[0.913s] INFO:colcon.colcon_core.shell:Creating prefix util module '/home/beamkeerati/ros2_ws/install/_local_setup_util_sh.py'
[0.913s] INFO:colcon.colcon_core.shell:Creating prefix chain script '/home/beamkeerati/ros2_ws/install/setup.sh'
[0.914s] INFO:colcon.colcon_core.shell:Creating prefix script '/home/beamkeerati/ros2_ws/install/local_setup.bash'
[0.914s] INFO:colcon.colcon_core.shell:Creating prefix chain script '/home/beamkeerati/ros2_ws/install/setup.bash'
[0.915s] INFO:colcon.colcon_core.shell:Creating prefix script '/home/beamkeerati/ros2_ws/install/local_setup.zsh'
[0.915s] INFO:colcon.colcon_core.shell:Creating prefix chain script '/home/beamkeerati/ros2_ws/install/setup.zsh'
