[0.099s] DEBUG:colcon:Command line arguments: ['/usr/bin/colcon', 'build']
[0.099s] DEBUG:colcon:Parsed command line arguments: Namespace(log_base=None, log_level=None, verb_name='build', build_base='build', install_base='install', merge_install=False, symlink_install=False, test_result_base=None, continue_on_error=False, executor='parallel', parallel_workers=16, event_handlers=None, ignore_user_meta=False, metas=['./colcon.meta'], base_paths=['.'], packages_ignore=None, packages_ignore_regex=None, paths=None, packages_up_to=None, packages_up_to_regex=None, packages_above=None, packages_above_and_dependencies=None, packages_above_depth=None, packages_select_by_dep=None, packages_skip_by_dep=None, packages_skip_up_to=None, packages_select_build_failed=False, packages_skip_build_finished=False, packages_select_test_failures=False, packages_skip_test_passed=False, packages_select=None, packages_skip=None, packages_select_regex=None, packages_skip_regex=None, packages_start=None, packages_end=None, allow_overriding=[], cmake_args=None, cmake_target=None, cmake_target_skip_unavailable=False, cmake_clean_cache=False, cmake_clean_first=False, cmake_force_configure=False, ament_cmake_args=None, catkin_cmake_args=None, catkin_skip_building_tests=False, mixin_files=None, mixin=None, verb_parser=<colcon_mixin.mixin.mixin_argument.MixinArgumentDecorator object at 0x7cdb1ed33190>, verb_extension=<colcon_core.verb.build.BuildVerb object at 0x7cdb1eee8b20>, main=<bound method BuildVerb.main of <colcon_core.verb.build.BuildVerb object at 0x7cdb1eee8b20>>, mixin_verb=('build',))
[0.244s] Level 1:colcon.colcon_core.package_discovery:discover_packages(colcon_meta) check parameters
[0.244s] Level 1:colcon.colcon_core.package_discovery:discover_packages(recursive) check parameters
[0.244s] Level 1:colcon.colcon_core.package_discovery:discover_packages(ignore) check parameters
[0.244s] Level 1:colcon.colcon_core.package_discovery:discover_packages(path) check parameters
[0.244s] Level 1:colcon.colcon_core.package_discovery:discover_packages(colcon_meta) discover
[0.245s] Level 1:colcon.colcon_core.package_discovery:discover_packages(recursive) discover
[0.245s] INFO:colcon.colcon_core.package_discovery:Crawling recursively for packages in '/home/beamkeerati/ros2_ws'
[0.245s] Level 1:colcon.colcon_core.package_identification:_identify(.) by extensions ['ignore', 'ignore_ament_install']
[0.245s] Level 1:colcon.colcon_core.package_identification:_identify(.) by extension 'ignore'
[0.245s] Level 1:colcon.colcon_core.package_identification:_identify(.) by extension 'ignore_ament_install'
[0.245s] Level 1:colcon.colcon_core.package_identification:_identify(.) by extensions ['colcon_pkg']
[0.245s] Level 1:colcon.colcon_core.package_identification:_identify(.) by extension 'colcon_pkg'
[0.245s] Level 1:colcon.colcon_core.package_identification:_identify(.) by extensions ['colcon_meta']
[0.245s] Level 1:colcon.colcon_core.package_identification:_identify(.) by extension 'colcon_meta'
[0.245s] Level 1:colcon.colcon_core.package_identification:_identify(.) by extensions ['ros']
[0.245s] Level 1:colcon.colcon_core.package_identification:_identify(.) by extension 'ros'
[0.256s] Level 1:colcon.colcon_core.package_identification:_identify(.) by extensions ['cmake', 'python']
[0.256s] Level 1:colcon.colcon_core.package_identification:_identify(.) by extension 'cmake'
[0.256s] Level 1:colcon.colcon_core.package_identification:_identify(.) by extension 'python'
[0.256s] Level 1:colcon.colcon_core.package_identification:_identify(.) by extensions ['python_setup_py']
[0.256s] Level 1:colcon.colcon_core.package_identification:_identify(.) by extension 'python_setup_py'
[0.256s] Level 1:colcon.colcon_core.package_identification:_identify(build) by extensions ['ignore', 'ignore_ament_install']
[0.256s] Level 1:colcon.colcon_core.package_identification:_identify(build) by extension 'ignore'
[0.256s] Level 1:colcon.colcon_core.package_identification:_identify(build) ignored
[0.256s] Level 1:colcon.colcon_core.package_identification:_identify(install) by extensions ['ignore', 'ignore_ament_install']
[0.257s] Level 1:colcon.colcon_core.package_identification:_identify(install) by extension 'ignore'
[0.257s] Level 1:colcon.colcon_core.package_identification:_identify(install) ignored
[0.257s] Level 1:colcon.colcon_core.package_identification:_identify(log) by extensions ['ignore', 'ignore_ament_install']
[0.257s] Level 1:colcon.colcon_core.package_identification:_identify(log) by extension 'ignore'
[0.257s] Level 1:colcon.colcon_core.package_identification:_identify(log) ignored
[0.257s] Level 1:colcon.colcon_core.package_identification:_identify(src) by extensions ['ignore', 'ignore_ament_install']
[0.257s] Level 1:colcon.colcon_core.package_identification:_identify(src) by extension 'ignore'
[0.257s] Level 1:colcon.colcon_core.package_identification:_identify(src) by extension 'ignore_ament_install'
[0.257s] Level 1:colcon.colcon_core.package_identification:_identify(src) by extensions ['colcon_pkg']
[0.257s] Level 1:colcon.colcon_core.package_identification:_identify(src) by extension 'colcon_pkg'
[0.257s] Level 1:colcon.colcon_core.package_identification:_identify(src) by extensions ['colcon_meta']
[0.257s] Level 1:colcon.colcon_core.package_identification:_identify(src) by extension 'colcon_meta'
[0.257s] Level 1:colcon.colcon_core.package_identification:_identify(src) by extensions ['ros']
[0.257s] Level 1:colcon.colcon_core.package_identification:_identify(src) by extension 'ros'
[0.257s] Level 1:colcon.colcon_core.package_identification:_identify(src) by extensions ['cmake', 'python']
[0.257s] Level 1:colcon.colcon_core.package_identification:_identify(src) by extension 'cmake'
[0.257s] Level 1:colcon.colcon_core.package_identification:_identify(src) by extension 'python'
[0.257s] Level 1:colcon.colcon_core.package_identification:_identify(src) by extensions ['python_setup_py']
[0.257s] Level 1:colcon.colcon_core.package_identification:_identify(src) by extension 'python_setup_py'
[0.257s] Level 1:colcon.colcon_core.package_identification:_identify(src/turtle_fun) by extensions ['ignore', 'ignore_ament_install']
[0.257s] Level 1:colcon.colcon_core.package_identification:_identify(src/turtle_fun) by extension 'ignore'
[0.257s] Level 1:colcon.colcon_core.package_identification:_identify(src/turtle_fun) by extension 'ignore_ament_install'
[0.257s] Level 1:colcon.colcon_core.package_identification:_identify(src/turtle_fun) by extensions ['colcon_pkg']
[0.258s] Level 1:colcon.colcon_core.package_identification:_identify(src/turtle_fun) by extension 'colcon_pkg'
[0.258s] Level 1:colcon.colcon_core.package_identification:_identify(src/turtle_fun) by extensions ['colcon_meta']
[0.258s] Level 1:colcon.colcon_core.package_identification:_identify(src/turtle_fun) by extension 'colcon_meta'
[0.258s] Level 1:colcon.colcon_core.package_identification:_identify(src/turtle_fun) by extensions ['ros']
[0.258s] Level 1:colcon.colcon_core.package_identification:_identify(src/turtle_fun) by extension 'ros'
[0.260s] DEBUG:colcon.colcon_core.package_identification:Package 'src/turtle_fun' with type 'ros.ament_cmake' and name 'turtle_fun'
[0.260s] Level 1:colcon.colcon_core.package_identification:_identify(src/turtlesim_plus) by extensions ['ignore', 'ignore_ament_install']
[0.260s] Level 1:colcon.colcon_core.package_identification:_identify(src/turtlesim_plus) by extension 'ignore'
[0.260s] Level 1:colcon.colcon_core.package_identification:_identify(src/turtlesim_plus) by extension 'ignore_ament_install'
[0.260s] Level 1:colcon.colcon_core.package_identification:_identify(src/turtlesim_plus) by extensions ['colcon_pkg']
[0.260s] Level 1:colcon.colcon_core.package_identification:_identify(src/turtlesim_plus) by extension 'colcon_pkg'
[0.260s] Level 1:colcon.colcon_core.package_identification:_identify(src/turtlesim_plus) by extensions ['colcon_meta']
[0.260s] Level 1:colcon.colcon_core.package_identification:_identify(src/turtlesim_plus) by extension 'colcon_meta'
[0.260s] Level 1:colcon.colcon_core.package_identification:_identify(src/turtlesim_plus) by extensions ['ros']
[0.260s] Level 1:colcon.colcon_core.package_identification:_identify(src/turtlesim_plus) by extension 'ros'
[0.260s] Level 1:colcon.colcon_core.package_identification:_identify(src/turtlesim_plus) by extensions ['cmake', 'python']
[0.260s] Level 1:colcon.colcon_core.package_identification:_identify(src/turtlesim_plus) by extension 'cmake'
[0.260s] Level 1:colcon.colcon_core.package_identification:_identify(src/turtlesim_plus) by extension 'python'
[0.260s] Level 1:colcon.colcon_core.package_identification:_identify(src/turtlesim_plus) by extensions ['python_setup_py']
[0.260s] Level 1:colcon.colcon_core.package_identification:_identify(src/turtlesim_plus) by extension 'python_setup_py'
[0.260s] Level 1:colcon.colcon_core.package_identification:_identify(src/turtlesim_plus/turtlesim_plus) by extensions ['ignore', 'ignore_ament_install']
[0.260s] Level 1:colcon.colcon_core.package_identification:_identify(src/turtlesim_plus/turtlesim_plus) by extension 'ignore'
[0.260s] Level 1:colcon.colcon_core.package_identification:_identify(src/turtlesim_plus/turtlesim_plus) by extension 'ignore_ament_install'
[0.261s] Level 1:colcon.colcon_core.package_identification:_identify(src/turtlesim_plus/turtlesim_plus) by extensions ['colcon_pkg']
[0.261s] Level 1:colcon.colcon_core.package_identification:_identify(src/turtlesim_plus/turtlesim_plus) by extension 'colcon_pkg'
[0.261s] Level 1:colcon.colcon_core.package_identification:_identify(src/turtlesim_plus/turtlesim_plus) by extensions ['colcon_meta']
[0.261s] Level 1:colcon.colcon_core.package_identification:_identify(src/turtlesim_plus/turtlesim_plus) by extension 'colcon_meta'
[0.261s] Level 1:colcon.colcon_core.package_identification:_identify(src/turtlesim_plus/turtlesim_plus) by extensions ['ros']
[0.261s] Level 1:colcon.colcon_core.package_identification:_identify(src/turtlesim_plus/turtlesim_plus) by extension 'ros'
[0.261s] DEBUG:colcon.colcon_core.package_identification:Package 'src/turtlesim_plus/turtlesim_plus' with type 'ros.ament_cmake' and name 'turtlesim_plus'
[0.261s] Level 1:colcon.colcon_core.package_identification:_identify(src/turtlesim_plus/turtlesim_plus_interfaces) by extensions ['ignore', 'ignore_ament_install']
[0.262s] Level 1:colcon.colcon_core.package_identification:_identify(src/turtlesim_plus/turtlesim_plus_interfaces) by extension 'ignore'
[0.262s] Level 1:colcon.colcon_core.package_identification:_identify(src/turtlesim_plus/turtlesim_plus_interfaces) by extension 'ignore_ament_install'
[0.262s] Level 1:colcon.colcon_core.package_identification:_identify(src/turtlesim_plus/turtlesim_plus_interfaces) by extensions ['colcon_pkg']
[0.262s] Level 1:colcon.colcon_core.package_identification:_identify(src/turtlesim_plus/turtlesim_plus_interfaces) by extension 'colcon_pkg'
[0.262s] Level 1:colcon.colcon_core.package_identification:_identify(src/turtlesim_plus/turtlesim_plus_interfaces) by extensions ['colcon_meta']
[0.262s] Level 1:colcon.colcon_core.package_identification:_identify(src/turtlesim_plus/turtlesim_plus_interfaces) by extension 'colcon_meta'
[0.262s] Level 1:colcon.colcon_core.package_identification:_identify(src/turtlesim_plus/turtlesim_plus_interfaces) by extensions ['ros']
[0.262s] Level 1:colcon.colcon_core.package_identification:_identify(src/turtlesim_plus/turtlesim_plus_interfaces) by extension 'ros'
[0.262s] DEBUG:colcon.colcon_core.package_identification:Package 'src/turtlesim_plus/turtlesim_plus_interfaces' with type 'ros.ament_cmake' and name 'turtlesim_plus_interfaces'
[0.262s] Level 1:colcon.colcon_core.package_discovery:discover_packages(recursive) using defaults
[0.262s] Level 1:colcon.colcon_core.package_discovery:discover_packages(ignore) discover
[0.262s] Level 1:colcon.colcon_core.package_discovery:discover_packages(ignore) using defaults
[0.262s] Level 1:colcon.colcon_core.package_discovery:discover_packages(path) discover
[0.262s] Level 1:colcon.colcon_core.package_discovery:discover_packages(path) using defaults
[0.278s] Level 1:colcon.colcon_core.package_discovery:discover_packages(prefix_path) check parameters
[0.278s] Level 1:colcon.colcon_core.package_discovery:discover_packages(prefix_path) discover
[0.289s] DEBUG:colcon.colcon_installed_package_information.package_discovery:Found 2 installed packages in /home/beamkeerati/FRA501/Week1/Onsite/RoboticsDev2024/install
[0.289s] DEBUG:colcon.colcon_installed_package_information.package_discovery:Found 3 installed packages in /home/beamkeerati/ros2_ws/install
[0.291s] DEBUG:colcon.colcon_installed_package_information.package_discovery:Found 320 installed packages in /opt/ros/humble
[0.292s] Level 1:colcon.colcon_core.package_discovery:discover_packages(prefix_path) using defaults
[0.324s] Level 5:colcon.colcon_core.verb:set package 'turtle_fun' build argument 'cmake_args' from command line to 'None'
[0.324s] Level 5:colcon.colcon_core.verb:set package 'turtle_fun' build argument 'cmake_target' from command line to 'None'
[0.324s] Level 5:colcon.colcon_core.verb:set package 'turtle_fun' build argument 'cmake_target_skip_unavailable' from command line to 'False'
[0.324s] Level 5:colcon.colcon_core.verb:set package 'turtle_fun' build argument 'cmake_clean_cache' from command line to 'False'
[0.324s] Level 5:colcon.colcon_core.verb:set package 'turtle_fun' build argument 'cmake_clean_first' from command line to 'False'
[0.324s] Level 5:colcon.colcon_core.verb:set package 'turtle_fun' build argument 'cmake_force_configure' from command line to 'False'
[0.324s] Level 5:colcon.colcon_core.verb:set package 'turtle_fun' build argument 'ament_cmake_args' from command line to 'None'
[0.324s] Level 5:colcon.colcon_core.verb:set package 'turtle_fun' build argument 'catkin_cmake_args' from command line to 'None'
[0.324s] Level 5:colcon.colcon_core.verb:set package 'turtle_fun' build argument 'catkin_skip_building_tests' from command line to 'False'
[0.324s] DEBUG:colcon.colcon_core.verb:Building package 'turtle_fun' with the following arguments: {'ament_cmake_args': None, 'build_base': '/home/beamkeerati/ros2_ws/build/turtle_fun', 'catkin_cmake_args': None, 'catkin_skip_building_tests': False, 'cmake_args': None, 'cmake_clean_cache': False, 'cmake_clean_first': False, 'cmake_force_configure': False, 'cmake_target': None, 'cmake_target_skip_unavailable': False, 'install_base': '/home/beamkeerati/ros2_ws/install/turtle_fun', 'merge_install': False, 'path': '/home/beamkeerati/ros2_ws/src/turtle_fun', 'symlink_install': False, 'test_result_base': None}
[0.324s] Level 5:colcon.colcon_core.verb:set package 'turtlesim_plus' build argument 'cmake_args' from command line to 'None'
[0.324s] Level 5:colcon.colcon_core.verb:set package 'turtlesim_plus' build argument 'cmake_target' from command line to 'None'
[0.325s] Level 5:colcon.colcon_core.verb:set package 'turtlesim_plus' build argument 'cmake_target_skip_unavailable' from command line to 'False'
[0.325s] Level 5:colcon.colcon_core.verb:set package 'turtlesim_plus' build argument 'cmake_clean_cache' from command line to 'False'
[0.325s] Level 5:colcon.colcon_core.verb:set package 'turtlesim_plus' build argument 'cmake_clean_first' from command line to 'False'
[0.325s] Level 5:colcon.colcon_core.verb:set package 'turtlesim_plus' build argument 'cmake_force_configure' from command line to 'False'
[0.325s] Level 5:colcon.colcon_core.verb:set package 'turtlesim_plus' build argument 'ament_cmake_args' from command line to 'None'
[0.325s] Level 5:colcon.colcon_core.verb:set package 'turtlesim_plus' build argument 'catkin_cmake_args' from command line to 'None'
[0.325s] Level 5:colcon.colcon_core.verb:set package 'turtlesim_plus' build argument 'catkin_skip_building_tests' from command line to 'False'
[0.325s] DEBUG:colcon.colcon_core.verb:Building package 'turtlesim_plus' with the following arguments: {'ament_cmake_args': None, 'build_base': '/home/beamkeerati/ros2_ws/build/turtlesim_plus', 'catkin_cmake_args': None, 'catkin_skip_building_tests': False, 'cmake_args': None, 'cmake_clean_cache': False, 'cmake_clean_first': False, 'cmake_force_configure': False, 'cmake_target': None, 'cmake_target_skip_unavailable': False, 'install_base': '/home/beamkeerati/ros2_ws/install/turtlesim_plus', 'merge_install': False, 'path': '/home/beamkeerati/ros2_ws/src/turtlesim_plus/turtlesim_plus', 'symlink_install': False, 'test_result_base': None}
[0.325s] Level 5:colcon.colcon_core.verb:set package 'turtlesim_plus_interfaces' build argument 'cmake_args' from command line to 'None'
[0.325s] Level 5:colcon.colcon_core.verb:set package 'turtlesim_plus_interfaces' build argument 'cmake_target' from command line to 'None'
[0.325s] Level 5:colcon.colcon_core.verb:set package 'turtlesim_plus_interfaces' build argument 'cmake_target_skip_unavailable' from command line to 'False'
[0.325s] Level 5:colcon.colcon_core.verb:set package 'turtlesim_plus_interfaces' build argument 'cmake_clean_cache' from command line to 'False'
[0.325s] Level 5:colcon.colcon_core.verb:set package 'turtlesim_plus_interfaces' build argument 'cmake_clean_first' from command line to 'False'
[0.325s] Level 5:colcon.colcon_core.verb:set package 'turtlesim_plus_interfaces' build argument 'cmake_force_configure' from command line to 'False'
[0.325s] Level 5:colcon.colcon_core.verb:set package 'turtlesim_plus_interfaces' build argument 'ament_cmake_args' from command line to 'None'
[0.325s] Level 5:colcon.colcon_core.verb:set package 'turtlesim_plus_interfaces' build argument 'catkin_cmake_args' from command line to 'None'
[0.325s] Level 5:colcon.colcon_core.verb:set package 'turtlesim_plus_interfaces' build argument 'catkin_skip_building_tests' from command line to 'False'
[0.325s] DEBUG:colcon.colcon_core.verb:Building package 'turtlesim_plus_interfaces' with the following arguments: {'ament_cmake_args': None, 'build_base': '/home/beamkeerati/ros2_ws/build/turtlesim_plus_interfaces', 'catkin_cmake_args': None, 'catkin_skip_building_tests': False, 'cmake_args': None, 'cmake_clean_cache': False, 'cmake_clean_first': False, 'cmake_force_configure': False, 'cmake_target': None, 'cmake_target_skip_unavailable': False, 'install_base': '/home/beamkeerati/ros2_ws/install/turtlesim_plus_interfaces', 'merge_install': False, 'path': '/home/beamkeerati/ros2_ws/src/turtlesim_plus/turtlesim_plus_interfaces', 'symlink_install': False, 'test_result_base': None}
[0.325s] INFO:colcon.colcon_core.executor:Executing jobs using 'parallel' executor
[0.326s] DEBUG:colcon.colcon_parallel_executor.executor.parallel:run_until_complete
[0.326s] INFO:colcon.colcon_ros.task.ament_cmake.build:Building ROS package in '/home/beamkeerati/ros2_ws/src/turtle_fun' with build type 'ament_cmake'
[0.327s] INFO:colcon.colcon_cmake.task.cmake.build:Building CMake package in '/home/beamkeerati/ros2_ws/src/turtle_fun'
[0.328s] INFO:colcon.colcon_core.plugin_system:Skipping extension 'colcon_core.shell.bat': Not used on non-Windows systems
[0.328s] INFO:colcon.colcon_core.shell:Skip shell extension 'powershell' for command environment: Not usable outside of PowerShell
[0.329s] DEBUG:colcon.colcon_core.shell:Skip shell extension 'dsv' for command environment
[0.332s] INFO:colcon.colcon_ros.task.ament_cmake.build:Building ROS package in '/home/beamkeerati/ros2_ws/src/turtlesim_plus/turtlesim_plus' with build type 'ament_cmake'
[0.332s] INFO:colcon.colcon_cmake.task.cmake.build:Building CMake package in '/home/beamkeerati/ros2_ws/src/turtlesim_plus/turtlesim_plus'
[0.332s] INFO:colcon.colcon_core.shell:Skip shell extension 'powershell' for command environment: Not usable outside of PowerShell
[0.332s] DEBUG:colcon.colcon_core.shell:Skip shell extension 'dsv' for command environment
[0.335s] INFO:colcon.colcon_ros.task.ament_cmake.build:Building ROS package in '/home/beamkeerati/ros2_ws/src/turtlesim_plus/turtlesim_plus_interfaces' with build type 'ament_cmake'
[0.335s] INFO:colcon.colcon_cmake.task.cmake.build:Building CMake package in '/home/beamkeerati/ros2_ws/src/turtlesim_plus/turtlesim_plus_interfaces'
[0.336s] INFO:colcon.colcon_core.shell:Skip shell extension 'powershell' for command environment: Not usable outside of PowerShell
[0.336s] DEBUG:colcon.colcon_core.shell:Skip shell extension 'dsv' for command environment
[0.346s] DEBUG:colcon.colcon_core.event_handler.log_command:Invoking command in '/home/beamkeerati/ros2_ws/build/turtle_fun': CMAKE_PREFIX_PATH=${CMAKE_PREFIX_PATH}:/opt/ros/humble /usr/bin/cmake --build /home/beamkeerati/ros2_ws/build/turtle_fun -- -j16 -l16
[0.349s] DEBUG:colcon.colcon_core.event_handler.log_command:Invoking command in '/home/beamkeerati/ros2_ws/build/turtlesim_plus': CMAKE_PREFIX_PATH=${CMAKE_PREFIX_PATH}:/opt/ros/humble /usr/bin/cmake --build /home/beamkeerati/ros2_ws/build/turtlesim_plus -- -j16 -l16
[0.352s] DEBUG:colcon.colcon_core.event_handler.log_command:Invoking command in '/home/beamkeerati/ros2_ws/build/turtlesim_plus_interfaces': CMAKE_PREFIX_PATH=${CMAKE_PREFIX_PATH}:/opt/ros/humble /usr/bin/cmake --build /home/beamkeerati/ros2_ws/build/turtlesim_plus_interfaces -- -j16 -l16
[0.686s] DEBUG:colcon.colcon_core.event_handler.log_command:Invoked command in '/home/beamkeerati/ros2_ws/build/turtlesim_plus' returned '0': CMAKE_PREFIX_PATH=${CMAKE_PREFIX_PATH}:/opt/ros/humble /usr/bin/cmake --build /home/beamkeerati/ros2_ws/build/turtlesim_plus -- -j16 -l16
[0.696s] DEBUG:colcon.colcon_core.event_handler.log_command:Invoked command in '/home/beamkeerati/ros2_ws/build/turtlesim_plus_interfaces' returned '0': CMAKE_PREFIX_PATH=${CMAKE_PREFIX_PATH}:/opt/ros/humble /usr/bin/cmake --build /home/beamkeerati/ros2_ws/build/turtlesim_plus_interfaces -- -j16 -l16
[0.722s] DEBUG:colcon.colcon_core.event_handler.log_command:Invoking command in '/home/beamkeerati/ros2_ws/build/turtlesim_plus': CMAKE_PREFIX_PATH=${CMAKE_PREFIX_PATH}:/opt/ros/humble /usr/bin/cmake --install /home/beamkeerati/ros2_ws/build/turtlesim_plus
[0.769s] Level 1:colcon.colcon_core.environment:create_environment_scripts_only(turtlesim_plus)
[0.769s] DEBUG:colcon.colcon_core.event_handler.log_command:Invoked command in '/home/beamkeerati/ros2_ws/build/turtlesim_plus' returned '0': CMAKE_PREFIX_PATH=${CMAKE_PREFIX_PATH}:/opt/ros/humble /usr/bin/cmake --install /home/beamkeerati/ros2_ws/build/turtlesim_plus
[0.772s] Level 1:colcon.colcon_core.environment:checking '/home/beamkeerati/ros2_ws/install/turtlesim_plus' for CMake module files
[0.772s] Level 1:colcon.colcon_core.environment:checking '/home/beamkeerati/ros2_ws/install/turtlesim_plus' for CMake config files
[0.772s] Level 1:colcon.colcon_core.shell:create_environment_hook('turtlesim_plus', 'cmake_prefix_path')
[0.773s] INFO:colcon.colcon_core.shell:Creating environment hook '/home/beamkeerati/ros2_ws/install/turtlesim_plus/share/turtlesim_plus/hook/cmake_prefix_path.ps1'
[0.773s] INFO:colcon.colcon_core.shell:Creating environment descriptor '/home/beamkeerati/ros2_ws/install/turtlesim_plus/share/turtlesim_plus/hook/cmake_prefix_path.dsv'
[0.774s] INFO:colcon.colcon_core.shell:Creating environment hook '/home/beamkeerati/ros2_ws/install/turtlesim_plus/share/turtlesim_plus/hook/cmake_prefix_path.sh'
[0.774s] Level 1:colcon.colcon_core.environment:checking '/home/beamkeerati/ros2_ws/install/turtlesim_plus/lib'
[0.775s] Level 1:colcon.colcon_core.environment:checking '/home/beamkeerati/ros2_ws/install/turtlesim_plus/bin'
[0.775s] Level 1:colcon.colcon_core.environment:checking '/home/beamkeerati/ros2_ws/install/turtlesim_plus/lib/pkgconfig/turtlesim_plus.pc'
[0.775s] Level 1:colcon.colcon_core.environment:checking '/home/beamkeerati/ros2_ws/install/turtlesim_plus/lib/python3.10/site-packages'
[0.775s] Level 1:colcon.colcon_core.environment:checking '/home/beamkeerati/ros2_ws/install/turtlesim_plus/bin'
[0.775s] INFO:colcon.colcon_core.shell:Creating package script '/home/beamkeerati/ros2_ws/install/turtlesim_plus/share/turtlesim_plus/package.ps1'
[0.776s] INFO:colcon.colcon_core.shell:Creating package descriptor '/home/beamkeerati/ros2_ws/install/turtlesim_plus/share/turtlesim_plus/package.dsv'
[0.776s] INFO:colcon.colcon_core.shell:Creating package script '/home/beamkeerati/ros2_ws/install/turtlesim_plus/share/turtlesim_plus/package.sh'
[0.777s] INFO:colcon.colcon_core.shell:Creating package script '/home/beamkeerati/ros2_ws/install/turtlesim_plus/share/turtlesim_plus/package.bash'
[0.777s] INFO:colcon.colcon_core.shell:Creating package script '/home/beamkeerati/ros2_ws/install/turtlesim_plus/share/turtlesim_plus/package.zsh'
[0.778s] Level 1:colcon.colcon_core.environment:create_file_with_runtime_dependencies(/home/beamkeerati/ros2_ws/install/turtlesim_plus/share/colcon-core/packages/turtlesim_plus)
[0.802s] Level 1:colcon.colcon_core.environment:create_environment_scripts_only(turtlesim_plus)
[0.802s] Level 1:colcon.colcon_core.environment:checking '/home/beamkeerati/ros2_ws/install/turtlesim_plus' for CMake module files
[0.803s] Level 1:colcon.colcon_core.environment:checking '/home/beamkeerati/ros2_ws/install/turtlesim_plus' for CMake config files
[0.803s] Level 1:colcon.colcon_core.shell:create_environment_hook('turtlesim_plus', 'cmake_prefix_path')
[0.804s] INFO:colcon.colcon_core.shell:Creating environment hook '/home/beamkeerati/ros2_ws/install/turtlesim_plus/share/turtlesim_plus/hook/cmake_prefix_path.ps1'
[0.804s] INFO:colcon.colcon_core.shell:Creating environment descriptor '/home/beamkeerati/ros2_ws/install/turtlesim_plus/share/turtlesim_plus/hook/cmake_prefix_path.dsv'
[0.804s] INFO:colcon.colcon_core.shell:Creating environment hook '/home/beamkeerati/ros2_ws/install/turtlesim_plus/share/turtlesim_plus/hook/cmake_prefix_path.sh'
[0.805s] Level 1:colcon.colcon_core.environment:checking '/home/beamkeerati/ros2_ws/install/turtlesim_plus/lib'
[0.805s] Level 1:colcon.colcon_core.environment:checking '/home/beamkeerati/ros2_ws/install/turtlesim_plus/bin'
[0.805s] Level 1:colcon.colcon_core.environment:checking '/home/beamkeerati/ros2_ws/install/turtlesim_plus/lib/pkgconfig/turtlesim_plus.pc'
[0.805s] Level 1:colcon.colcon_core.environment:checking '/home/beamkeerati/ros2_ws/install/turtlesim_plus/lib/python3.10/site-packages'
[0.805s] Level 1:colcon.colcon_core.environment:checking '/home/beamkeerati/ros2_ws/install/turtlesim_plus/bin'
[0.805s] INFO:colcon.colcon_core.shell:Creating package script '/home/beamkeerati/ros2_ws/install/turtlesim_plus/share/turtlesim_plus/package.ps1'
[0.806s] INFO:colcon.colcon_core.shell:Creating package descriptor '/home/beamkeerati/ros2_ws/install/turtlesim_plus/share/turtlesim_plus/package.dsv'
[0.806s] INFO:colcon.colcon_core.shell:Creating package script '/home/beamkeerati/ros2_ws/install/turtlesim_plus/share/turtlesim_plus/package.sh'
[0.806s] INFO:colcon.colcon_core.shell:Creating package script '/home/beamkeerati/ros2_ws/install/turtlesim_plus/share/turtlesim_plus/package.bash'
[0.807s] INFO:colcon.colcon_core.shell:Creating package script '/home/beamkeerati/ros2_ws/install/turtlesim_plus/share/turtlesim_plus/package.zsh'
[0.807s] Level 1:colcon.colcon_core.environment:create_file_with_runtime_dependencies(/home/beamkeerati/ros2_ws/install/turtlesim_plus/share/colcon-core/packages/turtlesim_plus)
[0.825s] DEBUG:colcon.colcon_core.event_handler.log_command:Invoking command in '/home/beamkeerati/ros2_ws/build/turtlesim_plus_interfaces': CMAKE_PREFIX_PATH=${CMAKE_PREFIX_PATH}:/opt/ros/humble /usr/bin/cmake --install /home/beamkeerati/ros2_ws/build/turtlesim_plus_interfaces
[0.886s] Level 1:colcon.colcon_core.environment:create_environment_scripts_only(turtlesim_plus_interfaces)
[0.886s] Level 1:colcon.colcon_core.environment:checking '/home/beamkeerati/ros2_ws/install/turtlesim_plus_interfaces' for CMake module files
[0.887s] DEBUG:colcon.colcon_core.event_handler.log_command:Invoked command in '/home/beamkeerati/ros2_ws/build/turtlesim_plus_interfaces' returned '0': CMAKE_PREFIX_PATH=${CMAKE_PREFIX_PATH}:/opt/ros/humble /usr/bin/cmake --install /home/beamkeerati/ros2_ws/build/turtlesim_plus_interfaces
[0.887s] Level 1:colcon.colcon_core.environment:checking '/home/beamkeerati/ros2_ws/install/turtlesim_plus_interfaces' for CMake config files
[0.887s] Level 1:colcon.colcon_core.shell:create_environment_hook('turtlesim_plus_interfaces', 'cmake_prefix_path')
[0.888s] INFO:colcon.colcon_core.shell:Creating environment hook '/home/beamkeerati/ros2_ws/install/turtlesim_plus_interfaces/share/turtlesim_plus_interfaces/hook/cmake_prefix_path.ps1'
[0.888s] INFO:colcon.colcon_core.shell:Creating environment descriptor '/home/beamkeerati/ros2_ws/install/turtlesim_plus_interfaces/share/turtlesim_plus_interfaces/hook/cmake_prefix_path.dsv'
[0.888s] INFO:colcon.colcon_core.shell:Creating environment hook '/home/beamkeerati/ros2_ws/install/turtlesim_plus_interfaces/share/turtlesim_plus_interfaces/hook/cmake_prefix_path.sh'
[0.889s] Level 1:colcon.colcon_core.environment:checking '/home/beamkeerati/ros2_ws/install/turtlesim_plus_interfaces/lib'
[0.889s] Level 1:colcon.colcon_core.shell:create_environment_hook('turtlesim_plus_interfaces', 'ld_library_path_lib')
[0.889s] INFO:colcon.colcon_core.shell:Creating environment hook '/home/beamkeerati/ros2_ws/install/turtlesim_plus_interfaces/share/turtlesim_plus_interfaces/hook/ld_library_path_lib.ps1'
[0.889s] INFO:colcon.colcon_core.shell:Creating environment descriptor '/home/beamkeerati/ros2_ws/install/turtlesim_plus_interfaces/share/turtlesim_plus_interfaces/hook/ld_library_path_lib.dsv'
[0.889s] INFO:colcon.colcon_core.shell:Creating environment hook '/home/beamkeerati/ros2_ws/install/turtlesim_plus_interfaces/share/turtlesim_plus_interfaces/hook/ld_library_path_lib.sh'
[0.890s] Level 1:colcon.colcon_core.environment:checking '/home/beamkeerati/ros2_ws/install/turtlesim_plus_interfaces/bin'
[0.890s] Level 1:colcon.colcon_core.environment:checking '/home/beamkeerati/ros2_ws/install/turtlesim_plus_interfaces/lib/pkgconfig/turtlesim_plus_interfaces.pc'
[0.890s] Level 1:colcon.colcon_core.environment:checking '/home/beamkeerati/ros2_ws/install/turtlesim_plus_interfaces/lib/python3.10/site-packages'
[0.890s] Level 1:colcon.colcon_core.environment:checking '/home/beamkeerati/ros2_ws/install/turtlesim_plus_interfaces/bin'
[0.890s] INFO:colcon.colcon_core.shell:Creating package script '/home/beamkeerati/ros2_ws/install/turtlesim_plus_interfaces/share/turtlesim_plus_interfaces/package.ps1'
[0.890s] INFO:colcon.colcon_core.shell:Creating package descriptor '/home/beamkeerati/ros2_ws/install/turtlesim_plus_interfaces/share/turtlesim_plus_interfaces/package.dsv'
[0.891s] INFO:colcon.colcon_core.shell:Creating package script '/home/beamkeerati/ros2_ws/install/turtlesim_plus_interfaces/share/turtlesim_plus_interfaces/package.sh'
[0.891s] INFO:colcon.colcon_core.shell:Creating package script '/home/beamkeerati/ros2_ws/install/turtlesim_plus_interfaces/share/turtlesim_plus_interfaces/package.bash'
[0.891s] INFO:colcon.colcon_core.shell:Creating package script '/home/beamkeerati/ros2_ws/install/turtlesim_plus_interfaces/share/turtlesim_plus_interfaces/package.zsh'
[0.892s] Level 1:colcon.colcon_core.environment:create_file_with_runtime_dependencies(/home/beamkeerati/ros2_ws/install/turtlesim_plus_interfaces/share/colcon-core/packages/turtlesim_plus_interfaces)
[1.017s] Level 1:colcon.colcon_core.environment:create_environment_scripts_only(turtlesim_plus_interfaces)
[1.017s] Level 1:colcon.colcon_core.environment:checking '/home/beamkeerati/ros2_ws/install/turtlesim_plus_interfaces' for CMake module files
[1.018s] Level 1:colcon.colcon_core.environment:checking '/home/beamkeerati/ros2_ws/install/turtlesim_plus_interfaces' for CMake config files
[1.018s] Level 1:colcon.colcon_core.shell:create_environment_hook('turtlesim_plus_interfaces', 'cmake_prefix_path')
[1.018s] INFO:colcon.colcon_core.shell:Creating environment hook '/home/beamkeerati/ros2_ws/install/turtlesim_plus_interfaces/share/turtlesim_plus_interfaces/hook/cmake_prefix_path.ps1'
[1.019s] INFO:colcon.colcon_core.shell:Creating environment descriptor '/home/beamkeerati/ros2_ws/install/turtlesim_plus_interfaces/share/turtlesim_plus_interfaces/hook/cmake_prefix_path.dsv'
[1.019s] INFO:colcon.colcon_core.shell:Creating environment hook '/home/beamkeerati/ros2_ws/install/turtlesim_plus_interfaces/share/turtlesim_plus_interfaces/hook/cmake_prefix_path.sh'
[1.019s] Level 1:colcon.colcon_core.environment:checking '/home/beamkeerati/ros2_ws/install/turtlesim_plus_interfaces/lib'
[1.019s] Level 1:colcon.colcon_core.shell:create_environment_hook('turtlesim_plus_interfaces', 'ld_library_path_lib')
[1.020s] INFO:colcon.colcon_core.shell:Creating environment hook '/home/beamkeerati/ros2_ws/install/turtlesim_plus_interfaces/share/turtlesim_plus_interfaces/hook/ld_library_path_lib.ps1'
[1.020s] INFO:colcon.colcon_core.shell:Creating environment descriptor '/home/beamkeerati/ros2_ws/install/turtlesim_plus_interfaces/share/turtlesim_plus_interfaces/hook/ld_library_path_lib.dsv'
[1.020s] INFO:colcon.colcon_core.shell:Creating environment hook '/home/beamkeerati/ros2_ws/install/turtlesim_plus_interfaces/share/turtlesim_plus_interfaces/hook/ld_library_path_lib.sh'
[1.020s] Level 1:colcon.colcon_core.environment:checking '/home/beamkeerati/ros2_ws/install/turtlesim_plus_interfaces/bin'
[1.020s] Level 1:colcon.colcon_core.environment:checking '/home/beamkeerati/ros2_ws/install/turtlesim_plus_interfaces/lib/pkgconfig/turtlesim_plus_interfaces.pc'
[1.021s] Level 1:colcon.colcon_core.environment:checking '/home/beamkeerati/ros2_ws/install/turtlesim_plus_interfaces/lib/python3.10/site-packages'
[1.021s] Level 1:colcon.colcon_core.environment:checking '/home/beamkeerati/ros2_ws/install/turtlesim_plus_interfaces/bin'
[1.021s] INFO:colcon.colcon_core.shell:Creating package script '/home/beamkeerati/ros2_ws/install/turtlesim_plus_interfaces/share/turtlesim_plus_interfaces/package.ps1'
[1.021s] INFO:colcon.colcon_core.shell:Creating package descriptor '/home/beamkeerati/ros2_ws/install/turtlesim_plus_interfaces/share/turtlesim_plus_interfaces/package.dsv'
[1.022s] INFO:colcon.colcon_core.shell:Creating package script '/home/beamkeerati/ros2_ws/install/turtlesim_plus_interfaces/share/turtlesim_plus_interfaces/package.sh'
[1.022s] INFO:colcon.colcon_core.shell:Creating package script '/home/beamkeerati/ros2_ws/install/turtlesim_plus_interfaces/share/turtlesim_plus_interfaces/package.bash'
[1.022s] INFO:colcon.colcon_core.shell:Creating package script '/home/beamkeerati/ros2_ws/install/turtlesim_plus_interfaces/share/turtlesim_plus_interfaces/package.zsh'
[1.022s] Level 1:colcon.colcon_core.environment:create_file_with_runtime_dependencies(/home/beamkeerati/ros2_ws/install/turtlesim_plus_interfaces/share/colcon-core/packages/turtlesim_plus_interfaces)
[1.168s] DEBUG:colcon.colcon_core.event_handler.log_command:Invoked command in '/home/beamkeerati/ros2_ws/build/turtle_fun' returned '0': CMAKE_PREFIX_PATH=${CMAKE_PREFIX_PATH}:/opt/ros/humble /usr/bin/cmake --build /home/beamkeerati/ros2_ws/build/turtle_fun -- -j16 -l16
[1.198s] DEBUG:colcon.colcon_core.event_handler.log_command:Invoking command in '/home/beamkeerati/ros2_ws/build/turtle_fun': CMAKE_PREFIX_PATH=${CMAKE_PREFIX_PATH}:/opt/ros/humble /usr/bin/cmake --install /home/beamkeerati/ros2_ws/build/turtle_fun
[1.242s] Level 1:colcon.colcon_core.environment:create_environment_scripts_only(turtle_fun)
[1.242s] DEBUG:colcon.colcon_core.event_handler.log_command:Invoked command in '/home/beamkeerati/ros2_ws/build/turtle_fun' returned '0': CMAKE_PREFIX_PATH=${CMAKE_PREFIX_PATH}:/opt/ros/humble /usr/bin/cmake --install /home/beamkeerati/ros2_ws/build/turtle_fun
[1.242s] Level 1:colcon.colcon_core.environment:checking '/home/beamkeerati/ros2_ws/install/turtle_fun' for CMake module files
[1.243s] Level 1:colcon.colcon_core.environment:checking '/home/beamkeerati/ros2_ws/install/turtle_fun' for CMake config files
[1.243s] Level 1:colcon.colcon_core.shell:create_environment_hook('turtle_fun', 'cmake_prefix_path')
[1.243s] INFO:colcon.colcon_core.shell:Creating environment hook '/home/beamkeerati/ros2_ws/install/turtle_fun/share/turtle_fun/hook/cmake_prefix_path.ps1'
[1.243s] INFO:colcon.colcon_core.shell:Creating environment descriptor '/home/beamkeerati/ros2_ws/install/turtle_fun/share/turtle_fun/hook/cmake_prefix_path.dsv'
[1.244s] INFO:colcon.colcon_core.shell:Creating environment hook '/home/beamkeerati/ros2_ws/install/turtle_fun/share/turtle_fun/hook/cmake_prefix_path.sh'
[1.244s] Level 1:colcon.colcon_core.environment:checking '/home/beamkeerati/ros2_ws/install/turtle_fun/lib'
[1.244s] Level 1:colcon.colcon_core.environment:checking '/home/beamkeerati/ros2_ws/install/turtle_fun/bin'
[1.244s] Level 1:colcon.colcon_core.environment:checking '/home/beamkeerati/ros2_ws/install/turtle_fun/lib/pkgconfig/turtle_fun.pc'
[1.244s] Level 1:colcon.colcon_core.environment:checking '/home/beamkeerati/ros2_ws/install/turtle_fun/lib/python3.10/site-packages'
[1.244s] Level 1:colcon.colcon_core.environment:checking '/home/beamkeerati/ros2_ws/install/turtle_fun/bin'
[1.245s] INFO:colcon.colcon_core.shell:Creating package script '/home/beamkeerati/ros2_ws/install/turtle_fun/share/turtle_fun/package.ps1'
[1.245s] INFO:colcon.colcon_core.shell:Creating package descriptor '/home/beamkeerati/ros2_ws/install/turtle_fun/share/turtle_fun/package.dsv'
[1.245s] INFO:colcon.colcon_core.shell:Creating package script '/home/beamkeerati/ros2_ws/install/turtle_fun/share/turtle_fun/package.sh'
[1.246s] INFO:colcon.colcon_core.shell:Creating package script '/home/beamkeerati/ros2_ws/install/turtle_fun/share/turtle_fun/package.bash'
[1.246s] INFO:colcon.colcon_core.shell:Creating package script '/home/beamkeerati/ros2_ws/install/turtle_fun/share/turtle_fun/package.zsh'
[1.246s] Level 1:colcon.colcon_core.environment:create_file_with_runtime_dependencies(/home/beamkeerati/ros2_ws/install/turtle_fun/share/colcon-core/packages/turtle_fun)
[1.276s] Level 1:colcon.colcon_core.environment:create_environment_scripts_only(turtle_fun)
[1.276s] Level 1:colcon.colcon_core.environment:checking '/home/beamkeerati/ros2_ws/install/turtle_fun' for CMake module files
[1.277s] Level 1:colcon.colcon_core.environment:checking '/home/beamkeerati/ros2_ws/install/turtle_fun' for CMake config files
[1.277s] Level 1:colcon.colcon_core.shell:create_environment_hook('turtle_fun', 'cmake_prefix_path')
[1.277s] INFO:colcon.colcon_core.shell:Creating environment hook '/home/beamkeerati/ros2_ws/install/turtle_fun/share/turtle_fun/hook/cmake_prefix_path.ps1'
[1.277s] INFO:colcon.colcon_core.shell:Creating environment descriptor '/home/beamkeerati/ros2_ws/install/turtle_fun/share/turtle_fun/hook/cmake_prefix_path.dsv'
[1.278s] INFO:colcon.colcon_core.shell:Creating environment hook '/home/beamkeerati/ros2_ws/install/turtle_fun/share/turtle_fun/hook/cmake_prefix_path.sh'
[1.278s] Level 1:colcon.colcon_core.environment:checking '/home/beamkeerati/ros2_ws/install/turtle_fun/lib'
[1.278s] Level 1:colcon.colcon_core.environment:checking '/home/beamkeerati/ros2_ws/install/turtle_fun/bin'
[1.278s] Level 1:colcon.colcon_core.environment:checking '/home/beamkeerati/ros2_ws/install/turtle_fun/lib/pkgconfig/turtle_fun.pc'
[1.278s] Level 1:colcon.colcon_core.environment:checking '/home/beamkeerati/ros2_ws/install/turtle_fun/lib/python3.10/site-packages'
[1.279s] Level 1:colcon.colcon_core.environment:checking '/home/beamkeerati/ros2_ws/install/turtle_fun/bin'
[1.279s] INFO:colcon.colcon_core.shell:Creating package script '/home/beamkeerati/ros2_ws/install/turtle_fun/share/turtle_fun/package.ps1'
[1.279s] INFO:colcon.colcon_core.shell:Creating package descriptor '/home/beamkeerati/ros2_ws/install/turtle_fun/share/turtle_fun/package.dsv'
[1.279s] INFO:colcon.colcon_core.shell:Creating package script '/home/beamkeerati/ros2_ws/install/turtle_fun/share/turtle_fun/package.sh'
[1.280s] INFO:colcon.colcon_core.shell:Creating package script '/home/beamkeerati/ros2_ws/install/turtle_fun/share/turtle_fun/package.bash'
[1.280s] INFO:colcon.colcon_core.shell:Creating package script '/home/beamkeerati/ros2_ws/install/turtle_fun/share/turtle_fun/package.zsh'
[1.280s] Level 1:colcon.colcon_core.environment:create_file_with_runtime_dependencies(/home/beamkeerati/ros2_ws/install/turtle_fun/share/colcon-core/packages/turtle_fun)
[1.280s] DEBUG:colcon.colcon_parallel_executor.executor.parallel:closing loop
[1.281s] DEBUG:colcon.colcon_parallel_executor.executor.parallel:loop closed
[1.281s] DEBUG:colcon.colcon_parallel_executor.executor.parallel:run_until_complete finished with '0'
[1.281s] DEBUG:colcon.colcon_core.event_reactor:joining thread
[1.285s] INFO:colcon.colcon_core.plugin_system:Skipping extension 'colcon_notification.desktop_notification.terminal_notifier': Not used on non-Darwin systems
[1.285s] INFO:colcon.colcon_core.plugin_system:Skipping extension 'colcon_notification.desktop_notification.win32': Not used on non-Windows systems
[1.285s] INFO:colcon.colcon_notification.desktop_notification:Sending desktop notification using 'notify2'
[1.295s] DEBUG:colcon.colcon_core.event_reactor:joined thread
[1.295s] INFO:colcon.colcon_core.shell:Creating prefix script '/home/beamkeerati/ros2_ws/install/local_setup.ps1'
[1.296s] INFO:colcon.colcon_core.shell:Creating prefix util module '/home/beamkeerati/ros2_ws/install/_local_setup_util_ps1.py'
[1.297s] INFO:colcon.colcon_core.shell:Creating prefix chain script '/home/beamkeerati/ros2_ws/install/setup.ps1'
[1.298s] INFO:colcon.colcon_core.shell:Creating prefix script '/home/beamkeerati/ros2_ws/install/local_setup.sh'
[1.299s] INFO:colcon.colcon_core.shell:Creating prefix util module '/home/beamkeerati/ros2_ws/install/_local_setup_util_sh.py'
[1.300s] INFO:colcon.colcon_core.shell:Creating prefix chain script '/home/beamkeerati/ros2_ws/install/setup.sh'
[1.302s] INFO:colcon.colcon_core.shell:Creating prefix script '/home/beamkeerati/ros2_ws/install/local_setup.bash'
[1.303s] INFO:colcon.colcon_core.shell:Creating prefix chain script '/home/beamkeerati/ros2_ws/install/setup.bash'
[1.304s] INFO:colcon.colcon_core.shell:Creating prefix script '/home/beamkeerati/ros2_ws/install/local_setup.zsh'
[1.304s] INFO:colcon.colcon_core.shell:Creating prefix chain script '/home/beamkeerati/ros2_ws/install/setup.zsh'
