[0.014s] Invoking command in '/home/beamkeerati/ros2_ws/build/turtlesim_plus': CMAKE_PREFIX_PATH=${CMAKE_PREFIX_PATH}:/opt/ros/humble /usr/bin/cmake --build /home/beamkeerati/ros2_ws/build/turtlesim_plus -- -j16 -l16
[0.069s] Built target ament_cmake_python_copy_turtlesim_plus
[0.346s] running egg_info
[0.346s] writing turtlesim_plus.egg-info/PKG-INFO
[0.346s] writing dependency_links to turtlesim_plus.egg-info/dependency_links.txt
[0.347s] writing top-level names to turtlesim_plus.egg-info/top_level.txt
[0.348s] reading manifest file 'turtlesim_plus.egg-info/SOURCES.txt'
[0.349s] writing manifest file 'turtlesim_plus.egg-info/SOURCES.txt'
[0.379s] Built target ament_cmake_python_build_turtlesim_plus_egg
[0.390s] Invoked command in '/home/beamkeerati/ros2_ws/build/turtlesim_plus' returned '0': CMAKE_PREFIX_PATH=${CMAKE_PREFIX_PATH}:/opt/ros/humble /usr/bin/cmake --build /home/beamkeerati/ros2_ws/build/turtlesim_plus -- -j16 -l16
[0.416s] Invoking command in '/home/beamkeerati/ros2_ws/build/turtlesim_plus': CMAKE_PREFIX_PATH=${CMAKE_PREFIX_PATH}:/opt/ros/humble /usr/bin/cmake --install /home/beamkeerati/ros2_ws/build/turtlesim_plus
[0.424s] -- Install configuration: ""
[0.424s] -- Up-to-date: /home/beamkeerati/ros2_ws/install/turtlesim_plus/share/turtlesim_plus/environment/pythonpath.sh
[0.425s] -- Up-to-date: /home/beamkeerati/ros2_ws/install/turtlesim_plus/share/turtlesim_plus/environment/pythonpath.dsv
[0.425s] -- Up-to-date: /home/beamkeerati/ros2_ws/install/turtlesim_plus/local/lib/python3.10/dist-packages/turtlesim_plus-1.0.0-py3.10.egg-info
[0.425s] -- Installing: /home/beamkeerati/ros2_ws/install/turtlesim_plus/local/lib/python3.10/dist-packages/turtlesim_plus-1.0.0-py3.10.egg-info/dependency_links.txt
[0.426s] -- Installing: /home/beamkeerati/ros2_ws/install/turtlesim_plus/local/lib/python3.10/dist-packages/turtlesim_plus-1.0.0-py3.10.egg-info/top_level.txt
[0.426s] -- Installing: /home/beamkeerati/ros2_ws/install/turtlesim_plus/local/lib/python3.10/dist-packages/turtlesim_plus-1.0.0-py3.10.egg-info/SOURCES.txt
[0.426s] -- Installing: /home/beamkeerati/ros2_ws/install/turtlesim_plus/local/lib/python3.10/dist-packages/turtlesim_plus-1.0.0-py3.10.egg-info/PKG-INFO
[0.426s] -- Up-to-date: /home/beamkeerati/ros2_ws/install/turtlesim_plus/local/lib/python3.10/dist-packages/turtlesim_plus
[0.427s] -- Up-to-date: /home/beamkeerati/ros2_ws/install/turtlesim_plus/local/lib/python3.10/dist-packages/turtlesim_plus/image
[0.427s] -- Up-to-date: /home/beamkeerati/ros2_ws/install/turtlesim_plus/local/lib/python3.10/dist-packages/turtlesim_plus/image/map
[0.427s] -- Up-to-date: /home/beamkeerati/ros2_ws/install/turtlesim_plus/local/lib/python3.10/dist-packages/turtlesim_plus/image/map/map.png
[0.427s] -- Up-to-date: /home/beamkeerati/ros2_ws/install/turtlesim_plus/local/lib/python3.10/dist-packages/turtlesim_plus/image/turtle
[0.427s] -- Up-to-date: /home/beamkeerati/ros2_ws/install/turtlesim_plus/local/lib/python3.10/dist-packages/turtlesim_plus/image/turtle/bouncy.png
[0.427s] -- Up-to-date: /home/beamkeerati/ros2_ws/install/turtlesim_plus/local/lib/python3.10/dist-packages/turtlesim_plus/image/turtle/galactic.png
[0.427s] -- Up-to-date: /home/beamkeerati/ros2_ws/install/turtlesim_plus/local/lib/python3.10/dist-packages/turtlesim_plus/image/turtle/humble.png
[0.427s] -- Up-to-date: /home/beamkeerati/ros2_ws/install/turtlesim_plus/local/lib/python3.10/dist-packages/turtlesim_plus/image/turtle/crystal.png
[0.427s] -- Up-to-date: /home/beamkeerati/ros2_ws/install/turtlesim_plus/local/lib/python3.10/dist-packages/turtlesim_plus/image/turtle/otto.png
[0.427s] -- Up-to-date: /home/beamkeerati/ros2_ws/install/turtlesim_plus/local/lib/python3.10/dist-packages/turtlesim_plus/image/turtle/dashing.png
[0.427s] -- Up-to-date: /home/beamkeerati/ros2_ws/install/turtlesim_plus/local/lib/python3.10/dist-packages/turtlesim_plus/image/turtle/ardent.png
[0.427s] -- Up-to-date: /home/beamkeerati/ros2_ws/install/turtlesim_plus/local/lib/python3.10/dist-packages/turtlesim_plus/image/turtle/rolling.png
[0.428s] -- Up-to-date: /home/beamkeerati/ros2_ws/install/turtlesim_plus/local/lib/python3.10/dist-packages/turtlesim_plus/image/turtle/eloquent.png
[0.428s] -- Up-to-date: /home/beamkeerati/ros2_ws/install/turtlesim_plus/local/lib/python3.10/dist-packages/turtlesim_plus/image/turtle/foxy.png
[0.428s] -- Up-to-date: /home/beamkeerati/ros2_ws/install/turtlesim_plus/local/lib/python3.10/dist-packages/turtlesim_plus/image/object
[0.428s] -- Up-to-date: /home/beamkeerati/ros2_ws/install/turtlesim_plus/local/lib/python3.10/dist-packages/turtlesim_plus/image/object/pizza.png
[0.429s] -- Up-to-date: /home/beamkeerati/ros2_ws/install/turtlesim_plus/local/lib/python3.10/dist-packages/turtlesim_plus/image/object/parcel.png
[0.429s] -- Up-to-date: /home/beamkeerati/ros2_ws/install/turtlesim_plus/local/lib/python3.10/dist-packages/turtlesim_plus/__init__.py
[0.429s] -- Up-to-date: /home/beamkeerati/ros2_ws/install/turtlesim_plus/local/lib/python3.10/dist-packages/turtlesim_plus/entity.py
[0.429s] -- Up-to-date: /home/beamkeerati/ros2_ws/install/turtlesim_plus/local/lib/python3.10/dist-packages/turtlesim_plus/ros2_plugins.py
[0.454s] Listing '/home/beamkeerati/ros2_ws/install/turtlesim_plus/local/lib/python3.10/dist-packages/turtlesim_plus'...
[0.454s] Listing '/home/beamkeerati/ros2_ws/install/turtlesim_plus/local/lib/python3.10/dist-packages/turtlesim_plus/image'...
[0.455s] Listing '/home/beamkeerati/ros2_ws/install/turtlesim_plus/local/lib/python3.10/dist-packages/turtlesim_plus/image/map'...
[0.455s] Listing '/home/beamkeerati/ros2_ws/install/turtlesim_plus/local/lib/python3.10/dist-packages/turtlesim_plus/image/object'...
[0.455s] Listing '/home/beamkeerati/ros2_ws/install/turtlesim_plus/local/lib/python3.10/dist-packages/turtlesim_plus/image/turtle'...
[0.458s] -- Up-to-date: /home/beamkeerati/ros2_ws/install/turtlesim_plus/lib/turtlesim_plus/turtlesim_plus_node.py
[0.458s] -- Up-to-date: /home/beamkeerati/ros2_ws/install/turtlesim_plus/lib/turtlesim_plus/pizza_on_click.py
[0.458s] -- Up-to-date: /home/beamkeerati/ros2_ws/install/turtlesim_plus/share/turtlesim_plus
[0.458s] -- Up-to-date: /home/beamkeerati/ros2_ws/install/turtlesim_plus/share/ament_index/resource_index/package_run_dependencies/turtlesim_plus
[0.458s] -- Up-to-date: /home/beamkeerati/ros2_ws/install/turtlesim_plus/share/ament_index/resource_index/parent_prefix_path/turtlesim_plus
[0.458s] -- Up-to-date: /home/beamkeerati/ros2_ws/install/turtlesim_plus/share/turtlesim_plus/environment/ament_prefix_path.sh
[0.458s] -- Up-to-date: /home/beamkeerati/ros2_ws/install/turtlesim_plus/share/turtlesim_plus/environment/ament_prefix_path.dsv
[0.459s] -- Up-to-date: /home/beamkeerati/ros2_ws/install/turtlesim_plus/share/turtlesim_plus/environment/path.sh
[0.459s] -- Up-to-date: /home/beamkeerati/ros2_ws/install/turtlesim_plus/share/turtlesim_plus/environment/path.dsv
[0.459s] -- Up-to-date: /home/beamkeerati/ros2_ws/install/turtlesim_plus/share/turtlesim_plus/local_setup.bash
[0.459s] -- Up-to-date: /home/beamkeerati/ros2_ws/install/turtlesim_plus/share/turtlesim_plus/local_setup.sh
[0.459s] -- Up-to-date: /home/beamkeerati/ros2_ws/install/turtlesim_plus/share/turtlesim_plus/local_setup.zsh
[0.459s] -- Up-to-date: /home/beamkeerati/ros2_ws/install/turtlesim_plus/share/turtlesim_plus/local_setup.dsv
[0.459s] -- Installing: /home/beamkeerati/ros2_ws/install/turtlesim_plus/share/turtlesim_plus/package.dsv
[0.459s] -- Up-to-date: /home/beamkeerati/ros2_ws/install/turtlesim_plus/share/ament_index/resource_index/packages/turtlesim_plus
[0.459s] -- Up-to-date: /home/beamkeerati/ros2_ws/install/turtlesim_plus/share/turtlesim_plus/cmake/turtlesim_plusConfig.cmake
[0.459s] -- Up-to-date: /home/beamkeerati/ros2_ws/install/turtlesim_plus/share/turtlesim_plus/cmake/turtlesim_plusConfig-version.cmake
[0.459s] -- Up-to-date: /home/beamkeerati/ros2_ws/install/turtlesim_plus/share/turtlesim_plus/package.xml
[0.461s] Invoked command in '/home/beamkeerati/ros2_ws/build/turtlesim_plus' returned '0': CMAKE_PREFIX_PATH=${CMAKE_PREFIX_PATH}:/opt/ros/humble /usr/bin/cmake --install /home/beamkeerati/ros2_ws/build/turtlesim_plus
