[0.019s] Invoking command in '/home/beamkeerati/ros2_ws/build/turtlesim_plus': CMAKE_PREFIX_PATH=${CMAKE_PREFIX_PATH}:/opt/ros/humble /usr/bin/cmake --build /home/beamkeerati/ros2_ws/build/turtlesim_plus -- -j16 -l16
[0.091s] Built target ament_cmake_python_copy_turtlesim_plus
[0.402s] running egg_info
[0.403s] writing turtlesim_plus.egg-info/PKG-INFO
[0.403s] writing dependency_links to turtlesim_plus.egg-info/dependency_links.txt
[0.404s] writing top-level names to turtlesim_plus.egg-info/top_level.txt
[0.407s] reading manifest file 'turtlesim_plus.egg-info/SOURCES.txt'
[0.407s] writing manifest file 'turtlesim_plus.egg-info/SOURCES.txt'
[0.447s] Built target ament_cmake_python_build_turtlesim_plus_egg
[0.462s] Invoked command in '/home/beamkeerati/ros2_ws/build/turtlesim_plus' returned '0': CMAKE_PREFIX_PATH=${CMAKE_PREFIX_PATH}:/opt/ros/humble /usr/bin/cmake --build /home/beamkeerati/ros2_ws/build/turtlesim_plus -- -j16 -l16
[0.495s] Invoking command in '/home/beamkeerati/ros2_ws/build/turtlesim_plus': CMAKE_PREFIX_PATH=${CMAKE_PREFIX_PATH}:/opt/ros/humble /usr/bin/cmake --install /home/beamkeerati/ros2_ws/build/turtlesim_plus
[0.504s] -- Install configuration: ""
[0.504s] -- Up-to-date: /home/beamkeerati/ros2_ws/install/turtlesim_plus/share/turtlesim_plus/environment/pythonpath.sh
[0.504s] -- Up-to-date: /home/beamkeerati/ros2_ws/install/turtlesim_plus/share/turtlesim_plus/environment/pythonpath.dsv
[0.504s] -- Up-to-date: /home/beamkeerati/ros2_ws/install/turtlesim_plus/local/lib/python3.10/dist-packages/turtlesim_plus-1.0.0-py3.10.egg-info
[0.504s] -- Installing: /home/beamkeerati/ros2_ws/install/turtlesim_plus/local/lib/python3.10/dist-packages/turtlesim_plus-1.0.0-py3.10.egg-info/dependency_links.txt
[0.505s] -- Installing: /home/beamkeerati/ros2_ws/install/turtlesim_plus/local/lib/python3.10/dist-packages/turtlesim_plus-1.0.0-py3.10.egg-info/top_level.txt
[0.505s] -- Installing: /home/beamkeerati/ros2_ws/install/turtlesim_plus/local/lib/python3.10/dist-packages/turtlesim_plus-1.0.0-py3.10.egg-info/SOURCES.txt
[0.505s] -- Installing: /home/beamkeerati/ros2_ws/install/turtlesim_plus/local/lib/python3.10/dist-packages/turtlesim_plus-1.0.0-py3.10.egg-info/PKG-INFO
[0.505s] -- Up-to-date: /home/beamkeerati/ros2_ws/install/turtlesim_plus/local/lib/python3.10/dist-packages/turtlesim_plus
[0.505s] -- Up-to-date: /home/beamkeerati/ros2_ws/install/turtlesim_plus/local/lib/python3.10/dist-packages/turtlesim_plus/image
[0.505s] -- Up-to-date: /home/beamkeerati/ros2_ws/install/turtlesim_plus/local/lib/python3.10/dist-packages/turtlesim_plus/image/map
[0.505s] -- Up-to-date: /home/beamkeerati/ros2_ws/install/turtlesim_plus/local/lib/python3.10/dist-packages/turtlesim_plus/image/map/map.png
[0.505s] -- Up-to-date: /home/beamkeerati/ros2_ws/install/turtlesim_plus/local/lib/python3.10/dist-packages/turtlesim_plus/image/turtle
[0.505s] -- Up-to-date: /home/beamkeerati/ros2_ws/install/turtlesim_plus/local/lib/python3.10/dist-packages/turtlesim_plus/image/turtle/bouncy.png
[0.506s] -- Up-to-date: /home/beamkeerati/ros2_ws/install/turtlesim_plus/local/lib/python3.10/dist-packages/turtlesim_plus/image/turtle/galactic.png
[0.506s] -- Up-to-date: /home/beamkeerati/ros2_ws/install/turtlesim_plus/local/lib/python3.10/dist-packages/turtlesim_plus/image/turtle/humble.png
[0.506s] -- Up-to-date: /home/beamkeerati/ros2_ws/install/turtlesim_plus/local/lib/python3.10/dist-packages/turtlesim_plus/image/turtle/crystal.png
[0.506s] -- Up-to-date: /home/beamkeerati/ros2_ws/install/turtlesim_plus/local/lib/python3.10/dist-packages/turtlesim_plus/image/turtle/otto.png
[0.506s] -- Up-to-date: /home/beamkeerati/ros2_ws/install/turtlesim_plus/local/lib/python3.10/dist-packages/turtlesim_plus/image/turtle/dashing.png
[0.506s] -- Up-to-date: /home/beamkeerati/ros2_ws/install/turtlesim_plus/local/lib/python3.10/dist-packages/turtlesim_plus/image/turtle/ardent.png
[0.506s] -- Up-to-date: /home/beamkeerati/ros2_ws/install/turtlesim_plus/local/lib/python3.10/dist-packages/turtlesim_plus/image/turtle/rolling.png
[0.506s] -- Up-to-date: /home/beamkeerati/ros2_ws/install/turtlesim_plus/local/lib/python3.10/dist-packages/turtlesim_plus/image/turtle/eloquent.png
[0.506s] -- Up-to-date: /home/beamkeerati/ros2_ws/install/turtlesim_plus/local/lib/python3.10/dist-packages/turtlesim_plus/image/turtle/foxy.png
[0.506s] -- Up-to-date: /home/beamkeerati/ros2_ws/install/turtlesim_plus/local/lib/python3.10/dist-packages/turtlesim_plus/image/object
[0.506s] -- Up-to-date: /home/beamkeerati/ros2_ws/install/turtlesim_plus/local/lib/python3.10/dist-packages/turtlesim_plus/image/object/pizza.png
[0.507s] -- Up-to-date: /home/beamkeerati/ros2_ws/install/turtlesim_plus/local/lib/python3.10/dist-packages/turtlesim_plus/image/object/parcel.png
[0.507s] -- Up-to-date: /home/beamkeerati/ros2_ws/install/turtlesim_plus/local/lib/python3.10/dist-packages/turtlesim_plus/__init__.py
[0.507s] -- Up-to-date: /home/beamkeerati/ros2_ws/install/turtlesim_plus/local/lib/python3.10/dist-packages/turtlesim_plus/entity.py
[0.507s] -- Up-to-date: /home/beamkeerati/ros2_ws/install/turtlesim_plus/local/lib/python3.10/dist-packages/turtlesim_plus/ros2_plugins.py
[0.543s] Listing '/home/beamkeerati/ros2_ws/install/turtlesim_plus/local/lib/python3.10/dist-packages/turtlesim_plus'...
[0.544s] Listing '/home/beamkeerati/ros2_ws/install/turtlesim_plus/local/lib/python3.10/dist-packages/turtlesim_plus/image'...
[0.544s] Listing '/home/beamkeerati/ros2_ws/install/turtlesim_plus/local/lib/python3.10/dist-packages/turtlesim_plus/image/map'...
[0.544s] Listing '/home/beamkeerati/ros2_ws/install/turtlesim_plus/local/lib/python3.10/dist-packages/turtlesim_plus/image/object'...
[0.544s] Listing '/home/beamkeerati/ros2_ws/install/turtlesim_plus/local/lib/python3.10/dist-packages/turtlesim_plus/image/turtle'...
[0.549s] -- Up-to-date: /home/beamkeerati/ros2_ws/install/turtlesim_plus/lib/turtlesim_plus/turtlesim_plus_node.py
[0.549s] -- Up-to-date: /home/beamkeerati/ros2_ws/install/turtlesim_plus/lib/turtlesim_plus/pizza_on_click.py
[0.549s] -- Up-to-date: /home/beamkeerati/ros2_ws/install/turtlesim_plus/share/turtlesim_plus
[0.550s] -- Up-to-date: /home/beamkeerati/ros2_ws/install/turtlesim_plus/share/ament_index/resource_index/package_run_dependencies/turtlesim_plus
[0.550s] -- Up-to-date: /home/beamkeerati/ros2_ws/install/turtlesim_plus/share/ament_index/resource_index/parent_prefix_path/turtlesim_plus
[0.550s] -- Up-to-date: /home/beamkeerati/ros2_ws/install/turtlesim_plus/share/turtlesim_plus/environment/ament_prefix_path.sh
[0.550s] -- Up-to-date: /home/beamkeerati/ros2_ws/install/turtlesim_plus/share/turtlesim_plus/environment/ament_prefix_path.dsv
[0.551s] -- Up-to-date: /home/beamkeerati/ros2_ws/install/turtlesim_plus/share/turtlesim_plus/environment/path.sh
[0.551s] -- Up-to-date: /home/beamkeerati/ros2_ws/install/turtlesim_plus/share/turtlesim_plus/environment/path.dsv
[0.551s] -- Up-to-date: /home/beamkeerati/ros2_ws/install/turtlesim_plus/share/turtlesim_plus/local_setup.bash
[0.552s] -- Up-to-date: /home/beamkeerati/ros2_ws/install/turtlesim_plus/share/turtlesim_plus/local_setup.sh
[0.552s] -- Up-to-date: /home/beamkeerati/ros2_ws/install/turtlesim_plus/share/turtlesim_plus/local_setup.zsh
[0.552s] -- Up-to-date: /home/beamkeerati/ros2_ws/install/turtlesim_plus/share/turtlesim_plus/local_setup.dsv
[0.552s] -- Installing: /home/beamkeerati/ros2_ws/install/turtlesim_plus/share/turtlesim_plus/package.dsv
[0.552s] -- Up-to-date: /home/beamkeerati/ros2_ws/install/turtlesim_plus/share/ament_index/resource_index/packages/turtlesim_plus
[0.552s] -- Up-to-date: /home/beamkeerati/ros2_ws/install/turtlesim_plus/share/turtlesim_plus/cmake/turtlesim_plusConfig.cmake
[0.552s] -- Up-to-date: /home/beamkeerati/ros2_ws/install/turtlesim_plus/share/turtlesim_plus/cmake/turtlesim_plusConfig-version.cmake
[0.552s] -- Up-to-date: /home/beamkeerati/ros2_ws/install/turtlesim_plus/share/turtlesim_plus/package.xml
[0.564s] Invoked command in '/home/beamkeerati/ros2_ws/build/turtlesim_plus' returned '0': CMAKE_PREFIX_PATH=${CMAKE_PREFIX_PATH}:/opt/ros/humble /usr/bin/cmake --install /home/beamkeerati/ros2_ws/build/turtlesim_plus
